[ 2017-03-31T11:22:41+08:00 ] 127.0.0.1 /index.php/api/cron.php-t=1452023217
INFO: [ app_init ] --START--
INFO: Run Behavior\BuildLiteBehavior [ RunTime:0.000000s ]
INFO: [ app_init ] --END-- [ RunTime:0.001000s ]
ERR: Êó†Ê≥ïÂä†ËΩΩÊ®°Âùó:Api

[ 2017-03-31T11:22:41+08:00 ] 127.0.0.1 /index.php/themes/68ecshop_hechafree/images/sdgg.gif
INFO: [ app_init ] --START--
INFO: Run Behavior\BuildLiteBehavior [ RunTime:0.000000s ]
INFO: [ app_init ] --END-- [ RunTime:0.001000s ]
ERR: Êó†Ê≥ïÂä†ËΩΩÊ®°Âùó:Themes

[ 2017-03-31T15:08:51+08:00 ] 127.0.0.1 /index.php/api/cron.php-t=1452023217
INFO: [ app_init ] --START--
INFO: Run Behavior\BuildLiteBehavior [ RunTime:0.000000s ]
INFO: [ app_init ] --END-- [ RunTime:0.001000s ]
ERR: Êó†Ê≥ïÂä†ËΩΩÊ®°Âùó:Api

ΩΩÊ®°Âùó:Themes

[ 2017-03-31T15:10:42+08:00 ] 127.0.0.1 /index.php/api/cron.php-t=1452023217
INFO: [ app_init ] --START--
INFO: Run Behavior\BuildLiteBehavior [ RunTime:0.000000s ]
INFO: [ app_init ] --END-- [ RunTime:0.000000s ]
ERR: Êó†Ê≥ïÂä†ËΩΩÊ®°Âùó:Api

[ 2017-03-31T15:10:43+08:00 ] 127.0.0.1 /index.php/api/cron.php-t=1452023217
INFO: [ app_init ] --START--
INFO: Run Behavior\BuildLiteBehavior [ RunTime:0.000000s ]
INFO: [ app_init ] --END-- [ RunTime:0.001000s ]
ERR: Êó†Ê≥ïÂä†ËΩΩÊ®°Âùó:Api

[ 2017-03-31T15:10:43+08:00 ] 127.0.0.1 /index.php/themes/68ecshop_hechafree/images/sdgg.gif
INFO: [ app_init ] --START--
INFO: Run Behavior\BuildLiteBehavior [ RunTime:0.000000s ]
INFO: [ app_init ] --END-- [ RunTime:0.001000s ]
ERR: Êó†Ê≥ïÂä†ËΩΩÊ®°Âùó:Themes

[ 2017-03-31T15:10:51+08:00 ] 127.0.0.1 /index.php/api/cron.php-t=1452023217
INFO: [ app_init ] --START--
INFO: Run Behavior\BuildLiteBehavior [ RunTime:0.000000s ]
INFO: [ app_init ] --END-- [ RunTime:0.001000s ]
ERR: Êó†Ê≥ïÂä†ËΩΩÊ®°Âùó:Api

[ 2017-03-31T15:10:52+08:00 ] 127.0.0.1 /index.php/themes/68ecshop_hechafree/images/sdgg.gif
INFO: [ app_init ] --START--
INFO: Run Behavior\BuildLiteBehavior [ RunTime:0.000000s ]
INFO: [ app_init ] --END-- [ RunTime:0.000000s ]
ERR: Êó†Ê≥ïÂä†ËΩΩÊ®°Âùó:Themes

[ 2017-03-31T15:10:54+08:00 ] 127.0.0.1 /index.php/api/cron.php-t=1452023217
INFO: [ app_init ] --START--
INFO: Run Behavior\BuildLiteBehavior [ RunTime:0.000000s ]
INFO: [ app_init ] --END-- [ RunTime:0.001000s ]
ERR: Êó†Ê≥ïÂä†ËΩΩÊ®°Âùó:Api

[ 2017-03-31T15:10:54+08:00 ] 127.0.0.1 /index.php/api/cron.php-t=1452023217
INFO: [ app_init ] --START--
INFO: Run Behavior\BuildLiteBehavior [ RunTime:0.000000s ]
INFO: [ app_init ] --END-- [ RunTime:0.001001s ]
ERR: Êó†Ê≥ïÂä†ËΩΩÊ®°Âùó:Api

[ 2017-03-31T15:10:54+08:00 ] 127.0.0.1 /index.php/themes/68ecshop_hechafree/images/sdgg.gif
INFO: [ app_init ] --START--
INFO: Run Behavior\BuildLiteBehavior [ RunTime:0.000000s ]
INFO: [ app_init ] --END-- [ RunTime:0.000000s ]
ERR: Êó†Ê≥ïÂä†ËΩΩÊ®°Âùó:Themes

[ 2017-03-31T15:11:04+08:00 ] 127.0.0.1 /index.php/api/cron.php-t=1452023217
INFO: [ app_init ] --START--
INFO: Run Behavior\BuildLiteBehavior [ RunTime:0.000000s ]
INFO: [ app_init ] --END-- [ RunTime:0.000000s ]
ERR: Êó†Ê≥ïÂä†ËΩΩÊ®°Âùó:Api

[ 2017-03-31T15:11:04+08:00 ] 127.0.0.1 /index.php/themes/68ecshop_hechafree/images/sdgg.gif
INFO: [ app_init ] --START--
INFO: Run Behavior\BuildLiteBehavior [ RunTime:0.000000s ]
INFO: [ app_init ] --END-- [ RunTime:0.001000s ]
ERR: Êó†Ê≥ïÂä†ËΩΩÊ®°Âùó:Themes

[ 2017-03-31T15:11:06+08:00 ] 127.0.0.1 /index.php/api/cron.php-t=1452023217
INFO: [ app_init ] --START--
INFO: Run Behavior\BuildLiteBehavior [ RunTime:0.000000s ]
INFO: [ app_init ] --END-- [ RunTime:0.000000s ]
ERR: Êó†Ê≥ïÂä†ËΩΩÊ®°Âùó:Api

[ 2017-03-31T15:11:06+08:00 ] 127.0.0.1 /index.php/themes/68ecshop_hechafree/images/sdgg.gif
INFO: [ app_init ] --START--
INFO: Run Behavior\BuildLiteBehavior [ RunTime:0.000000s ]
INFO: [ app_init ] --END-- [ RunTime:0.000000s ]
ERR: Êó†Ê≥ïÂä†ËΩΩÊ®°Âùó:Themes

[ 2017-03-31T15:11:07+08:00 ] 127.0.0.1 /index.php/api/cron.php-t=1452023217
INFO: [ app_init ] --START--
INFO: Run Behavior\BuildLiteBehavior [ RunTime:0.000000s ]
INFO: [ app_init ] --END-- [ RunTime:0.000000s ]
ERR: Êó†Ê≥ïÂä†ËΩΩÊ®°Âùó:Api

[ 2017-03-31T15:11:07+08:00 ] 127.0.0.1 /index.php/themes/68ecshop_hechafree/images/sdgg.gif
INFO: [ app_init ] --START--
INFO: Run Behavior\BuildLiteBehavior [ RunTime:0.000000s ]
INFO: [ app_init ] --END-- [ RunTime:0.000000s ]
ERR: Êó†Ê≥ïÂä†ËΩΩÊ®°Âùó:Themes

[ 2017-03-31T15:11:08+08:00 ] 127.0.0.1 /index.php/api/cron.php-t=1452023217
INFO: [ app_init ] --START--
INFO: Run Behavior\BuildLiteBehavior [ RunTime:0.000000s ]
INFO: [ app_init ] --END-- [ RunTime:0.000000s ]
ERR: Êó†Ê≥ïÂä†ËΩΩÊ®°Âùó:Api

[ 2017-03-31T15:11:08+08:00 ] 127.0.0.1 /index.php/themes/68ecshop_hechafree/images/sdgg.gif
INFO: [ app_init ] --START--
INFO: Run Behavior\BuildLiteBehavior [ RunTime:0.000000s ]
INFO: [ app_init ] --END-- [ RunTime:0.001000s ]
ERR: Êó†Ê≥ïÂä†ËΩΩÊ®°Âùó:Themes

[ 2017-03-31T15:11:09+08:00 ] 127.0.0.1 /index.php/api/cron.php-t=1452023217
INFO: [ app_init ] --START--
INFO: Run Behavior\BuildLiteBehavior [ RunTime:0.000000s ]
INFO: [ app_init ] --END-- [ RunTime:0.000000s ]
ERR: Êó†Ê≥ïÂä†ËΩΩÊ®°Âùó:Api

[ 2017-03-31T15:11:09+08:00 ] 127.0.0.1 /index.php/themes/68ecshop_hechafree/images/sdgg.gif
INFO: [ app_init ] --START--
INFO: Run Behavior\BuildLiteBehavior [ RunTime:0.000000s ]
INFO: [ app_init ] --END-- [ RunTime:0.000000s ]
ERR: Êó†Ê≥ïÂä†ËΩΩÊ®°Âùó:Themes

[ 2017-03-31T15:14:10+08:00 ] 127.0.0.1 /index.php/api/cron.php-t=1452023217
INFO: [ app_init ] --START--
INFO: Run Behavior\BuildLiteBehavior [ RunTime:0.000000s ]
INFO: [ app_init ] --END-- [ RunTime:0.001000s ]
ERR: Êó†Ê≥ïÂä†ËΩΩÊ®°Âùó:Api

[ 2017-03-31T15:14:10+08:00 ] 127.0.0.1 /index.php/api/cron.php-t=1452023217
INFO: [ app_init ] --START--
INFO: Run Behavior\BuildLiteBehavior [ RunTime:0.000000s ]
INFO: [ app_init ] --END-- [ RunTime:0.000000s ]
ERR: Êó†Ê≥ïÂä†ËΩΩÊ®°Âùó:Api

[ 2017-03-31T15:14:10+08:00 ] 127.0.0.1 /index.php/themes/68ecshop_hechafree/images/sdgg.gif
INFO: [ app_init ] --START--
INFO: Run Behavior\BuildLiteBehavior [ RunTime:0.000000s ]
INFO: [ app_init ] --END-- [ RunTime:0.000000s ]
ERR: Êó†Ê≥ïÂä†ËΩΩÊ®°Âùó:Themes

[ 2017-03-31T15:14:53+08:00 ] 127.0.0.1 /index.php/api/cron.php-t=1452023217
INFO: [ app_init ] --START--
INFO: Run Behavior\BuildLiteBehavior [ RunTime:0.000000s ]
INFO: [ app_init ] --END-- [ RunTime:0.000000s ]
ERR: Êó†Ê≥ïÂä†ËΩΩÊ®°Âùó:Api

[ 2017-03-31T15:14:53+08:00 ] 127.0.0.1 /index.php/api/cron.php-t=1452023217
INFO: [ app_init ] --START--
INFO: Run Behavior\BuildLiteBehavior [ RunTime:0.000000s ]
INFO: [ app_init ] --END-- [ RunTime:0.001000s ]
ERR: Êó†Ê≥ïÂä†ËΩΩÊ®°Âùó:Api

[ 2017-03-31T15:14:53+08:00 ] 127.0.0.1 /index.php/themes/68ecshop_hechafree/images/sdgg.gif
INFO: [ app_init ] --START--
INFO: Run Behavior\BuildLiteBehavior [ RunTime:0.000000s ]
INFO: [ app_init ] --END-- [ RunTime:0.001000s ]
ERR: Êó†Ê≥ïÂä†ËΩΩÊ®°Âùó:Themes

[ 2017-03-31T15:15:11+08:00 ] 127.0.0.1 /index.php/api/cron.php-t=1452023217
INFO: [ app_init ] --START--
INFO: Run Behavior\BuildLiteBehavior [ RunTime:0.000000s ]
INFO: [ app_init ] --END-- [ RunTime:0.001000s ]
ERR: Êó†Ê≥ïÂä†ËΩΩÊ®°Âùó:Api

[ 2017-03-31T15:15:11+08:00 ] 127.0.0.1 /index.php/themes/68ecshop_hechafree/images/sdgg.gif
INFO: [ app_init ] --START--
INFO: Run Behavior\BuildLiteBehavior [ RunTime:0.000000s ]
INFO: [ app_init ] --END-- [ RunTime:0.000000s ]
ERR: Êó†Ê≥ïÂä†ËΩΩÊ®°Âùó:Themes

[ 2017-03-31T15:15:46+08:00 ] 127.0.0.1 /index.php/api/cron.php-t=1452023217
INFO: [ app_init ] --START--
INFO: Run Behavior\BuildLiteBehavior [ RunTime:0.000000s ]
INFO: [ app_init ] --END-- [ RunTime:0.001000s ]
ERR: Êó†Ê≥ïÂä†ËΩΩÊ®°Âùó:Api

[ 2017-03-31T15:15:46+08:00 ] 127.0.0.1 /index.php/themes/68ecshop_hechafree/images/sdgg.gif
INFO: [ app_init ] --START--
INFO: Run Behavior\BuildLiteBehavior [ RunTime:0.000000s ]
INFO: [ app_init ] --END-- [ RunTime:0.000000s ]
ERR: Êó†Ê≥ïÂä†ËΩΩÊ®°Âùó:Themes

[ 2017-03-31T15:15:57+08:00 ] 127.0.0.1 /index.php/api/cron.php-t=1452023217
INFO: [ app_init ] --START--
INFO: Run Behavior\BuildLiteBehavior [ RunTime:0.000000s ]
INFO: [ app_init ] --END-- [ RunTime:0.000000s ]
ERR: Êó†Ê≥ïÂä†ËΩΩÊ®°Âùó:Api

[ 2017-03-31T15:15:57+08:00 ] 127.0.0.1 /index.php/themes/68ecshop_hechafree/images/sdgg.gif
INFO: [ app_init ] --START--
INFO: Run Behavior\BuildLiteBehavior [ RunTime:0.000000s ]
INFO: [ app_init ] --END-- [ RunTime:0.001000s ]
ERR: Êó†Ê≥ïÂä†ËΩΩÊ®°Âùó:Themes

[ 2017-03-31T15:16:28+08:00 ] 127.0.0.1 /index.php/api/cron.php-t=1452023217
INFO: [ app_init ] --START--
INFO: Run Behavior\BuildLiteBehavior [ RunTime:0.000000s ]
INFO: [ app_init ] --END-- [ RunTime:0.000000s ]
ERR: Êó†Ê≥ïÂä†ËΩΩÊ®°Âùó:Api

[ 2017-03-31T15:16:28+08:00 ] 127.0.0.1 /index.php/themes/68ecshop_hechafree/images/sdgg.gif
INFO: [ app_init ] --START--
INFO: Run Behavior\BuildLiteBehavior [ RunTime:0.000000s ]
INFO: [ app_init ] --END-- [ RunTime:0.000000s ]
ERR: Êó†Ê≥ïÂä†ËΩΩÊ®°Âùó:Themes

[ 2017-03-31T15:21:50+08:00 ] 127.0.0.1 /index.php/api/cron.php-t=1452023217
INFO: [ app_init ] --START--
INFO: Run Behavior\BuildLiteBehavior [ RunTime:0.000000s ]
INFO: [ app_init ] --END-- [ RunTime:0.000000s ]
ERR: Êó†Ê≥ïÂä†ËΩΩÊ®°Âùó:Api

[ 2017-03-31T15:21:50+08:00 ] 127.0.0.1 /index.php/themes/68ecshop_hechafree/images/sdgg.gif
INFO: [ app_init ] --START--
INFO: Run Behavior\BuildLiteBehavior [ RunTime:0.000000s ]
INFO: [ app_init ] --END-- [ RunTime:0.000000s ]
ERR: Êó†Ê≥ïÂä†ËΩΩÊ®°Âùó:Themes

[ 2017-03-31T15:23:41+08:00 ] 127.0.0.1 /index.php/api/cron.php-t=1452023217
INFO: [ app_init ] --START--
INFO: Run Behavior\BuildLiteBehavior [ RunTime:0.000000s ]
INFO: [ app_init ] --END-- [ RunTime:0.000000s ]
ERR: Êó†Ê≥ïÂä†ËΩΩÊ®°Âùó:Api

[ 2017-03-31T15:23:41+08:00 ] 127.0.0.1 /index.php/themes/68ecshop_hechafree/images/sdgg.gif
INFO: [ app_init ] --START--
INFO: Run Behavior\BuildLiteBehavior [ RunTime:0.000000s ]
INFO: [ app_init ] --END-- [ RunTime:0.000000s ]
ERR: Êó†Ê≥ïÂä†ËΩΩÊ®°Âùó:Themes

[ 2017-03-31T15:24:23+08:00 ] 127.0.0.1 /index.php/api/cron.php-t=1452023217
INFO: [ app_init ] --START--
INFO: Run Behavior\BuildLiteBehavior [ RunTime:0.000000s ]
INFO: [ app_init ] --END-- [ RunTime:0.000000s ]
ERR: Êó†Ê≥ïÂä†ËΩΩÊ®°Âùó:Api

[ 2017-03-31T15:24:23+08:00 ] 127.0.0.1 /index.php/themes/68ecshop_hechafree/images/sdgg.gif
INFO: [ app_init ] --START--
INFO: Run Behavior\BuildLiteBehavior [ RunTime:0.000000s ]
INFO: [ app_init ] --END-- [ RunTime:0.001000s ]
ERR: Êó†Ê≥ïÂä†ËΩΩÊ®°Âùó:Themes

[ 2017-03-31T15:24:23+08:00 ] 127.0.0.1 /index.php/api/cron.php-t=1452023217
INFO: [ app_init ] --START--
INFO: Run Behavior\BuildLiteBehavior [ RunTime:0.000000s ]
INFO: [ app_init ] --END-- [ RunTime:0.001000s ]
ERR: Êó†Ê≥ïÂä†ËΩΩÊ®°Âùó:Api

[ 2017-03-31T15:26:27+08:00 ] 127.0.0.1 /index.php/api/cron.php-t=1452023217
INFO: [ app_init ] --START--
INFO: Run Behavior\BuildLiteBehavior [ RunTime:0.000000s ]
INFO: [ app_init ] --END-- [ RunTime:0.000000s ]
ERR: Êó†Ê≥ïÂä†ËΩΩÊ®°Âùó:Api

[ 2017-03-31T15:26:28+08:00 ] 127.0.0.1 /index.php/api/cron.php-t=1452023217
INFO: [ app_init ] --START--
INFO: Run Behavior\BuildLiteBehavior [ RunTime:0.000000s ]
INFO: [ app_init ] --END-- [ RunTime:0.000000s ]
ERR: Êó†Ê≥ïÂä†ËΩΩÊ®°Âùó:Api

[ 2017-03-31T15:26:28+08:00 ] 127.0.0.1 /index.php/themes/68ecshop_hechafree/images/sdgg.gif
INFO: [ app_init ] --START--
INFO: Run Behavior\BuildLiteBehavior [ RunTime:0.000000s ]
INFO: [ app_init ] --END-- [ RunTime:0.000000s ]
ERR: Êó†Ê≥ïÂä†ËΩΩÊ®°Âùó:Themes

[ 2017-03-31T15:26:29+08:00 ] 127.0.0.1 /index.php/api/cron.php-t=1452023217
INFO: [ app_init ] --START--
INFO: Run Behavior\BuildLiteBehavior [ RunTime:0.000000s ]
INFO: [ app_init ] --END-- [ RunTime:0.000000s ]
ERR: Êó†Ê≥ïÂä†ËΩΩÊ®°Âùó:Api

[ 2017-03-31T15:26:29+08:00 ] 127.0.0.1 /index.php/api/cron.php-t=1452023217
INFO: [ app_init ] --START--
INFO: Run Behavior\BuildLiteBehavior [ RunTime:0.000000s ]
INFO: [ app_init ] --END-- [ RunTime:0.000000s ]
ERR: Êó†Ê≥ïÂä†ËΩΩÊ®°Âùó:Api

[ 2017-03-31T15:26:29+08:00 ] 127.0.0.1 /index.php/themes/68ecshop_hechafree/images/sdgg.gif
INFO: [ app_init ] --START--
INFO: Run Behavior\BuildLiteBehavior [ RunTime:0.000000s ]
INFO: [ app_init ] --END-- [ RunTime:0.001001s ]
ERR: Êó†Ê≥ïÂä†ËΩΩÊ®°Âùó:Themes

[ 2017-03-31T15:29:29+08:00 ] 127.0.0.1 /index.php/api/cron.php-t=1452023217
INFO: [ app_init ] --START--
INFO: Run Behavior\BuildLiteBehavior [ RunTime:0.000000s ]
INFO: [ app_init ] --END-- [ RunTime:0.000000s ]
ERR: Êó†Ê≥ïÂä†ËΩΩÊ®°Âùó:Api

[ 2017-03-31T15:29:29+08:00 ] 127.0.0.1 /index.php/themes/68ecshop_hechafree/images/sdgg.gif
INFO: [ app_init ] --START--
INFO: Run Behavior\BuildLiteBehavior [ RunTime:0.000000s ]
INFO: [ app_init ] --END-- [ RunTime:0.000000s ]
ERR: Êó†Ê≥ïÂä†ËΩΩÊ®°Âùó:Themes

[ 2017-03-31T15:30:35+08:00 ] 127.0.0.1 /index.php/api/cron.php-t=1452023217
INFO: [ app_init ] --START--
INFO: Run Behavior\BuildLiteBehavior [ RunTime:0.000000s ]
INFO: [ app_init ] --END-- [ RunTime:0.000000s ]
ERR: Êó†Ê≥ïÂä†ËΩΩÊ®°Âùó:Api

[ 2017-03-31T15:30:35+08:00 ] 127.0.0.1 /index.php/themes/68ecshop_hechafree/images/sdgg.gif
INFO: [ app_init ] --START--
INFO: Run Behavior\BuildLiteBehavior [ RunTime:0.000000s ]
INFO: [ app_init ] --END-- [ RunTime:0.000000s ]
ERR: Êó†Ê≥ïÂä†ËΩΩÊ®°Âùó:Themes

[ 2017-03-31T15:30:35+08:00 ] 127.0.0.1 /index.php/api/cron.php-t=1452023217
INFO: [ app_init ] --START--
INFO: Run Behavior\BuildLiteBehavior [ RunTime:0.000000s ]
INFO: [ app_init ] --END-- [ RunTime:0.000000s ]
ERR: Êó†Ê≥ïÂä†ËΩΩÊ®°Âùó:Api

[ 2017-03-31T15:38:51+08:00 ] 127.0.0.1 /index.php/api/cron.php-t=1452023217
INFO: [ app_init ] --START--
INFO: Run Behavior\BuildLiteBehavior [ RunTime:0.000000s ]
INFO: [ app_init ] --END-- [ RunTime:0.000000s ]
ERR: Êó†Ê≥ïÂä†ËΩΩÊ®°Âùó:Api

[ 2017-03-31T15:38:51+08:00 ] 127.0.0.1 /index.php/api/cron.php-t=1452023217
INFO: [ app_init ] --START--
INFO: Run Behavior\BuildLiteBehavior [ RunTime:0.000000s ]
INFO: [ app_init ] --END-- [ RunTime:0.001001s ]
ERR: Êó†Ê≥ïÂä†ËΩΩÊ®°Âùó:Api

[ 2017-03-31T15:38:51+08:00 ] 127.0.0.1 /index.php/themes/68ecshop_hechafree/images/sdgg.gif
INFO: [ app_init ] --START--
INFO: Run Behavior\BuildLiteBehavior [ RunTime:0.000000s ]
INFO: [ app_init ] --END-- [ RunTime:0.000000s ]
ERR: Êó†Ê≥ïÂä†ËΩΩÊ®°Âùó:Themes

[ 2017-03-31T15:38:53+08:00 ] 127.0.0.1 /index.php/api/cron.php-t=1452023217
INFO: [ app_init ] --START--
INFO: Run Behavior\BuildLiteBehavior [ RunTime:0.000000s ]
INFO: [ app_init ] --END-- [ RunTime:0.000000s ]
ERR: Êó†Ê≥ïÂä†ËΩΩÊ®°Âùó:Api

[ 2017-03-31T15:38:54+08:00 ] 127.0.0.1 /index.php/api/cron.php-t=1452023217
INFO: [ app_init ] --START--
INFO: Run Behavior\BuildLiteBehavior [ RunTime:0.000000s ]
INFO: [ app_init ] --END-- [ RunTime:0.000000s ]
ERR: Êó†Ê≥ïÂä†ËΩΩÊ®°Âùó:Api

[ 2017-03-31T15:38:54+08:00 ] 127.0.0.1 /index.php/themes/68ecshop_hechafree/images/sdgg.gif
INFO: [ app_init ] --START--
INFO: Run Behavior\BuildLiteBehavior [ RunTime:0.000000s ]
INFO: [ app_init ] --END-- [ RunTime:0.000000s ]
ERR: Êó†Ê≥ïÂä†ËΩΩÊ®°Âùó:Themes

[ 2017-03-31T15:38:54+08:00 ] 127.0.0.1 /index.php/api/cron.php-t=1452023217
INFO: [ app_init ] --START--
INFO: Run Behavior\BuildLiteBehavior [ RunTime:0.000000s ]
INFO: [ app_init ] --END-- [ RunTime:0.000000s ]
ERR: Êó†Ê≥ïÂä†ËΩΩÊ®°Âùó:Api

[ 2017-03-31T15:38:54+08:00 ] 127.0.0.1 /index.php/themes/68ecshop_hechafree/images/sdgg.gif
INFO: [ app_init ] --START--
INFO: Run Behavior\BuildLiteBehavior [ RunTime:0.000000s ]
INFO: [ app_init ] --END-- [ RunTime:0.000000s ]
ERR: Êó†Ê≥ïÂä†ËΩΩÊ®°Âùó:Themes

[ 2017-03-31T15:38:54+08:00 ] 127.0.0.1 /index.php/api/cron.php-t=1452023217
INFO: [ app_init ] --START--
INFO: Run Behavior\BuildLiteBehavior [ RunTime:0.000000s ]
INFO: [ app_init ] --END-- [ RunTime:0.000000s ]
ERR: Êó†Ê≥ïÂä†ËΩΩÊ®°Âùó:Api

[ 2017-03-31T15:38:59+08:00 ] 127.0.0.1 /index.php/api/cron.php-t=1452023217
INFO: [ app_init ] --START--
INFO: Run Behavior\BuildLiteBehavior [ RunTime:0.000000s ]
INFO: [ app_init ] --END-- [ RunTime:0.001000s ]
ERR: Êó†Ê≥ïÂä†ËΩΩÊ®°Âùó:Api

[ 2017-03-31T15:38:59+08:00 ] 127.0.0.1 /index.php/api/cron.php-t=1452023217
INFO: [ app_init ] --START--
INFO: Run Behavior\BuildLiteBehavior [ RunTime:0.000000s ]
INFO: [ app_init ] --END-- [ RunTime:0.000000s ]
ERR: Êó†Ê≥ïÂä†ËΩΩÊ®°Âùó:Api

[ 2017-03-31T15:38:59+08:00 ] 127.0.0.1 /index.php/themes/68ecshop_hechafree/images/sdgg.gif
INFO: [ app_init ] --START--
INFO: Run Behavior\BuildLiteBehavior [ RunTime:0.000000s ]
INFO: [ app_init ] --END-- [ RunTime:0.000000s ]
ERR: Êó†Ê≥ïÂä†ËΩΩÊ®°Âùó:Themes

[ 2017-03-31T15:39:02+08:00 ] 127.0.0.1 /index.php/api/cron.php-t=1452023217
INFO: [ app_init ] --START--
INFO: Run Behavior\BuildLiteBehavior [ RunTime:0.001000s ]
INFO: [ app_init ] --END-- [ RunTime:0.001000s ]
ERR: Êó†Ê≥ïÂä†ËΩΩÊ®°Âùó:Api

[ 2017-03-31T15:39:02+08:00 ] 127.0.0.1 /index.php/api/cron.php-t=1452023217
INFO: [ app_init ] --START--
INFO: Run Behavior\BuildLiteBehavior [ RunTime:0.000000s ]
INFO: [ app_init ] --END-- [ RunTime:0.000000s ]
ERR: Êó†Ê≥ïÂä†ËΩΩÊ®°Âùó:Api

[ 2017-03-31T15:39:02+08:00 ] 127.0.0.1 /index.php/themes/68ecshop_hechafree/images/sdgg.gif
INFO: [ app_init ] --START--
INFO: Run Behavior\BuildLiteBehavior [ RunTime:0.000000s ]
INFO: [ app_init ] --END-- [ RunTime:0.000000s ]
ERR: Êó†Ê≥ïÂä†ËΩΩÊ®°Âùó:Themes

[ 2017-03-31T15:39:19+08:00 ] 127.0.0.1 /index.php/themes/68ecshop_hechafree/images/sdgg.gif
INFO: [ app_init ] --START--
INFO: Run Behavior\BuildLiteBehavior [ RunTime:0.000000s ]
INFO: [ app_init ] --END-- [ RunTime:0.001000s ]
ERR: Êó†Ê≥ïÂä†ËΩΩÊ®°Âùó:Themes

[ 2017-03-31T15:39:19+08:00 ] 127.0.0.1 /index.php/api/cron.php-t=1452023217
INFO: [ app_init ] --START--
INFO: Run Behavior\BuildLiteBehavior [ RunTime:0.000000s ]
INFO: [ app_init ] --END-- [ RunTime:0.001000s ]
ERR: Êó†Ê≥ïÂä†ËΩΩÊ®°Âùó:Api

[ 2017-03-31T15:39:38+08:00 ] 127.0.0.1 /index.php/api/cron.php-t=1452023217
INFO: [ app_init ] --START--
INFO: Run Behavior\BuildLiteBehavior [ RunTime:0.000000s ]
INFO: [ app_init ] --END-- [ RunTime:0.000000s ]
ERR: Êó†Ê≥ïÂä†ËΩΩÊ®°Âùó:Api

[ 2017-03-31T15:39:38+08:00 ] 127.0.0.1 /index.php/api/cron.php-t=1452023217
INFO: [ app_init ] --START--
INFO: Run Behavior\BuildLiteBehavior [ RunTime:0.000000s ]
INFO: [ app_init ] --END-- [ RunTime:0.001000s ]
ERR: Êó†Ê≥ïÂä†ËΩΩÊ®°Âùó:Api

[ 2017-03-31T15:39:38+08:00 ] 127.0.0.1 /index.php/themes/68ecshop_hechafree/images/sdgg.gif
INFO: [ app_init ] --START--
INFO: Run Behavior\BuildLiteBehavior [ RunTime:0.000000s ]
INFO: [ app_init ] --END-- [ RunTime:0.001000s ]
ERR: Êó†Ê≥ïÂä†ËΩΩÊ®°Âùó:Themes

[ 2017-03-31T15:43:51+08:00 ] 127.0.0.1 /index.php/api/cron.php-t=1452023217
INFO: [ app_init ] --START--
INFO: Run Behavior\BuildLiteBehavior [ RunTime:0.000000s ]
INFO: [ app_init ] --END-- [ RunTime:0.000000s ]
ERR: Êó†Ê≥ïÂä†ËΩΩÊ®°Âùó:Api

[ 2017-03-31T15:43:51+08:00 ] 127.0.0.1 /index.php/api/cron.php-t=1452023217
INFO: [ app_init ] --START--
INFO: Run Behavior\BuildLiteBehavior [ RunTime:0.000000s ]
INFO: [ app_init ] --END-- [ RunTime:0.001000s ]
ERR: Êó†Ê≥ïÂä†ËΩΩÊ®°Âùó:Api

[ 2017-03-31T15:43:51+08:00 ] 127.0.0.1 /index.php/themes/68ecshop_hechafree/images/sdgg.gif
INFO: [ app_init ] --START--
INFO: Run Behavior\BuildLiteBehavior [ RunTime:0.000000s ]
INFO: [ app_init ] --END-- [ RunTime:0.000000s ]
ERR: Êó†Ê≥ïÂä†ËΩΩÊ®°Âùó:Themes

[ 2017-03-31T15:45:48+08:00 ] 127.0.0.1 /index.php/api/cron.php-t=1452023217
INFO: [ app_init ] --START--
INFO: Run Behavior\BuildLiteBehavior [ RunTime:0.000000s ]
INFO: [ app_init ] --END-- [ RunTime:0.000000s ]
ERR: Êó†Ê≥ïÂä†ËΩΩÊ®°Âùó:Api

[ 2017-03-31T15:45:48+08:00 ] 127.0.0.1 /index.php/api/cron.php-t=1452023217
INFO: [ app_init ] --START--
INFO: Run Behavior\BuildLiteBehavior [ RunTime:0.000000s ]
INFO: [ app_init ] --END-- [ RunTime:0.001000s ]
ERR: Êó†Ê≥ïÂä†ËΩΩÊ®°Âùó:Api

[ 2017-03-31T15:45:48+08:00 ] 127.0.0.1 /index.php/themes/68ecshop_hechafree/images/sdgg.gif
INFO: [ app_init ] --START--
INFO: Run Behavior\BuildLiteBehavior [ RunTime:0.000000s ]
INFO: [ app_init ] --END-- [ RunTime:0.002000s ]
ERR: Êó†Ê≥ïÂä†ËΩΩÊ®°Âùó:Themes

[ 2017-03-31T15:45:51+08:00 ] 127.0.0.1 /index.php/api/cron.php-t=1452023217
INFO: [ app_init ] --START--
INFO: Run Behavior\BuildLiteBehavior [ RunTime:0.000000s ]
INFO: [ app_init ] --END-- [ RunTime:0.001001s ]
ERR: Êó†Ê≥ïÂä†ËΩΩÊ®°Âùó:Api

[ 2017-03-31T15:45:51+08:00 ] 127.0.0.1 /index.php/api/cron.php-t=1452023217
INFO: [ app_init ] --START--
INFO: Run Behavior\BuildLiteBehavior [ RunTime:0.000000s ]
INFO: [ app_init ] --END-- [ RunTime:0.001000s ]
ERR: Êó†Ê≥ïÂä†ËΩΩÊ®°Âùó:Api

[ 2017-03-31T15:45:51+08:00 ] 127.0.0.1 /index.php/themes/68ecshop_hechafree/images/sdgg.gif
INFO: [ app_init ] --START--
INFO: Run Behavior\BuildLiteBehavior [ RunTime:0.000000s ]
INFO: [ app_init ] --END-- [ RunTime:0.000000s ]
ERR: Êó†Ê≥ïÂä†ËΩΩÊ®°Âùó:Themes

[ 2017-03-31T15:46:39+08:00 ] 127.0.0.1 /index.php/api/cron.php-t=1452023217
INFO: [ app_init ] --START--
INFO: Run Behavior\BuildLiteBehavior [ RunTime:0.000000s ]
INFO: [ app_init ] --END-- [ RunTime:0.001000s ]
ERR: Êó†Ê≥ïÂä†ËΩΩÊ®°Âùó:Api

[ 2017-03-31T15:46:39+08:00 ] 127.0.0.1 /index.php/themes/68ecshop_hechafree/images/sdgg.gif
INFO: [ app_init ] --START--
INFO: Run Behavior\BuildLiteBehavior [ RunTime:0.000000s ]
INFO: [ app_init ] --END-- [ RunTime:0.000000s ]
ERR: Êó†Ê≥ïÂä†ËΩΩÊ®°Âùó:Themes

[ 2017-03-31T15:47:19+08:00 ] 127.0.0.1 /index.php/api/cron.php-t=1452023217
INFO: [ app_init ] --START--
INFO: Run Behavior\BuildLiteBehavior [ RunTime:0.000000s ]
INFO: [ app_init ] --END-- [ RunTime:0.001000s ]
ERR: Êó†Ê≥ïÂä†ËΩΩÊ®°Âùó:Api

[ 2017-03-31T15:47:19+08:00 ] 127.0.0.1 /index.php/api/cron.php-t=1452023217
INFO: [ app_init ] --START--
INFO: Run Behavior\BuildLiteBehavior [ RunTime:0.000000s ]
INFO: [ app_init ] --END-- [ RunTime:0.000000s ]
ERR: Êó†Ê≥ïÂä†ËΩΩÊ®°Âùó:Api

[ 2017-03-31T15:47:19+08:00 ] 127.0.0.1 /index.php/themes/68ecshop_hechafree/images/sdgg.gif
INFO: [ app_init ] --START--
INFO: Run Behavior\BuildLiteBehavior [ RunTime:0.000000s ]
INFO: [ app_init ] --END-- [ RunTime:0.002001s ]
ERR: Êó†Ê≥ïÂä†ËΩΩÊ®°Âùó:Themes

[ 2017-03-31T15:48:38+08:00 ] 127.0.0.1 /index.php/api/cron.php-t=1452023217
INFO: [ app_init ] --START--
INFO: Run Behavior\BuildLiteBehavior [ RunTime:0.000000s ]
INFO: [ app_init ] --END-- [ RunTime:0.001000s ]
ERR: Êó†Ê≥ïÂä†ËΩΩÊ®°Âùó:Api

[ 2017-03-31T15:48:38+08:00 ] 127.0.0.1 /index.php/api/cron.php-t=1452023217
INFO: [ app_init ] --START--
INFO: Run Behavior\BuildLiteBehavior [ RunTime:0.000000s ]
INFO: [ app_init ] --END-- [ RunTime:0.000000s ]
ERR: Êó†Ê≥ïÂä†ËΩΩÊ®°Âùó:Api

[ 2017-03-31T15:48:38+08:00 ] 127.0.0.1 /index.php/themes/68ecshop_hechafree/images/sdgg.gif
INFO: [ app_init ] --START--
INFO: Run Behavior\BuildLiteBehavior [ RunTime:0.000000s ]
INFO: [ app_init ] --END-- [ RunTime:0.001000s ]
ERR: Êó†Ê≥ïÂä†ËΩΩÊ®°Âùó:Themes

[ 2017-03-31T15:50:01+08:00 ] 127.0.0.1 /index.php/api/cron.php-t=1452023217
INFO: [ app_init ] --START--
INFO: Run Behavior\BuildLiteBehavior [ RunTime:0.000000s ]
INFO: [ app_init ] --END-- [ RunTime:0.000000s ]
ERR: Êó†Ê≥ïÂä†ËΩΩÊ®°Âùó:Api

[ 2017-03-31T15:50:01+08:00 ] 127.0.0.1 /index.php/themes/68ecshop_hechafree/images/sdgg.gif
INFO: [ app_init ] --START--
INFO: Run Behavior\BuildLiteBehavior [ RunTime:0.000000s ]
INFO: [ app_init ] --END-- [ RunTime:0.001000s ]
ERR: Êó†Ê≥ïÂä†ËΩΩÊ®°Âùó:Themes

[ 2017-03-31T15:50:26+08:00 ] 127.0.0.1 /index.php/api/cron.php-t=1452023217
INFO: [ app_init ] --START--
INFO: Run Behavior\BuildLiteBehavior [ RunTime:0.000000s ]
INFO: [ app_init ] --END-- [ RunTime:0.000000s ]
ERR: Êó†Ê≥ïÂä†ËΩΩÊ®°Âùó:Api

[ 2017-03-31T15:50:26+08:00 ] 127.0.0.1 /index.php/api/cron.php-t=1452023217
INFO: [ app_init ] --START--
INFO: Run Behavior\BuildLiteBehavior [ RunTime:0.000000s ]
INFO: [ app_init ] --END-- [ RunTime:0.001001s ]
ERR: Êó†Ê≥ïÂä†ËΩΩÊ®°Âùó:Api

[ 2017-03-31T15:50:26+08:00 ] 127.0.0.1 /index.php/themes/68ecshop_hechafree/images/sdgg.gif
INFO: [ app_init ] --START--
INFO: Run Behavior\BuildLiteBehavior [ RunTime:0.000000s ]
INFO: [ app_init ] --END-- [ RunTime:0.000000s ]
ERR: Êó†Ê≥ïÂä†ËΩΩÊ®°Âùó:Themes

[ 2017-03-31T15:51:44+08:00 ] 127.0.0.1 /index.php/api/cron.php-t=1452023217
INFO: [ app_init ] --START--
INFO: Run Behavior\BuildLiteBehavior [ RunTime:0.000000s ]
INFO: [ app_init ] --END-- [ RunTime:0.000000s ]
ERR: Êó†Ê≥ïÂä†ËΩΩÊ®°Âùó:Api

[ 2017-03-31T15:51:44+08:00 ] 127.0.0.1 /index.php/api/cron.php-t=1452023217
INFO: [ app_init ] --START--
INFO: Run Behavior\BuildLiteBehavior [ RunTime:0.000000s ]
INFO: [ app_init ] --END-- [ RunTime:0.001000s ]
ERR: Êó†Ê≥ïÂä†ËΩΩÊ®°Âùó:Api

[ 2017-03-31T15:51:44+08:00 ] 127.0.0.1 /index.php/themes/68ecshop_hechafree/images/sdgg.gif
INFO: [ app_init ] --START--
INFO: Run Behavior\BuildLiteBehavior [ RunTime:0.000000s ]
INFO: [ app_init ] --END-- [ RunTime:0.000000s ]
ERR: Êó†Ê≥ïÂä†ËΩΩÊ®°Âùó:Themes

[ 2017-03-31T15:53:14+08:00 ] 127.0.0.1 /index.php/api/cron.php-t=1452023217
INFO: [ app_init ] --START--
INFO: Run Behavior\BuildLiteBehavior [ RunTime:0.000000s ]
INFO: [ app_init ] --END-- [ RunTime:0.000000s ]
ERR: Êó†Ê≥ïÂä†ËΩΩÊ®°Âùó:Api

[ 2017-03-31T15:53:14+08:00 ] 127.0.0.1 /index.php/themes/68ecshop_hechafree/images/sdgg.gif
INFO: [ app_init ] --START--
INFO: Run Behavior\BuildLiteBehavior [ RunTime:0.000000s ]
INFO: [ app_init ] --END-- [ RunTime:0.000000s ]
ERR: Êó†Ê≥ïÂä†ËΩΩÊ®°Âùó:Themes

[ 2017-03-31T15:53:16+08:00 ] 127.0.0.1 /index.php/api/cron.php-t=1452023217
INFO: [ app_init ] --START--
INFO: Run Behavior\BuildLiteBehavior [ RunTime:0.000000s ]
INFO: [ app_init ] --END-- [ RunTime:0.001001s ]
ERR: Êó†Ê≥ïÂä†ËΩΩÊ®°Âùó:Api

[ 2017-03-31T15:53:16+08:00 ] 127.0.0.1 /index.php/themes/68ecshop_hechafree/images/sdgg.gif
INFO: [ app_init ] --START--
INFO: Run Behavior\BuildLiteBehavior [ RunTime:0.000000s ]
INFO: [ app_init ] --END-- [ RunTime:0.001000s ]
ERR: Êó†Ê≥ïÂä†ËΩΩÊ®°Âùó:Themes

[ 2017-03-31T17:21:11+08:00 ] 127.0.0.1 /index.php/api/cron.php-t=1452023217
INFO: [ app_init ] --START--
INFO: Run Behavior\BuildLiteBehavior [ RunTime:0.001000s ]
INFO: [ app_init ] --END-- [ RunTime:0.001000s ]
ERR: Êó†Ê≥ïÂä†ËΩΩÊ®°Âùó:Api

[ 2017-03-31T17:21:11+08:00 ] 127.0.0.1 /index.php/themes/68ecshop_hechafree/images/sdgg.gif
INFO: [ app_init ] --START--
INFO: Run Behavior\BuildLiteBehavior [ RunTime:0.000000s ]
INFO: [ app_init ] --END-- [ RunTime:0.000000s ]
ERR: Êó†Ê≥ïÂä†ËΩΩÊ®°Âùó:Themes

[ 2017-03-31T17:52:54+08:00 ] 127.0.0.1 /index.php/themes/68ecshop_hechafree/images/sdgg.gif
INFO: [ app_init ] --START--
INFO: Run Behavior\BuildLiteBehavior [ RunTime:0.000000s ]
INFO: [ app_init ] --END-- [ RunTime:0.001000s ]
ERR: Êó†Ê≥ïÂä†ËΩΩÊ®°Âùó:Themes

[ 2017-03-31T17:52:54+08:00 ] 127.0.0.1 /index.php/api/cron.php-t=1452023217
INFO: [ app_init ] --START--
INFO: Run Behavior\BuildLiteBehavior [ RunTime:0.000000s ]
INFO: [ app_init ] --END-- [ RunTime:0.001000s ]
ERR: Êó†Ê≥ïÂä†ËΩΩÊ®°Âùó:Api

