[ 2016-12-30T16:04:55+08:00 ] 127.0.0.1 /bool/shop/index.php
INFO: [ app_init ] --START--
INFO: Run Behavior\BuildLiteBehavior [ RunTime:0.000000s ]
INFO: [ app_init ] --END-- [ RunTime:0.193011s ]
INFO: [ app_begin ] --START--
INFO: Run Behavior\ReadHtmlCacheBehavior [ RunTime:0.049003s ]
INFO: [ app_begin ] --END-- [ RunTime:0.049003s ]
SQL: SHOW COLUMNS FROM `cat` [ RunTime:0.6640s ]
NOTIC: [2] array_reverse() expects parameter 1 to be array, null given E:\php\amp\www\bool\shop\Home\Controller\IndexController.class.php 第 10 行.
SQL: SELECT * FROM `cat`  [ RunTime:0.0210s ]
SQL: SELECT * FROM `cat`  [ RunTime:0.0000s ]
SQL: SELECT * FROM `cat`  [ RunTime:0.0000s ]
SQL: SELECT * FROM `cat`  [ RunTime:0.0000s ]
SQL: SELECT * FROM `cat`  [ RunTime:0.0000s ]
SQL: SELECT * FROM `cat`  [ RunTime:0.0000s ]
SQL: SELECT * FROM `cat`  [ RunTime:0.0010s ]
SQL: SELECT * FROM `cat`  [ RunTime:0.0000s ]
SQL: SELECT * FROM `cat`  [ RunTime:0.0000s ]
SQL: SELECT * FROM `cat`  [ RunTime:0.0010s ]
SQL: SELECT * FROM `cat`  [ RunTime:0.0000s ]
SQL: SELECT * FROM `cat`  [ RunTime:0.0010s ]
SQL: SELECT * FROM `cat`  [ RunTime:0.0000s ]
SQL: SELECT * FROM `cat`  [ RunTime:0.0000s ]
SQL: SELECT * FROM `cat`  [ RunTime:0.0000s ]
SQL: SHOW COLUMNS FROM `goods` [ RunTime:0.2130s ]
SQL: SELECT `goods_id`,`goods_name`,`shop_price`,`thumb_img`,`goods_img`,`market_price` FROM `goods` WHERE ( is_hot=1 ) ORDER BY goods_id desc LIMIT 0,4   [ RunTime:0.1360s ]
SQL: SELECT `goods_id`,`goods_name`,`shop_price`,`thumb_img`,`goods_img`,`market_price` FROM `goods` WHERE ( is_best=1 ) ORDER BY goods_id desc LIMIT 0,4   [ RunTime:0.0000s ]
SQL: SELECT `goods_id`,`goods_name`,`shop_price`,`thumb_img`,`goods_img`,`market_price` FROM `goods` WHERE ( is_new=1 ) ORDER BY goods_id desc LIMIT 0,4   [ RunTime:0.0010s ]
INFO: [ view_parse ] --START--
INFO: [ template_filter ] --START--
INFO: Run Behavior\ContentReplaceBehavior [ RunTime:0.070004s ]
INFO: [ template_filter ] --END-- [ RunTime:0.070004s ]
NOTIC: [8] Use of undefined constant cat_id - assumed 'cat_id' E:\php\amp\www\bool\shop\Runtime\Cache\Home\2f412aae274b751dca883838bf7e7502.php 第 94 行.
NOTIC: [8] Use of undefined constant parent_id - assumed 'parent_id' E:\php\amp\www\bool\shop\Runtime\Cache\Home\2f412aae274b751dca883838bf7e7502.php 第 94 行.
NOTIC: [8] Use of undefined constant cat_id - assumed 'cat_id' E:\php\amp\www\bool\shop\Runtime\Cache\Home\2f412aae274b751dca883838bf7e7502.php 第 94 行.
NOTIC: [8] Use of undefined constant parent_id - assumed 'parent_id' E:\php\amp\www\bool\shop\Runtime\Cache\Home\2f412aae274b751dca883838bf7e7502.php 第 94 行.
NOTIC: [8] Use of undefined constant cat_id - assumed 'cat_id' E:\php\amp\www\bool\shop\Runtime\Cache\Home\2f412aae274b751dca883838bf7e7502.php 第 94 行.
NOTIC: [8] Use of undefined constant cat_id - assumed 'cat_id' E:\php\amp\www\bool\shop\Runtime\Cache\Home\2f412aae274b751dca883838bf7e7502.php 第 94 行.
NOTIC: [8] Use of undefined constant parent_id - assumed 'parent_id' E:\php\amp\www\bool\shop\Runtime\Cache\Home\2f412aae274b751dca883838bf7e7502.php 第 94 行.
NOTIC: [8] Use of undefined constant cat_id - assumed 'cat_id' E:\php\amp\www\bool\shop\Runtime\Cache\Home\2f412aae274b751dca883838bf7e7502.php 第 94 行.
NOTIC: [8] Use of undefined constant cat_id - assumed 'cat_id' E:\php\amp\www\bool\shop\Runtime\Cache\Home\2f412aae274b751dca883838bf7e7502.php 第 94 行.
NOTIC: [8] Use of undefined constant parent_id - assumed 'parent_id' E:\php\amp\www\bool\shop\Runtime\Cache\Home\2f412aae274b751dca883838bf7e7502.php 第 94 行.
NOTIC: [8] Use of undefined constant cat_id - assumed 'cat_id' E:\php\amp\www\bool\shop\Runtime\Cache\Home\2f412aae274b751dca883838bf7e7502.php 第 94 行.
NOTIC: [8] Use of undefined constant cat_id - assumed 'cat_id' E:\php\amp\www\bool\shop\Runtime\Cache\Home\2f412aae274b751dca883838bf7e7502.php 第 94 行.
NOTIC: [8] Use of undefined constant parent_id - assumed 'parent_id' E:\php\amp\www\bool\shop\Runtime\Cache\Home\2f412aae274b751dca883838bf7e7502.php 第 94 行.
NOTIC: [8] Use of undefined constant cat_id - assumed 'cat_id' E:\php\amp\www\bool\shop\Runtime\Cache\Home\2f412aae274b751dca883838bf7e7502.php 第 94 行.
NOTIC: [8] Use of undefined constant cat_id - assumed 'cat_id' E:\php\amp\www\bool\shop\Runtime\Cache\Home\2f412aae274b751dca883838bf7e7502.php 第 94 行.
NOTIC: [8] Use of undefined constant parent_id - assumed 'parent_id' E:\php\amp\www\bool\shop\Runtime\Cache\Home\2f412aae274b751dca883838bf7e7502.php 第 94 行.
NOTIC: [8] Use of undefined constant cat_id - assumed 'cat_id' E:\php\amp\www\bool\shop\Runtime\Cache\Home\2f412aae274b751dca883838bf7e7502.php 第 94 行.
NOTIC: [8] Use of undefined constant parent_id - assumed 'parent_id' E:\php\amp\www\bool\shop\Runtime\Cache\Home\2f412aae274b751dca883838bf7e7502.php 第 94 行.
NOTIC: [8] Use of undefined constant cat_id - assumed 'cat_id' E:\php\amp\www\bool\shop\Runtime\Cache\Home\2f412aae274b751dca883838bf7e7502.php 第 94 行.
NOTIC: [8] Use of undefined constant parent_id - assumed 'parent_id' E:\php\amp\www\bool\shop\Runtime\Cache\Home\2f412aae274b751dca883838bf7e7502.php 第 94 行.
NOTIC: [8] Use of undefined constant cat_id - assumed 'cat_id' E:\php\amp\www\bool\shop\Runtime\Cache\Home\2f412aae274b751dca883838bf7e7502.php 第 94 行.
NOTIC: [8] Use of undefined constant parent_id - assumed 'parent_id' E:\php\amp\www\bool\shop\Runtime\Cache\Home\2f412aae274b751dca883838bf7e7502.php 第 94 行.
NOTIC: [8] Use of undefined constant cat_id - assumed 'cat_id' E:\php\amp\www\bool\shop\Runtime\Cache\Home\2f412aae274b751dca883838bf7e7502.php 第 94 行.
NOTIC: [8] Use of undefined constant parent_id - assumed 'parent_id' E:\php\amp\www\bool\shop\Runtime\Cache\Home\2f412aae274b751dca883838bf7e7502.php 第 94 行.
NOTIC: [8] Use of undefined constant cat_id - assumed 'cat_id' E:\php\amp\www\bool\shop\Runtime\Cache\Home\2f412aae274b751dca883838bf7e7502.php 第 94 行.
NOTIC: [8] Use of undefined constant parent_id - assumed 'parent_id' E:\php\amp\www\bool\shop\Runtime\Cache\Home\2f412aae274b751dca883838bf7e7502.php 第 94 行.
NOTIC: [8] Use of undefined constant cat_id - assumed 'cat_id' E:\php\amp\www\bool\shop\Runtime\Cache\Home\2f412aae274b751dca883838bf7e7502.php 第 94 行.
NOTIC: [8] Use of undefined constant parent_id - assumed 'parent_id' E:\php\amp\www\bool\shop\Runtime\Cache\Home\2f412aae274b751dca883838bf7e7502.php 第 94 行.
NOTIC: [8] Use of undefined constant cat_id - assumed 'cat_id' E:\php\amp\www\bool\shop\Runtime\Cache\Home\2f412aae274b751dca883838bf7e7502.php 第 94 行.
NOTIC: [8] Use of undefined constant parent_id - assumed 'parent_id' E:\php\amp\www\bool\shop\Runtime\Cache\Home\2f412aae274b751dca883838bf7e7502.php 第 94 行.
NOTIC: [8] Use of undefined constant cat_id - assumed 'cat_id' E:\php\amp\www\bool\shop\Runtime\Cache\Home\2f412aae274b751dca883838bf7e7502.php 第 94 行.
NOTIC: [8] Use of undefined constant parent_id - assumed 'parent_id' E:\php\amp\www\bool\shop\Runtime\Cache\Home\2f412aae274b751dca883838bf7e7502.php 第 94 行.
NOTIC: [8] Use of undefined constant cat_id - assumed 'cat_id' E:\php\amp\www\bool\shop\Runtime\Cache\Home\2f412aae274b751dca883838bf7e7502.php 第 94 行.
NOTIC: [8] Use of undefined constant parent_id - assumed 'parent_id' E:\php\amp\www\bool\shop\Runtime\Cache\Home\2f412aae274b751dca883838bf7e7502.php 第 94 行.
NOTIC: [8] Use of undefined constant cat_id - assumed 'cat_id' E:\php\amp\www\bool\shop\Runtime\Cache\Home\2f412aae274b751dca883838bf7e7502.php 第 94 行.
NOTIC: [8] Use of undefined constant parent_id - assumed 'parent_id' E:\php\amp\www\bool\shop\Runtime\Cache\Home\2f412aae274b751dca883838bf7e7502.php 第 94 行.
NOTIC: [8] Use of undefined constant cat_id - assumed 'cat_id' E:\php\amp\www\bool\shop\Runtime\Cache\Home\2f412aae274b751dca883838bf7e7502.php 第 94 行.
NOTIC: [8] Use of undefined constant parent_id - assumed 'parent_id' E:\php\amp\www\bool\shop\Runtime\Cache\Home\2f412aae274b751dca883838bf7e7502.php 第 94 行.
NOTIC: [8] Use of undefined constant cat_id - assumed 'cat_id' E:\php\amp\www\bool\shop\Runtime\Cache\Home\2f412aae274b751dca883838bf7e7502.php 第 94 行.
NOTIC: [8] Use of undefined constant parent_id - assumed 'parent_id' E:\php\amp\www\bool\shop\Runtime\Cache\Home\2f412aae274b751dca883838bf7e7502.php 第 94 行.
NOTIC: [8] Use of undefined constant cat_id - assumed 'cat_id' E:\php\amp\www\bool\shop\Runtime\Cache\Home\2f412aae274b751dca883838bf7e7502.php 第 94 行.
NOTIC: [8] Use of undefined constant parent_id - assumed 'parent_id' E:\php\amp\www\bool\shop\Runtime\Cache\Home\2f412aae274b751dca883838bf7e7502.php 第 94 行.
NOTIC: [8] Use of undefined constant cat_id - assumed 'cat_id' E:\php\amp\www\bool\shop\Runtime\Cache\Home\2f412aae274b751dca883838bf7e7502.php 第 94 行.
NOTIC: [8] Use of undefined constant parent_id - assumed 'parent_id' E:\php\amp\www\bool\shop\Runtime\Cache\Home\2f412aae274b751dca883838bf7e7502.php 第 94 行.
NOTIC: [8] Use of undefined constant cat_id - assumed 'cat_id' E:\php\amp\www\bool\shop\Runtime\Cache\Home\2f412aae274b751dca883838bf7e7502.php 第 94 行.
NOTIC: [8] Use of undefined constant parent_id - assumed 'parent_id' E:\php\amp\www\bool\shop\Runtime\Cache\Home\2f412aae274b751dca883838bf7e7502.php 第 94 行.
NOTIC: [8] Use of undefined constant cat_id - assumed 'cat_id' E:\php\amp\www\bool\shop\Runtime\Cache\Home\2f412aae274b751dca883838bf7e7502.php 第 94 行.
NOTIC: [8] Use of undefined constant cat_id - assumed 'cat_id' E:\php\amp\www\bool\shop\Runtime\Cache\Home\2f412aae274b751dca883838bf7e7502.php 第 94 行.
NOTIC: [8] Use of undefined constant parent_id - assumed 'parent_id' E:\php\amp\www\bool\shop\Runtime\Cache\Home\2f412aae274b751dca883838bf7e7502.php 第 94 行.
NOTIC: [8] Use of undefined constant cat_id - assumed 'cat_id' E:\php\amp\www\bool\shop\Runtime\Cache\Home\2f412aae274b751dca883838bf7e7502.php 第 94 行.
NOTIC: [8] Use of undefined constant cat_id - assumed 'cat_id' E:\php\amp\www\bool\shop\Runtime\Cache\Home\2f412aae274b751dca883838bf7e7502.php 第 94 行.
NOTIC: [8] Use of undefined constant parent_id - assumed 'parent_id' E:\php\amp\www\bool\shop\Runtime\Cache\Home\2f412aae274b751dca883838bf7e7502.php 第 94 行.
NOTIC: [8] Use of undefined constant cat_id - assumed 'cat_id' E:\php\amp\www\bool\shop\Runtime\Cache\Home\2f412aae274b751dca883838bf7e7502.php 第 94 行.
NOTIC: [8] Use of undefined constant cat_id - assumed 'cat_id' E:\php\amp\www\bool\shop\Runtime\Cache\Home\2f412aae274b751dca883838bf7e7502.php 第 94 行.
NOTIC: [8] Use of undefined constant parent_id - assumed 'parent_id' E:\php\amp\www\bool\shop\Runtime\Cache\Home\2f412aae274b751dca883838bf7e7502.php 第 94 行.
NOTIC: [8] Use of undefined constant cat_id - assumed 'cat_id' E:\php\amp\www\bool\shop\Runtime\Cache\Home\2f412aae274b751dca883838bf7e7502.php 第 94 行.
NOTIC: [8] Use of undefined constant cat_id - assumed 'cat_id' E:\php\amp\www\bool\shop\Runtime\Cache\Home\2f412aae274b751dca883838bf7e7502.php 第 94 行.
NOTIC: [8] Use of undefined constant parent_id - assumed 'parent_id' E:\php\amp\www\bool\shop\Runtime\Cache\Home\2f412aae274b751dca883838bf7e7502.php 第 94 行.
NOTIC: [8] Use of undefined constant cat_id - assumed 'cat_id' E:\php\amp\www\bool\shop\Runtime\Cache\Home\2f412aae274b751dca883838bf7e7502.php 第 94 行.
NOTIC: [8] Use of undefined constant parent_id - assumed 'parent_id' E:\php\amp\www\bool\shop\Runtime\Cache\Home\2f412aae274b751dca883838bf7e7502.php 第 94 行.
NOTIC: [8] Use of undefined constant cat_id - assumed 'cat_id' E:\php\amp\www\bool\shop\Runtime\Cache\Home\2f412aae274b751dca883838bf7e7502.php 第 94 行.
NOTIC: [8] Use of undefined constant parent_id - assumed 'parent_id' E:\php\amp\www\bool\shop\Runtime\Cache\Home\2f412aae274b751dca883838bf7e7502.php 第 94 行.
NOTIC: [8] Use of undefined constant cat_id - assumed 'cat_id' E:\php\amp\www\bool\shop\Runtime\Cache\Home\2f412aae274b751dca883838bf7e7502.php 第 94 行.
NOTIC: [8] Use of undefined constant parent_id - assumed 'parent_id' E:\php\amp\www\bool\shop\Runtime\Cache\Home\2f412aae274b751dca883838bf7e7502.php 第 94 行.
NOTIC: [8] Use of undefined constant cat_id - assumed 'cat_id' E:\php\amp\www\bool\shop\Runtime\Cache\Home\2f412aae274b751dca883838bf7e7502.php 第 94 行.
NOTIC: [8] Use of undefined constant parent_id - assumed 'parent_id' E:\php\amp\www\bool\shop\Runtime\Cache\Home\2f412aae274b751dca883838bf7e7502.php 第 94 行.
NOTIC: [8] Use of undefined constant cat_id - assumed 'cat_id' E:\php\amp\www\bool\shop\Runtime\Cache\Home\2f412aae274b751dca883838bf7e7502.php 第 94 行.
NOTIC: [8] Use of undefined constant parent_id - assumed 'parent_id' E:\php\amp\www\bool\shop\Runtime\Cache\Home\2f412aae274b751dca883838bf7e7502.php 第 94 行.
NOTIC: [8] Use of undefined constant cat_id - assumed 'cat_id' E:\php\amp\www\bool\shop\Runtime\Cache\Home\2f412aae274b751dca883838bf7e7502.php 第 94 行.
NOTIC: [8] Use of undefined constant parent_id - assumed 'parent_id' E:\php\amp\www\bool\shop\Runtime\Cache\Home\2f412aae274b751dca883838bf7e7502.php 第 94 行.
NOTIC: [8] Use of undefined constant cat_id - assumed 'cat_id' E:\php\amp\www\bool\shop\Runtime\Cache\Home\2f412aae274b751dca883838bf7e7502.php 第 94 行.
NOTIC: [8] Use of undefined constant parent_id - assumed 'parent_id' E:\php\amp\www\bool\shop\Runtime\Cache\Home\2f412aae274b751dca883838bf7e7502.php 第 94 行.
NOTIC: [8] Use of undefined constant cat_id - assumed 'cat_id' E:\php\amp\www\bool\shop\Runtime\Cache\Home\2f412aae274b751dca883838bf7e7502.php 第 94 行.
NOTIC: [8] Use of undefined constant parent_id - assumed 'parent_id' E:\php\amp\www\bool\shop\Runtime\Cache\Home\2f412aae274b751dca883838bf7e7502.php 第 94 行.
NOTIC: [8] Use of undefined constant cat_id - assumed 'cat_id' E:\php\amp\www\bool\shop\Runtime\Cache\Home\2f412aae274b751dca883838bf7e7502.php 第 94 行.
NOTIC: [8] Use of undefined constant parent_id - assumed 'parent_id' E:\php\amp\www\bool\shop\Runtime\Cache\Home\2f412aae274b751dca883838bf7e7502.php 第 94 行.
NOTIC: [8] Use of undefined constant cat_id - assumed 'cat_id' E:\php\amp\www\bool\shop\Runtime\Cache\Home\2f412aae274b751dca883838bf7e7502.php 第 94 行.
NOTIC: [8] Use of undefined constant parent_id - assumed 'parent_id' E:\php\amp\www\bool\shop\Runtime\Cache\Home\2f412aae274b751dca883838bf7e7502.php 第 94 行.
NOTIC: [8] Use of undefined constant cat_id - assumed 'cat_id' E:\php\amp\www\bool\shop\Runtime\Cache\Home\2f412aae274b751dca883838bf7e7502.php 第 94 行.
NOTIC: [8] Use of undefined constant parent_id - assumed 'parent_id' E:\php\amp\www\bool\shop\Runtime\Cache\Home\2f412aae274b751dca883838bf7e7502.php 第 94 行.
NOTIC: [8] Use of undefined constant cat_id - assumed 'cat_id' E:\php\amp\www\bool\shop\Runtime\Cache\Home\2f412aae274b751dca883838bf7e7502.php 第 94 行.
NOTIC: [8] Use of undefined constant parent_id - assumed 'parent_id' E:\php\amp\www\bool\shop\Runtime\Cache\Home\2f412aae274b751dca883838bf7e7502.php 第 94 行.
NOTIC: [8] Use of undefined constant cat_id - assumed 'cat_id' E:\php\amp\www\bool\shop\Runtime\Cache\Home\2f412aae274b751dca883838bf7e7502.php 第 94 行.
NOTIC: [8] Use of undefined constant parent_id - assumed 'parent_id' E:\php\amp\www\bool\shop\Runtime\Cache\Home\2f412aae274b751dca883838bf7e7502.php 第 94 行.
NOTIC: [8] Use of undefined constant cat_id - assumed 'cat_id' E:\php\amp\www\bool\shop\Runtime\Cache\Home\2f412aae274b751dca883838bf7e7502.php 第 94 行.
NOTIC: [8] Use of undefined constant parent_id - assumed 'parent_id' E:\php\amp\www\bool\shop\Runtime\Cache\Home\2f412aae274b751dca883838bf7e7502.php 第 94 行.
NOTIC: [8] Use of undefined constant cat_id - assumed 'cat_id' E:\php\amp\www\bool\shop\Runtime\Cache\Home\2f412aae274b751dca883838bf7e7502.php 第 94 行.
NOTIC: [8] Use of undefined constant parent_id - assumed 'parent_id' E:\php\amp\www\bool\shop\Runtime\Cache\Home\2f412aae274b751dca883838bf7e7502.php 第 94 行.
NOTIC: [8] Use of undefined constant cat_id - assumed 'cat_id' E:\php\amp\www\bool\shop\Runtime\Cache\Home\2f412aae274b751dca883838bf7e7502.php 第 94 行.
NOTIC: [8] Use of undefined constant cat_id - assumed 'cat_id' E:\php\amp\www\bool\shop\Runtime\Cache\Home\2f412aae274b751dca883838bf7e7502.php 第 94 行.
NOTIC: [8] Use of undefined constant parent_id - assumed 'parent_id' E:\php\amp\www\bool\shop\Runtime\Cache\Home\2f412aae274b751dca883838bf7e7502.php 第 94 行.
NOTIC: [8] Use of undefined constant cat_id - assumed 'cat_id' E:\php\amp\www\bool\shop\Runtime\Cache\Home\2f412aae274b751dca883838bf7e7502.php 第 94 行.
NOTIC: [8] Use of undefined constant cat_id - assumed 'cat_id' E:\php\amp\www\bool\shop\Runtime\Cache\Home\2f412aae274b751dca883838bf7e7502.php 第 94 行.
NOTIC: [8] Use of undefined constant parent_id - assumed 'parent_id' E:\php\amp\www\bool\shop\Runtime\Cache\Home\2f412aae274b751dca883838bf7e7502.php 第 94 行.
NOTIC: [8] Use of undefined constant cat_id - assumed 'cat_id' E:\php\amp\www\bool\shop\Runtime\Cache\Home\2f412aae274b751dca883838bf7e7502.php 第 94 行.
NOTIC: [8] Use of undefined constant goods_id - assumed 'goods_id' E:\php\amp\www\bool\shop\Runtime\Cache\Home\2f412aae274b751dca883838bf7e7502.php 第 207 行.
NOTIC: [8] Use of undefined constant thumb_img - assumed 'thumb_img' E:\php\amp\www\bool\shop\Runtime\Cache\Home\2f412aae274b751dca883838bf7e7502.php 第 207 行.
NOTIC: [8] Use of undefined constant goods_id - assumed 'goods_id' E:\php\amp\www\bool\shop\Runtime\Cache\Home\2f412aae274b751dca883838bf7e7502.php 第 208 行.
NOTIC: [8] Use of undefined constant market_price - assumed 'market_price' E:\php\amp\www\bool\shop\Runtime\Cache\Home\2f412aae274b751dca883838bf7e7502.php 第 209 行.
NOTIC: [8] Use of undefined constant shop_price - assumed 'shop_price' E:\php\amp\www\bool\shop\Runtime\Cache\Home\2f412aae274b751dca883838bf7e7502.php 第 210 行.
NOTIC: [8] Use of undefined constant goods_id - assumed 'goods_id' E:\php\amp\www\bool\shop\Runtime\Cache\Home\2f412aae274b751dca883838bf7e7502.php 第 207 行.
NOTIC: [8] Use of undefined constant thumb_img - assumed 'thumb_img' E:\php\amp\www\bool\shop\Runtime\Cache\Home\2f412aae274b751dca883838bf7e7502.php 第 207 行.
NOTIC: [8] Use of undefined constant goods_id - assumed 'goods_id' E:\php\amp\www\bool\shop\Runtime\Cache\Home\2f412aae274b751dca883838bf7e7502.php 第 208 行.
NOTIC: [8] Use of undefined constant market_price - assumed 'market_price' E:\php\amp\www\bool\shop\Runtime\Cache\Home\2f412aae274b751dca883838bf7e7502.php 第 209 行.
NOTIC: [8] Use of undefined constant shop_price - assumed 'shop_price' E:\php\amp\www\bool\shop\Runtime\Cache\Home\2f412aae274b751dca883838bf7e7502.php 第 210 行.
NOTIC: [8] Use of undefined constant goods_id - assumed 'goods_id' E:\php\amp\www\bool\shop\Runtime\Cache\Home\2f412aae274b751dca883838bf7e7502.php 第 207 行.
NOTIC: [8] Use of undefined constant thumb_img - assumed 'thumb_img' E:\php\amp\www\bool\shop\Runtime\Cache\Home\2f412aae274b751dca883838bf7e7502.php 第 207 行.
NOTIC: [8] Use of undefined constant goods_id - assumed 'goods_id' E:\php\amp\www\bool\shop\Runtime\Cache\Home\2f412aae274b751dca883838bf7e7502.php 第 208 行.
NOTIC: [8] Use of undefined constant market_price - assumed 'market_price' E:\php\amp\www\bool\shop\Runtime\Cache\Home\2f412aae274b751dca883838bf7e7502.php 第 209 行.
NOTIC: [8] Use of undefined constant shop_price - assumed 'shop_price' E:\php\amp\www\bool\shop\Runtime\Cache\Home\2f412aae274b751dca883838bf7e7502.php 第 210 行.
NOTIC: [8] Use of undefined constant goods_id - assumed 'goods_id' E:\php\amp\www\bool\shop\Runtime\Cache\Home\2f412aae274b751dca883838bf7e7502.php 第 207 行.
NOTIC: [8] Use of undefined constant thumb_img - assumed 'thumb_img' E:\php\amp\www\bool\shop\Runtime\Cache\Home\2f412aae274b751dca883838bf7e7502.php 第 207 行.
NOTIC: [8] Use of undefined constant goods_id - assumed 'goods_id' E:\php\amp\www\bool\shop\Runtime\Cache\Home\2f412aae274b751dca883838bf7e7502.php 第 208 行.
NOTIC: [8] Use of undefined constant market_price - assumed 'market_price' E:\php\amp\www\bool\shop\Runtime\Cache\Home\2f412aae274b751dca883838bf7e7502.php 第 209 行.
NOTIC: [8] Use of undefined constant shop_price - assumed 'shop_price' E:\php\amp\www\bool\shop\Runtime\Cache\Home\2f412aae274b751dca883838bf7e7502.php 第 210 行.
NOTIC: [8] Use of undefined constant goods_id - assumed 'goods_id' E:\php\amp\www\bool\shop\Runtime\Cache\Home\2f412aae274b751dca883838bf7e7502.php 第 225 行.
NOTIC: [8] Use of undefined constant thumb_img - assumed 'thumb_img' E:\php\amp\www\bool\shop\Runtime\Cache\Home\2f412aae274b751dca883838bf7e7502.php 第 225 行.
NOTIC: [8] Use of undefined constant goods_name - assumed 'goods_name' E:\php\amp\www\bool\shop\Runtime\Cache\Home\2f412aae274b751dca883838bf7e7502.php 第 225 行.
NOTIC: [8] Use of undefined constant goods_id - assumed 'goods_id' E:\php\amp\www\bool\shop\Runtime\Cache\Home\2f412aae274b751dca883838bf7e7502.php 第 226 行.
NOTIC: [8] Use of undefined constant goods_name - assumed 'goods_name' E:\php\amp\www\bool\shop\Runtime\Cache\Home\2f412aae274b751dca883838bf7e7502.php 第 226 行.
NOTIC: [8] Use of undefined constant goods_name - assumed 'goods_name' E:\php\amp\www\bool\shop\Runtime\Cache\Home\2f412aae274b751dca883838bf7e7502.php 第 226 行.
NOTIC: [8] Use of undefined constant market_price - assumed 'market_price' E:\php\amp\www\bool\shop\Runtime\Cache\Home\2f412aae274b751dca883838bf7e7502.php 第 227 行.
NOTIC: [8] Use of undefined constant shop_price - assumed 'shop_price' E:\php\amp\www\bool\shop\Runtime\Cache\Home\2f412aae274b751dca883838bf7e7502.php 第 228 行.
NOTIC: [8] Use of undefined constant goods_id - assumed 'goods_id' E:\php\amp\www\bool\shop\Runtime\Cache\Home\2f412aae274b751dca883838bf7e7502.php 第 225 行.
NOTIC: [8] Use of undefined constant thumb_img - assumed 'thumb_img' E:\php\amp\www\bool\shop\Runtime\Cache\Home\2f412aae274b751dca883838bf7e7502.php 第 225 行.
NOTIC: [8] Use of undefined constant goods_name - assumed 'goods_name' E:\php\amp\www\bool\shop\Runtime\Cache\Home\2f412aae274b751dca883838bf7e7502.php 第 225 行.
NOTIC: [8] Use of undefined constant goods_id - assumed 'goods_id' E:\php\amp\www\bool\shop\Runtime\Cache\Home\2f412aae274b751dca883838bf7e7502.php 第 226 行.
NOTIC: [8] Use of undefined constant goods_name - assumed 'goods_name' E:\php\amp\www\bool\shop\Runtime\Cache\Home\2f412aae274b751dca883838bf7e7502.php 第 226 行.
NOTIC: [8] Use of undefined constant goods_name - assumed 'goods_name' E:\php\amp\www\bool\shop\Runtime\Cache\Home\2f412aae274b751dca883838bf7e7502.php 第 226 行.
NOTIC: [8] Use of undefined constant market_price - assumed 'market_price' E:\php\amp\www\bool\shop\Runtime\Cache\Home\2f412aae274b751dca883838bf7e7502.php 第 227 行.
NOTIC: [8] Use of undefined constant shop_price - assumed 'shop_price' E:\php\amp\www\bool\shop\Runtime\Cache\Home\2f412aae274b751dca883838bf7e7502.php 第 228 行.
NOTIC: [8] Use of undefined constant goods_id - assumed 'goods_id' E:\php\amp\www\bool\shop\Runtime\Cache\Home\2f412aae274b751dca883838bf7e7502.php 第 225 行.
NOTIC: [8] Use of undefined constant thumb_img - assumed 'thumb_img' E:\php\amp\www\bool\shop\Runtime\Cache\Home\2f412aae274b751dca883838bf7e7502.php 第 225 行.
NOTIC: [8] Use of undefined constant goods_name - assumed 'goods_name' E:\php\amp\www\bool\shop\Runtime\Cache\Home\2f412aae274b751dca883838bf7e7502.php 第 225 行.
NOTIC: [8] Use of undefined constant goods_id - assumed 'goods_id' E:\php\amp\www\bool\shop\Runtime\Cache\Home\2f412aae274b751dca883838bf7e7502.php 第 226 行.
NOTIC: [8] Use of undefined constant goods_name - assumed 'goods_name' E:\php\amp\www\bool\shop\Runtime\Cache\Home\2f412aae274b751dca883838bf7e7502.php 第 226 行.
NOTIC: [8] Use of undefined constant goods_name - assumed 'goods_name' E:\php\amp\www\bool\shop\Runtime\Cache\Home\2f412aae274b751dca883838bf7e7502.php 第 226 行.
NOTIC: [8] Use of undefined constant market_price - assumed 'market_price' E:\php\amp\www\bool\shop\Runtime\Cache\Home\2f412aae274b751dca883838bf7e7502.php 第 227 行.
NOTIC: [8] Use of undefined constant shop_price - assumed 'shop_price' E:\php\amp\www\bool\shop\Runtime\Cache\Home\2f412aae274b751dca883838bf7e7502.php 第 228 行.
NOTIC: [8] Use of undefined constant goods_id - assumed 'goods_id' E:\php\amp\www\bool\shop\Runtime\Cache\Home\2f412aae274b751dca883838bf7e7502.php 第 225 行.
NOTIC: [8] Use of undefined constant thumb_img - assumed 'thumb_img' E:\php\amp\www\bool\shop\Runtime\Cache\Home\2f412aae274b751dca883838bf7e7502.php 第 225 行.
NOTIC: [8] Use of undefined constant goods_name - assumed 'goods_name' E:\php\amp\www\bool\shop\Runtime\Cache\Home\2f412aae274b751dca883838bf7e7502.php 第 225 行.
NOTIC: [8] Use of undefined constant goods_id - assumed 'goods_id' E:\php\amp\www\bool\shop\Runtime\Cache\Home\2f412aae274b751dca883838bf7e7502.php 第 226 行.
NOTIC: [8] Use of undefined constant goods_name - assumed 'goods_name' E:\php\amp\www\bool\shop\Runtime\Cache\Home\2f412aae274b751dca883838bf7e7502.php 第 226 行.
NOTIC: [8] Use of undefined constant goods_name - assumed 'goods_name' E:\php\amp\www\bool\shop\Runtime\Cache\Home\2f412aae274b751dca883838bf7e7502.php 第 226 行.
NOTIC: [8] Use of undefined constant market_price - assumed 'market_price' E:\php\amp\www\bool\shop\Runtime\Cache\Home\2f412aae274b751dca883838bf7e7502.php 第 227 行.
NOTIC: [8] Use of undefined constant shop_price - assumed 'shop_price' E:\php\amp\www\bool\shop\Runtime\Cache\Home\2f412aae274b751dca883838bf7e7502.php 第 228 行.
NOTIC: [8] Use of undefined constant goods_id - assumed 'goods_id' E:\php\amp\www\bool\shop\Runtime\Cache\Home\2f412aae274b751dca883838bf7e7502.php 第 242 行.
NOTIC: [8] Use of undefined constant thumb_img - assumed 'thumb_img' E:\php\amp\www\bool\shop\Runtime\Cache\Home\2f412aae274b751dca883838bf7e7502.php 第 242 行.
NOTIC: [8] Use of undefined constant goods_name - assumed 'goods_name' E:\php\amp\www\bool\shop\Runtime\Cache\Home\2f412aae274b751dca883838bf7e7502.php 第 242 行.
NOTIC: [8] Use of undefined constant goods_id - assumed 'goods_id' E:\php\amp\www\bool\shop\Runtime\Cache\Home\2f412aae274b751dca883838bf7e7502.php 第 243 行.
NOTIC: [8] Use of undefined constant goods_name - assumed 'goods_name' E:\php\amp\www\bool\shop\Runtime\Cache\Home\2f412aae274b751dca883838bf7e7502.php 第 243 行.
NOTIC: [8] Use of undefined constant goods_name - assumed 'goods_name' E:\php\amp\www\bool\shop\Runtime\Cache\Home\2f412aae274b751dca883838bf7e7502.php 第 243 行.
NOTIC: [8] Use of undefined constant market_price - assumed 'market_price' E:\php\amp\www\bool\shop\Runtime\Cache\Home\2f412aae274b751dca883838bf7e7502.php 第 244 行.
NOTIC: [8] Use of undefined constant shop_price - assumed 'shop_price' E:\php\amp\www\bool\shop\Runtime\Cache\Home\2f412aae274b751dca883838bf7e7502.php 第 245 行.
NOTIC: [8] Use of undefined constant goods_id - assumed 'goods_id' E:\php\amp\www\bool\shop\Runtime\Cache\Home\2f412aae274b751dca883838bf7e7502.php 第 242 行.
NOTIC: [8] Use of undefined constant thumb_img - assumed 'thumb_img' E:\php\amp\www\bool\shop\Runtime\Cache\Home\2f412aae274b751dca883838bf7e7502.php 第 242 行.
NOTIC: [8] Use of undefined constant goods_name - assumed 'goods_name' E:\php\amp\www\bool\shop\Runtime\Cache\Home\2f412aae274b751dca883838bf7e7502.php 第 242 行.
NOTIC: [8] Use of undefined constant goods_id - assumed 'goods_id' E:\php\amp\www\bool\shop\Runtime\Cache\Home\2f412aae274b751dca883838bf7e7502.php 第 243 行.
NOTIC: [8] Use of undefined constant goods_name - assumed 'goods_name' E:\php\amp\www\bool\shop\Runtime\Cache\Home\2f412aae274b751dca883838bf7e7502.php 第 243 行.
NOTIC: [8] Use of undefined constant goods_name - assumed 'goods_name' E:\php\amp\www\bool\shop\Runtime\Cache\Home\2f412aae274b751dca883838bf7e7502.php 第 243 行.
NOTIC: [8] Use of undefined constant market_price - assumed 'market_price' E:\php\amp\www\bool\shop\Runtime\Cache\Home\2f412aae274b751dca883838bf7e7502.php 第 244 行.
NOTIC: [8] Use of undefined constant shop_price - assumed 'shop_price' E:\php\amp\www\bool\shop\Runtime\Cache\Home\2f412aae274b751dca883838bf7e7502.php 第 245 行.
NOTIC: [8] Use of undefined constant goods_id - assumed 'goods_id' E:\php\amp\www\bool\shop\Runtime\Cache\Home\2f412aae274b751dca883838bf7e7502.php 第 242 行.
NOTIC: [8] Use of undefined constant thumb_img - assumed 'thumb_img' E:\php\amp\www\bool\shop\Runtime\Cache\Home\2f412aae274b751dca883838bf7e7502.php 第 242 行.
NOTIC: [8] Use of undefined constant goods_name - assumed 'goods_name' E:\php\amp\www\bool\shop\Runtime\Cache\Home\2f412aae274b751dca883838bf7e7502.php 第 242 行.
NOTIC: [8] Use of undefined constant goods_id - assumed 'goods_id' E:\php\amp\www\bool\shop\Runtime\Cache\Home\2f412aae274b751dca883838bf7e7502.php 第 243 行.
NOTIC: [8] Use of undefined constant goods_name - assumed 'goods_name' E:\php\amp\www\bool\shop\Runtime\Cache\Home\2f412aae274b751dca883838bf7e7502.php 第 243 行.
NOTIC: [8] Use of undefined constant goods_name - assumed 'goods_name' E:\php\amp\www\bool\shop\Runtime\Cache\Home\2f412aae274b751dca883838bf7e7502.php 第 243 行.
NOTIC: [8] Use of undefined constant market_price - assumed 'market_price' E:\php\amp\www\bool\shop\Runtime\Cache\Home\2f412aae274b751dca883838bf7e7502.php 第 244 行.
NOTIC: [8] Use of undefined constant shop_price - assumed 'shop_price' E:\php\amp\www\bool\shop\Runtime\Cache\Home\2f412aae274b751dca883838bf7e7502.php 第 245 行.
NOTIC: [8] Use of undefined constant goods_id - assumed 'goods_id' E:\php\amp\www\bool\shop\Runtime\Cache\Home\2f412aae274b751dca883838bf7e7502.php 第 242 行.
NOTIC: [8] Use of undefined constant thumb_img - assumed 'thumb_img' E:\php\amp\www\bool\shop\Runtime\Cache\Home\2f412aae274b751dca883838bf7e7502.php 第 242 行.
NOTIC: [8] Use of undefined constant goods_name - assumed 'goods_name' E:\php\amp\www\bool\shop\Runtime\Cache\Home\2f412aae274b751dca883838bf7e7502.php 第 242 行.
NOTIC: [8] Use of undefined constant goods_id - assumed 'goods_id' E:\php\amp\www\bool\shop\Runtime\Cache\Home\2f412aae274b751dca883838bf7e7502.php 第 243 行.
NOTIC: [8] Use of undefined constant goods_name - assumed 'goods_name' E:\php\amp\www\bool\shop\Runtime\Cache\Home\2f412aae274b751dca883838bf7e7502.php 第 243 行.
NOTIC: [8] Use of undefined constant goods_name - assumed 'goods_name' E:\php\amp\www\bool\shop\Runtime\Cache\Home\2f412aae274b751dca883838bf7e7502.php 第 243 行.
NOTIC: [8] Use of undefined constant market_price - assumed 'market_price' E:\php\amp\www\bool\shop\Runtime\Cache\Home\2f412aae274b751dca883838bf7e7502.php 第 244 行.
NOTIC: [8] Use of undefined constant shop_price - assumed 'shop_price' E:\php\amp\www\bool\shop\Runtime\Cache\Home\2f412aae274b751dca883838bf7e7502.php 第 245 行.
INFO: Run Behavior\ParseTemplateBehavior [ RunTime:0.667038s ]
INFO: [ view_parse ] --END-- [ RunTime:0.667038s ]
INFO: [ view_filter ] --START--
INFO: Run Behavior\WriteHtmlCacheBehavior [ RunTime:0.064004s ]
INFO: [ view_filter ] --END-- [ RunTime:0.064004s ]
INFO: [ app_end ] --START--
INFO: Run Behavior\ShowPageTraceBehavior [ RunTime:0.209012s ]
INFO: [ app_end ] --END-- [ RunTime:0.209012s ]

[ 2016-12-30T16:20:08+08:00 ] 127.0.0.1 /bool/shop/index.php/Home/user/login.html
INFO: [ app_init ] --START--
INFO: Run Behavior\BuildLiteBehavior [ RunTime:0.000000s ]
INFO: [ app_init ] --END-- [ RunTime:0.001000s ]
INFO: [ app_begin ] --START--
INFO: Run Behavior\ReadHtmlCacheBehavior [ RunTime:0.001001s ]
INFO: [ app_begin ] --END-- [ RunTime:0.001001s ]
INFO: [ view_parse ] --START--
INFO: [ template_filter ] --START--
INFO: Run Behavior\ContentReplaceBehavior [ RunTime:0.000000s ]
INFO: [ template_filter ] --END-- [ RunTime:0.000000s ]
INFO: Run Behavior\ParseTemplateBehavior [ RunTime:0.013000s ]
INFO: [ view_parse ] --END-- [ RunTime:0.013000s ]
INFO: [ view_filter ] --START--
INFO: Run Behavior\WriteHtmlCacheBehavior [ RunTime:0.000000s ]
INFO: [ view_filter ] --END-- [ RunTime:0.000000s ]
INFO: [ app_end ] --START--
INFO: Run Behavior\ShowPageTraceBehavior [ RunTime:0.001001s ]
INFO: [ app_end ] --END-- [ RunTime:0.001001s ]

[ 2016-12-30T16:20:10+08:00 ] 127.0.0.1 /bool/shop/index.php/Home/user/yzm.html
INFO: [ app_init ] --START--
INFO: Run Behavior\BuildLiteBehavior [ RunTime:0.000000s ]
INFO: [ app_init ] --END-- [ RunTime:0.000000s ]
INFO: [ app_begin ] --START--
INFO: Run Behavior\ReadHtmlCacheBehavior [ RunTime:0.000000s ]
INFO: [ app_begin ] --END-- [ RunTime:0.000000s ]
INFO: [ app_end ] --START--
INFO: Run Behavior\ShowPageTraceBehavior [ RunTime:0.001000s ]
INFO: [ app_end ] --END-- [ RunTime:0.001000s ]

[ 2016-12-30T16:20:10+08:00 ] 127.0.0.1 /bool/shop/index.php/Home/user/api/cron.php-t=1452023217
INFO: [ app_init ] --START--
INFO: Run Behavior\BuildLiteBehavior [ RunTime:0.000000s ]
INFO: [ app_init ] --END-- [ RunTime:0.000000s ]
INFO: [ app_begin ] --START--
INFO: Run Behavior\ReadHtmlCacheBehavior [ RunTime:0.001000s ]
INFO: [ app_begin ] --END-- [ RunTime:0.001000s ]
ERR: 非法操作:api

[ 2016-12-30T16:20:10+08:00 ] 127.0.0.1 /bool/shop/index.php/Home/user/animated_favicon.gif
INFO: [ app_init ] --START--
INFO: Run Behavior\BuildLiteBehavior [ RunTime:0.000000s ]
INFO: [ app_init ] --END-- [ RunTime:0.000000s ]

[ 2016-12-30T16:20:10+08:00 ] 127.0.0.1 /bool/shop/index.php/Home/user/favicon.ico
INFO: [ app_init ] --START--
INFO: Run Behavior\BuildLiteBehavior [ RunTime:0.000000s ]
INFO: [ app_init ] --END-- [ RunTime:0.000000s ]

[ 2016-12-30T16:21:48+08:00 ] 127.0.0.1 /bool/shop/index.php/Home/cat/cat/cat_id/3.html
INFO: [ app_init ] --START--
INFO: Run Behavior\BuildLiteBehavior [ RunTime:0.000000s ]
INFO: [ app_init ] --END-- [ RunTime:0.000000s ]
INFO: [ app_begin ] --START--
INFO: Run Behavior\ReadHtmlCacheBehavior [ RunTime:0.001000s ]
INFO: [ app_begin ] --END-- [ RunTime:0.001000s ]
NOTIC: [2] array_reverse() expects parameter 1 to be array, null given E:\php\amp\www\bool\shop\Home\Controller\CatController.class.php 第 7 行.
SQL: SHOW COLUMNS FROM `goods` [ RunTime:0.0170s ]
SQL: SHOW COLUMNS FROM `cat` [ RunTime:0.0040s ]
SQL: SELECT * FROM `cat`  [ RunTime:0.0000s ]
SQL: SELECT COUNT(*) AS tp_count FROM `goods` WHERE `cat_id` IN ('3') LIMIT 1   [ RunTime:0.0360s ]
SQL: SELECT `goods_id`,`goods_name`,`shop_price`,`thumb_img`,`goods_img`,`market_price` FROM `goods` WHERE `cat_id` IN ('3') LIMIT 0,10   [ RunTime:0.0000s ]
SQL: SHOW COLUMNS FROM `cat` [ RunTime:0.0030s ]
SQL: SELECT * FROM `cat`  [ RunTime:0.0010s ]
SQL: SELECT * FROM `cat`  [ RunTime:0.0010s ]
SQL: SELECT * FROM `cat`  [ RunTime:0.0000s ]
SQL: SELECT * FROM `cat`  [ RunTime:0.0000s ]
SQL: SELECT * FROM `cat`  [ RunTime:0.0000s ]
SQL: SELECT * FROM `cat`  [ RunTime:0.0000s ]
SQL: SELECT * FROM `cat`  [ RunTime:0.0000s ]
SQL: SELECT * FROM `cat`  [ RunTime:0.0000s ]
SQL: SELECT * FROM `cat`  [ RunTime:0.0000s ]
SQL: SELECT * FROM `cat`  [ RunTime:0.0010s ]
SQL: SELECT * FROM `cat`  [ RunTime:0.0000s ]
SQL: SELECT * FROM `cat`  [ RunTime:0.0000s ]
SQL: SELECT * FROM `cat`  [ RunTime:0.0000s ]
SQL: SELECT * FROM `cat`  [ RunTime:0.0000s ]
SQL: SELECT * FROM `cat`  [ RunTime:0.0000s ]
SQL: SELECT * FROM `cat`  [ RunTime:0.0010s ]
SQL: SELECT * FROM `cat`  [ RunTime:0.0000s ]
INFO: [ view_parse ] --START--
INFO: [ template_filter ] --START--
INFO: Run Behavior\ContentReplaceBehavior [ RunTime:0.000000s ]
INFO: [ template_filter ] --END-- [ RunTime:0.000000s ]
NOTIC: [8] Use of undefined constant lv - assumed 'lv' E:\php\amp\www\bool\shop\Runtime\Cache\Home\449c4c1fd7bfb113095defb76959b374.php 第 95 行.
NOTIC: [8] Use of undefined constant cat_id - assumed 'cat_id' E:\php\amp\www\bool\shop\Runtime\Cache\Home\449c4c1fd7bfb113095defb76959b374.php 第 96 行.
NOTIC: [8] Use of undefined constant cat_name - assumed 'cat_name' E:\php\amp\www\bool\shop\Runtime\Cache\Home\449c4c1fd7bfb113095defb76959b374.php 第 96 行.
NOTIC: [8] Use of undefined constant cat_id - assumed 'cat_id' E:\php\amp\www\bool\shop\Runtime\Cache\Home\449c4c1fd7bfb113095defb76959b374.php 第 98 行.
NOTIC: [8] Use of undefined constant parent_id - assumed 'parent_id' E:\php\amp\www\bool\shop\Runtime\Cache\Home\449c4c1fd7bfb113095defb76959b374.php 第 98 行.
NOTIC: [8] Use of undefined constant cat_id - assumed 'cat_id' E:\php\amp\www\bool\shop\Runtime\Cache\Home\449c4c1fd7bfb113095defb76959b374.php 第 98 行.
NOTIC: [8] Use of undefined constant parent_id - assumed 'parent_id' E:\php\amp\www\bool\shop\Runtime\Cache\Home\449c4c1fd7bfb113095defb76959b374.php 第 98 行.
NOTIC: [8] Use of undefined constant cat_id - assumed 'cat_id' E:\php\amp\www\bool\shop\Runtime\Cache\Home\449c4c1fd7bfb113095defb76959b374.php 第 98 行.
NOTIC: [8] Use of undefined constant cat_name - assumed 'cat_name' E:\php\amp\www\bool\shop\Runtime\Cache\Home\449c4c1fd7bfb113095defb76959b374.php 第 98 行.
NOTIC: [8] Use of undefined constant cat_id - assumed 'cat_id' E:\php\amp\www\bool\shop\Runtime\Cache\Home\449c4c1fd7bfb113095defb76959b374.php 第 98 行.
NOTIC: [8] Use of undefined constant parent_id - assumed 'parent_id' E:\php\amp\www\bool\shop\Runtime\Cache\Home\449c4c1fd7bfb113095defb76959b374.php 第 98 行.
NOTIC: [8] Use of undefined constant cat_id - assumed 'cat_id' E:\php\amp\www\bool\shop\Runtime\Cache\Home\449c4c1fd7bfb113095defb76959b374.php 第 98 行.
NOTIC: [8] Use of undefined constant cat_name - assumed 'cat_name' E:\php\amp\www\bool\shop\Runtime\Cache\Home\449c4c1fd7bfb113095defb76959b374.php 第 98 行.
NOTIC: [8] Use of undefined constant cat_id - assumed 'cat_id' E:\php\amp\www\bool\shop\Runtime\Cache\Home\449c4c1fd7bfb113095defb76959b374.php 第 98 行.
NOTIC: [8] Use of undefined constant parent_id - assumed 'parent_id' E:\php\amp\www\bool\shop\Runtime\Cache\Home\449c4c1fd7bfb113095defb76959b374.php 第 98 行.
NOTIC: [8] Use of undefined constant cat_id - assumed 'cat_id' E:\php\amp\www\bool\shop\Runtime\Cache\Home\449c4c1fd7bfb113095defb76959b374.php 第 98 行.
NOTIC: [8] Use of undefined constant cat_name - assumed 'cat_name' E:\php\amp\www\bool\shop\Runtime\Cache\Home\449c4c1fd7bfb113095defb76959b374.php 第 98 行.
NOTIC: [8] Use of undefined constant cat_id - assumed 'cat_id' E:\php\amp\www\bool\shop\Runtime\Cache\Home\449c4c1fd7bfb113095defb76959b374.php 第 98 行.
NOTIC: [8] Use of undefined constant parent_id - assumed 'parent_id' E:\php\amp\www\bool\shop\Runtime\Cache\Home\449c4c1fd7bfb113095defb76959b374.php 第 98 行.
NOTIC: [8] Use of undefined constant cat_id - assumed 'cat_id' E:\php\amp\www\bool\shop\Runtime\Cache\Home\449c4c1fd7bfb113095defb76959b374.php 第 98 行.
NOTIC: [8] Use of undefined constant cat_name - assumed 'cat_name' E:\php\amp\www\bool\shop\Runtime\Cache\Home\449c4c1fd7bfb113095defb76959b374.php 第 98 行.
NOTIC: [8] Use of undefined constant cat_id - assumed 'cat_id' E:\php\amp\www\bool\shop\Runtime\Cache\Home\449c4c1fd7bfb113095defb76959b374.php 第 98 行.
NOTIC: [8] Use of undefined constant parent_id - assumed 'parent_id' E:\php\amp\www\bool\shop\Runtime\Cache\Home\449c4c1fd7bfb113095defb76959b374.php 第 98 行.
NOTIC: [8] Use of undefined constant cat_id - assumed 'cat_id' E:\php\amp\www\bool\shop\Runtime\Cache\Home\449c4c1fd7bfb113095defb76959b374.php 第 98 行.
NOTIC: [8] Use of undefined constant parent_id - assumed 'parent_id' E:\php\amp\www\bool\shop\Runtime\Cache\Home\449c4c1fd7bfb113095defb76959b374.php 第 98 行.
NOTIC: [8] Use of undefined constant cat_id - assumed 'cat_id' E:\php\amp\www\bool\shop\Runtime\Cache\Home\449c4c1fd7bfb113095defb76959b374.php 第 98 行.
NOTIC: [8] Use of undefined constant parent_id - assumed 'parent_id' E:\php\amp\www\bool\shop\Runtime\Cache\Home\449c4c1fd7bfb113095defb76959b374.php 第 98 行.
NOTIC: [8] Use of undefined constant cat_id - assumed 'cat_id' E:\php\amp\www\bool\shop\Runtime\Cache\Home\449c4c1fd7bfb113095defb76959b374.php 第 98 行.
NOTIC: [8] Use of undefined constant parent_id - assumed 'parent_id' E:\php\amp\www\bool\shop\Runtime\Cache\Home\449c4c1fd7bfb113095defb76959b374.php 第 98 行.
NOTIC: [8] Use of undefined constant cat_id - assumed 'cat_id' E:\php\amp\www\bool\shop\Runtime\Cache\Home\449c4c1fd7bfb113095defb76959b374.php 第 98 行.
NOTIC: [8] Use of undefined constant parent_id - assumed 'parent_id' E:\php\amp\www\bool\shop\Runtime\Cache\Home\449c4c1fd7bfb113095defb76959b374.php 第 98 行.
NOTIC: [8] Use of undefined constant cat_id - assumed 'cat_id' E:\php\amp\www\bool\shop\Runtime\Cache\Home\449c4c1fd7bfb113095defb76959b374.php 第 98 行.
NOTIC: [8] Use of undefined constant parent_id - assumed 'parent_id' E:\php\amp\www\bool\shop\Runtime\Cache\Home\449c4c1fd7bfb113095defb76959b374.php 第 98 行.
NOTIC: [8] Use of undefined constant cat_id - assumed 'cat_id' E:\php\amp\www\bool\shop\Runtime\Cache\Home\449c4c1fd7bfb113095defb76959b374.php 第 98 行.
NOTIC: [8] Use of undefined constant parent_id - assumed 'parent_id' E:\php\amp\www\bool\shop\Runtime\Cache\Home\449c4c1fd7bfb113095defb76959b374.php 第 98 行.
NOTIC: [8] Use of undefined constant cat_id - assumed 'cat_id' E:\php\amp\www\bool\shop\Runtime\Cache\Home\449c4c1fd7bfb113095defb76959b374.php 第 98 行.
NOTIC: [8] Use of undefined constant parent_id - assumed 'parent_id' E:\php\amp\www\bool\shop\Runtime\Cache\Home\449c4c1fd7bfb113095defb76959b374.php 第 98 行.
NOTIC: [8] Use of undefined constant cat_id - assumed 'cat_id' E:\php\amp\www\bool\shop\Runtime\Cache\Home\449c4c1fd7bfb113095defb76959b374.php 第 98 行.
NOTIC: [8] Use of undefined constant parent_id - assumed 'parent_id' E:\php\amp\www\bool\shop\Runtime\Cache\Home\449c4c1fd7bfb113095defb76959b374.php 第 98 行.
NOTIC: [8] Use of undefined constant lv - assumed 'lv' E:\php\amp\www\bool\shop\Runtime\Cache\Home\449c4c1fd7bfb113095defb76959b374.php 第 95 行.
NOTIC: [8] Use of undefined constant lv - assumed 'lv' E:\php\amp\www\bool\shop\Runtime\Cache\Home\449c4c1fd7bfb113095defb76959b374.php 第 95 行.
NOTIC: [8] Use of undefined constant lv - assumed 'lv' E:\php\amp\www\bool\shop\Runtime\Cache\Home\449c4c1fd7bfb113095defb76959b374.php 第 95 行.
NOTIC: [8] Use of undefined constant lv - assumed 'lv' E:\php\amp\www\bool\shop\Runtime\Cache\Home\449c4c1fd7bfb113095defb76959b374.php 第 95 行.
NOTIC: [8] Use of undefined constant lv - assumed 'lv' E:\php\amp\www\bool\shop\Runtime\Cache\Home\449c4c1fd7bfb113095defb76959b374.php 第 95 行.
NOTIC: [8] Use of undefined constant cat_id - assumed 'cat_id' E:\php\amp\www\bool\shop\Runtime\Cache\Home\449c4c1fd7bfb113095defb76959b374.php 第 96 行.
NOTIC: [8] Use of undefined constant cat_name - assumed 'cat_name' E:\php\amp\www\bool\shop\Runtime\Cache\Home\449c4c1fd7bfb113095defb76959b374.php 第 96 行.
NOTIC: [8] Use of undefined constant cat_id - assumed 'cat_id' E:\php\amp\www\bool\shop\Runtime\Cache\Home\449c4c1fd7bfb113095defb76959b374.php 第 98 行.
NOTIC: [8] Use of undefined constant parent_id - assumed 'parent_id' E:\php\amp\www\bool\shop\Runtime\Cache\Home\449c4c1fd7bfb113095defb76959b374.php 第 98 行.
NOTIC: [8] Use of undefined constant cat_id - assumed 'cat_id' E:\php\amp\www\bool\shop\Runtime\Cache\Home\449c4c1fd7bfb113095defb76959b374.php 第 98 行.
NOTIC: [8] Use of undefined constant parent_id - assumed 'parent_id' E:\php\amp\www\bool\shop\Runtime\Cache\Home\449c4c1fd7bfb113095defb76959b374.php 第 98 行.
NOTIC: [8] Use of undefined constant cat_id - assumed 'cat_id' E:\php\amp\www\bool\shop\Runtime\Cache\Home\449c4c1fd7bfb113095defb76959b374.php 第 98 行.
NOTIC: [8] Use of undefined constant parent_id - assumed 'parent_id' E:\php\amp\www\bool\shop\Runtime\Cache\Home\449c4c1fd7bfb113095defb76959b374.php 第 98 行.
NOTIC: [8] Use of undefined constant cat_id - assumed 'cat_id' E:\php\amp\www\bool\shop\Runtime\Cache\Home\449c4c1fd7bfb113095defb76959b374.php 第 98 行.
NOTIC: [8] Use of undefined constant parent_id - assumed 'parent_id' E:\php\amp\www\bool\shop\Runtime\Cache\Home\449c4c1fd7bfb113095defb76959b374.php 第 98 行.
NOTIC: [8] Use of undefined constant cat_id - assumed 'cat_id' E:\php\amp\www\bool\shop\Runtime\Cache\Home\449c4c1fd7bfb113095defb76959b374.php 第 98 行.
NOTIC: [8] Use of undefined constant parent_id - assumed 'parent_id' E:\php\amp\www\bool\shop\Runtime\Cache\Home\449c4c1fd7bfb113095defb76959b374.php 第 98 行.
NOTIC: [8] Use of undefined constant cat_id - assumed 'cat_id' E:\php\amp\www\bool\shop\Runtime\Cache\Home\449c4c1fd7bfb113095defb76959b374.php 第 98 行.
NOTIC: [8] Use of undefined constant parent_id - assumed 'parent_id' E:\php\amp\www\bool\shop\Runtime\Cache\Home\449c4c1fd7bfb113095defb76959b374.php 第 98 行.
NOTIC: [8] Use of undefined constant cat_id - assumed 'cat_id' E:\php\amp\www\bool\shop\Runtime\Cache\Home\449c4c1fd7bfb113095defb76959b374.php 第 98 行.
NOTIC: [8] Use of undefined constant parent_id - assumed 'parent_id' E:\php\amp\www\bool\shop\Runtime\Cache\Home\449c4c1fd7bfb113095defb76959b374.php 第 98 行.
NOTIC: [8] Use of undefined constant cat_id - assumed 'cat_id' E:\php\amp\www\bool\shop\Runtime\Cache\Home\449c4c1fd7bfb113095defb76959b374.php 第 98 行.
NOTIC: [8] Use of undefined constant cat_name - assumed 'cat_name' E:\php\amp\www\bool\shop\Runtime\Cache\Home\449c4c1fd7bfb113095defb76959b374.php 第 98 行.
NOTIC: [8] Use of undefined constant cat_id - assumed 'cat_id' E:\php\amp\www\bool\shop\Runtime\Cache\Home\449c4c1fd7bfb113095defb76959b374.php 第 98 行.
NOTIC: [8] Use of undefined constant parent_id - assumed 'parent_id' E:\php\amp\www\bool\shop\Runtime\Cache\Home\449c4c1fd7bfb113095defb76959b374.php 第 98 行.
NOTIC: [8] Use of undefined constant cat_id - assumed 'cat_id' E:\php\amp\www\bool\shop\Runtime\Cache\Home\449c4c1fd7bfb113095defb76959b374.php 第 98 行.
NOTIC: [8] Use of undefined constant cat_name - assumed 'cat_name' E:\php\amp\www\bool\shop\Runtime\Cache\Home\449c4c1fd7bfb113095defb76959b374.php 第 98 行.
NOTIC: [8] Use of undefined constant cat_id - assumed 'cat_id' E:\php\amp\www\bool\shop\Runtime\Cache\Home\449c4c1fd7bfb113095defb76959b374.php 第 98 行.
NOTIC: [8] Use of undefined constant parent_id - assumed 'parent_id' E:\php\amp\www\bool\shop\Runtime\Cache\Home\449c4c1fd7bfb113095defb76959b374.php 第 98 行.
NOTIC: [8] Use of undefined constant cat_id - assumed 'cat_id' E:\php\amp\www\bool\shop\Runtime\Cache\Home\449c4c1fd7bfb113095defb76959b374.php 第 98 行.
NOTIC: [8] Use of undefined constant cat_name - assumed 'cat_name' E:\php\amp\www\bool\shop\Runtime\Cache\Home\449c4c1fd7bfb113095defb76959b374.php 第 98 行.
NOTIC: [8] Use of undefined constant cat_id - assumed 'cat_id' E:\php\amp\www\bool\shop\Runtime\Cache\Home\449c4c1fd7bfb113095defb76959b374.php 第 98 行.
NOTIC: [8] Use of undefined constant parent_id - assumed 'parent_id' E:\php\amp\www\bool\shop\Runtime\Cache\Home\449c4c1fd7bfb113095defb76959b374.php 第 98 行.
NOTIC: [8] Use of undefined constant cat_id - assumed 'cat_id' E:\php\amp\www\bool\shop\Runtime\Cache\Home\449c4c1fd7bfb113095defb76959b374.php 第 98 行.
NOTIC: [8] Use of undefined constant cat_name - assumed 'cat_name' E:\php\amp\www\bool\shop\Runtime\Cache\Home\449c4c1fd7bfb113095defb76959b374.php 第 98 行.
NOTIC: [8] Use of undefined constant cat_id - assumed 'cat_id' E:\php\amp\www\bool\shop\Runtime\Cache\Home\449c4c1fd7bfb113095defb76959b374.php 第 98 行.
NOTIC: [8] Use of undefined constant parent_id - assumed 'parent_id' E:\php\amp\www\bool\shop\Runtime\Cache\Home\449c4c1fd7bfb113095defb76959b374.php 第 98 行.
NOTIC: [8] Use of undefined constant cat_id - assumed 'cat_id' E:\php\amp\www\bool\shop\Runtime\Cache\Home\449c4c1fd7bfb113095defb76959b374.php 第 98 行.
NOTIC: [8] Use of undefined constant parent_id - assumed 'parent_id' E:\php\amp\www\bool\shop\Runtime\Cache\Home\449c4c1fd7bfb113095defb76959b374.php 第 98 行.
NOTIC: [8] Use of undefined constant cat_id - assumed 'cat_id' E:\php\amp\www\bool\shop\Runtime\Cache\Home\449c4c1fd7bfb113095defb76959b374.php 第 98 行.
NOTIC: [8] Use of undefined constant parent_id - assumed 'parent_id' E:\php\amp\www\bool\shop\Runtime\Cache\Home\449c4c1fd7bfb113095defb76959b374.php 第 98 行.
NOTIC: [8] Use of undefined constant cat_id - assumed 'cat_id' E:\php\amp\www\bool\shop\Runtime\Cache\Home\449c4c1fd7bfb113095defb76959b374.php 第 98 行.
NOTIC: [8] Use of undefined constant parent_id - assumed 'parent_id' E:\php\amp\www\bool\shop\Runtime\Cache\Home\449c4c1fd7bfb113095defb76959b374.php 第 98 行.
NOTIC: [8] Use of undefined constant lv - assumed 'lv' E:\php\amp\www\bool\shop\Runtime\Cache\Home\449c4c1fd7bfb113095defb76959b374.php 第 95 行.
NOTIC: [8] Use of undefined constant lv - assumed 'lv' E:\php\amp\www\bool\shop\Runtime\Cache\Home\449c4c1fd7bfb113095defb76959b374.php 第 95 行.
NOTIC: [8] Use of undefined constant lv - assumed 'lv' E:\php\amp\www\bool\shop\Runtime\Cache\Home\449c4c1fd7bfb113095defb76959b374.php 第 95 行.
NOTIC: [8] Use of undefined constant lv - assumed 'lv' E:\php\amp\www\bool\shop\Runtime\Cache\Home\449c4c1fd7bfb113095defb76959b374.php 第 95 行.
NOTIC: [8] Use of undefined constant lv - assumed 'lv' E:\php\amp\www\bool\shop\Runtime\Cache\Home\449c4c1fd7bfb113095defb76959b374.php 第 95 行.
NOTIC: [8] Use of undefined constant cat_id - assumed 'cat_id' E:\php\amp\www\bool\shop\Runtime\Cache\Home\449c4c1fd7bfb113095defb76959b374.php 第 96 行.
NOTIC: [8] Use of undefined constant cat_name - assumed 'cat_name' E:\php\amp\www\bool\shop\Runtime\Cache\Home\449c4c1fd7bfb113095defb76959b374.php 第 96 行.
NOTIC: [8] Use of undefined constant cat_id - assumed 'cat_id' E:\php\amp\www\bool\shop\Runtime\Cache\Home\449c4c1fd7bfb113095defb76959b374.php 第 98 行.
NOTIC: [8] Use of undefined constant parent_id - assumed 'parent_id' E:\php\amp\www\bool\shop\Runtime\Cache\Home\449c4c1fd7bfb113095defb76959b374.php 第 98 行.
NOTIC: [8] Use of undefined constant cat_id - assumed 'cat_id' E:\php\amp\www\bool\shop\Runtime\Cache\Home\449c4c1fd7bfb113095defb76959b374.php 第 98 行.
NOTIC: [8] Use of undefined constant parent_id - assumed 'parent_id' E:\php\amp\www\bool\shop\Runtime\Cache\Home\449c4c1fd7bfb113095defb76959b374.php 第 98 行.
NOTIC: [8] Use of undefined constant cat_id - assumed 'cat_id' E:\php\amp\www\bool\shop\Runtime\Cache\Home\449c4c1fd7bfb113095defb76959b374.php 第 98 行.
NOTIC: [8] Use of undefined constant parent_id - assumed 'parent_id' E:\php\amp\www\bool\shop\Runtime\Cache\Home\449c4c1fd7bfb113095defb76959b374.php 第 98 行.
NOTIC: [8] Use of undefined constant cat_id - assumed 'cat_id' E:\php\amp\www\bool\shop\Runtime\Cache\Home\449c4c1fd7bfb113095defb76959b374.php 第 98 行.
NOTIC: [8] Use of undefined constant parent_id - assumed 'parent_id' E:\php\amp\www\bool\shop\Runtime\Cache\Home\449c4c1fd7bfb113095defb76959b374.php 第 98 行.
NOTIC: [8] Use of undefined constant cat_id - assumed 'cat_id' E:\php\amp\www\bool\shop\Runtime\Cache\Home\449c4c1fd7bfb113095defb76959b374.php 第 98 行.
NOTIC: [8] Use of undefined constant parent_id - assumed 'parent_id' E:\php\amp\www\bool\shop\Runtime\Cache\Home\449c4c1fd7bfb113095defb76959b374.php 第 98 行.
NOTIC: [8] Use of undefined constant cat_id - assumed 'cat_id' E:\php\amp\www\bool\shop\Runtime\Cache\Home\449c4c1fd7bfb113095defb76959b374.php 第 98 行.
NOTIC: [8] Use of undefined constant parent_id - assumed 'parent_id' E:\php\amp\www\bool\shop\Runtime\Cache\Home\449c4c1fd7bfb113095defb76959b374.php 第 98 行.
NOTIC: [8] Use of undefined constant cat_id - assumed 'cat_id' E:\php\amp\www\bool\shop\Runtime\Cache\Home\449c4c1fd7bfb113095defb76959b374.php 第 98 行.
NOTIC: [8] Use of undefined constant parent_id - assumed 'parent_id' E:\php\amp\www\bool\shop\Runtime\Cache\Home\449c4c1fd7bfb113095defb76959b374.php 第 98 行.
NOTIC: [8] Use of undefined constant cat_id - assumed 'cat_id' E:\php\amp\www\bool\shop\Runtime\Cache\Home\449c4c1fd7bfb113095defb76959b374.php 第 98 行.
NOTIC: [8] Use of undefined constant parent_id - assumed 'parent_id' E:\php\amp\www\bool\shop\Runtime\Cache\Home\449c4c1fd7bfb113095defb76959b374.php 第 98 行.
NOTIC: [8] Use of undefined constant cat_id - assumed 'cat_id' E:\php\amp\www\bool\shop\Runtime\Cache\Home\449c4c1fd7bfb113095defb76959b374.php 第 98 行.
NOTIC: [8] Use of undefined constant parent_id - assumed 'parent_id' E:\php\amp\www\bool\shop\Runtime\Cache\Home\449c4c1fd7bfb113095defb76959b374.php 第 98 行.
NOTIC: [8] Use of undefined constant cat_id - assumed 'cat_id' E:\php\amp\www\bool\shop\Runtime\Cache\Home\449c4c1fd7bfb113095defb76959b374.php 第 98 行.
NOTIC: [8] Use of undefined constant parent_id - assumed 'parent_id' E:\php\amp\www\bool\shop\Runtime\Cache\Home\449c4c1fd7bfb113095defb76959b374.php 第 98 行.
NOTIC: [8] Use of undefined constant cat_id - assumed 'cat_id' E:\php\amp\www\bool\shop\Runtime\Cache\Home\449c4c1fd7bfb113095defb76959b374.php 第 98 行.
NOTIC: [8] Use of undefined constant parent_id - assumed 'parent_id' E:\php\amp\www\bool\shop\Runtime\Cache\Home\449c4c1fd7bfb113095defb76959b374.php 第 98 行.
NOTIC: [8] Use of undefined constant cat_id - assumed 'cat_id' E:\php\amp\www\bool\shop\Runtime\Cache\Home\449c4c1fd7bfb113095defb76959b374.php 第 98 行.
NOTIC: [8] Use of undefined constant parent_id - assumed 'parent_id' E:\php\amp\www\bool\shop\Runtime\Cache\Home\449c4c1fd7bfb113095defb76959b374.php 第 98 行.
NOTIC: [8] Use of undefined constant cat_id - assumed 'cat_id' E:\php\amp\www\bool\shop\Runtime\Cache\Home\449c4c1fd7bfb113095defb76959b374.php 第 98 行.
NOTIC: [8] Use of undefined constant cat_name - assumed 'cat_name' E:\php\amp\www\bool\shop\Runtime\Cache\Home\449c4c1fd7bfb113095defb76959b374.php 第 98 行.
NOTIC: [8] Use of undefined constant cat_id - assumed 'cat_id' E:\php\amp\www\bool\shop\Runtime\Cache\Home\449c4c1fd7bfb113095defb76959b374.php 第 98 行.
NOTIC: [8] Use of undefined constant parent_id - assumed 'parent_id' E:\php\amp\www\bool\shop\Runtime\Cache\Home\449c4c1fd7bfb113095defb76959b374.php 第 98 行.
NOTIC: [8] Use of undefined constant cat_id - assumed 'cat_id' E:\php\amp\www\bool\shop\Runtime\Cache\Home\449c4c1fd7bfb113095defb76959b374.php 第 98 行.
NOTIC: [8] Use of undefined constant cat_name - assumed 'cat_name' E:\php\amp\www\bool\shop\Runtime\Cache\Home\449c4c1fd7bfb113095defb76959b374.php 第 98 行.
NOTIC: [8] Use of undefined constant cat_id - assumed 'cat_id' E:\php\amp\www\bool\shop\Runtime\Cache\Home\449c4c1fd7bfb113095defb76959b374.php 第 98 行.
NOTIC: [8] Use of undefined constant parent_id - assumed 'parent_id' E:\php\amp\www\bool\shop\Runtime\Cache\Home\449c4c1fd7bfb113095defb76959b374.php 第 98 行.
NOTIC: [8] Use of undefined constant cat_id - assumed 'cat_id' E:\php\amp\www\bool\shop\Runtime\Cache\Home\449c4c1fd7bfb113095defb76959b374.php 第 98 行.
NOTIC: [8] Use of undefined constant cat_name - assumed 'cat_name' E:\php\amp\www\bool\shop\Runtime\Cache\Home\449c4c1fd7bfb113095defb76959b374.php 第 98 行.
NOTIC: [8] Use of undefined constant lv - assumed 'lv' E:\php\amp\www\bool\shop\Runtime\Cache\Home\449c4c1fd7bfb113095defb76959b374.php 第 95 行.
NOTIC: [8] Use of undefined constant lv - assumed 'lv' E:\php\amp\www\bool\shop\Runtime\Cache\Home\449c4c1fd7bfb113095defb76959b374.php 第 95 行.
NOTIC: [8] Use of undefined constant lv - assumed 'lv' E:\php\amp\www\bool\shop\Runtime\Cache\Home\449c4c1fd7bfb113095defb76959b374.php 第 95 行.
NOTIC: [8] Use of undefined constant thumb_img - assumed 'thumb_img' E:\php\amp\www\bool\shop\Runtime\Cache\Home\449c4c1fd7bfb113095defb76959b374.php 第 167 行.
NOTIC: [8] Use of undefined constant goods_name - assumed 'goods_name' E:\php\amp\www\bool\shop\Runtime\Cache\Home\449c4c1fd7bfb113095defb76959b374.php 第 167 行.
NOTIC: [8] Use of undefined constant goods_name - assumed 'goods_name' E:\php\amp\www\bool\shop\Runtime\Cache\Home\449c4c1fd7bfb113095defb76959b374.php 第 169 行.
NOTIC: [8] Use of undefined constant goods_name - assumed 'goods_name' E:\php\amp\www\bool\shop\Runtime\Cache\Home\449c4c1fd7bfb113095defb76959b374.php 第 169 行.
NOTIC: [8] Use of undefined constant thumb_img - assumed 'thumb_img' E:\php\amp\www\bool\shop\Runtime\Cache\Home\449c4c1fd7bfb113095defb76959b374.php 第 167 行.
NOTIC: [8] Use of undefined constant goods_name - assumed 'goods_name' E:\php\amp\www\bool\shop\Runtime\Cache\Home\449c4c1fd7bfb113095defb76959b374.php 第 167 行.
NOTIC: [8] Use of undefined constant goods_name - assumed 'goods_name' E:\php\amp\www\bool\shop\Runtime\Cache\Home\449c4c1fd7bfb113095defb76959b374.php 第 169 行.
NOTIC: [8] Use of undefined constant goods_name - assumed 'goods_name' E:\php\amp\www\bool\shop\Runtime\Cache\Home\449c4c1fd7bfb113095defb76959b374.php 第 169 行.
NOTIC: [8] Use of undefined constant thumb_img - assumed 'thumb_img' E:\php\amp\www\bool\shop\Runtime\Cache\Home\449c4c1fd7bfb113095defb76959b374.php 第 167 行.
NOTIC: [8] Use of undefined constant goods_name - assumed 'goods_name' E:\php\amp\www\bool\shop\Runtime\Cache\Home\449c4c1fd7bfb113095defb76959b374.php 第 167 行.
NOTIC: [8] Use of undefined constant goods_name - assumed 'goods_name' E:\php\amp\www\bool\shop\Runtime\Cache\Home\449c4c1fd7bfb113095defb76959b374.php 第 169 行.
NOTIC: [8] Use of undefined constant goods_name - assumed 'goods_name' E:\php\amp\www\bool\shop\Runtime\Cache\Home\449c4c1fd7bfb113095defb76959b374.php 第 169 行.
NOTIC: [8] Use of undefined constant thumb_img - assumed 'thumb_img' E:\php\amp\www\bool\shop\Runtime\Cache\Home\449c4c1fd7bfb113095defb76959b374.php 第 167 行.
NOTIC: [8] Use of undefined constant goods_name - assumed 'goods_name' E:\php\amp\www\bool\shop\Runtime\Cache\Home\449c4c1fd7bfb113095defb76959b374.php 第 167 行.
NOTIC: [8] Use of undefined constant goods_name - assumed 'goods_name' E:\php\amp\www\bool\shop\Runtime\Cache\Home\449c4c1fd7bfb113095defb76959b374.php 第 169 行.
NOTIC: [8] Use of undefined constant goods_name - assumed 'goods_name' E:\php\amp\www\bool\shop\Runtime\Cache\Home\449c4c1fd7bfb113095defb76959b374.php 第 169 行.
NOTIC: [8] Use of undefined constant thumb_img - assumed 'thumb_img' E:\php\amp\www\bool\shop\Runtime\Cache\Home\449c4c1fd7bfb113095defb76959b374.php 第 167 行.
NOTIC: [8] Use of undefined constant goods_name - assumed 'goods_name' E:\php\amp\www\bool\shop\Runtime\Cache\Home\449c4c1fd7bfb113095defb76959b374.php 第 167 行.
NOTIC: [8] Use of undefined constant goods_name - assumed 'goods_name' E:\php\amp\www\bool\shop\Runtime\Cache\Home\449c4c1fd7bfb113095defb76959b374.php 第 169 行.
NOTIC: [8] Use of undefined constant goods_name - assumed 'goods_name' E:\php\amp\www\bool\shop\Runtime\Cache\Home\449c4c1fd7bfb113095defb76959b374.php 第 169 行.
INFO: Run Behavior\ParseTemplateBehavior [ RunTime:0.080005s ]
INFO: [ view_parse ] --END-- [ RunTime:0.080005s ]
INFO: [ view_filter ] --START--
INFO: Run Behavior\WriteHtmlCacheBehavior [ RunTime:0.001000s ]
INFO: [ view_filter ] --END-- [ RunTime:0.001000s ]
INFO: [ app_end ] --START--
INFO: Run Behavior\ShowPageTraceBehavior [ RunTime:0.001000s ]
INFO: [ app_end ] --END-- [ RunTime:0.001000s ]

[ 2016-12-30T16:21:49+08:00 ] 127.0.0.1 /bool/shop/index.php/Home/cat/cat/cat_id/themes/68ecshop_hechafree/images/sdgg.gif
INFO: [ app_init ] --START--
INFO: Run Behavior\BuildLiteBehavior [ RunTime:0.000000s ]
INFO: [ app_init ] --END-- [ RunTime:0.000000s ]

[ 2016-12-30T16:21:49+08:00 ] 127.0.0.1 /bool/shop/index.php/Home/cat/cat/cat_id/api/cron.php-t=1452023217
INFO: [ app_init ] --START--
INFO: Run Behavior\BuildLiteBehavior [ RunTime:0.000000s ]
INFO: [ app_init ] --END-- [ RunTime:0.000000s ]
INFO: [ app_begin ] --START--
INFO: Run Behavior\ReadHtmlCacheBehavior [ RunTime:0.000000s ]
INFO: [ app_begin ] --END-- [ RunTime:0.000000s ]
NOTIC: [2] array_reverse() expects parameter 1 to be array, null given E:\php\amp\www\bool\shop\Home\Controller\CatController.class.php 第 7 行.
SQL: SHOW COLUMNS FROM `goods` [ RunTime:0.0060s ]
SQL: SHOW COLUMNS FROM `cat` [ RunTime:0.0040s ]
SQL: SELECT * FROM `cat`  [ RunTime:0.0010s ]
SQL: SELECT COUNT(*) AS tp_count FROM `goods` WHERE `cat_id` IN ('api') LIMIT 1   [ RunTime:0.0700s ]
SQL: SELECT `goods_id`,`goods_name`,`shop_price`,`thumb_img`,`goods_img`,`market_price` FROM `goods` WHERE `cat_id` IN ('api') LIMIT 0,10   [ RunTime:0.0000s ]
SQL: SHOW COLUMNS FROM `cat` [ RunTime:0.0030s ]
SQL: SELECT * FROM `cat`  [ RunTime:0.0010s ]
SQL: SELECT * FROM `cat`  [ RunTime:0.0000s ]
SQL: SELECT * FROM `cat`  [ RunTime:0.0000s ]
SQL: SELECT * FROM `cat`  [ RunTime:0.0010s ]
SQL: SELECT * FROM `cat`  [ RunTime:0.0000s ]
SQL: SELECT * FROM `cat`  [ RunTime:0.0010s ]
SQL: SELECT * FROM `cat`  [ RunTime:0.0000s ]
SQL: SELECT * FROM `cat`  [ RunTime:0.0000s ]
SQL: SELECT * FROM `cat`  [ RunTime:0.0010s ]
SQL: SELECT * FROM `cat`  [ RunTime:0.0000s ]
SQL: SELECT * FROM `cat`  [ RunTime:0.0010s ]
SQL: SELECT * FROM `cat`  [ RunTime:0.0000s ]
SQL: SELECT * FROM `cat`  [ RunTime:0.0010s ]
SQL: SELECT * FROM `cat`  [ RunTime:0.0000s ]
SQL: SELECT * FROM `cat`  [ RunTime:0.0010s ]
INFO: [ view_parse ] --START--
INFO: [ template_filter ] --START--
INFO: Run Behavior\ContentReplaceBehavior [ RunTime:0.000000s ]
INFO: [ template_filter ] --END-- [ RunTime:0.000000s ]
NOTIC: [8] Use of undefined constant lv - assumed 'lv' E:\php\amp\www\bool\shop\Runtime\Cache\Home\449c4c1fd7bfb113095defb76959b374.php 第 95 行.
NOTIC: [8] Use of undefined constant cat_id - assumed 'cat_id' E:\php\amp\www\bool\shop\Runtime\Cache\Home\449c4c1fd7bfb113095defb76959b374.php 第 96 行.
NOTIC: [8] Use of undefined constant cat_name - assumed 'cat_name' E:\php\amp\www\bool\shop\Runtime\Cache\Home\449c4c1fd7bfb113095defb76959b374.php 第 96 行.
NOTIC: [8] Use of undefined constant cat_id - assumed 'cat_id' E:\php\amp\www\bool\shop\Runtime\Cache\Home\449c4c1fd7bfb113095defb76959b374.php 第 98 行.
NOTIC: [8] Use of undefined constant parent_id - assumed 'parent_id' E:\php\amp\www\bool\shop\Runtime\Cache\Home\449c4c1fd7bfb113095defb76959b374.php 第 98 行.
NOTIC: [8] Use of undefined constant cat_id - assumed 'cat_id' E:\php\amp\www\bool\shop\Runtime\Cache\Home\449c4c1fd7bfb113095defb76959b374.php 第 98 行.
NOTIC: [8] Use of undefined constant parent_id - assumed 'parent_id' E:\php\amp\www\bool\shop\Runtime\Cache\Home\449c4c1fd7bfb113095defb76959b374.php 第 98 行.
NOTIC: [8] Use of undefined constant cat_id - assumed 'cat_id' E:\php\amp\www\bool\shop\Runtime\Cache\Home\449c4c1fd7bfb113095defb76959b374.php 第 98 行.
NOTIC: [8] Use of undefined constant cat_name - assumed 'cat_name' E:\php\amp\www\bool\shop\Runtime\Cache\Home\449c4c1fd7bfb113095defb76959b374.php 第 98 行.
NOTIC: [8] Use of undefined constant cat_id - assumed 'cat_id' E:\php\amp\www\bool\shop\Runtime\Cache\Home\449c4c1fd7bfb113095defb76959b374.php 第 98 行.
NOTIC: [8] Use of undefined constant parent_id - assumed 'parent_id' E:\php\amp\www\bool\shop\Runtime\Cache\Home\449c4c1fd7bfb113095defb76959b374.php 第 98 行.
NOTIC: [8] Use of undefined constant cat_id - assumed 'cat_id' E:\php\amp\www\bool\shop\Runtime\Cache\Home\449c4c1fd7bfb113095defb76959b374.php 第 98 行.
NOTIC: [8] Use of undefined constant cat_name - assumed 'cat_name' E:\php\amp\www\bool\shop\Runtime\Cache\Home\449c4c1fd7bfb113095defb76959b374.php 第 98 行.
NOTIC: [8] Use of undefined constant cat_id - assumed 'cat_id' E:\php\amp\www\bool\shop\Runtime\Cache\Home\449c4c1fd7bfb113095defb76959b374.php 第 98 行.
NOTIC: [8] Use of undefined constant parent_id - assumed 'parent_id' E:\php\amp\www\bool\shop\Runtime\Cache\Home\449c4c1fd7bfb113095defb76959b374.php 第 98 行.
NOTIC: [8] Use of undefined constant cat_id - assumed 'cat_id' E:\php\amp\www\bool\shop\Runtime\Cache\Home\449c4c1fd7bfb113095defb76959b374.php 第 98 行.
NOTIC: [8] Use of undefined constant cat_name - assumed 'cat_name' E:\php\amp\www\bool\shop\Runtime\Cache\Home\449c4c1fd7bfb113095defb76959b374.php 第 98 行.
NOTIC: [8] Use of undefined constant cat_id - assumed 'cat_id' E:\php\amp\www\bool\shop\Runtime\Cache\Home\449c4c1fd7bfb113095defb76959b374.php 第 98 行.
NOTIC: [8] Use of undefined constant parent_id - assumed 'parent_id' E:\php\amp\www\bool\shop\Runtime\Cache\Home\449c4c1fd7bfb113095defb76959b374.php 第 98 行.
NOTIC: [8] Use of undefined constant cat_id - assumed 'cat_id' E:\php\amp\www\bool\shop\Runtime\Cache\Home\449c4c1fd7bfb113095defb76959b374.php 第 98 行.
NOTIC: [8] Use of undefined constant cat_name - assumed 'cat_name' E:\php\amp\www\bool\shop\Runtime\Cache\Home\449c4c1fd7bfb113095defb76959b374.php 第 98 行.
NOTIC: [8] Use of undefined constant cat_id - assumed 'cat_id' E:\php\amp\www\bool\shop\Runtime\Cache\Home\449c4c1fd7bfb113095defb76959b374.php 第 98 行.
NOTIC: [8] Use of undefined constant parent_id - assumed 'parent_id' E:\php\amp\www\bool\shop\Runtime\Cache\Home\449c4c1fd7bfb113095defb76959b374.php 第 98 行.
NOTIC: [8] Use of undefined constant cat_id - assumed 'cat_id' E:\php\amp\www\bool\shop\Runtime\Cache\Home\449c4c1fd7bfb113095defb76959b374.php 第 98 行.
NOTIC: [8] Use of undefined constant parent_id - assumed 'parent_id' E:\php\amp\www\bool\shop\Runtime\Cache\Home\449c4c1fd7bfb113095defb76959b374.php 第 98 行.
NOTIC: [8] Use of undefined constant cat_id - assumed 'cat_id' E:\php\amp\www\bool\shop\Runtime\Cache\Home\449c4c1fd7bfb113095defb76959b374.php 第 98 行.
NOTIC: [8] Use of undefined constant parent_id - assumed 'parent_id' E:\php\amp\www\bool\shop\Runtime\Cache\Home\449c4c1fd7bfb113095defb76959b374.php 第 98 行.
NOTIC: [8] Use of undefined constant cat_id - assumed 'cat_id' E:\php\amp\www\bool\shop\Runtime\Cache\Home\449c4c1fd7bfb113095defb76959b374.php 第 98 行.
NOTIC: [8] Use of undefined constant parent_id - assumed 'parent_id' E:\php\amp\www\bool\shop\Runtime\Cache\Home\449c4c1fd7bfb113095defb76959b374.php 第 98 行.
NOTIC: [8] Use of undefined constant cat_id - assumed 'cat_id' E:\php\amp\www\bool\shop\Runtime\Cache\Home\449c4c1fd7bfb113095defb76959b374.php 第 98 行.
NOTIC: [8] Use of undefined constant parent_id - assumed 'parent_id' E:\php\amp\www\bool\shop\Runtime\Cache\Home\449c4c1fd7bfb113095defb76959b374.php 第 98 行.
NOTIC: [8] Use of undefined constant cat_id - assumed 'cat_id' E:\php\amp\www\bool\shop\Runtime\Cache\Home\449c4c1fd7bfb113095defb76959b374.php 第 98 行.
NOTIC: [8] Use of undefined constant parent_id - assumed 'parent_id' E:\php\amp\www\bool\shop\Runtime\Cache\Home\449c4c1fd7bfb113095defb76959b374.php 第 98 行.
NOTIC: [8] Use of undefined constant cat_id - assumed 'cat_id' E:\php\amp\www\bool\shop\Runtime\Cache\Home\449c4c1fd7bfb113095defb76959b374.php 第 98 行.
NOTIC: [8] Use of undefined constant parent_id - assumed 'parent_id' E:\php\amp\www\bool\shop\Runtime\Cache\Home\449c4c1fd7bfb113095defb76959b374.php 第 98 行.
NOTIC: [8] Use of undefined constant cat_id - assumed 'cat_id' E:\php\amp\www\bool\shop\Runtime\Cache\Home\449c4c1fd7bfb113095defb76959b374.php 第 98 行.
NOTIC: [8] Use of undefined constant parent_id - assumed 'parent_id' E:\php\amp\www\bool\shop\Runtime\Cache\Home\449c4c1fd7bfb113095defb76959b374.php 第 98 行.
NOTIC: [8] Use of undefined constant cat_id - assumed 'cat_id' E:\php\amp\www\bool\shop\Runtime\Cache\Home\449c4c1fd7bfb113095defb76959b374.php 第 98 行.
NOTIC: [8] Use of undefined constant parent_id - assumed 'parent_id' E:\php\amp\www\bool\shop\Runtime\Cache\Home\449c4c1fd7bfb113095defb76959b374.php 第 98 行.
NOTIC: [8] Use of undefined constant lv - assumed 'lv' E:\php\amp\www\bool\shop\Runtime\Cache\Home\449c4c1fd7bfb113095defb76959b374.php 第 95 行.
NOTIC: [8] Use of undefined constant lv - assumed 'lv' E:\php\amp\www\bool\shop\Runtime\Cache\Home\449c4c1fd7bfb113095defb76959b374.php 第 95 行.
NOTIC: [8] Use of undefined constant lv - assumed 'lv' E:\php\amp\www\bool\shop\Runtime\Cache\Home\449c4c1fd7bfb113095defb76959b374.php 第 95 行.
NOTIC: [8] Use of undefined constant lv - assumed 'lv' E:\php\amp\www\bool\shop\Runtime\Cache\Home\449c4c1fd7bfb113095defb76959b374.php 第 95 行.
NOTIC: [8] Use of undefined constant lv - assumed 'lv' E:\php\amp\www\bool\shop\Runtime\Cache\Home\449c4c1fd7bfb113095defb76959b374.php 第 95 行.
NOTIC: [8] Use of undefined constant cat_id - assumed 'cat_id' E:\php\amp\www\bool\shop\Runtime\Cache\Home\449c4c1fd7bfb113095defb76959b374.php 第 96 行.
NOTIC: [8] Use of undefined constant cat_name - assumed 'cat_name' E:\php\amp\www\bool\shop\Runtime\Cache\Home\449c4c1fd7bfb113095defb76959b374.php 第 96 行.
NOTIC: [8] Use of undefined constant cat_id - assumed 'cat_id' E:\php\amp\www\bool\shop\Runtime\Cache\Home\449c4c1fd7bfb113095defb76959b374.php 第 98 行.
NOTIC: [8] Use of undefined constant parent_id - assumed 'parent_id' E:\php\amp\www\bool\shop\Runtime\Cache\Home\449c4c1fd7bfb113095defb76959b374.php 第 98 行.
NOTIC: [8] Use of undefined constant cat_id - assumed 'cat_id' E:\php\amp\www\bool\shop\Runtime\Cache\Home\449c4c1fd7bfb113095defb76959b374.php 第 98 行.
NOTIC: [8] Use of undefined constant parent_id - assumed 'parent_id' E:\php\amp\www\bool\shop\Runtime\Cache\Home\449c4c1fd7bfb113095defb76959b374.php 第 98 行.
NOTIC: [8] Use of undefined constant cat_id - assumed 'cat_id' E:\php\amp\www\bool\shop\Runtime\Cache\Home\449c4c1fd7bfb113095defb76959b374.php 第 98 行.
NOTIC: [8] Use of undefined constant parent_id - assumed 'parent_id' E:\php\amp\www\bool\shop\Runtime\Cache\Home\449c4c1fd7bfb113095defb76959b374.php 第 98 行.
NOTIC: [8] Use of undefined constant cat_id - assumed 'cat_id' E:\php\amp\www\bool\shop\Runtime\Cache\Home\449c4c1fd7bfb113095defb76959b374.php 第 98 行.
NOTIC: [8] Use of undefined constant parent_id - assumed 'parent_id' E:\php\amp\www\bool\shop\Runtime\Cache\Home\449c4c1fd7bfb113095defb76959b374.php 第 98 行.
NOTIC: [8] Use of undefined constant cat_id - assumed 'cat_id' E:\php\amp\www\bool\shop\Runtime\Cache\Home\449c4c1fd7bfb113095defb76959b374.php 第 98 行.
NOTIC: [8] Use of undefined constant parent_id - assumed 'parent_id' E:\php\amp\www\bool\shop\Runtime\Cache\Home\449c4c1fd7bfb113095defb76959b374.php 第 98 行.
NOTIC: [8] Use of undefined constant cat_id - assumed 'cat_id' E:\php\amp\www\bool\shop\Runtime\Cache\Home\449c4c1fd7bfb113095defb76959b374.php 第 98 行.
NOTIC: [8] Use of undefined constant parent_id - assumed 'parent_id' E:\php\amp\www\bool\shop\Runtime\Cache\Home\449c4c1fd7bfb113095defb76959b374.php 第 98 行.
NOTIC: [8] Use of undefined constant cat_id - assumed 'cat_id' E:\php\amp\www\bool\shop\Runtime\Cache\Home\449c4c1fd7bfb113095defb76959b374.php 第 98 行.
NOTIC: [8] Use of undefined constant parent_id - assumed 'parent_id' E:\php\amp\www\bool\shop\Runtime\Cache\Home\449c4c1fd7bfb113095defb76959b374.php 第 98 行.
NOTIC: [8] Use of undefined constant cat_id - assumed 'cat_id' E:\php\amp\www\bool\shop\Runtime\Cache\Home\449c4c1fd7bfb113095defb76959b374.php 第 98 行.
NOTIC: [8] Use of undefined constant cat_name - assumed 'cat_name' E:\php\amp\www\bool\shop\Runtime\Cache\Home\449c4c1fd7bfb113095defb76959b374.php 第 98 行.
NOTIC: [8] Use of undefined constant cat_id - assumed 'cat_id' E:\php\amp\www\bool\shop\Runtime\Cache\Home\449c4c1fd7bfb113095defb76959b374.php 第 98 行.
NOTIC: [8] Use of undefined constant parent_id - assumed 'parent_id' E:\php\amp\www\bool\shop\Runtime\Cache\Home\449c4c1fd7bfb113095defb76959b374.php 第 98 行.
NOTIC: [8] Use of undefined constant cat_id - assumed 'cat_id' E:\php\amp\www\bool\shop\Runtime\Cache\Home\449c4c1fd7bfb113095defb76959b374.php 第 98 行.
NOTIC: [8] Use of undefined constant cat_name - assumed 'cat_name' E:\php\amp\www\bool\shop\Runtime\Cache\Home\449c4c1fd7bfb113095defb76959b374.php 第 98 行.
NOTIC: [8] Use of undefined constant cat_id - assumed 'cat_id' E:\php\amp\www\bool\shop\Runtime\Cache\Home\449c4c1fd7bfb113095defb76959b374.php 第 98 行.
NOTIC: [8] Use of undefined constant parent_id - assumed 'parent_id' E:\php\amp\www\bool\shop\Runtime\Cache\Home\449c4c1fd7bfb113095defb76959b374.php 第 98 行.
NOTIC: [8] Use of undefined constant cat_id - assumed 'cat_id' E:\php\amp\www\bool\shop\Runtime\Cache\Home\449c4c1fd7bfb113095defb76959b374.php 第 98 行.
NOTIC: [8] Use of undefined constant cat_name - assumed 'cat_name' E:\php\amp\www\bool\shop\Runtime\Cache\Home\449c4c1fd7bfb113095defb76959b374.php 第 98 行.
NOTIC: [8] Use of undefined constant cat_id - assumed 'cat_id' E:\php\amp\www\bool\shop\Runtime\Cache\Home\449c4c1fd7bfb113095defb76959b374.php 第 98 行.
NOTIC: [8] Use of undefined constant parent_id - assumed 'parent_id' E:\php\amp\www\bool\shop\Runtime\Cache\Home\449c4c1fd7bfb113095defb76959b374.php 第 98 行.
NOTIC: [8] Use of undefined constant cat_id - assumed 'cat_id' E:\php\amp\www\bool\shop\Runtime\Cache\Home\449c4c1fd7bfb113095defb76959b374.php 第 98 行.
NOTIC: [8] Use of undefined constant cat_name - assumed 'cat_name' E:\php\amp\www\bool\shop\Runtime\Cache\Home\449c4c1fd7bfb113095defb76959b374.php 第 98 行.
NOTIC: [8] Use of undefined constant cat_id - assumed 'cat_id' E:\php\amp\www\bool\shop\Runtime\Cache\Home\449c4c1fd7bfb113095defb76959b374.php 第 98 行.
NOTIC: [8] Use of undefined constant parent_id - assumed 'parent_id' E:\php\amp\www\bool\shop\Runtime\Cache\Home\449c4c1fd7bfb113095defb76959b374.php 第 98 行.
NOTIC: [8] Use of undefined constant cat_id - assumed 'cat_id' E:\php\amp\www\bool\shop\Runtime\Cache\Home\449c4c1fd7bfb113095defb76959b374.php 第 98 行.
NOTIC: [8] Use of undefined constant parent_id - assumed 'parent_id' E:\php\amp\www\bool\shop\Runtime\Cache\Home\449c4c1fd7bfb113095defb76959b374.php 第 98 行.
NOTIC: [8] Use of undefined constant cat_id - assumed 'cat_id' E:\php\amp\www\bool\shop\Runtime\Cache\Home\449c4c1fd7bfb113095defb76959b374.php 第 98 行.
NOTIC: [8] Use of undefined constant parent_id - assumed 'parent_id' E:\php\amp\www\bool\shop\Runtime\Cache\Home\449c4c1fd7bfb113095defb76959b374.php 第 98 行.
NOTIC: [8] Use of undefined constant cat_id - assumed 'cat_id' E:\php\amp\www\bool\shop\Runtime\Cache\Home\449c4c1fd7bfb113095defb76959b374.php 第 98 行.
NOTIC: [8] Use of undefined constant parent_id - assumed 'parent_id' E:\php\amp\www\bool\shop\Runtime\Cache\Home\449c4c1fd7bfb113095defb76959b374.php 第 98 行.
NOTIC: [8] Use of undefined constant lv - assumed 'lv' E:\php\amp\www\bool\shop\Runtime\Cache\Home\449c4c1fd7bfb113095defb76959b374.php 第 95 行.
NOTIC: [8] Use of undefined constant lv - assumed 'lv' E:\php\amp\www\bool\shop\Runtime\Cache\Home\449c4c1fd7bfb113095defb76959b374.php 第 95 行.
NOTIC: [8] Use of undefined constant lv - assumed 'lv' E:\php\amp\www\bool\shop\Runtime\Cache\Home\449c4c1fd7bfb113095defb76959b374.php 第 95 行.
NOTIC: [8] Use of undefined constant lv - assumed 'lv' E:\php\amp\www\bool\shop\Runtime\Cache\Home\449c4c1fd7bfb113095defb76959b374.php 第 95 行.
NOTIC: [8] Use of undefined constant lv - assumed 'lv' E:\php\amp\www\bool\shop\Runtime\Cache\Home\449c4c1fd7bfb113095defb76959b374.php 第 95 行.
NOTIC: [8] Use of undefined constant cat_id - assumed 'cat_id' E:\php\amp\www\bool\shop\Runtime\Cache\Home\449c4c1fd7bfb113095defb76959b374.php 第 96 行.
NOTIC: [8] Use of undefined constant cat_name - assumed 'cat_name' E:\php\amp\www\bool\shop\Runtime\Cache\Home\449c4c1fd7bfb113095defb76959b374.php 第 96 行.
NOTIC: [8] Use of undefined constant cat_id - assumed 'cat_id' E:\php\amp\www\bool\shop\Runtime\Cache\Home\449c4c1fd7bfb113095defb76959b374.php 第 98 行.
NOTIC: [8] Use of undefined constant parent_id - assumed 'parent_id' E:\php\amp\www\bool\shop\Runtime\Cache\Home\449c4c1fd7bfb113095defb76959b374.php 第 98 行.
NOTIC: [8] Use of undefined constant cat_id - assumed 'cat_id' E:\php\amp\www\bool\shop\Runtime\Cache\Home\449c4c1fd7bfb113095defb76959b374.php 第 98 行.
NOTIC: [8] Use of undefined constant parent_id - assumed 'parent_id' E:\php\amp\www\bool\shop\Runtime\Cache\Home\449c4c1fd7bfb113095defb76959b374.php 第 98 行.
NOTIC: [8] Use of undefined constant cat_id - assumed 'cat_id' E:\php\amp\www\bool\shop\Runtime\Cache\Home\449c4c1fd7bfb113095defb76959b374.php 第 98 行.
NOTIC: [8] Use of undefined constant parent_id - assumed 'parent_id' E:\php\amp\www\bool\shop\Runtime\Cache\Home\449c4c1fd7bfb113095defb76959b374.php 第 98 行.
NOTIC: [8] Use of undefined constant cat_id - assumed 'cat_id' E:\php\amp\www\bool\shop\Runtime\Cache\Home\449c4c1fd7bfb113095defb76959b374.php 第 98 行.
NOTIC: [8] Use of undefined constant parent_id - assumed 'parent_id' E:\php\amp\www\bool\shop\Runtime\Cache\Home\449c4c1fd7bfb113095defb76959b374.php 第 98 行.
NOTIC: [8] Use of undefined constant cat_id - assumed 'cat_id' E:\php\amp\www\bool\shop\Runtime\Cache\Home\449c4c1fd7bfb113095defb76959b374.php 第 98 行.
NOTIC: [8] Use of undefined constant parent_id - assumed 'parent_id' E:\php\amp\www\bool\shop\Runtime\Cache\Home\449c4c1fd7bfb113095defb76959b374.php 第 98 行.
NOTIC: [8] Use of undefined constant cat_id - assumed 'cat_id' E:\php\amp\www\bool\shop\Runtime\Cache\Home\449c4c1fd7bfb113095defb76959b374.php 第 98 行.
NOTIC: [8] Use of undefined constant parent_id - assumed 'parent_id' E:\php\amp\www\bool\shop\Runtime\Cache\Home\449c4c1fd7bfb113095defb76959b374.php 第 98 行.
NOTIC: [8] Use of undefined constant cat_id - assumed 'cat_id' E:\php\amp\www\bool\shop\Runtime\Cache\Home\449c4c1fd7bfb113095defb76959b374.php 第 98 行.
NOTIC: [8] Use of undefined constant parent_id - assumed 'parent_id' E:\php\amp\www\bool\shop\Runtime\Cache\Home\449c4c1fd7bfb113095defb76959b374.php 第 98 行.
NOTIC: [8] Use of undefined constant cat_id - assumed 'cat_id' E:\php\amp\www\bool\shop\Runtime\Cache\Home\449c4c1fd7bfb113095defb76959b374.php 第 98 行.
NOTIC: [8] Use of undefined constant parent_id - assumed 'parent_id' E:\php\amp\www\bool\shop\Runtime\Cache\Home\449c4c1fd7bfb113095defb76959b374.php 第 98 行.
NOTIC: [8] Use of undefined constant cat_id - assumed 'cat_id' E:\php\amp\www\bool\shop\Runtime\Cache\Home\449c4c1fd7bfb113095defb76959b374.php 第 98 行.
NOTIC: [8] Use of undefined constant parent_id - assumed 'parent_id' E:\php\amp\www\bool\shop\Runtime\Cache\Home\449c4c1fd7bfb113095defb76959b374.php 第 98 行.
NOTIC: [8] Use of undefined constant cat_id - assumed 'cat_id' E:\php\amp\www\bool\shop\Runtime\Cache\Home\449c4c1fd7bfb113095defb76959b374.php 第 98 行.
NOTIC: [8] Use of undefined constant parent_id - assumed 'parent_id' E:\php\amp\www\bool\shop\Runtime\Cache\Home\449c4c1fd7bfb113095defb76959b374.php 第 98 行.
NOTIC: [8] Use of undefined constant cat_id - assumed 'cat_id' E:\php\amp\www\bool\shop\Runtime\Cache\Home\449c4c1fd7bfb113095defb76959b374.php 第 98 行.
NOTIC: [8] Use of undefined constant parent_id - assumed 'parent_id' E:\php\amp\www\bool\shop\Runtime\Cache\Home\449c4c1fd7bfb113095defb76959b374.php 第 98 行.
NOTIC: [8] Use of undefined constant cat_id - assumed 'cat_id' E:\php\amp\www\bool\shop\Runtime\Cache\Home\449c4c1fd7bfb113095defb76959b374.php 第 98 行.
NOTIC: [8] Use of undefined constant parent_id - assumed 'parent_id' E:\php\amp\www\bool\shop\Runtime\Cache\Home\449c4c1fd7bfb113095defb76959b374.php 第 98 行.
NOTIC: [8] Use of undefined constant cat_id - assumed 'cat_id' E:\php\amp\www\bool\shop\Runtime\Cache\Home\449c4c1fd7bfb113095defb76959b374.php 第 98 行.
NOTIC: [8] Use of undefined constant cat_name - assumed 'cat_name' E:\php\amp\www\bool\shop\Runtime\Cache\Home\449c4c1fd7bfb113095defb76959b374.php 第 98 行.
NOTIC: [8] Use of undefined constant cat_id - assumed 'cat_id' E:\php\amp\www\bool\shop\Runtime\Cache\Home\449c4c1fd7bfb113095defb76959b374.php 第 98 行.
NOTIC: [8] Use of undefined constant parent_id - assumed 'parent_id' E:\php\amp\www\bool\shop\Runtime\Cache\Home\449c4c1fd7bfb113095defb76959b374.php 第 98 行.
NOTIC: [8] Use of undefined constant cat_id - assumed 'cat_id' E:\php\amp\www\bool\shop\Runtime\Cache\Home\449c4c1fd7bfb113095defb76959b374.php 第 98 行.
NOTIC: [8] Use of undefined constant cat_name - assumed 'cat_name' E:\php\amp\www\bool\shop\Runtime\Cache\Home\449c4c1fd7bfb113095defb76959b374.php 第 98 行.
NOTIC: [8] Use of undefined constant cat_id - assumed 'cat_id' E:\php\amp\www\bool\shop\Runtime\Cache\Home\449c4c1fd7bfb113095defb76959b374.php 第 98 行.
NOTIC: [8] Use of undefined constant parent_id - assumed 'parent_id' E:\php\amp\www\bool\shop\Runtime\Cache\Home\449c4c1fd7bfb113095defb76959b374.php 第 98 行.
NOTIC: [8] Use of undefined constant cat_id - assumed 'cat_id' E:\php\amp\www\bool\shop\Runtime\Cache\Home\449c4c1fd7bfb113095defb76959b374.php 第 98 行.
NOTIC: [8] Use of undefined constant cat_name - assumed 'cat_name' E:\php\amp\www\bool\shop\Runtime\Cache\Home\449c4c1fd7bfb113095defb76959b374.php 第 98 行.
NOTIC: [8] Use of undefined constant lv - assumed 'lv' E:\php\amp\www\bool\shop\Runtime\Cache\Home\449c4c1fd7bfb113095defb76959b374.php 第 95 行.
NOTIC: [8] Use of undefined constant lv - assumed 'lv' E:\php\amp\www\bool\shop\Runtime\Cache\Home\449c4c1fd7bfb113095defb76959b374.php 第 95 行.
NOTIC: [8] Use of undefined constant lv - assumed 'lv' E:\php\amp\www\bool\shop\Runtime\Cache\Home\449c4c1fd7bfb113095defb76959b374.php 第 95 行.
INFO: Run Behavior\ParseTemplateBehavior [ RunTime:0.051003s ]
INFO: [ view_parse ] --END-- [ RunTime:0.051003s ]
INFO: [ view_filter ] --START--
INFO: Run Behavior\WriteHtmlCacheBehavior [ RunTime:0.000000s ]
INFO: [ view_filter ] --END-- [ RunTime:0.000000s ]
INFO: [ app_end ] --START--
INFO: Run Behavior\ShowPageTraceBehavior [ RunTime:0.001000s ]
INFO: [ app_end ] --END-- [ RunTime:0.001000s ]

[ 2016-12-30T16:21:49+08:00 ] 127.0.0.1 /bool/shop/index.php/Home/cat/cat/cat_id/animated_favicon.gif
INFO: [ app_init ] --START--
INFO: Run Behavior\BuildLiteBehavior [ RunTime:0.000000s ]
INFO: [ app_init ] --END-- [ RunTime:0.000000s ]

[ 2016-12-30T16:21:49+08:00 ] 127.0.0.1 /bool/shop/index.php/Home/cat/cat/cat_id/favicon.ico
INFO: [ app_init ] --START--
INFO: Run Behavior\BuildLiteBehavior [ RunTime:0.000000s ]
INFO: [ app_init ] --END-- [ RunTime:0.000000s ]

[ 2016-12-30T16:22:26+08:00 ] 127.0.0.1 /bool/shop/index.php/Home/user/reg.html
INFO: [ app_init ] --START--
INFO: Run Behavior\BuildLiteBehavior [ RunTime:0.000000s ]
INFO: [ app_init ] --END-- [ RunTime:0.000000s ]
INFO: [ app_begin ] --START--
INFO: Run Behavior\ReadHtmlCacheBehavior [ RunTime:0.001000s ]
INFO: [ app_begin ] --END-- [ RunTime:0.001000s ]
INFO: [ view_parse ] --START--
INFO: [ template_filter ] --START--
INFO: Run Behavior\ContentReplaceBehavior [ RunTime:0.000000s ]
INFO: [ template_filter ] --END-- [ RunTime:0.000000s ]
INFO: Run Behavior\ParseTemplateBehavior [ RunTime:0.073004s ]
INFO: [ view_parse ] --END-- [ RunTime:0.073004s ]
INFO: [ view_filter ] --START--
INFO: Run Behavior\WriteHtmlCacheBehavior [ RunTime:0.003000s ]
INFO: [ view_filter ] --END-- [ RunTime:0.003000s ]
INFO: [ app_end ] --START--
INFO: Run Behavior\ShowPageTraceBehavior [ RunTime:0.001000s ]
INFO: [ app_end ] --END-- [ RunTime:0.001000s ]

[ 2016-12-30T16:22:26+08:00 ] 127.0.0.1 /bool/shop/index.php/Home/user/api/cron.php-t=1452023217
INFO: [ app_init ] --START--
INFO: Run Behavior\BuildLiteBehavior [ RunTime:0.000000s ]
INFO: [ app_init ] --END-- [ RunTime:0.001000s ]
INFO: [ app_begin ] --START--
INFO: Run Behavior\ReadHtmlCacheBehavior [ RunTime:0.001000s ]
INFO: [ app_begin ] --END-- [ RunTime:0.001000s ]
ERR: 非法操作:api

