[ 2017-03-06T10:14:53+08:00 ] 127.0.0.1 /
INFO: [ app_init ] --START--
INFO: Run Behavior\BuildLiteBehavior [ RunTime:0.000000s ]
INFO: [ app_init ] --END-- [ RunTime:0.030000s ]
INFO: [ app_begin ] --START--
INFO: Run Behavior\ReadHtmlCacheBehavior [ RunTime:0.031000s ]
INFO: [ app_begin ] --END-- [ RunTime:0.031000s ]
ERR: SQLSTATE[HY000] [2002] ÓÉÓÚÄ¿±ê¼ÆËã»ú»ý¼«¾Ü¾ø£¬ÎÞ·¨Á¬½Ó¡£


[ 2017-03-06T10:14:58+08:00 ] 127.0.0.1 /
INFO: [ app_init ] --START--
INFO: Run Behavior\BuildLiteBehavior [ RunTime:0.000000s ]
INFO: [ app_init ] --END-- [ RunTime:0.000000s ]
INFO: [ app_begin ] --START--
INFO: Run Behavior\ReadHtmlCacheBehavior [ RunTime:0.001000s ]
INFO: [ app_begin ] --END-- [ RunTime:0.001000s ]
SQL: SHOW COLUMNS FROM `cat` [ RunTime:0.0300s ]
NOTIC: [2] array_reverse() expects parameter 1 to be array, null given F:\BBBB\shop\shop\Home\Controller\IndexController.class.php ç¬¬ 10 è¡Œ.
SQL: SELECT * FROM `cat`  [ RunTime:0.0010s ]
SQL: SELECT * FROM `cat`  [ RunTime:0.0000s ]
SQL: SELECT * FROM `cat`  [ RunTime:0.0000s ]
SQL: SELECT * FROM `cat`  [ RunTime:0.0010s ]
SQL: SELECT * FROM `cat`  [ RunTime:0.0000s ]
SQL: SELECT * FROM `cat`  [ RunTime:0.0000s ]
SQL: SELECT * FROM `cat`  [ RunTime:0.0000s ]
SQL: SELECT * FROM `cat`  [ RunTime:0.0010s ]
SQL: SELECT * FROM `cat`  [ RunTime:0.0000s ]
SQL: SELECT * FROM `cat`  [ RunTime:0.0000s ]
SQL: SELECT * FROM `cat`  [ RunTime:0.0000s ]
SQL: SELECT * FROM `cat`  [ RunTime:0.0010s ]
SQL: SELECT * FROM `cat`  [ RunTime:0.0000s ]
SQL: SELECT * FROM `cat`  [ RunTime:0.0000s ]
SQL: SELECT * FROM `cat`  [ RunTime:0.0000s ]
SQL: SELECT * FROM `cat`  [ RunTime:0.0010s ]
SQL: SELECT * FROM `cat`  [ RunTime:0.0000s ]
SQL: SELECT * FROM `cat`  [ RunTime:0.0000s ]
SQL: SELECT * FROM `cat`  [ RunTime:0.0000s ]
SQL: SHOW COLUMNS FROM `goods` [ RunTime:0.0370s ]
SQL: SELECT `goods_id`,`goods_name`,`shop_price`,`thumb_img`,`goods_img`,`market_price` FROM `goods` WHERE ( is_hot=1 ) ORDER BY goods_id desc LIMIT 0,4   [ RunTime:0.0000s ]
SQL: SELECT `goods_id`,`goods_name`,`shop_price`,`thumb_img`,`goods_img`,`market_price` FROM `goods` WHERE ( is_best=1 ) ORDER BY goods_id desc LIMIT 0,4   [ RunTime:0.0000s ]
SQL: SELECT `goods_id`,`goods_name`,`shop_price`,`thumb_img`,`goods_img`,`market_price` FROM `goods` WHERE ( is_new=1 ) ORDER BY goods_id desc LIMIT 0,4   [ RunTime:0.0000s ]
INFO: [ view_parse ] --START--
INFO: [ template_filter ] --START--
INFO: Run Behavior\ContentReplaceBehavior [ RunTime:0.000000s ]
INFO: [ template_filter ] --END-- [ RunTime:0.000000s ]
NOTIC: [8] Use of undefined constant cat_id - assumed 'cat_id' F:\BBBB\shop\shop\Runtime\Cache\Home\2f412aae274b751dca883838bf7e7502.php ç¬¬ 93 è¡Œ.
NOTIC: [8] Use of undefined constant parent_id - assumed 'parent_id' F:\BBBB\shop\shop\Runtime\Cache\Home\2f412aae274b751dca883838bf7e7502.php ç¬¬ 93 è¡Œ.
NOTIC: [8] Use of undefined constant cat_id - assumed 'cat_id' F:\BBBB\shop\shop\Runtime\Cache\Home\2f412aae274b751dca883838bf7e7502.php ç¬¬ 93 è¡Œ.
NOTIC: [8] Use of undefined constant parent_id - assumed 'parent_id' F:\BBBB\shop\shop\Runtime\Cache\Home\2f412aae274b751dca883838bf7e7502.php ç¬¬ 93 è¡Œ.
NOTIC: [8] Use of undefined constant cat_id - assumed 'cat_id' F:\BBBB\shop\shop\Runtime\Cache\Home\2f412aae274b751dca883838bf7e7502.php ç¬¬ 93 è¡Œ.
NOTIC: [8] Use of undefined constant cat_id - assumed 'cat_id' F:\BBBB\shop\shop\Runtime\Cache\Home\2f412aae274b751dca883838bf7e7502.php ç¬¬ 93 è¡Œ.
NOTIC: [8] Use of undefined constant parent_id - assumed 'parent_id' F:\BBBB\shop\shop\Runtime\Cache\Home\2f412aae274b751dca883838bf7e7502.php ç¬¬ 93 è¡Œ.
NOTIC: [8] Use of undefined constant cat_id - assumed 'cat_id' F:\BBBB\shop\shop\Runtime\Cache\Home\2f412aae274b751dca883838bf7e7502.php ç¬¬ 93 è¡Œ.
NOTIC: [8] Use of undefined constant cat_id - assumed 'cat_id' F:\BBBB\shop\shop\Runtime\Cache\Home\2f412aae274b751dca883838bf7e7502.php ç¬¬ 93 è¡Œ.
NOTIC: [8] Use of undefined constant parent_id - assumed 'parent_id' F:\BBBB\shop\shop\Runtime\Cache\Home\2f412aae274b751dca883838bf7e7502.php ç¬¬ 93 è¡Œ.
NOTIC: [8] Use of undefined constant cat_id - assumed 'cat_id' F:\BBBB\shop\shop\Runtime\Cache\Home\2f412aae274b751dca883838bf7e7502.php ç¬¬ 93 è¡Œ.
NOTIC: [8] Use of undefined constant cat_id - assumed 'cat_id' F:\BBBB\shop\shop\Runtime\Cache\Home\2f412aae274b751dca883838bf7e7502.php ç¬¬ 93 è¡Œ.
NOTIC: [8] Use of undefined constant parent_id - assumed 'parent_id' F:\BBBB\shop\shop\Runtime\Cache\Home\2f412aae274b751dca883838bf7e7502.php ç¬¬ 93 è¡Œ.
NOTIC: [8] Use of undefined constant cat_id - assumed 'cat_id' F:\BBBB\shop\shop\Runtime\Cache\Home\2f412aae274b751dca883838bf7e7502.php ç¬¬ 93 è¡Œ.
NOTIC: [8] Use of undefined constant cat_id - assumed 'cat_id' F:\BBBB\shop\shop\Runtime\Cache\Home\2f412aae274b751dca883838bf7e7502.php ç¬¬ 93 è¡Œ.
NOTIC: [8] Use of undefined constant parent_id - assumed 'parent_id' F:\BBBB\shop\shop\Runtime\Cache\Home\2f412aae274b751dca883838bf7e7502.php ç¬¬ 93 è¡Œ.
NOTIC: [8] Use of undefined constant cat_id - assumed 'cat_id' F:\BBBB\shop\shop\Runtime\Cache\Home\2f412aae274b751dca883838bf7e7502.php ç¬¬ 93 è¡Œ.
NOTIC: [8] Use of undefined constant parent_id - assumed 'parent_id' F:\BBBB\shop\shop\Runtime\Cache\Home\2f412aae274b751dca883838bf7e7502.php ç¬¬ 93 è¡Œ.
NOTIC: [8] Use of undefined constant cat_id - assumed 'cat_id' F:\BBBB\shop\shop\Runtime\Cache\Home\2f412aae274b751dca883838bf7e7502.php ç¬¬ 93 è¡Œ.
NOTIC: [8] Use of undefined constant parent_id - assumed 'parent_id' F:\BBBB\shop\shop\Runtime\Cache\Home\2f412aae274b751dca883838bf7e7502.php ç¬¬ 93 è¡Œ.
NOTIC: [8] Use of undefined constant cat_id - assumed 'cat_id' F:\BBBB\shop\shop\Runtime\Cache\Home\2f412aae274b751dca883838bf7e7502.php ç¬¬ 93 è¡Œ.
NOTIC: [8] Use of undefined constant parent_id - assumed 'parent_id' F:\BBBB\shop\shop\Runtime\Cache\Home\2f412aae274b751dca883838bf7e7502.php ç¬¬ 93 è¡Œ.
NOTIC: [8] Use of undefined constant cat_id - assumed 'cat_id' F:\BBBB\shop\shop\Runtime\Cache\Home\2f412aae274b751dca883838bf7e7502.php ç¬¬ 93 è¡Œ.
NOTIC: [8] Use of undefined constant parent_id - assumed 'parent_id' F:\BBBB\shop\shop\Runtime\Cache\Home\2f412aae274b751dca883838bf7e7502.php ç¬¬ 93 è¡Œ.
NOTIC: [8] Use of undefined constant cat_id - assumed 'cat_id' F:\BBBB\shop\shop\Runtime\Cache\Home\2f412aae274b751dca883838bf7e7502.php ç¬¬ 93 è¡Œ.
NOTIC: [8] Use of undefined constant parent_id - assumed 'parent_id' F:\BBBB\shop\shop\Runtime\Cache\Home\2f412aae274b751dca883838bf7e7502.php ç¬¬ 93 è¡Œ.
NOTIC: [8] Use of undefined constant cat_id - assumed 'cat_id' F:\BBBB\shop\shop\Runtime\Cache\Home\2f412aae274b751dca883838bf7e7502.php ç¬¬ 93 è¡Œ.
NOTIC: [8] Use of undefined constant parent_id - assumed 'parent_id' F:\BBBB\shop\shop\Runtime\Cache\Home\2f412aae274b751dca883838bf7e7502.php ç¬¬ 93 è¡Œ.
NOTIC: [8] Use of undefined constant cat_id - assumed 'cat_id' F:\BBBB\shop\shop\Runtime\Cache\Home\2f412aae274b751dca883838bf7e7502.php ç¬¬ 93 è¡Œ.
NOTIC: [8] Use of undefined constant parent_id - assumed 'parent_id' F:\BBBB\shop\shop\Runtime\Cache\Home\2f412aae274b751dca883838bf7e7502.php ç¬¬ 93 è¡Œ.
NOTIC: [8] Use of undefined constant cat_id - assumed 'cat_id' F:\BBBB\shop\shop\Runtime\Cache\Home\2f412aae274b751dca883838bf7e7502.php ç¬¬ 93 è¡Œ.
NOTIC: [8] Use of undefined constant parent_id - assumed 'parent_id' F:\BBBB\shop\shop\Runtime\Cache\Home\2f412aae274b751dca883838bf7e7502.php ç¬¬ 93 è¡Œ.
NOTIC: [8] Use of undefined constant cat_id - assumed 'cat_id' F:\BBBB\shop\shop\Runtime\Cache\Home\2f412aae274b751dca883838bf7e7502.php ç¬¬ 93 è¡Œ.
NOTIC: [8] Use of undefined constant parent_id - assumed 'parent_id' F:\BBBB\shop\shop\Runtime\Cache\Home\2f412aae274b751dca883838bf7e7502.php ç¬¬ 93 è¡Œ.
NOTIC: [8] Use of undefined constant cat_id - assumed 'cat_id' F:\BBBB\shop\shop\Runtime\Cache\Home\2f412aae274b751dca883838bf7e7502.php ç¬¬ 93 è¡Œ.
NOTIC: [8] Use of undefined constant parent_id - assumed 'parent_id' F:\BBBB\shop\shop\Runtime\Cache\Home\2f412aae274b751dca883838bf7e7502.php ç¬¬ 93 è¡Œ.
NOTIC: [8] Use of undefined constant cat_id - assumed 'cat_id' F:\BBBB\shop\shop\Runtime\Cache\Home\2f412aae274b751dca883838bf7e7502.php ç¬¬ 93 è¡Œ.
NOTIC: [8] Use of undefined constant parent_id - assumed 'parent_id' F:\BBBB\shop\shop\Runtime\Cache\Home\2f412aae274b751dca883838bf7e7502.php ç¬¬ 93 è¡Œ.
NOTIC: [8] Use of undefined constant cat_id - assumed 'cat_id' F:\BBBB\shop\shop\Runtime\Cache\Home\2f412aae274b751dca883838bf7e7502.php ç¬¬ 93 è¡Œ.
NOTIC: [8] Use of undefined constant parent_id - assumed 'parent_id' F:\BBBB\shop\shop\Runtime\Cache\Home\2f412aae274b751dca883838bf7e7502.php ç¬¬ 93 è¡Œ.
NOTIC: [8] Use of undefined constant cat_id - assumed 'cat_id' F:\BBBB\shop\shop\Runtime\Cache\Home\2f412aae274b751dca883838bf7e7502.php ç¬¬ 93 è¡Œ.
NOTIC: [8] Use of undefined constant parent_id - assumed 'parent_id' F:\BBBB\shop\shop\Runtime\Cache\Home\2f412aae274b751dca883838bf7e7502.php ç¬¬ 93 è¡Œ.
NOTIC: [8] Use of undefined constant cat_id - assumed 'cat_id' F:\BBBB\shop\shop\Runtime\Cache\Home\2f412aae274b751dca883838bf7e7502.php ç¬¬ 93 è¡Œ.
NOTIC: [8] Use of undefined constant parent_id - assumed 'parent_id' F:\BBBB\shop\shop\Runtime\Cache\Home\2f412aae274b751dca883838bf7e7502.php ç¬¬ 93 è¡Œ.
NOTIC: [8] Use of undefined constant cat_id - assumed 'cat_id' F:\BBBB\shop\shop\Runtime\Cache\Home\2f412aae274b751dca883838bf7e7502.php ç¬¬ 93 è¡Œ.
NOTIC: [8] Use of undefined constant parent_id - assumed 'parent_id' F:\BBBB\shop\shop\Runtime\Cache\Home\2f412aae274b751dca883838bf7e7502.php ç¬¬ 93 è¡Œ.
NOTIC: [8] Use of undefined constant cat_id - assumed 'cat_id' F:\BBBB\shop\shop\Runtime\Cache\Home\2f412aae274b751dca883838bf7e7502.php ç¬¬ 93 è¡Œ.
NOTIC: [8] Use of undefined constant parent_id - assumed 'parent_id' F:\BBBB\shop\shop\Runtime\Cache\Home\2f412aae274b751dca883838bf7e7502.php ç¬¬ 93 è¡Œ.
NOTIC: [8] Use of undefined constant cat_id - assumed 'cat_id' F:\BBBB\shop\shop\Runtime\Cache\Home\2f412aae274b751dca883838bf7e7502.php ç¬¬ 93 è¡Œ.
NOTIC: [8] Use of undefined constant parent_id - assumed 'parent_id' F:\BBBB\shop\shop\Runtime\Cache\Home\2f412aae274b751dca883838bf7e7502.php ç¬¬ 93 è¡Œ.
NOTIC: [8] Use of undefined constant cat_id - assumed 'cat_id' F:\BBBB\shop\shop\Runtime\Cache\Home\2f412aae274b751dca883838bf7e7502.php ç¬¬ 93 è¡Œ.
NOTIC: [8] Use of undefined constant parent_id - assumed 'parent_id' F:\BBBB\shop\shop\Runtime\Cache\Home\2f412aae274b751dca883838bf7e7502.php ç¬¬ 93 è¡Œ.
NOTIC: [8] Use of undefined constant cat_id - assumed 'cat_id' F:\BBBB\shop\shop\Runtime\Cache\Home\2f412aae274b751dca883838bf7e7502.php ç¬¬ 93 è¡Œ.
NOTIC: [8] Use of undefined constant parent_id - assumed 'parent_id' F:\BBBB\shop\shop\Runtime\Cache\Home\2f412aae274b751dca883838bf7e7502.php ç¬¬ 93 è¡Œ.
NOTIC: [8] Use of undefined constant cat_id - assumed 'cat_id' F:\BBBB\shop\shop\Runtime\Cache\Home\2f412aae274b751dca883838bf7e7502.php ç¬¬ 93 è¡Œ.
NOTIC: [8] Use of undefined constant cat_id - assumed 'cat_id' F:\BBBB\shop\shop\Runtime\Cache\Home\2f412aae274b751dca883838bf7e7502.php ç¬¬ 93 è¡Œ.
NOTIC: [8] Use of undefined constant parent_id - assumed 'parent_id' F:\BBBB\shop\shop\Runtime\Cache\Home\2f412aae274b751dca883838bf7e7502.php ç¬¬ 93 è¡Œ.
NOTIC: [8] Use of undefined constant cat_id - assumed 'cat_id' F:\BBBB\shop\shop\Runtime\Cache\Home\2f412aae274b751dca883838bf7e7502.php ç¬¬ 93 è¡Œ.
NOTIC: [8] Use of undefined constant cat_id - assumed 'cat_id' F:\BBBB\shop\shop\Runtime\Cache\Home\2f412aae274b751dca883838bf7e7502.php ç¬¬ 93 è¡Œ.
NOTIC: [8] Use of undefined constant parent_id - assumed 'parent_id' F:\BBBB\shop\shop\Runtime\Cache\Home\2f412aae274b751dca883838bf7e7502.php ç¬¬ 93 è¡Œ.
NOTIC: [8] Use of undefined constant cat_id - assumed 'cat_id' F:\BBBB\shop\shop\Runtime\Cache\Home\2f412aae274b751dca883838bf7e7502.php ç¬¬ 93 è¡Œ.
NOTIC: [8] Use of undefined constant cat_id - assumed 'cat_id' F:\BBBB\shop\shop\Runtime\Cache\Home\2f412aae274b751dca883838bf7e7502.php ç¬¬ 93 è¡Œ.
NOTIC: [8] Use of undefined constant parent_id - assumed 'parent_id' F:\BBBB\shop\shop\Runtime\Cache\Home\2f412aae274b751dca883838bf7e7502.php ç¬¬ 93 è¡Œ.
NOTIC: [8] Use of undefined constant cat_id - assumed 'cat_id' F:\BBBB\shop\shop\Runtime\Cache\Home\2f412aae274b751dca883838bf7e7502.php ç¬¬ 93 è¡Œ.
NOTIC: [8] Use of undefined constant cat_id - assumed 'cat_id' F:\BBBB\shop\shop\Runtime\Cache\Home\2f412aae274b751dca883838bf7e7502.php ç¬¬ 93 è¡Œ.
NOTIC: [8] Use of undefined constant parent_id - assumed 'parent_id' F:\BBBB\shop\shop\Runtime\Cache\Home\2f412aae274b751dca883838bf7e7502.php ç¬¬ 93 è¡Œ.
NOTIC: [8] Use of undefined constant cat_id - assumed 'cat_id' F:\BBBB\shop\shop\Runtime\Cache\Home\2f412aae274b751dca883838bf7e7502.php ç¬¬ 93 è¡Œ.
NOTIC: [8] Use of undefined constant parent_id - assumed 'parent_id' F:\BBBB\shop\shop\Runtime\Cache\Home\2f412aae274b751dca883838bf7e7502.php ç¬¬ 93 è¡Œ.
NOTIC: [8] Use of undefined constant cat_id - assumed 'cat_id' F:\BBBB\shop\shop\Runtime\Cache\Home\2f412aae274b751dca883838bf7e7502.php ç¬¬ 93 è¡Œ.
NOTIC: [8] Use of undefined constant parent_id - assumed 'parent_id' F:\BBBB\shop\shop\Runtime\Cache\Home\2f412aae274b751dca883838bf7e7502.php ç¬¬ 93 è¡Œ.
NOTIC: [8] Use of undefined constant cat_id - assumed 'cat_id' F:\BBBB\shop\shop\Runtime\Cache\Home\2f412aae274b751dca883838bf7e7502.php ç¬¬ 93 è¡Œ.
NOTIC: [8] Use of undefined constant parent_id - assumed 'parent_id' F:\BBBB\shop\shop\Runtime\Cache\Home\2f412aae274b751dca883838bf7e7502.php ç¬¬ 93 è¡Œ.
NOTIC: [8] Use of undefined constant cat_id - assumed 'cat_id' F:\BBBB\shop\shop\Runtime\Cache\Home\2f412aae274b751dca883838bf7e7502.php ç¬¬ 93 è¡Œ.
NOTIC: [8] Use of undefined constant parent_id - assumed 'parent_id' F:\BBBB\shop\shop\Runtime\Cache\Home\2f412aae274b751dca883838bf7e7502.php ç¬¬ 93 è¡Œ.
NOTIC: [8] Use of undefined constant cat_id - assumed 'cat_id' F:\BBBB\shop\shop\Runtime\Cache\Home\2f412aae274b751dca883838bf7e7502.php ç¬¬ 93 è¡Œ.
NOTIC: [8] Use of undefined constant parent_id - assumed 'parent_id' F:\BBBB\shop\shop\Runtime\Cache\Home\2f412aae274b751dca883838bf7e7502.php ç¬¬ 93 è¡Œ.
NOTIC: [8] Use of undefined constant cat_id - assumed 'cat_id' F:\BBBB\shop\shop\Runtime\Cache\Home\2f412aae274b751dca883838bf7e7502.php ç¬¬ 93 è¡Œ.
NOTIC: [8] Use of undefined constant parent_id - assumed 'parent_id' F:\BBBB\shop\shop\Runtime\Cache\Home\2f412aae274b751dca883838bf7e7502.php ç¬¬ 93 è¡Œ.
NOTIC: [8] Use of undefined constant cat_id - assumed 'cat_id' F:\BBBB\shop\shop\Runtime\Cache\Home\2f412aae274b751dca883838bf7e7502.php ç¬¬ 93 è¡Œ.
NOTIC: [8] Use of undefined constant parent_id - assumed 'parent_id' F:\BBBB\shop\shop\Runtime\Cache\Home\2f412aae274b751dca883838bf7e7502.php ç¬¬ 93 è¡Œ.
NOTIC: [8] Use of undefined constant cat_id - assumed 'cat_id' F:\BBBB\shop\shop\Runtime\Cache\Home\2f412aae274b751dca883838bf7e7502.php ç¬¬ 93 è¡Œ.
NOTIC: [8] Use of undefined constant parent_id - assumed 'parent_id' F:\BBBB\shop\shop\Runtime\Cache\Home\2f412aae274b751dca883838bf7e7502.php ç¬¬ 93 è¡Œ.
NOTIC: [8] Use of undefined constant cat_id - assumed 'cat_id' F:\BBBB\shop\shop\Runtime\Cache\Home\2f412aae274b751dca883838bf7e7502.php ç¬¬ 93 è¡Œ.
NOTIC: [8] Use of undefined constant parent_id - assumed 'parent_id' F:\BBBB\shop\shop\Runtime\Cache\Home\2f412aae274b751dca883838bf7e7502.php ç¬¬ 93 è¡Œ.
NOTIC: [8] Use of undefined constant cat_id - assumed 'cat_id' F:\BBBB\shop\shop\Runtime\Cache\Home\2f412aae274b751dca883838bf7e7502.php ç¬¬ 93 è¡Œ.
NOTIC: [8] Use of undefined constant parent_id - assumed 'parent_id' F:\BBBB\shop\shop\Runtime\Cache\Home\2f412aae274b751dca883838bf7e7502.php ç¬¬ 93 è¡Œ.
NOTIC: [8] Use of undefined constant cat_id - assumed 'cat_id' F:\BBBB\shop\shop\Runtime\Cache\Home\2f412aae274b751dca883838bf7e7502.php ç¬¬ 93 è¡Œ.
NOTIC: [8] Use of undefined constant parent_id - assumed 'parent_id' F:\BBBB\shop\shop\Runtime\Cache\Home\2f412aae274b751dca883838bf7e7502.php ç¬¬ 93 è¡Œ.
NOTIC: [8] Use of undefined constant cat_id - assumed 'cat_id' F:\BBBB\shop\shop\Runtime\Cache\Home\2f412aae274b751dca883838bf7e7502.php ç¬¬ 93 è¡Œ.
NOTIC: [8] Use of undefined constant parent_id - assumed 'parent_id' F:\BBBB\shop\shop\Runtime\Cache\Home\2f412aae274b751dca883838bf7e7502.php ç¬¬ 93 è¡Œ.
NOTIC: [8] Use of undefined constant cat_id - assumed 'cat_id' F:\BBBB\shop\shop\Runtime\Cache\Home\2f412aae274b751dca883838bf7e7502.php ç¬¬ 93 è¡Œ.
NOTIC: [8] Use of undefined constant parent_id - assumed 'parent_id' F:\BBBB\shop\shop\Runtime\Cache\Home\2f412aae274b751dca883838bf7e7502.php ç¬¬ 93 è¡Œ.
NOTIC: [8] Use of undefined constant cat_id - assumed 'cat_id' F:\BBBB\shop\shop\Runtime\Cache\Home\2f412aae274b751dca883838bf7e7502.php ç¬¬ 93 è¡Œ.
NOTIC: [8] Use of undefined constant parent_id - assumed 'parent_id' F:\BBBB\shop\shop\Runtime\Cache\Home\2f412aae274b751dca883838bf7e7502.php ç¬¬ 93 è¡Œ.
NOTIC: [8] Use of undefined constant cat_id - assumed 'cat_id' F:\BBBB\shop\shop\Runtime\Cache\Home\2f412aae274b751dca883838bf7e7502.php ç¬¬ 93 è¡Œ.
NOTIC: [8] Use of undefined constant parent_id - assumed 'parent_id' F:\BBBB\shop\shop\Runtime\Cache\Home\2f412aae274b751dca883838bf7e7502.php ç¬¬ 93 è¡Œ.
NOTIC: [8] Use of undefined constant cat_id - assumed 'cat_id' F:\BBBB\shop\shop\Runtime\Cache\Home\2f412aae274b751dca883838bf7e7502.php ç¬¬ 93 è¡Œ.
NOTIC: [8] Use of undefined constant parent_id - assumed 'parent_id' F:\BBBB\shop\shop\Runtime\Cache\Home\2f412aae274b751dca883838bf7e7502.php ç¬¬ 93 è¡Œ.
NOTIC: [8] Use of undefined constant cat_id - assumed 'cat_id' F:\BBBB\shop\shop\Runtime\Cache\Home\2f412aae274b751dca883838bf7e7502.php ç¬¬ 93 è¡Œ.
NOTIC: [8] Use of undefined constant parent_id - assumed 'parent_id' F:\BBBB\shop\shop\Runtime\Cache\Home\2f412aae274b751dca883838bf7e7502.php ç¬¬ 93 è¡Œ.
NOTIC: [8] Use of undefined constant cat_id - assumed 'cat_id' F:\BBBB\shop\shop\Runtime\Cache\Home\2f412aae274b751dca883838bf7e7502.php ç¬¬ 93 è¡Œ.
NOTIC: [8] Use of undefined constant parent_id - assumed 'parent_id' F:\BBBB\shop\shop\Runtime\Cache\Home\2f412aae274b751dca883838bf7e7502.php ç¬¬ 93 è¡Œ.
NOTIC: [8] Use of undefined constant cat_id - assumed 'cat_id' F:\BBBB\shop\shop\Runtime\Cache\Home\2f412aae274b751dca883838bf7e7502.php ç¬¬ 93 è¡Œ.
NOTIC: [8] Use of undefined constant parent_id - assumed 'parent_id' F:\BBBB\shop\shop\Runtime\Cache\Home\2f412aae274b751dca883838bf7e7502.php ç¬¬ 93 è¡Œ.
NOTIC: [8] Use of undefined constant cat_id - assumed 'cat_id' F:\BBBB\shop\shop\Runtime\Cache\Home\2f412aae274b751dca883838bf7e7502.php ç¬¬ 93 è¡Œ.
NOTIC: [8] Use of undefined constant cat_id - assumed 'cat_id' F:\BBBB\shop\shop\Runtime\Cache\Home\2f412aae274b751dca883838bf7e7502.php ç¬¬ 93 è¡Œ.
NOTIC: [8] Use of undefined constant parent_id - assumed 'parent_id' F:\BBBB\shop\shop\Runtime\Cache\Home\2f412aae274b751dca883838bf7e7502.php ç¬¬ 93 è¡Œ.
NOTIC: [8] Use of undefined constant cat_id - assumed 'cat_id' F:\BBBB\shop\shop\Runtime\Cache\Home\2f412aae274b751dca883838bf7e7502.php ç¬¬ 93 è¡Œ.
NOTIC: [8] Use of undefined constant cat_id - assumed 'cat_id' F:\BBBB\shop\shop\Runtime\Cache\Home\2f412aae274b751dca883838bf7e7502.php ç¬¬ 93 è¡Œ.
NOTIC: [8] Use of undefined constant parent_id - assumed 'parent_id' F:\BBBB\shop\shop\Runtime\Cache\Home\2f412aae274b751dca883838bf7e7502.php ç¬¬ 93 è¡Œ.
NOTIC: [8] Use of undefined constant cat_id - assumed 'cat_id' F:\BBBB\shop\shop\Runtime\Cache\Home\2f412aae274b751dca883838bf7e7502.php ç¬¬ 93 è¡Œ.
NOTIC: [8] Use of undefined constant cat_id - assumed 'cat_id' F:\BBBB\shop\shop\Runtime\Cache\Home\2f412aae274b751dca883838bf7e7502.php ç¬¬ 93 è¡Œ.
NOTIC: [8] Use of undefined constant parent_id - assumed 'parent_id' F:\BBBB\shop\shop\Runtime\Cache\Home\2f412aae274b751dca883838bf7e7502.php ç¬¬ 93 è¡Œ.
NOTIC: [8] Use of undefined constant cat_id - assumed 'cat_id' F:\BBBB\shop\shop\Runtime\Cache\Home\2f412aae274b751dca883838bf7e7502.php ç¬¬ 93 è¡Œ.
NOTIC: [8] Use of undefined constant parent_id - assumed 'parent_id' F:\BBBB\shop\shop\Runtime\Cache\Home\2f412aae274b751dca883838bf7e7502.php ç¬¬ 93 è¡Œ.
NOTIC: [8] Use of undefined constant cat_id - assumed 'cat_id' F:\BBBB\shop\shop\Runtime\Cache\Home\2f412aae274b751dca883838bf7e7502.php ç¬¬ 93 è¡Œ.
NOTIC: [8] Use of undefined constant parent_id - assumed 'parent_id' F:\BBBB\shop\shop\Runtime\Cache\Home\2f412aae274b751dca883838bf7e7502.php ç¬¬ 93 è¡Œ.
NOTIC: [8] Use of undefined constant cat_id - assumed 'cat_id' F:\BBBB\shop\shop\Runtime\Cache\Home\2f412aae274b751dca883838bf7e7502.php ç¬¬ 93 è¡Œ.
NOTIC: [8] Use of undefined constant parent_id - assumed 'parent_id' F:\BBBB\shop\shop\Runtime\Cache\Home\2f412aae274b751dca883838bf7e7502.php ç¬¬ 93 è¡Œ.
NOTIC: [8] Use of undefined constant cat_id - assumed 'cat_id' F:\BBBB\shop\shop\Runtime\Cache\Home\2f412aae274b751dca883838bf7e7502.php ç¬¬ 93 è¡Œ.
NOTIC: [8] Use of undefined constant parent_id - assumed 'parent_id' F:\BBBB\shop\shop\Runtime\Cache\Home\2f412aae274b751dca883838bf7e7502.php ç¬¬ 93 è¡Œ.
NOTIC: [8] Use of undefined constant cat_id - assumed 'cat_id' F:\BBBB\shop\shop\Runtime\Cache\Home\2f412aae274b751dca883838bf7e7502.php ç¬¬ 93 è¡Œ.
NOTIC: [8] Use of undefined constant parent_id - assumed 'parent_id' F:\BBBB\shop\shop\Runtime\Cache\Home\2f412aae274b751dca883838bf7e7502.php ç¬¬ 93 è¡Œ.
NOTIC: [8] Use of undefined constant cat_id - assumed 'cat_id' F:\BBBB\shop\shop\Runtime\Cache\Home\2f412aae274b751dca883838bf7e7502.php ç¬¬ 93 è¡Œ.
NOTIC: [8] Use of undefined constant parent_id - assumed 'parent_id' F:\BBBB\shop\shop\Runtime\Cache\Home\2f412aae274b751dca883838bf7e7502.php ç¬¬ 93 è¡Œ.
NOTIC: [8] Use of undefined constant cat_id - assumed 'cat_id' F:\BBBB\shop\shop\Runtime\Cache\Home\2f412aae274b751dca883838bf7e7502.php ç¬¬ 93 è¡Œ.
NOTIC: [8] Use of undefined constant parent_id - assumed 'parent_id' F:\BBBB\shop\shop\Runtime\Cache\Home\2f412aae274b751dca883838bf7e7502.php ç¬¬ 93 è¡Œ.
NOTIC: [8] Use of undefined constant cat_id - assumed 'cat_id' F:\BBBB\shop\shop\Runtime\Cache\Home\2f412aae274b751dca883838bf7e7502.php ç¬¬ 93 è¡Œ.
NOTIC: [8] Use of undefined constant parent_id - assumed 'parent_id' F:\BBBB\shop\shop\Runtime\Cache\Home\2f412aae274b751dca883838bf7e7502.php ç¬¬ 93 è¡Œ.
NOTIC: [8] Use of undefined constant cat_id - assumed 'cat_id' F:\BBBB\shop\shop\Runtime\Cache\Home\2f412aae274b751dca883838bf7e7502.php ç¬¬ 93 è¡Œ.
NOTIC: [8] Use of undefined constant parent_id - assumed 'parent_id' F:\BBBB\shop\shop\Runtime\Cache\Home\2f412aae274b751dca883838bf7e7502.php ç¬¬ 93 è¡Œ.
NOTIC: [8] Use of undefined constant cat_id - assumed 'cat_id' F:\BBBB\shop\shop\Runtime\Cache\Home\2f412aae274b751dca883838bf7e7502.php ç¬¬ 93 è¡Œ.
NOTIC: [8] Use of undefined constant parent_id - assumed 'parent_id' F:\BBBB\shop\shop\Runtime\Cache\Home\2f412aae274b751dca883838bf7e7502.php ç¬¬ 93 è¡Œ.
NOTIC: [8] Use of undefined constant cat_id - assumed 'cat_id' F:\BBBB\shop\shop\Runtime\Cache\Home\2f412aae274b751dca883838bf7e7502.php ç¬¬ 93 è¡Œ.
NOTIC: [8] Use of undefined constant parent_id - assumed 'parent_id' F:\BBBB\shop\shop\Runtime\Cache\Home\2f412aae274b751dca883838bf7e7502.php ç¬¬ 93 è¡Œ.
NOTIC: [8] Use of undefined constant cat_id - assumed 'cat_id' F:\BBBB\shop\shop\Runtime\Cache\Home\2f412aae274b751dca883838bf7e7502.php ç¬¬ 93 è¡Œ.
NOTIC: [8] Use of undefined constant parent_id - assumed 'parent_id' F:\BBBB\shop\shop\Runtime\Cache\Home\2f412aae274b751dca883838bf7e7502.php ç¬¬ 93 è¡Œ.
NOTIC: [8] Use of undefined constant cat_id - assumed 'cat_id' F:\BBBB\shop\shop\Runtime\Cache\Home\2f412aae274b751dca883838bf7e7502.php ç¬¬ 93 è¡Œ.
NOTIC: [8] Use of undefined constant parent_id - assumed 'parent_id' F:\BBBB\shop\shop\Runtime\Cache\Home\2f412aae274b751dca883838bf7e7502.php ç¬¬ 93 è¡Œ.
NOTIC: [8] Use of undefined constant cat_id - assumed 'cat_id' F:\BBBB\shop\shop\Runtime\Cache\Home\2f412aae274b751dca883838bf7e7502.php ç¬¬ 93 è¡Œ.
NOTIC: [8] Use of undefined constant parent_id - assumed 'parent_id' F:\BBBB\shop\shop\Runtime\Cache\Home\2f412aae274b751dca883838bf7e7502.php ç¬¬ 93 è¡Œ.
NOTIC: [8] Use of undefined constant cat_id - assumed 'cat_id' F:\BBBB\shop\shop\Runtime\Cache\Home\2f412aae274b751dca883838bf7e7502.php ç¬¬ 93 è¡Œ.
NOTIC: [8] Use of undefined constant parent_id - assumed 'parent_id' F:\BBBB\shop\shop\Runtime\Cache\Home\2f412aae274b751dca883838bf7e7502.php ç¬¬ 93 è¡Œ.
NOTIC: [8] Use of undefined constant cat_id - assumed 'cat_id' F:\BBBB\shop\shop\Runtime\Cache\Home\2f412aae274b751dca883838bf7e7502.php ç¬¬ 93 è¡Œ.
NOTIC: [8] Use of undefined constant parent_id - assumed 'parent_id' F:\BBBB\shop\shop\Runtime\Cache\Home\2f412aae274b751dca883838bf7e7502.php ç¬¬ 93 è¡Œ.
NOTIC: [8] Use of undefined constant cat_id - assumed 'cat_id' F:\BBBB\shop\shop\Runtime\Cache\Home\2f412aae274b751dca883838bf7e7502.php ç¬¬ 93 è¡Œ.
NOTIC: [8] Use of undefined constant parent_id - assumed 'parent_id' F:\BBBB\shop\shop\Runtime\Cache\Home\2f412aae274b751dca883838bf7e7502.php ç¬¬ 93 è¡Œ.
NOTIC: [8] Use of undefined constant cat_id - assumed 'cat_id' F:\BBBB\shop\shop\Runtime\Cache\Home\2f412aae274b751dca883838bf7e7502.php ç¬¬ 93 è¡Œ.
NOTIC: [8] Use of undefined constant parent_id - assumed 'parent_id' F:\BBBB\shop\shop\Runtime\Cache\Home\2f412aae274b751dca883838bf7e7502.php ç¬¬ 93 è¡Œ.
NOTIC: [8] Use of undefined constant cat_id - assumed 'cat_id' F:\BBBB\shop\shop\Runtime\Cache\Home\2f412aae274b751dca883838bf7e7502.php ç¬¬ 93 è¡Œ.
NOTIC: [8] Use of undefined constant parent_id - assumed 'parent_id' F:\BBBB\shop\shop\Runtime\Cache\Home\2f412aae274b751dca883838bf7e7502.php ç¬¬ 93 è¡Œ.
NOTIC: [8] Use of undefined constant cat_id - assumed 'cat_id' F:\BBBB\shop\shop\Runtime\Cache\Home\2f412aae274b751dca883838bf7e7502.php ç¬¬ 93 è¡Œ.
NOTIC: [8] Use of undefined constant cat_id - assumed 'cat_id' F:\BBBB\shop\shop\Runtime\Cache\Home\2f412aae274b751dca883838bf7e7502.php ç¬¬ 93 è¡Œ.
NOTIC: [8] Use of undefined constant parent_id - assumed 'parent_id' F:\BBBB\shop\shop\Runtime\Cache\Home\2f412aae274b751dca883838bf7e7502.php ç¬¬ 93 è¡Œ.
NOTIC: [8] Use of undefined constant cat_id - assumed 'cat_id' F:\BBBB\shop\shop\Runtime\Cache\Home\2f412aae274b751dca883838bf7e7502.php ç¬¬ 93 è¡Œ.
NOTIC: [8] Use of undefined constant cat_id - assumed 'cat_id' F:\BBBB\shop\shop\Runtime\Cache\Home\2f412aae274b751dca883838bf7e7502.php ç¬¬ 93 è¡Œ.
NOTIC: [8] Use of undefined constant parent_id - assumed 'parent_id' F:\BBBB\shop\shop\Runtime\Cache\Home\2f412aae274b751dca883838bf7e7502.php ç¬¬ 93 è¡Œ.
NOTIC: [8] Use of undefined constant cat_id - assumed 'cat_id' F:\BBBB\shop\shop\Runtime\Cache\Home\2f412aae274b751dca883838bf7e7502.php ç¬¬ 93 è¡Œ.
NOTIC: [8] Use of undefined constant goods_id - assumed 'goods_id' F:\BBBB\shop\shop\Runtime\Cache\Home\2f412aae274b751dca883838bf7e7502.php ç¬¬ 206 è¡Œ.
NOTIC: [8] Use of undefined constant thumb_img - assumed 'thumb_img' F:\BBBB\shop\shop\Runtime\Cache\Home\2f412aae274b751dca883838bf7e7502.php ç¬¬ 206 è¡Œ.
NOTIC: [8] Use of undefined constant goods_id - assumed 'goods_id' F:\BBBB\shop\shop\Runtime\Cache\Home\2f412aae274b751dca883838bf7e7502.php ç¬¬ 207 è¡Œ.
NOTIC: [8] Use of undefined constant market_price - assumed 'market_price' F:\BBBB\shop\shop\Runtime\Cache\Home\2f412aae274b751dca883838bf7e7502.php ç¬¬ 208 è¡Œ.
NOTIC: [8] Use of undefined constant shop_price - assumed 'shop_price' F:\BBBB\shop\shop\Runtime\Cache\Home\2f412aae274b751dca883838bf7e7502.php ç¬¬ 209 è¡Œ.
NOTIC: [8] Use of undefined constant goods_id - assumed 'goods_id' F:\BBBB\shop\shop\Runtime\Cache\Home\2f412aae274b751dca883838bf7e7502.php ç¬¬ 206 è¡Œ.
NOTIC: [8] Use of undefined constant thumb_img - assumed 'thumb_img' F:\BBBB\shop\shop\Runtime\Cache\Home\2f412aae274b751dca883838bf7e7502.php ç¬¬ 206 è¡Œ.
NOTIC: [8] Use of undefined constant goods_id - assumed 'goods_id' F:\BBBB\shop\shop\Runtime\Cache\Home\2f412aae274b751dca883838bf7e7502.php ç¬¬ 207 è¡Œ.
NOTIC: [8] Use of undefined constant market_price - assumed 'market_price' F:\BBBB\shop\shop\Runtime\Cache\Home\2f412aae274b751dca883838bf7e7502.php ç¬¬ 208 è¡Œ.
NOTIC: [8] Use of undefined constant shop_price - assumed 'shop_price' F:\BBBB\shop\shop\Runtime\Cache\Home\2f412aae274b751dca883838bf7e7502.php ç¬¬ 209 è¡Œ.
NOTIC: [8] Use of undefined constant goods_id - assumed 'goods_id' F:\BBBB\shop\shop\Runtime\Cache\Home\2f412aae274b751dca883838bf7e7502.php ç¬¬ 206 è¡Œ.
NOTIC: [8] Use of undefined constant thumb_img - assumed 'thumb_img' F:\BBBB\shop\shop\Runtime\Cache\Home\2f412aae274b751dca883838bf7e7502.php ç¬¬ 206 è¡Œ.
NOTIC: [8] Use of undefined constant goods_id - assumed 'goods_id' F:\BBBB\shop\shop\Runtime\Cache\Home\2f412aae274b751dca883838bf7e7502.php ç¬¬ 207 è¡Œ.
NOTIC: [8] Use of undefined constant market_price - assumed 'market_price' F:\BBBB\shop\shop\Runtime\Cache\Home\2f412aae274b751dca883838bf7e7502.php ç¬¬ 208 è¡Œ.
NOTIC: [8] Use of undefined constant shop_price - assumed 'shop_price' F:\BBBB\shop\shop\Runtime\Cache\Home\2f412aae274b751dca883838bf7e7502.php ç¬¬ 209 è¡Œ.
NOTIC: [8] Use of undefined constant goods_id - assumed 'goods_id' F:\BBBB\shop\shop\Runtime\Cache\Home\2f412aae274b751dca883838bf7e7502.php ç¬¬ 206 è¡Œ.
NOTIC: [8] Use of undefined constant thumb_img - assumed 'thumb_img' F:\BBBB\shop\shop\Runtime\Cache\Home\2f412aae274b751dca883838bf7e7502.php ç¬¬ 206 è¡Œ.
NOTIC: [8] Use of undefined constant goods_id - assumed 'goods_id' F:\BBBB\shop\shop\Runtime\Cache\Home\2f412aae274b751dca883838bf7e7502.php ç¬¬ 207 è¡Œ.
NOTIC: [8] Use of undefined constant market_price - assumed 'market_price' F:\BBBB\shop\shop\Runtime\Cache\Home\2f412aae274b751dca883838bf7e7502.php ç¬¬ 208 è¡Œ.
NOTIC: [8] Use of undefined constant shop_price - assumed 'shop_price' F:\BBBB\shop\shop\Runtime\Cache\Home\2f412aae274b751dca883838bf7e7502.php ç¬¬ 209 è¡Œ.
NOTIC: [8] Use of undefined constant goods_id - assumed 'goods_id' F:\BBBB\shop\shop\Runtime\Cache\Home\2f412aae274b751dca883838bf7e7502.php ç¬¬ 224 è¡Œ.
NOTIC: [8] Use of undefined constant thumb_img - assumed 'thumb_img' F:\BBBB\shop\shop\Runtime\Cache\Home\2f412aae274b751dca883838bf7e7502.php ç¬¬ 224 è¡Œ.
NOTIC: [8] Use of undefined constant goods_name - assumed 'goods_name' F:\BBBB\shop\shop\Runtime\Cache\Home\2f412aae274b751dca883838bf7e7502.php ç¬¬ 224 è¡Œ.
NOTIC: [8] Use of undefined constant goods_id - assumed 'goods_id' F:\BBBB\shop\shop\Runtime\Cache\Home\2f412aae274b751dca883838bf7e7502.php ç¬¬ 225 è¡Œ.
NOTIC: [8] Use of undefined constant goods_name - assumed 'goods_name' F:\BBBB\shop\shop\Runtime\Cache\Home\2f412aae274b751dca883838bf7e7502.php ç¬¬ 225 è¡Œ.
NOTIC: [8] Use of undefined constant goods_name - assumed 'goods_name' F:\BBBB\shop\shop\Runtime\Cache\Home\2f412aae274b751dca883838bf7e7502.php ç¬¬ 225 è¡Œ.
NOTIC: [8] Use of undefined constant market_price - assumed 'market_price' F:\BBBB\shop\shop\Runtime\Cache\Home\2f412aae274b751dca883838bf7e7502.php ç¬¬ 226 è¡Œ.
NOTIC: [8] Use of undefined constant shop_price - assumed 'shop_price' F:\BBBB\shop\shop\Runtime\Cache\Home\2f412aae274b751dca883838bf7e7502.php ç¬¬ 227 è¡Œ.
NOTIC: [8] Use of undefined constant goods_id - assumed 'goods_id' F:\BBBB\shop\shop\Runtime\Cache\Home\2f412aae274b751dca883838bf7e7502.php ç¬¬ 224 è¡Œ.
NOTIC: [8] Use of undefined constant thumb_img - assumed 'thumb_img' F:\BBBB\shop\shop\Runtime\Cache\Home\2f412aae274b751dca883838bf7e7502.php ç¬¬ 224 è¡Œ.
NOTIC: [8] Use of undefined constant goods_name - assumed 'goods_name' F:\BBBB\shop\shop\Runtime\Cache\Home\2f412aae274b751dca883838bf7e7502.php ç¬¬ 224 è¡Œ.
NOTIC: [8] Use of undefined constant goods_id - assumed 'goods_id' F:\BBBB\shop\shop\Runtime\Cache\Home\2f412aae274b751dca883838bf7e7502.php ç¬¬ 225 è¡Œ.
NOTIC: [8] Use of undefined constant goods_name - assumed 'goods_name' F:\BBBB\shop\shop\Runtime\Cache\Home\2f412aae274b751dca883838bf7e7502.php ç¬¬ 225 è¡Œ.
NOTIC: [8] Use of undefined constant goods_name - assumed 'goods_name' F:\BBBB\shop\shop\Runtime\Cache\Home\2f412aae274b751dca883838bf7e7502.php ç¬¬ 225 è¡Œ.
NOTIC: [8] Use of undefined constant market_price - assumed 'market_price' F:\BBBB\shop\shop\Runtime\Cache\Home\2f412aae274b751dca883838bf7e7502.php ç¬¬ 226 è¡Œ.
NOTIC: [8] Use of undefined constant shop_price - assumed 'shop_price' F:\BBBB\shop\shop\Runtime\Cache\Home\2f412aae274b751dca883838bf7e7502.php ç¬¬ 227 è¡Œ.
NOTIC: [8] Use of undefined constant goods_id - assumed 'goods_id' F:\BBBB\shop\shop\Runtime\Cache\Home\2f412aae274b751dca883838bf7e7502.php ç¬¬ 224 è¡Œ.
NOTIC: [8] Use of undefined constant thumb_img - assumed 'thumb_img' F:\BBBB\shop\shop\Runtime\Cache\Home\2f412aae274b751dca883838bf7e7502.php ç¬¬ 224 è¡Œ.
NOTIC: [8] Use of undefined constant goods_name - assumed 'goods_name' F:\BBBB\shop\shop\Runtime\Cache\Home\2f412aae274b751dca883838bf7e7502.php ç¬¬ 224 è¡Œ.
NOTIC: [8] Use of undefined constant goods_id - assumed 'goods_id' F:\BBBB\shop\shop\Runtime\Cache\Home\2f412aae274b751dca883838bf7e7502.php ç¬¬ 225 è¡Œ.
NOTIC: [8] Use of undefined constant goods_name - assumed 'goods_name' F:\BBBB\shop\shop\Runtime\Cache\Home\2f412aae274b751dca883838bf7e7502.php ç¬¬ 225 è¡Œ.
NOTIC: [8] Use of undefined constant goods_name - assumed 'goods_name' F:\BBBB\shop\shop\Runtime\Cache\Home\2f412aae274b751dca883838bf7e7502.php ç¬¬ 225 è¡Œ.
NOTIC: [8] Use of undefined constant market_price - assumed 'market_price' F:\BBBB\shop\shop\Runtime\Cache\Home\2f412aae274b751dca883838bf7e7502.php ç¬¬ 226 è¡Œ.
NOTIC: [8] Use of undefined constant shop_price - assumed 'shop_price' F:\BBBB\shop\shop\Runtime\Cache\Home\2f412aae274b751dca883838bf7e7502.php ç¬¬ 227 è¡Œ.
NOTIC: [8] Use of undefined constant goods_id - assumed 'goods_id' F:\BBBB\shop\shop\Runtime\Cache\Home\2f412aae274b751dca883838bf7e7502.php ç¬¬ 224 è¡Œ.
NOTIC: [8] Use of undefined constant thumb_img - assumed 'thumb_img' F:\BBBB\shop\shop\Runtime\Cache\Home\2f412aae274b751dca883838bf7e7502.php ç¬¬ 224 è¡Œ.
NOTIC: [8] Use of undefined constant goods_name - assumed 'goods_name' F:\BBBB\shop\shop\Runtime\Cache\Home\2f412aae274b751dca883838bf7e7502.php ç¬¬ 224 è¡Œ.
NOTIC: [8] Use of undefined constant goods_id - assumed 'goods_id' F:\BBBB\shop\shop\Runtime\Cache\Home\2f412aae274b751dca883838bf7e7502.php ç¬¬ 225 è¡Œ.
NOTIC: [8] Use of undefined constant goods_name - assumed 'goods_name' F:\BBBB\shop\shop\Runtime\Cache\Home\2f412aae274b751dca883838bf7e7502.php ç¬¬ 225 è¡Œ.
NOTIC: [8] Use of undefined constant goods_name - assumed 'goods_name' F:\BBBB\shop\shop\Runtime\Cache\Home\2f412aae274b751dca883838bf7e7502.php ç¬¬ 225 è¡Œ.
NOTIC: [8] Use of undefined constant market_price - assumed 'market_price' F:\BBBB\shop\shop\Runtime\Cache\Home\2f412aae274b751dca883838bf7e7502.php ç¬¬ 226 è¡Œ.
NOTIC: [8] Use of undefined constant shop_price - assumed 'shop_price' F:\BBBB\shop\shop\Runtime\Cache\Home\2f412aae274b751dca883838bf7e7502.php ç¬¬ 227 è¡Œ.
NOTIC: [8] Use of undefined constant goods_id - assumed 'goods_id' F:\BBBB\shop\shop\Runtime\Cache\Home\2f412aae274b751dca883838bf7e7502.php ç¬¬ 241 è¡Œ.
NOTIC: [8] Use of undefined constant thumb_img - assumed 'thumb_img' F:\BBBB\shop\shop\Runtime\Cache\Home\2f412aae274b751dca883838bf7e7502.php ç¬¬ 241 è¡Œ.
NOTIC: [8] Use of undefined constant goods_name - assumed 'goods_name' F:\BBBB\shop\shop\Runtime\Cache\Home\2f412aae274b751dca883838bf7e7502.php ç¬¬ 241 è¡Œ.
NOTIC: [8] Use of undefined constant goods_id - assumed 'goods_id' F:\BBBB\shop\shop\Runtime\Cache\Home\2f412aae274b751dca883838bf7e7502.php ç¬¬ 242 è¡Œ.
NOTIC: [8] Use of undefined constant goods_name - assumed 'goods_name' F:\BBBB\shop\shop\Runtime\Cache\Home\2f412aae274b751dca883838bf7e7502.php ç¬¬ 242 è¡Œ.
NOTIC: [8] Use of undefined constant goods_name - assumed 'goods_name' F:\BBBB\shop\shop\Runtime\Cache\Home\2f412aae274b751dca883838bf7e7502.php ç¬¬ 242 è¡Œ.
NOTIC: [8] Use of undefined constant market_price - assumed 'market_price' F:\BBBB\shop\shop\Runtime\Cache\Home\2f412aae274b751dca883838bf7e7502.php ç¬¬ 243 è¡Œ.
NOTIC: [8] Use of undefined constant shop_price - assumed 'shop_price' F:\BBBB\shop\shop\Runtime\Cache\Home\2f412aae274b751dca883838bf7e7502.php ç¬¬ 244 è¡Œ.
NOTIC: [8] Use of undefined constant goods_id - assumed 'goods_id' F:\BBBB\shop\shop\Runtime\Cache\Home\2f412aae274b751dca883838bf7e7502.php ç¬¬ 241 è¡Œ.
NOTIC: [8] Use of undefined constant thumb_img - assumed 'thumb_img' F:\BBBB\shop\shop\Runtime\Cache\Home\2f412aae274b751dca883838bf7e7502.php ç¬¬ 241 è¡Œ.
NOTIC: [8] Use of undefined constant goods_name - assumed 'goods_name' F:\BBBB\shop\shop\Runtime\Cache\Home\2f412aae274b751dca883838bf7e7502.php ç¬¬ 241 è¡Œ.
NOTIC: [8] Use of undefined constant goods_id - assumed 'goods_id' F:\BBBB\shop\shop\Runtime\Cache\Home\2f412aae274b751dca883838bf7e7502.php ç¬¬ 242 è¡Œ.
NOTIC: [8] Use of undefined constant goods_name - assumed 'goods_name' F:\BBBB\shop\shop\Runtime\Cache\Home\2f412aae274b751dca883838bf7e7502.php ç¬¬ 242 è¡Œ.
NOTIC: [8] Use of undefined constant goods_name - assumed 'goods_name' F:\BBBB\shop\shop\Runtime\Cache\Home\2f412aae274b751dca883838bf7e7502.php ç¬¬ 242 è¡Œ.
NOTIC: [8] Use of undefined constant market_price - assumed 'market_price' F:\BBBB\shop\shop\Runtime\Cache\Home\2f412aae274b751dca883838bf7e7502.php ç¬¬ 243 è¡Œ.
NOTIC: [8] Use of undefined constant shop_price - assumed 'shop_price' F:\BBBB\shop\shop\Runtime\Cache\Home\2f412aae274b751dca883838bf7e7502.php ç¬¬ 244 è¡Œ.
NOTIC: [8] Use of undefined constant goods_id - assumed 'goods_id' F:\BBBB\shop\shop\Runtime\Cache\Home\2f412aae274b751dca883838bf7e7502.php ç¬¬ 241 è¡Œ.
NOTIC: [8] Use of undefined constant thumb_img - assumed 'thumb_img' F:\BBBB\shop\shop\Runtime\Cache\Home\2f412aae274b751dca883838bf7e7502.php ç¬¬ 241 è¡Œ.
NOTIC: [8] Use of undefined constant goods_name - assumed 'goods_name' F:\BBBB\shop\shop\Runtime\Cache\Home\2f412aae274b751dca883838bf7e7502.php ç¬¬ 241 è¡Œ.
NOTIC: [8] Use of undefined constant goods_id - assumed 'goods_id' F:\BBBB\shop\shop\Runtime\Cache\Home\2f412aae274b751dca883838bf7e7502.php ç¬¬ 242 è¡Œ.
NOTIC: [8] Use of undefined constant goods_name - assumed 'goods_name' F:\BBBB\shop\shop\Runtime\Cache\Home\2f412aae274b751dca883838bf7e7502.php ç¬¬ 242 è¡Œ.
NOTIC: [8] Use of undefined constant goods_name - assumed 'goods_name' F:\BBBB\shop\shop\Runtime\Cache\Home\2f412aae274b751dca883838bf7e7502.php ç¬¬ 242 è¡Œ.
NOTIC: [8] Use of undefined constant market_price - assumed 'market_price' F:\BBBB\shop\shop\Runtime\Cache\Home\2f412aae274b751dca883838bf7e7502.php ç¬¬ 243 è¡Œ.
NOTIC: [8] Use of undefined constant shop_price - assumed 'shop_price' F:\BBBB\shop\shop\Runtime\Cache\Home\2f412aae274b751dca883838bf7e7502.php ç¬¬ 244 è¡Œ.
NOTIC: [8] Use of undefined constant goods_id - assumed 'goods_id' F:\BBBB\shop\shop\Runtime\Cache\Home\2f412aae274b751dca883838bf7e7502.php ç¬¬ 241 è¡Œ.
NOTIC: [8] Use of undefined constant thumb_img - assumed 'thumb_img' F:\BBBB\shop\shop\Runtime\Cache\Home\2f412aae274b751dca883838bf7e7502.php ç¬¬ 241 è¡Œ.
NOTIC: [8] Use of undefined constant goods_name - assumed 'goods_name' F:\BBBB\shop\shop\Runtime\Cache\Home\2f412aae274b751dca883838bf7e7502.php ç¬¬ 241 è¡Œ.
NOTIC: [8] Use of undefined constant goods_id - assumed 'goods_id' F:\BBBB\shop\shop\Runtime\Cache\Home\2f412aae274b751dca883838bf7e7502.php ç¬¬ 242 è¡Œ.
NOTIC: [8] Use of undefined constant goods_name - assumed 'goods_name' F:\BBBB\shop\shop\Runtime\Cache\Home\2f412aae274b751dca883838bf7e7502.php ç¬¬ 242 è¡Œ.
NOTIC: [8] Use of undefined constant goods_name - assumed 'goods_name' F:\BBBB\shop\shop\Runtime\Cache\Home\2f412aae274b751dca883838bf7e7502.php ç¬¬ 242 è¡Œ.
NOTIC: [8] Use of undefined constant market_price - assumed 'market_price' F:\BBBB\shop\shop\Runtime\Cache\Home\2f412aae274b751dca883838bf7e7502.php ç¬¬ 243 è¡Œ.
NOTIC: [8] Use of undefined constant shop_price - assumed 'shop_price' F:\BBBB\shop\shop\Runtime\Cache\Home\2f412aae274b751dca883838bf7e7502.php ç¬¬ 244 è¡Œ.
INFO: Run Behavior\ParseTemplateBehavior [ RunTime:0.090000s ]
INFO: [ view_parse ] --END-- [ RunTime:0.090000s ]
INFO: [ view_filter ] --START--
INFO: Run Behavior\WriteHtmlCacheBehavior [ RunTime:0.008000s ]
INFO: [ view_filter ] --END-- [ RunTime:0.008000s ]
INFO: [ app_end ] --START--
INFO: Run Behavior\ShowPageTraceBehavior [ RunTime:0.014000s ]
INFO: [ app_end ] --END-- [ RunTime:0.014000s ]

