[ 2017-01-04T14:54:04+08:00 ] 127.0.0.1 /bool/shop/index.php?_ijt=6lijas3pnb9u2mp5ll9a8reivo
INFO: [ app_init ] --START--
INFO: Run Behavior\BuildLiteBehavior [ RunTime:0.000000s ]
INFO: [ app_init ] --END-- [ RunTime:0.044002s ]
INFO: [ app_begin ] --START--
INFO: Run Behavior\ReadHtmlCacheBehavior [ RunTime:0.023001s ]
INFO: [ app_begin ] --END-- [ RunTime:0.024001s ]
SQL: SHOW COLUMNS FROM `cat` [ RunTime:0.5430s ]
NOTIC: [2] array_reverse() expects parameter 1 to be array, null given E:\php\amp\www\bool\shop\Home\Controller\IndexController.class.php 第 10 行.
SQL: SELECT * FROM `cat`  [ RunTime:0.0100s ]
SQL: SELECT * FROM `cat`  [ RunTime:0.0000s ]
SQL: SELECT * FROM `cat`  [ RunTime:0.0010s ]
SQL: SELECT * FROM `cat`  [ RunTime:0.0010s ]
SQL: SELECT * FROM `cat`  [ RunTime:0.0010s ]
SQL: SELECT * FROM `cat`  [ RunTime:0.0000s ]
SQL: SELECT * FROM `cat`  [ RunTime:0.0000s ]
SQL: SELECT * FROM `cat`  [ RunTime:0.0000s ]
SQL: SELECT * FROM `cat`  [ RunTime:0.0010s ]
SQL: SELECT * FROM `cat`  [ RunTime:0.0010s ]
SQL: SELECT * FROM `cat`  [ RunTime:0.0000s ]
SQL: SELECT * FROM `cat`  [ RunTime:0.0000s ]
SQL: SELECT * FROM `cat`  [ RunTime:0.0010s ]
SQL: SELECT * FROM `cat`  [ RunTime:0.0000s ]
SQL: SELECT * FROM `cat`  [ RunTime:0.0000s ]
SQL: SHOW COLUMNS FROM `goods` [ RunTime:0.1270s ]
SQL: SELECT `goods_id`,`goods_name`,`shop_price`,`thumb_img`,`goods_img`,`market_price` FROM `goods` WHERE ( is_hot=1 ) ORDER BY goods_id desc LIMIT 0,4   [ RunTime:0.0680s ]
SQL: SELECT `goods_id`,`goods_name`,`shop_price`,`thumb_img`,`goods_img`,`market_price` FROM `goods` WHERE ( is_best=1 ) ORDER BY goods_id desc LIMIT 0,4   [ RunTime:0.0010s ]
SQL: SELECT `goods_id`,`goods_name`,`shop_price`,`thumb_img`,`goods_img`,`market_price` FROM `goods` WHERE ( is_new=1 ) ORDER BY goods_id desc LIMIT 0,4   [ RunTime:0.0010s ]
INFO: [ view_parse ] --START--
INFO: [ template_filter ] --START--
INFO: Run Behavior\ContentReplaceBehavior [ RunTime:0.000000s ]
INFO: [ template_filter ] --END-- [ RunTime:0.000000s ]
NOTIC: [8] Use of undefined constant cat_id - assumed 'cat_id' E:\php\amp\www\bool\shop\Runtime\Cache\Home\2f412aae274b751dca883838bf7e7502.php 第 94 行.
NOTIC: [8] Use of undefined constant parent_id - assumed 'parent_id' E:\php\amp\www\bool\shop\Runtime\Cache\Home\2f412aae274b751dca883838bf7e7502.php 第 94 行.
NOTIC: [8] Use of undefined constant cat_id - assumed 'cat_id' E:\php\amp\www\bool\shop\Runtime\Cache\Home\2f412aae274b751dca883838bf7e7502.php 第 94 行.
NOTIC: [8] Use of undefined constant parent_id - assumed 'parent_id' E:\php\amp\www\bool\shop\Runtime\Cache\Home\2f412aae274b751dca883838bf7e7502.php 第 94 行.
NOTIC: [8] Use of undefined constant cat_id - assumed 'cat_id' E:\php\amp\www\bool\shop\Runtime\Cache\Home\2f412aae274b751dca883838bf7e7502.php 第 94 行.
NOTIC: [8] Use of undefined constant cat_id - assumed 'cat_id' E:\php\amp\www\bool\shop\Runtime\Cache\Home\2f412aae274b751dca883838bf7e7502.php 第 94 行.
NOTIC: [8] Use of undefined constant parent_id - assumed 'parent_id' E:\php\amp\www\bool\shop\Runtime\Cache\Home\2f412aae274b751dca883838bf7e7502.php 第 94 行.
NOTIC: [8] Use of undefined constant cat_id - assumed 'cat_id' E:\php\amp\www\bool\shop\Runtime\Cache\Home\2f412aae274b751dca883838bf7e7502.php 第 94 行.
NOTIC: [8] Use of undefined constant cat_id - assumed 'cat_id' E:\php\amp\www\bool\shop\Runtime\Cache\Home\2f412aae274b751dca883838bf7e7502.php 第 94 行.
NOTIC: [8] Use of undefined constant parent_id - assumed 'parent_id' E:\php\amp\www\bool\shop\Runtime\Cache\Home\2f412aae274b751dca883838bf7e7502.php 第 94 行.
NOTIC: [8] Use of undefined constant cat_id - assumed 'cat_id' E:\php\amp\www\bool\shop\Runtime\Cache\Home\2f412aae274b751dca883838bf7e7502.php 第 94 行.
NOTIC: [8] Use of undefined constant cat_id - assumed 'cat_id' E:\php\amp\www\bool\shop\Runtime\Cache\Home\2f412aae274b751dca883838bf7e7502.php 第 94 行.
NOTIC: [8] Use of undefined constant parent_id - assumed 'parent_id' E:\php\amp\www\bool\shop\Runtime\Cache\Home\2f412aae274b751dca883838bf7e7502.php 第 94 行.
NOTIC: [8] Use of undefined constant cat_id - assumed 'cat_id' E:\php\amp\www\bool\shop\Runtime\Cache\Home\2f412aae274b751dca883838bf7e7502.php 第 94 行.
NOTIC: [8] Use of undefined constant cat_id - assumed 'cat_id' E:\php\amp\www\bool\shop\Runtime\Cache\Home\2f412aae274b751dca883838bf7e7502.php 第 94 行.
NOTIC: [8] Use of undefined constant parent_id - assumed 'parent_id' E:\php\amp\www\bool\shop\Runtime\Cache\Home\2f412aae274b751dca883838bf7e7502.php 第 94 行.
NOTIC: [8] Use of undefined constant cat_id - assumed 'cat_id' E:\php\amp\www\bool\shop\Runtime\Cache\Home\2f412aae274b751dca883838bf7e7502.php 第 94 行.
NOTIC: [8] Use of undefined constant parent_id - assumed 'parent_id' E:\php\amp\www\bool\shop\Runtime\Cache\Home\2f412aae274b751dca883838bf7e7502.php 第 94 行.
NOTIC: [8] Use of undefined constant cat_id - assumed 'cat_id' E:\php\amp\www\bool\shop\Runtime\Cache\Home\2f412aae274b751dca883838bf7e7502.php 第 94 行.
NOTIC: [8] Use of undefined constant parent_id - assumed 'parent_id' E:\php\amp\www\bool\shop\Runtime\Cache\Home\2f412aae274b751dca883838bf7e7502.php 第 94 行.
NOTIC: [8] Use of undefined constant cat_id - assumed 'cat_id' E:\php\amp\www\bool\shop\Runtime\Cache\Home\2f412aae274b751dca883838bf7e7502.php 第 94 行.
NOTIC: [8] Use of undefined constant parent_id - assumed 'parent_id' E:\php\amp\www\bool\shop\Runtime\Cache\Home\2f412aae274b751dca883838bf7e7502.php 第 94 行.
NOTIC: [8] Use of undefined constant cat_id - assumed 'cat_id' E:\php\amp\www\bool\shop\Runtime\Cache\Home\2f412aae274b751dca883838bf7e7502.php 第 94 行.
NOTIC: [8] Use of undefined constant parent_id - assumed 'parent_id' E:\php\amp\www\bool\shop\Runtime\Cache\Home\2f412aae274b751dca883838bf7e7502.php 第 94 行.
NOTIC: [8] Use of undefined constant cat_id - assumed 'cat_id' E:\php\amp\www\bool\shop\Runtime\Cache\Home\2f412aae274b751dca883838bf7e7502.php 第 94 行.
NOTIC: [8] Use of undefined constant parent_id - assumed 'parent_id' E:\php\amp\www\bool\shop\Runtime\Cache\Home\2f412aae274b751dca883838bf7e7502.php 第 94 行.
NOTIC: [8] Use of undefined constant cat_id - assumed 'cat_id' E:\php\amp\www\bool\shop\Runtime\Cache\Home\2f412aae274b751dca883838bf7e7502.php 第 94 行.
NOTIC: [8] Use of undefined constant parent_id - assumed 'parent_id' E:\php\amp\www\bool\shop\Runtime\Cache\Home\2f412aae274b751dca883838bf7e7502.php 第 94 行.
NOTIC: [8] Use of undefined constant cat_id - assumed 'cat_id' E:\php\amp\www\bool\shop\Runtime\Cache\Home\2f412aae274b751dca883838bf7e7502.php 第 94 行.
NOTIC: [8] Use of undefined constant parent_id - assumed 'parent_id' E:\php\amp\www\bool\shop\Runtime\Cache\Home\2f412aae274b751dca883838bf7e7502.php 第 94 行.
NOTIC: [8] Use of undefined constant cat_id - assumed 'cat_id' E:\php\amp\www\bool\shop\Runtime\Cache\Home\2f412aae274b751dca883838bf7e7502.php 第 94 行.
NOTIC: [8] Use of undefined constant parent_id - assumed 'parent_id' E:\php\amp\www\bool\shop\Runtime\Cache\Home\2f412aae274b751dca883838bf7e7502.php 第 94 行.
NOTIC: [8] Use of undefined constant cat_id - assumed 'cat_id' E:\php\amp\www\bool\shop\Runtime\Cache\Home\2f412aae274b751dca883838bf7e7502.php 第 94 行.
NOTIC: [8] Use of undefined constant parent_id - assumed 'parent_id' E:\php\amp\www\bool\shop\Runtime\Cache\Home\2f412aae274b751dca883838bf7e7502.php 第 94 行.
NOTIC: [8] Use of undefined constant cat_id - assumed 'cat_id' E:\php\amp\www\bool\shop\Runtime\Cache\Home\2f412aae274b751dca883838bf7e7502.php 第 94 行.
NOTIC: [8] Use of undefined constant parent_id - assumed 'parent_id' E:\php\amp\www\bool\shop\Runtime\Cache\Home\2f412aae274b751dca883838bf7e7502.php 第 94 行.
NOTIC: [8] Use of undefined constant cat_id - assumed 'cat_id' E:\php\amp\www\bool\shop\Runtime\Cache\Home\2f412aae274b751dca883838bf7e7502.php 第 94 行.
NOTIC: [8] Use of undefined constant parent_id - assumed 'parent_id' E:\php\amp\www\bool\shop\Runtime\Cache\Home\2f412aae274b751dca883838bf7e7502.php 第 94 行.
NOTIC: [8] Use of undefined constant cat_id - assumed 'cat_id' E:\php\amp\www\bool\shop\Runtime\Cache\Home\2f412aae274b751dca883838bf7e7502.php 第 94 行.
NOTIC: [8] Use of undefined constant parent_id - assumed 'parent_id' E:\php\amp\www\bool\shop\Runtime\Cache\Home\2f412aae274b751dca883838bf7e7502.php 第 94 行.
NOTIC: [8] Use of undefined constant cat_id - assumed 'cat_id' E:\php\amp\www\bool\shop\Runtime\Cache\Home\2f412aae274b751dca883838bf7e7502.php 第 94 行.
NOTIC: [8] Use of undefined constant parent_id - assumed 'parent_id' E:\php\amp\www\bool\shop\Runtime\Cache\Home\2f412aae274b751dca883838bf7e7502.php 第 94 行.
NOTIC: [8] Use of undefined constant cat_id - assumed 'cat_id' E:\php\amp\www\bool\shop\Runtime\Cache\Home\2f412aae274b751dca883838bf7e7502.php 第 94 行.
NOTIC: [8] Use of undefined constant parent_id - assumed 'parent_id' E:\php\amp\www\bool\shop\Runtime\Cache\Home\2f412aae274b751dca883838bf7e7502.php 第 94 行.
NOTIC: [8] Use of undefined constant cat_id - assumed 'cat_id' E:\php\amp\www\bool\shop\Runtime\Cache\Home\2f412aae274b751dca883838bf7e7502.php 第 94 行.
NOTIC: [8] Use of undefined constant parent_id - assumed 'parent_id' E:\php\amp\www\bool\shop\Runtime\Cache\Home\2f412aae274b751dca883838bf7e7502.php 第 94 行.
NOTIC: [8] Use of undefined constant cat_id - assumed 'cat_id' E:\php\amp\www\bool\shop\Runtime\Cache\Home\2f412aae274b751dca883838bf7e7502.php 第 94 行.
NOTIC: [8] Use of undefined constant cat_id - assumed 'cat_id' E:\php\amp\www\bool\shop\Runtime\Cache\Home\2f412aae274b751dca883838bf7e7502.php 第 94 行.
NOTIC: [8] Use of undefined constant parent_id - assumed 'parent_id' E:\php\amp\www\bool\shop\Runtime\Cache\Home\2f412aae274b751dca883838bf7e7502.php 第 94 行.
NOTIC: [8] Use of undefined constant cat_id - assumed 'cat_id' E:\php\amp\www\bool\shop\Runtime\Cache\Home\2f412aae274b751dca883838bf7e7502.php 第 94 行.
NOTIC: [8] Use of undefined constant cat_id - assumed 'cat_id' E:\php\amp\www\bool\shop\Runtime\Cache\Home\2f412aae274b751dca883838bf7e7502.php 第 94 行.
NOTIC: [8] Use of undefined constant parent_id - assumed 'parent_id' E:\php\amp\www\bool\shop\Runtime\Cache\Home\2f412aae274b751dca883838bf7e7502.php 第 94 行.
NOTIC: [8] Use of undefined constant cat_id - assumed 'cat_id' E:\php\amp\www\bool\shop\Runtime\Cache\Home\2f412aae274b751dca883838bf7e7502.php 第 94 行.
NOTIC: [8] Use of undefined constant cat_id - assumed 'cat_id' E:\php\amp\www\bool\shop\Runtime\Cache\Home\2f412aae274b751dca883838bf7e7502.php 第 94 行.
NOTIC: [8] Use of undefined constant parent_id - assumed 'parent_id' E:\php\amp\www\bool\shop\Runtime\Cache\Home\2f412aae274b751dca883838bf7e7502.php 第 94 行.
NOTIC: [8] Use of undefined constant cat_id - assumed 'cat_id' E:\php\amp\www\bool\shop\Runtime\Cache\Home\2f412aae274b751dca883838bf7e7502.php 第 94 行.
NOTIC: [8] Use of undefined constant cat_id - assumed 'cat_id' E:\php\amp\www\bool\shop\Runtime\Cache\Home\2f412aae274b751dca883838bf7e7502.php 第 94 行.
NOTIC: [8] Use of undefined constant parent_id - assumed 'parent_id' E:\php\amp\www\bool\shop\Runtime\Cache\Home\2f412aae274b751dca883838bf7e7502.php 第 94 行.
NOTIC: [8] Use of undefined constant cat_id - assumed 'cat_id' E:\php\amp\www\bool\shop\Runtime\Cache\Home\2f412aae274b751dca883838bf7e7502.php 第 94 行.
NOTIC: [8] Use of undefined constant parent_id - assumed 'parent_id' E:\php\amp\www\bool\shop\Runtime\Cache\Home\2f412aae274b751dca883838bf7e7502.php 第 94 行.
NOTIC: [8] Use of undefined constant cat_id - assumed 'cat_id' E:\php\amp\www\bool\shop\Runtime\Cache\Home\2f412aae274b751dca883838bf7e7502.php 第 94 行.
NOTIC: [8] Use of undefined constant parent_id - assumed 'parent_id' E:\php\amp\www\bool\shop\Runtime\Cache\Home\2f412aae274b751dca883838bf7e7502.php 第 94 行.
NOTIC: [8] Use of undefined constant cat_id - assumed 'cat_id' E:\php\amp\www\bool\shop\Runtime\Cache\Home\2f412aae274b751dca883838bf7e7502.php 第 94 行.
NOTIC: [8] Use of undefined constant parent_id - assumed 'parent_id' E:\php\amp\www\bool\shop\Runtime\Cache\Home\2f412aae274b751dca883838bf7e7502.php 第 94 行.
NOTIC: [8] Use of undefined constant cat_id - assumed 'cat_id' E:\php\amp\www\bool\shop\Runtime\Cache\Home\2f412aae274b751dca883838bf7e7502.php 第 94 行.
NOTIC: [8] Use of undefined constant parent_id - assumed 'parent_id' E:\php\amp\www\bool\shop\Runtime\Cache\Home\2f412aae274b751dca883838bf7e7502.php 第 94 行.
NOTIC: [8] Use of undefined constant cat_id - assumed 'cat_id' E:\php\amp\www\bool\shop\Runtime\Cache\Home\2f412aae274b751dca883838bf7e7502.php 第 94 行.
NOTIC: [8] Use of undefined constant parent_id - assumed 'parent_id' E:\php\amp\www\bool\shop\Runtime\Cache\Home\2f412aae274b751dca883838bf7e7502.php 第 94 行.
NOTIC: [8] Use of undefined constant cat_id - assumed 'cat_id' E:\php\amp\www\bool\shop\Runtime\Cache\Home\2f412aae274b751dca883838bf7e7502.php 第 94 行.
NOTIC: [8] Use of undefined constant parent_id - assumed 'parent_id' E:\php\amp\www\bool\shop\Runtime\Cache\Home\2f412aae274b751dca883838bf7e7502.php 第 94 行.
NOTIC: [8] Use of undefined constant cat_id - assumed 'cat_id' E:\php\amp\www\bool\shop\Runtime\Cache\Home\2f412aae274b751dca883838bf7e7502.php 第 94 行.
NOTIC: [8] Use of undefined constant parent_id - assumed 'parent_id' E:\php\amp\www\bool\shop\Runtime\Cache\Home\2f412aae274b751dca883838bf7e7502.php 第 94 行.
NOTIC: [8] Use of undefined constant cat_id - assumed 'cat_id' E:\php\amp\www\bool\shop\Runtime\Cache\Home\2f412aae274b751dca883838bf7e7502.php 第 94 行.
NOTIC: [8] Use of undefined constant parent_id - assumed 'parent_id' E:\php\amp\www\bool\shop\Runtime\Cache\Home\2f412aae274b751dca883838bf7e7502.php 第 94 行.
NOTIC: [8] Use of undefined constant cat_id - assumed 'cat_id' E:\php\amp\www\bool\shop\Runtime\Cache\Home\2f412aae274b751dca883838bf7e7502.php 第 94 行.
NOTIC: [8] Use of undefined constant parent_id - assumed 'parent_id' E:\php\amp\www\bool\shop\Runtime\Cache\Home\2f412aae274b751dca883838bf7e7502.php 第 94 行.
NOTIC: [8] Use of undefined constant cat_id - assumed 'cat_id' E:\php\amp\www\bool\shop\Runtime\Cache\Home\2f412aae274b751dca883838bf7e7502.php 第 94 行.
NOTIC: [8] Use of undefined constant parent_id - assumed 'parent_id' E:\php\amp\www\bool\shop\Runtime\Cache\Home\2f412aae274b751dca883838bf7e7502.php 第 94 行.
NOTIC: [8] Use of undefined constant cat_id - assumed 'cat_id' E:\php\amp\www\bool\shop\Runtime\Cache\Home\2f412aae274b751dca883838bf7e7502.php 第 94 行.
NOTIC: [8] Use of undefined constant parent_id - assumed 'parent_id' E:\php\amp\www\bool\shop\Runtime\Cache\Home\2f412aae274b751dca883838bf7e7502.php 第 94 行.
NOTIC: [8] Use of undefined constant cat_id - assumed 'cat_id' E:\php\amp\www\bool\shop\Runtime\Cache\Home\2f412aae274b751dca883838bf7e7502.php 第 94 行.
NOTIC: [8] Use of undefined constant parent_id - assumed 'parent_id' E:\php\amp\www\bool\shop\Runtime\Cache\Home\2f412aae274b751dca883838bf7e7502.php 第 94 行.
NOTIC: [8] Use of undefined constant cat_id - assumed 'cat_id' E:\php\amp\www\bool\shop\Runtime\Cache\Home\2f412aae274b751dca883838bf7e7502.php 第 94 行.
NOTIC: [8] Use of undefined constant parent_id - assumed 'parent_id' E:\php\amp\www\bool\shop\Runtime\Cache\Home\2f412aae274b751dca883838bf7e7502.php 第 94 行.
NOTIC: [8] Use of undefined constant cat_id - assumed 'cat_id' E:\php\amp\www\bool\shop\Runtime\Cache\Home\2f412aae274b751dca883838bf7e7502.php 第 94 行.
NOTIC: [8] Use of undefined constant parent_id - assumed 'parent_id' E:\php\amp\www\bool\shop\Runtime\Cache\Home\2f412aae274b751dca883838bf7e7502.php 第 94 行.
NOTIC: [8] Use of undefined constant cat_id - assumed 'cat_id' E:\php\amp\www\bool\shop\Runtime\Cache\Home\2f412aae274b751dca883838bf7e7502.php 第 94 行.
NOTIC: [8] Use of undefined constant parent_id - assumed 'parent_id' E:\php\amp\www\bool\shop\Runtime\Cache\Home\2f412aae274b751dca883838bf7e7502.php 第 94 行.
NOTIC: [8] Use of undefined constant cat_id - assumed 'cat_id' E:\php\amp\www\bool\shop\Runtime\Cache\Home\2f412aae274b751dca883838bf7e7502.php 第 94 行.
NOTIC: [8] Use of undefined constant cat_id - assumed 'cat_id' E:\php\amp\www\bool\shop\Runtime\Cache\Home\2f412aae274b751dca883838bf7e7502.php 第 94 行.
NOTIC: [8] Use of undefined constant parent_id - assumed 'parent_id' E:\php\amp\www\bool\shop\Runtime\Cache\Home\2f412aae274b751dca883838bf7e7502.php 第 94 行.
NOTIC: [8] Use of undefined constant cat_id - assumed 'cat_id' E:\php\amp\www\bool\shop\Runtime\Cache\Home\2f412aae274b751dca883838bf7e7502.php 第 94 行.
NOTIC: [8] Use of undefined constant cat_id - assumed 'cat_id' E:\php\amp\www\bool\shop\Runtime\Cache\Home\2f412aae274b751dca883838bf7e7502.php 第 94 行.
NOTIC: [8] Use of undefined constant parent_id - assumed 'parent_id' E:\php\amp\www\bool\shop\Runtime\Cache\Home\2f412aae274b751dca883838bf7e7502.php 第 94 行.
NOTIC: [8] Use of undefined constant cat_id - assumed 'cat_id' E:\php\amp\www\bool\shop\Runtime\Cache\Home\2f412aae274b751dca883838bf7e7502.php 第 94 行.
NOTIC: [8] Use of undefined constant goods_id - assumed 'goods_id' E:\php\amp\www\bool\shop\Runtime\Cache\Home\2f412aae274b751dca883838bf7e7502.php 第 207 行.
NOTIC: [8] Use of undefined constant thumb_img - assumed 'thumb_img' E:\php\amp\www\bool\shop\Runtime\Cache\Home\2f412aae274b751dca883838bf7e7502.php 第 207 行.
NOTIC: [8] Use of undefined constant goods_id - assumed 'goods_id' E:\php\amp\www\bool\shop\Runtime\Cache\Home\2f412aae274b751dca883838bf7e7502.php 第 208 行.
NOTIC: [8] Use of undefined constant market_price - assumed 'market_price' E:\php\amp\www\bool\shop\Runtime\Cache\Home\2f412aae274b751dca883838bf7e7502.php 第 209 行.
NOTIC: [8] Use of undefined constant shop_price - assumed 'shop_price' E:\php\amp\www\bool\shop\Runtime\Cache\Home\2f412aae274b751dca883838bf7e7502.php 第 210 行.
NOTIC: [8] Use of undefined constant goods_id - assumed 'goods_id' E:\php\amp\www\bool\shop\Runtime\Cache\Home\2f412aae274b751dca883838bf7e7502.php 第 207 行.
NOTIC: [8] Use of undefined constant thumb_img - assumed 'thumb_img' E:\php\amp\www\bool\shop\Runtime\Cache\Home\2f412aae274b751dca883838bf7e7502.php 第 207 行.
NOTIC: [8] Use of undefined constant goods_id - assumed 'goods_id' E:\php\amp\www\bool\shop\Runtime\Cache\Home\2f412aae274b751dca883838bf7e7502.php 第 208 行.
NOTIC: [8] Use of undefined constant market_price - assumed 'market_price' E:\php\amp\www\bool\shop\Runtime\Cache\Home\2f412aae274b751dca883838bf7e7502.php 第 209 行.
NOTIC: [8] Use of undefined constant shop_price - assumed 'shop_price' E:\php\amp\www\bool\shop\Runtime\Cache\Home\2f412aae274b751dca883838bf7e7502.php 第 210 行.
NOTIC: [8] Use of undefined constant goods_id - assumed 'goods_id' E:\php\amp\www\bool\shop\Runtime\Cache\Home\2f412aae274b751dca883838bf7e7502.php 第 207 行.
NOTIC: [8] Use of undefined constant thumb_img - assumed 'thumb_img' E:\php\amp\www\bool\shop\Runtime\Cache\Home\2f412aae274b751dca883838bf7e7502.php 第 207 行.
NOTIC: [8] Use of undefined constant goods_id - assumed 'goods_id' E:\php\amp\www\bool\shop\Runtime\Cache\Home\2f412aae274b751dca883838bf7e7502.php 第 208 行.
NOTIC: [8] Use of undefined constant market_price - assumed 'market_price' E:\php\amp\www\bool\shop\Runtime\Cache\Home\2f412aae274b751dca883838bf7e7502.php 第 209 行.
NOTIC: [8] Use of undefined constant shop_price - assumed 'shop_price' E:\php\amp\www\bool\shop\Runtime\Cache\Home\2f412aae274b751dca883838bf7e7502.php 第 210 行.
NOTIC: [8] Use of undefined constant goods_id - assumed 'goods_id' E:\php\amp\www\bool\shop\Runtime\Cache\Home\2f412aae274b751dca883838bf7e7502.php 第 207 行.
NOTIC: [8] Use of undefined constant thumb_img - assumed 'thumb_img' E:\php\amp\www\bool\shop\Runtime\Cache\Home\2f412aae274b751dca883838bf7e7502.php 第 207 行.
NOTIC: [8] Use of undefined constant goods_id - assumed 'goods_id' E:\php\amp\www\bool\shop\Runtime\Cache\Home\2f412aae274b751dca883838bf7e7502.php 第 208 行.
NOTIC: [8] Use of undefined constant market_price - assumed 'market_price' E:\php\amp\www\bool\shop\Runtime\Cache\Home\2f412aae274b751dca883838bf7e7502.php 第 209 行.
NOTIC: [8] Use of undefined constant shop_price - assumed 'shop_price' E:\php\amp\www\bool\shop\Runtime\Cache\Home\2f412aae274b751dca883838bf7e7502.php 第 210 行.
NOTIC: [8] Use of undefined constant goods_id - assumed 'goods_id' E:\php\amp\www\bool\shop\Runtime\Cache\Home\2f412aae274b751dca883838bf7e7502.php 第 225 行.
NOTIC: [8] Use of undefined constant thumb_img - assumed 'thumb_img' E:\php\amp\www\bool\shop\Runtime\Cache\Home\2f412aae274b751dca883838bf7e7502.php 第 225 行.
NOTIC: [8] Use of undefined constant goods_name - assumed 'goods_name' E:\php\amp\www\bool\shop\Runtime\Cache\Home\2f412aae274b751dca883838bf7e7502.php 第 225 行.
NOTIC: [8] Use of undefined constant goods_id - assumed 'goods_id' E:\php\amp\www\bool\shop\Runtime\Cache\Home\2f412aae274b751dca883838bf7e7502.php 第 226 行.
NOTIC: [8] Use of undefined constant goods_name - assumed 'goods_name' E:\php\amp\www\bool\shop\Runtime\Cache\Home\2f412aae274b751dca883838bf7e7502.php 第 226 行.
NOTIC: [8] Use of undefined constant goods_name - assumed 'goods_name' E:\php\amp\www\bool\shop\Runtime\Cache\Home\2f412aae274b751dca883838bf7e7502.php 第 226 行.
NOTIC: [8] Use of undefined constant market_price - assumed 'market_price' E:\php\amp\www\bool\shop\Runtime\Cache\Home\2f412aae274b751dca883838bf7e7502.php 第 227 行.
NOTIC: [8] Use of undefined constant shop_price - assumed 'shop_price' E:\php\amp\www\bool\shop\Runtime\Cache\Home\2f412aae274b751dca883838bf7e7502.php 第 228 行.
NOTIC: [8] Use of undefined constant goods_id - assumed 'goods_id' E:\php\amp\www\bool\shop\Runtime\Cache\Home\2f412aae274b751dca883838bf7e7502.php 第 225 行.
NOTIC: [8] Use of undefined constant thumb_img - assumed 'thumb_img' E:\php\amp\www\bool\shop\Runtime\Cache\Home\2f412aae274b751dca883838bf7e7502.php 第 225 行.
NOTIC: [8] Use of undefined constant goods_name - assumed 'goods_name' E:\php\amp\www\bool\shop\Runtime\Cache\Home\2f412aae274b751dca883838bf7e7502.php 第 225 行.
NOTIC: [8] Use of undefined constant goods_id - assumed 'goods_id' E:\php\amp\www\bool\shop\Runtime\Cache\Home\2f412aae274b751dca883838bf7e7502.php 第 226 行.
NOTIC: [8] Use of undefined constant goods_name - assumed 'goods_name' E:\php\amp\www\bool\shop\Runtime\Cache\Home\2f412aae274b751dca883838bf7e7502.php 第 226 行.
NOTIC: [8] Use of undefined constant goods_name - assumed 'goods_name' E:\php\amp\www\bool\shop\Runtime\Cache\Home\2f412aae274b751dca883838bf7e7502.php 第 226 行.
NOTIC: [8] Use of undefined constant market_price - assumed 'market_price' E:\php\amp\www\bool\shop\Runtime\Cache\Home\2f412aae274b751dca883838bf7e7502.php 第 227 行.
NOTIC: [8] Use of undefined constant shop_price - assumed 'shop_price' E:\php\amp\www\bool\shop\Runtime\Cache\Home\2f412aae274b751dca883838bf7e7502.php 第 228 行.
NOTIC: [8] Use of undefined constant goods_id - assumed 'goods_id' E:\php\amp\www\bool\shop\Runtime\Cache\Home\2f412aae274b751dca883838bf7e7502.php 第 225 行.
NOTIC: [8] Use of undefined constant thumb_img - assumed 'thumb_img' E:\php\amp\www\bool\shop\Runtime\Cache\Home\2f412aae274b751dca883838bf7e7502.php 第 225 行.
NOTIC: [8] Use of undefined constant goods_name - assumed 'goods_name' E:\php\amp\www\bool\shop\Runtime\Cache\Home\2f412aae274b751dca883838bf7e7502.php 第 225 行.
NOTIC: [8] Use of undefined constant goods_id - assumed 'goods_id' E:\php\amp\www\bool\shop\Runtime\Cache\Home\2f412aae274b751dca883838bf7e7502.php 第 226 行.
NOTIC: [8] Use of undefined constant goods_name - assumed 'goods_name' E:\php\amp\www\bool\shop\Runtime\Cache\Home\2f412aae274b751dca883838bf7e7502.php 第 226 行.
NOTIC: [8] Use of undefined constant goods_name - assumed 'goods_name' E:\php\amp\www\bool\shop\Runtime\Cache\Home\2f412aae274b751dca883838bf7e7502.php 第 226 行.
NOTIC: [8] Use of undefined constant market_price - assumed 'market_price' E:\php\amp\www\bool\shop\Runtime\Cache\Home\2f412aae274b751dca883838bf7e7502.php 第 227 行.
NOTIC: [8] Use of undefined constant shop_price - assumed 'shop_price' E:\php\amp\www\bool\shop\Runtime\Cache\Home\2f412aae274b751dca883838bf7e7502.php 第 228 行.
NOTIC: [8] Use of undefined constant goods_id - assumed 'goods_id' E:\php\amp\www\bool\shop\Runtime\Cache\Home\2f412aae274b751dca883838bf7e7502.php 第 225 行.
NOTIC: [8] Use of undefined constant thumb_img - assumed 'thumb_img' E:\php\amp\www\bool\shop\Runtime\Cache\Home\2f412aae274b751dca883838bf7e7502.php 第 225 行.
NOTIC: [8] Use of undefined constant goods_name - assumed 'goods_name' E:\php\amp\www\bool\shop\Runtime\Cache\Home\2f412aae274b751dca883838bf7e7502.php 第 225 行.
NOTIC: [8] Use of undefined constant goods_id - assumed 'goods_id' E:\php\amp\www\bool\shop\Runtime\Cache\Home\2f412aae274b751dca883838bf7e7502.php 第 226 行.
NOTIC: [8] Use of undefined constant goods_name - assumed 'goods_name' E:\php\amp\www\bool\shop\Runtime\Cache\Home\2f412aae274b751dca883838bf7e7502.php 第 226 行.
NOTIC: [8] Use of undefined constant goods_name - assumed 'goods_name' E:\php\amp\www\bool\shop\Runtime\Cache\Home\2f412aae274b751dca883838bf7e7502.php 第 226 行.
NOTIC: [8] Use of undefined constant market_price - assumed 'market_price' E:\php\amp\www\bool\shop\Runtime\Cache\Home\2f412aae274b751dca883838bf7e7502.php 第 227 行.
NOTIC: [8] Use of undefined constant shop_price - assumed 'shop_price' E:\php\amp\www\bool\shop\Runtime\Cache\Home\2f412aae274b751dca883838bf7e7502.php 第 228 行.
NOTIC: [8] Use of undefined constant goods_id - assumed 'goods_id' E:\php\amp\www\bool\shop\Runtime\Cache\Home\2f412aae274b751dca883838bf7e7502.php 第 242 行.
NOTIC: [8] Use of undefined constant thumb_img - assumed 'thumb_img' E:\php\amp\www\bool\shop\Runtime\Cache\Home\2f412aae274b751dca883838bf7e7502.php 第 242 行.
NOTIC: [8] Use of undefined constant goods_name - assumed 'goods_name' E:\php\amp\www\bool\shop\Runtime\Cache\Home\2f412aae274b751dca883838bf7e7502.php 第 242 行.
NOTIC: [8] Use of undefined constant goods_id - assumed 'goods_id' E:\php\amp\www\bool\shop\Runtime\Cache\Home\2f412aae274b751dca883838bf7e7502.php 第 243 行.
NOTIC: [8] Use of undefined constant goods_name - assumed 'goods_name' E:\php\amp\www\bool\shop\Runtime\Cache\Home\2f412aae274b751dca883838bf7e7502.php 第 243 行.
NOTIC: [8] Use of undefined constant goods_name - assumed 'goods_name' E:\php\amp\www\bool\shop\Runtime\Cache\Home\2f412aae274b751dca883838bf7e7502.php 第 243 行.
NOTIC: [8] Use of undefined constant market_price - assumed 'market_price' E:\php\amp\www\bool\shop\Runtime\Cache\Home\2f412aae274b751dca883838bf7e7502.php 第 244 行.
NOTIC: [8] Use of undefined constant shop_price - assumed 'shop_price' E:\php\amp\www\bool\shop\Runtime\Cache\Home\2f412aae274b751dca883838bf7e7502.php 第 245 行.
NOTIC: [8] Use of undefined constant goods_id - assumed 'goods_id' E:\php\amp\www\bool\shop\Runtime\Cache\Home\2f412aae274b751dca883838bf7e7502.php 第 242 行.
NOTIC: [8] Use of undefined constant thumb_img - assumed 'thumb_img' E:\php\amp\www\bool\shop\Runtime\Cache\Home\2f412aae274b751dca883838bf7e7502.php 第 242 行.
NOTIC: [8] Use of undefined constant goods_name - assumed 'goods_name' E:\php\amp\www\bool\shop\Runtime\Cache\Home\2f412aae274b751dca883838bf7e7502.php 第 242 行.
NOTIC: [8] Use of undefined constant goods_id - assumed 'goods_id' E:\php\amp\www\bool\shop\Runtime\Cache\Home\2f412aae274b751dca883838bf7e7502.php 第 243 行.
NOTIC: [8] Use of undefined constant goods_name - assumed 'goods_name' E:\php\amp\www\bool\shop\Runtime\Cache\Home\2f412aae274b751dca883838bf7e7502.php 第 243 行.
NOTIC: [8] Use of undefined constant goods_name - assumed 'goods_name' E:\php\amp\www\bool\shop\Runtime\Cache\Home\2f412aae274b751dca883838bf7e7502.php 第 243 行.
NOTIC: [8] Use of undefined constant market_price - assumed 'market_price' E:\php\amp\www\bool\shop\Runtime\Cache\Home\2f412aae274b751dca883838bf7e7502.php 第 244 行.
NOTIC: [8] Use of undefined constant shop_price - assumed 'shop_price' E:\php\amp\www\bool\shop\Runtime\Cache\Home\2f412aae274b751dca883838bf7e7502.php 第 245 行.
NOTIC: [8] Use of undefined constant goods_id - assumed 'goods_id' E:\php\amp\www\bool\shop\Runtime\Cache\Home\2f412aae274b751dca883838bf7e7502.php 第 242 行.
NOTIC: [8] Use of undefined constant thumb_img - assumed 'thumb_img' E:\php\amp\www\bool\shop\Runtime\Cache\Home\2f412aae274b751dca883838bf7e7502.php 第 242 行.
NOTIC: [8] Use of undefined constant goods_name - assumed 'goods_name' E:\php\amp\www\bool\shop\Runtime\Cache\Home\2f412aae274b751dca883838bf7e7502.php 第 242 行.
NOTIC: [8] Use of undefined constant goods_id - assumed 'goods_id' E:\php\amp\www\bool\shop\Runtime\Cache\Home\2f412aae274b751dca883838bf7e7502.php 第 243 行.
NOTIC: [8] Use of undefined constant goods_name - assumed 'goods_name' E:\php\amp\www\bool\shop\Runtime\Cache\Home\2f412aae274b751dca883838bf7e7502.php 第 243 行.
NOTIC: [8] Use of undefined constant goods_name - assumed 'goods_name' E:\php\amp\www\bool\shop\Runtime\Cache\Home\2f412aae274b751dca883838bf7e7502.php 第 243 行.
NOTIC: [8] Use of undefined constant market_price - assumed 'market_price' E:\php\amp\www\bool\shop\Runtime\Cache\Home\2f412aae274b751dca883838bf7e7502.php 第 244 行.
NOTIC: [8] Use of undefined constant shop_price - assumed 'shop_price' E:\php\amp\www\bool\shop\Runtime\Cache\Home\2f412aae274b751dca883838bf7e7502.php 第 245 行.
NOTIC: [8] Use of undefined constant goods_id - assumed 'goods_id' E:\php\amp\www\bool\shop\Runtime\Cache\Home\2f412aae274b751dca883838bf7e7502.php 第 242 行.
NOTIC: [8] Use of undefined constant thumb_img - assumed 'thumb_img' E:\php\amp\www\bool\shop\Runtime\Cache\Home\2f412aae274b751dca883838bf7e7502.php 第 242 行.
NOTIC: [8] Use of undefined constant goods_name - assumed 'goods_name' E:\php\amp\www\bool\shop\Runtime\Cache\Home\2f412aae274b751dca883838bf7e7502.php 第 242 行.
NOTIC: [8] Use of undefined constant goods_id - assumed 'goods_id' E:\php\amp\www\bool\shop\Runtime\Cache\Home\2f412aae274b751dca883838bf7e7502.php 第 243 行.
NOTIC: [8] Use of undefined constant goods_name - assumed 'goods_name' E:\php\amp\www\bool\shop\Runtime\Cache\Home\2f412aae274b751dca883838bf7e7502.php 第 243 行.
NOTIC: [8] Use of undefined constant goods_name - assumed 'goods_name' E:\php\amp\www\bool\shop\Runtime\Cache\Home\2f412aae274b751dca883838bf7e7502.php 第 243 行.
NOTIC: [8] Use of undefined constant market_price - assumed 'market_price' E:\php\amp\www\bool\shop\Runtime\Cache\Home\2f412aae274b751dca883838bf7e7502.php 第 244 行.
NOTIC: [8] Use of undefined constant shop_price - assumed 'shop_price' E:\php\amp\www\bool\shop\Runtime\Cache\Home\2f412aae274b751dca883838bf7e7502.php 第 245 行.
INFO: Run Behavior\ParseTemplateBehavior [ RunTime:0.353021s ]
INFO: [ view_parse ] --END-- [ RunTime:0.353021s ]
INFO: [ view_filter ] --START--
INFO: Run Behavior\WriteHtmlCacheBehavior [ RunTime:0.054003s ]
INFO: [ view_filter ] --END-- [ RunTime:0.054003s ]
INFO: [ app_end ] --START--
INFO: Run Behavior\ShowPageTraceBehavior [ RunTime:0.009000s ]
INFO: [ app_end ] --END-- [ RunTime:0.009000s ]

