[ 2016-12-30T16:25:12+08:00 ] 127.0.0.1 /bool/shop/index.php/admin
INFO: [ app_init ] --START--
INFO: Run Behavior\BuildLiteBehavior [ RunTime:0.000000s ]
INFO: [ app_init ] --END-- [ RunTime:0.001001s ]
INFO: [ app_begin ] --START--
INFO: Run Behavior\ReadHtmlCacheBehavior [ RunTime:0.001000s ]
INFO: [ app_begin ] --END-- [ RunTime:0.001000s ]
INFO: [ view_parse ] --START--
INFO: [ template_filter ] --START--
INFO: Run Behavior\ContentReplaceBehavior [ RunTime:0.000000s ]
INFO: [ template_filter ] --END-- [ RunTime:0.000000s ]
INFO: Run Behavior\ParseTemplateBehavior [ RunTime:0.042002s ]
INFO: [ view_parse ] --END-- [ RunTime:0.042002s ]
INFO: [ view_filter ] --START--
INFO: Run Behavior\WriteHtmlCacheBehavior [ RunTime:0.001000s ]
INFO: [ view_filter ] --END-- [ RunTime:0.001000s ]
INFO: [ app_end ] --START--
INFO: Run Behavior\ShowPageTraceBehavior [ RunTime:0.000000s ]
INFO: [ app_end ] --END-- [ RunTime:0.000000s ]

[ 2016-12-30T16:25:12+08:00 ] 127.0.0.1 /bool/shop/index.php/Admin/Index/top.html
INFO: [ app_init ] --START--
INFO: Run Behavior\BuildLiteBehavior [ RunTime:0.000000s ]
INFO: [ app_init ] --END-- [ RunTime:0.000000s ]
INFO: [ app_begin ] --START--
INFO: Run Behavior\ReadHtmlCacheBehavior [ RunTime:0.000000s ]
INFO: [ app_begin ] --END-- [ RunTime:0.000000s ]
INFO: [ view_parse ] --START--
INFO: [ template_filter ] --START--
INFO: Run Behavior\ContentReplaceBehavior [ RunTime:0.000000s ]
INFO: [ template_filter ] --END-- [ RunTime:0.000000s ]
INFO: Run Behavior\ParseTemplateBehavior [ RunTime:0.052003s ]
INFO: [ view_parse ] --END-- [ RunTime:0.052003s ]
INFO: [ view_filter ] --START--
INFO: Run Behavior\WriteHtmlCacheBehavior [ RunTime:0.000000s ]
INFO: [ view_filter ] --END-- [ RunTime:0.000000s ]
INFO: [ app_end ] --START--
INFO: Run Behavior\ShowPageTraceBehavior [ RunTime:0.000000s ]
INFO: [ app_end ] --END-- [ RunTime:0.000000s ]

[ 2016-12-30T16:25:12+08:00 ] 127.0.0.1 /bool/shop/index.php/Admin/Index/left.html
INFO: [ app_init ] --START--
INFO: Run Behavior\BuildLiteBehavior [ RunTime:0.000000s ]
INFO: [ app_init ] --END-- [ RunTime:0.001000s ]
INFO: [ app_begin ] --START--
INFO: Run Behavior\ReadHtmlCacheBehavior [ RunTime:0.000000s ]
INFO: [ app_begin ] --END-- [ RunTime:0.000000s ]
INFO: [ view_parse ] --START--
INFO: [ template_filter ] --START--
INFO: Run Behavior\ContentReplaceBehavior [ RunTime:0.000000s ]
INFO: [ template_filter ] --END-- [ RunTime:0.000000s ]
INFO: Run Behavior\ParseTemplateBehavior [ RunTime:0.055003s ]
INFO: [ view_parse ] --END-- [ RunTime:0.055003s ]
INFO: [ view_filter ] --START--
INFO: Run Behavior\WriteHtmlCacheBehavior [ RunTime:0.000000s ]
INFO: [ view_filter ] --END-- [ RunTime:0.000000s ]
INFO: [ app_end ] --START--
INFO: Run Behavior\ShowPageTraceBehavior [ RunTime:0.001000s ]
INFO: [ app_end ] --END-- [ RunTime:0.001000s ]

[ 2016-12-30T16:25:12+08:00 ] 127.0.0.1 /bool/shop/index.php/Admin/Index/drag.html
INFO: [ app_init ] --START--
INFO: Run Behavior\BuildLiteBehavior [ RunTime:0.000000s ]
INFO: [ app_init ] --END-- [ RunTime:0.001000s ]
INFO: [ app_begin ] --START--
INFO: Run Behavior\ReadHtmlCacheBehavior [ RunTime:0.000000s ]
INFO: [ app_begin ] --END-- [ RunTime:0.000000s ]
INFO: [ view_parse ] --START--
INFO: [ template_filter ] --START--
INFO: Run Behavior\ContentReplaceBehavior [ RunTime:0.000000s ]
INFO: [ template_filter ] --END-- [ RunTime:0.000000s ]
INFO: Run Behavior\ParseTemplateBehavior [ RunTime:0.005001s ]
INFO: [ view_parse ] --END-- [ RunTime:0.005001s ]
INFO: [ view_filter ] --START--
INFO: Run Behavior\WriteHtmlCacheBehavior [ RunTime:0.000000s ]
INFO: [ view_filter ] --END-- [ RunTime:0.000000s ]
INFO: [ app_end ] --START--
INFO: Run Behavior\ShowPageTraceBehavior [ RunTime:0.001000s ]
INFO: [ app_end ] --END-- [ RunTime:0.001000s ]

[ 2016-12-30T16:25:12+08:00 ] 127.0.0.1 /bool/shop/index.php/Admin/Index/images/top_loader.gif
INFO: [ app_init ] --START--
INFO: Run Behavior\BuildLiteBehavior [ RunTime:0.000000s ]
INFO: [ app_init ] --END-- [ RunTime:0.000000s ]

[ 2016-12-30T16:25:12+08:00 ] 127.0.0.1 /bool/shop/index.php/Admin/Index/main.html
INFO: [ app_init ] --START--
INFO: Run Behavior\BuildLiteBehavior [ RunTime:0.000000s ]
INFO: [ app_init ] --END-- [ RunTime:0.001000s ]
INFO: [ app_begin ] --START--
INFO: Run Behavior\ReadHtmlCacheBehavior [ RunTime:0.000000s ]
INFO: [ app_begin ] --END-- [ RunTime:0.000000s ]
INFO: [ view_parse ] --START--
INFO: [ template_filter ] --START--
INFO: Run Behavior\ContentReplaceBehavior [ RunTime:0.000000s ]
INFO: [ template_filter ] --END-- [ RunTime:0.001000s ]
INFO: Run Behavior\ParseTemplateBehavior [ RunTime:0.146008s ]
INFO: [ view_parse ] --END-- [ RunTime:0.146008s ]
INFO: [ view_filter ] --START--
INFO: Run Behavior\WriteHtmlCacheBehavior [ RunTime:0.000000s ]
INFO: [ view_filter ] --END-- [ RunTime:0.000000s ]
INFO: [ app_end ] --START--
INFO: Run Behavior\ShowPageTraceBehavior [ RunTime:0.000000s ]
INFO: [ app_end ] --END-- [ RunTime:0.000000s ]

[ 2016-12-30T16:25:12+08:00 ] 127.0.0.1 /bool/shop/index.php/Admin/Index/images/menu_minus.gif
INFO: [ app_init ] --START--
INFO: Run Behavior\BuildLiteBehavior [ RunTime:0.000000s ]
INFO: [ app_init ] --END-- [ RunTime:0.000000s ]

[ 2016-12-30T16:25:12+08:00 ] 127.0.0.1 /bool/shop/index.php/Admin/Index/images/menu_arrow.gif
INFO: [ app_init ] --START--
INFO: Run Behavior\BuildLiteBehavior [ RunTime:0.000000s ]
INFO: [ app_init ] --END-- [ RunTime:0.000000s ]

[ 2016-12-30T16:25:19+08:00 ] 127.0.0.1 /bool/shop/index.php/admin/goods/goodslist.html
INFO: [ app_init ] --START--
INFO: Run Behavior\BuildLiteBehavior [ RunTime:0.000000s ]
INFO: [ app_init ] --END-- [ RunTime:0.000000s ]
INFO: [ app_begin ] --START--
INFO: Run Behavior\ReadHtmlCacheBehavior [ RunTime:0.001000s ]
INFO: [ app_begin ] --END-- [ RunTime:0.001000s ]
SQL: SHOW COLUMNS FROM `goods` [ RunTime:0.0680s ]
SQL: SELECT COUNT(*) AS tp_count FROM `goods` LIMIT 1   [ RunTime:0.0000s ]
SQL: SELECT * FROM `goods` ORDER BY goods_id LIMIT 0,10   [ RunTime:0.0070s ]
NOTIC: [8] Use of undefined constant is_on_sale - assumed 'is_on_sale' E:\php\amp\www\bool\shop\Common\Common\function.php 第 57 行.
NOTIC: [8] Use of undefined constant is_on_sale - assumed 'is_on_sale' E:\php\amp\www\bool\shop\Common\Common\function.php 第 57 行.
NOTIC: [8] Use of undefined constant is_best - assumed 'is_best' E:\php\amp\www\bool\shop\Common\Common\function.php 第 58 行.
NOTIC: [8] Use of undefined constant is_best - assumed 'is_best' E:\php\amp\www\bool\shop\Common\Common\function.php 第 58 行.
NOTIC: [8] Use of undefined constant is_new - assumed 'is_new' E:\php\amp\www\bool\shop\Common\Common\function.php 第 59 行.
NOTIC: [8] Use of undefined constant is_new - assumed 'is_new' E:\php\amp\www\bool\shop\Common\Common\function.php 第 59 行.
NOTIC: [8] Use of undefined constant is_hot - assumed 'is_hot' E:\php\amp\www\bool\shop\Common\Common\function.php 第 60 行.
NOTIC: [8] Use of undefined constant is_hot - assumed 'is_hot' E:\php\amp\www\bool\shop\Common\Common\function.php 第 60 行.
NOTIC: [8] Use of undefined constant is_on_sale - assumed 'is_on_sale' E:\php\amp\www\bool\shop\Common\Common\function.php 第 57 行.
NOTIC: [8] Use of undefined constant is_on_sale - assumed 'is_on_sale' E:\php\amp\www\bool\shop\Common\Common\function.php 第 57 行.
NOTIC: [8] Use of undefined constant is_best - assumed 'is_best' E:\php\amp\www\bool\shop\Common\Common\function.php 第 58 行.
NOTIC: [8] Use of undefined constant is_best - assumed 'is_best' E:\php\amp\www\bool\shop\Common\Common\function.php 第 58 行.
NOTIC: [8] Use of undefined constant is_new - assumed 'is_new' E:\php\amp\www\bool\shop\Common\Common\function.php 第 59 行.
NOTIC: [8] Use of undefined constant is_new - assumed 'is_new' E:\php\amp\www\bool\shop\Common\Common\function.php 第 59 行.
NOTIC: [8] Use of undefined constant is_hot - assumed 'is_hot' E:\php\amp\www\bool\shop\Common\Common\function.php 第 60 行.
NOTIC: [8] Use of undefined constant is_hot - assumed 'is_hot' E:\php\amp\www\bool\shop\Common\Common\function.php 第 60 行.
NOTIC: [8] Use of undefined constant is_on_sale - assumed 'is_on_sale' E:\php\amp\www\bool\shop\Common\Common\function.php 第 57 行.
NOTIC: [8] Use of undefined constant is_on_sale - assumed 'is_on_sale' E:\php\amp\www\bool\shop\Common\Common\function.php 第 57 行.
NOTIC: [8] Use of undefined constant is_best - assumed 'is_best' E:\php\amp\www\bool\shop\Common\Common\function.php 第 58 行.
NOTIC: [8] Use of undefined constant is_best - assumed 'is_best' E:\php\amp\www\bool\shop\Common\Common\function.php 第 58 行.
NOTIC: [8] Use of undefined constant is_new - assumed 'is_new' E:\php\amp\www\bool\shop\Common\Common\function.php 第 59 行.
NOTIC: [8] Use of undefined constant is_new - assumed 'is_new' E:\php\amp\www\bool\shop\Common\Common\function.php 第 59 行.
NOTIC: [8] Use of undefined constant is_hot - assumed 'is_hot' E:\php\amp\www\bool\shop\Common\Common\function.php 第 60 行.
NOTIC: [8] Use of undefined constant is_hot - assumed 'is_hot' E:\php\amp\www\bool\shop\Common\Common\function.php 第 60 行.
NOTIC: [8] Use of undefined constant is_on_sale - assumed 'is_on_sale' E:\php\amp\www\bool\shop\Common\Common\function.php 第 57 行.
NOTIC: [8] Use of undefined constant is_on_sale - assumed 'is_on_sale' E:\php\amp\www\bool\shop\Common\Common\function.php 第 57 行.
NOTIC: [8] Use of undefined constant is_best - assumed 'is_best' E:\php\amp\www\bool\shop\Common\Common\function.php 第 58 行.
NOTIC: [8] Use of undefined constant is_best - assumed 'is_best' E:\php\amp\www\bool\shop\Common\Common\function.php 第 58 行.
NOTIC: [8] Use of undefined constant is_new - assumed 'is_new' E:\php\amp\www\bool\shop\Common\Common\function.php 第 59 行.
NOTIC: [8] Use of undefined constant is_new - assumed 'is_new' E:\php\amp\www\bool\shop\Common\Common\function.php 第 59 行.
NOTIC: [8] Use of undefined constant is_hot - assumed 'is_hot' E:\php\amp\www\bool\shop\Common\Common\function.php 第 60 行.
NOTIC: [8] Use of undefined constant is_hot - assumed 'is_hot' E:\php\amp\www\bool\shop\Common\Common\function.php 第 60 行.
NOTIC: [8] Use of undefined constant is_on_sale - assumed 'is_on_sale' E:\php\amp\www\bool\shop\Common\Common\function.php 第 57 行.
NOTIC: [8] Use of undefined constant is_on_sale - assumed 'is_on_sale' E:\php\amp\www\bool\shop\Common\Common\function.php 第 57 行.
NOTIC: [8] Use of undefined constant is_best - assumed 'is_best' E:\php\amp\www\bool\shop\Common\Common\function.php 第 58 行.
NOTIC: [8] Use of undefined constant is_best - assumed 'is_best' E:\php\amp\www\bool\shop\Common\Common\function.php 第 58 行.
NOTIC: [8] Use of undefined constant is_new - assumed 'is_new' E:\php\amp\www\bool\shop\Common\Common\function.php 第 59 行.
NOTIC: [8] Use of undefined constant is_new - assumed 'is_new' E:\php\amp\www\bool\shop\Common\Common\function.php 第 59 行.
NOTIC: [8] Use of undefined constant is_hot - assumed 'is_hot' E:\php\amp\www\bool\shop\Common\Common\function.php 第 60 行.
NOTIC: [8] Use of undefined constant is_hot - assumed 'is_hot' E:\php\amp\www\bool\shop\Common\Common\function.php 第 60 行.
NOTIC: [8] Use of undefined constant is_on_sale - assumed 'is_on_sale' E:\php\amp\www\bool\shop\Common\Common\function.php 第 57 行.
NOTIC: [8] Use of undefined constant is_on_sale - assumed 'is_on_sale' E:\php\amp\www\bool\shop\Common\Common\function.php 第 57 行.
NOTIC: [8] Use of undefined constant is_best - assumed 'is_best' E:\php\amp\www\bool\shop\Common\Common\function.php 第 58 行.
NOTIC: [8] Use of undefined constant is_best - assumed 'is_best' E:\php\amp\www\bool\shop\Common\Common\function.php 第 58 行.
NOTIC: [8] Use of undefined constant is_new - assumed 'is_new' E:\php\amp\www\bool\shop\Common\Common\function.php 第 59 行.
NOTIC: [8] Use of undefined constant is_new - assumed 'is_new' E:\php\amp\www\bool\shop\Common\Common\function.php 第 59 行.
NOTIC: [8] Use of undefined constant is_hot - assumed 'is_hot' E:\php\amp\www\bool\shop\Common\Common\function.php 第 60 行.
NOTIC: [8] Use of undefined constant is_hot - assumed 'is_hot' E:\php\amp\www\bool\shop\Common\Common\function.php 第 60 行.
NOTIC: [8] Use of undefined constant is_on_sale - assumed 'is_on_sale' E:\php\amp\www\bool\shop\Common\Common\function.php 第 57 行.
NOTIC: [8] Use of undefined constant is_on_sale - assumed 'is_on_sale' E:\php\amp\www\bool\shop\Common\Common\function.php 第 57 行.
NOTIC: [8] Use of undefined constant is_best - assumed 'is_best' E:\php\amp\www\bool\shop\Common\Common\function.php 第 58 行.
NOTIC: [8] Use of undefined constant is_best - assumed 'is_best' E:\php\amp\www\bool\shop\Common\Common\function.php 第 58 行.
NOTIC: [8] Use of undefined constant is_new - assumed 'is_new' E:\php\amp\www\bool\shop\Common\Common\function.php 第 59 行.
NOTIC: [8] Use of undefined constant is_new - assumed 'is_new' E:\php\amp\www\bool\shop\Common\Common\function.php 第 59 行.
NOTIC: [8] Use of undefined constant is_hot - assumed 'is_hot' E:\php\amp\www\bool\shop\Common\Common\function.php 第 60 行.
NOTIC: [8] Use of undefined constant is_hot - assumed 'is_hot' E:\php\amp\www\bool\shop\Common\Common\function.php 第 60 行.
NOTIC: [8] Use of undefined constant is_on_sale - assumed 'is_on_sale' E:\php\amp\www\bool\shop\Common\Common\function.php 第 57 行.
NOTIC: [8] Use of undefined constant is_on_sale - assumed 'is_on_sale' E:\php\amp\www\bool\shop\Common\Common\function.php 第 57 行.
NOTIC: [8] Use of undefined constant is_best - assumed 'is_best' E:\php\amp\www\bool\shop\Common\Common\function.php 第 58 行.
NOTIC: [8] Use of undefined constant is_best - assumed 'is_best' E:\php\amp\www\bool\shop\Common\Common\function.php 第 58 行.
NOTIC: [8] Use of undefined constant is_new - assumed 'is_new' E:\php\amp\www\bool\shop\Common\Common\function.php 第 59 行.
NOTIC: [8] Use of undefined constant is_new - assumed 'is_new' E:\php\amp\www\bool\shop\Common\Common\function.php 第 59 行.
NOTIC: [8] Use of undefined constant is_hot - assumed 'is_hot' E:\php\amp\www\bool\shop\Common\Common\function.php 第 60 行.
NOTIC: [8] Use of undefined constant is_hot - assumed 'is_hot' E:\php\amp\www\bool\shop\Common\Common\function.php 第 60 行.
NOTIC: [8] Use of undefined constant is_on_sale - assumed 'is_on_sale' E:\php\amp\www\bool\shop\Common\Common\function.php 第 57 行.
NOTIC: [8] Use of undefined constant is_on_sale - assumed 'is_on_sale' E:\php\amp\www\bool\shop\Common\Common\function.php 第 57 行.
NOTIC: [8] Use of undefined constant is_best - assumed 'is_best' E:\php\amp\www\bool\shop\Common\Common\function.php 第 58 行.
NOTIC: [8] Use of undefined constant is_best - assumed 'is_best' E:\php\amp\www\bool\shop\Common\Common\function.php 第 58 行.
NOTIC: [8] Use of undefined constant is_new - assumed 'is_new' E:\php\amp\www\bool\shop\Common\Common\function.php 第 59 行.
NOTIC: [8] Use of undefined constant is_new - assumed 'is_new' E:\php\amp\www\bool\shop\Common\Common\function.php 第 59 行.
NOTIC: [8] Use of undefined constant is_hot - assumed 'is_hot' E:\php\amp\www\bool\shop\Common\Common\function.php 第 60 行.
NOTIC: [8] Use of undefined constant is_hot - assumed 'is_hot' E:\php\amp\www\bool\shop\Common\Common\function.php 第 60 行.
NOTIC: [8] Use of undefined constant is_on_sale - assumed 'is_on_sale' E:\php\amp\www\bool\shop\Common\Common\function.php 第 57 行.
NOTIC: [8] Use of undefined constant is_on_sale - assumed 'is_on_sale' E:\php\amp\www\bool\shop\Common\Common\function.php 第 57 行.
NOTIC: [8] Use of undefined constant is_best - assumed 'is_best' E:\php\amp\www\bool\shop\Common\Common\function.php 第 58 行.
NOTIC: [8] Use of undefined constant is_best - assumed 'is_best' E:\php\amp\www\bool\shop\Common\Common\function.php 第 58 行.
NOTIC: [8] Use of undefined constant is_new - assumed 'is_new' E:\php\amp\www\bool\shop\Common\Common\function.php 第 59 行.
NOTIC: [8] Use of undefined constant is_new - assumed 'is_new' E:\php\amp\www\bool\shop\Common\Common\function.php 第 59 行.
NOTIC: [8] Use of undefined constant is_hot - assumed 'is_hot' E:\php\amp\www\bool\shop\Common\Common\function.php 第 60 行.
NOTIC: [8] Use of undefined constant is_hot - assumed 'is_hot' E:\php\amp\www\bool\shop\Common\Common\function.php 第 60 行.
INFO: [ view_parse ] --START--
INFO: [ template_filter ] --START--
INFO: Run Behavior\ContentReplaceBehavior [ RunTime:0.001000s ]
INFO: [ template_filter ] --END-- [ RunTime:0.001000s ]
INFO: Run Behavior\ParseTemplateBehavior [ RunTime:0.043002s ]
INFO: [ view_parse ] --END-- [ RunTime:0.043002s ]
INFO: [ view_filter ] --START--
INFO: Run Behavior\WriteHtmlCacheBehavior [ RunTime:0.001000s ]
INFO: [ view_filter ] --END-- [ RunTime:0.001000s ]
INFO: [ app_end ] --START--
INFO: Run Behavior\ShowPageTraceBehavior [ RunTime:0.001000s ]
INFO: [ app_end ] --END-- [ RunTime:0.001000s ]

[ 2016-12-30T16:26:32+08:00 ] 127.0.0.1 /bool/shop/index.php/admin/goods/goodsadd.html
INFO: [ app_init ] --START--
INFO: Run Behavior\BuildLiteBehavior [ RunTime:0.000000s ]
INFO: [ app_init ] --END-- [ RunTime:0.001000s ]
INFO: [ app_begin ] --START--
INFO: Run Behavior\ReadHtmlCacheBehavior [ RunTime:0.000000s ]
INFO: [ app_begin ] --END-- [ RunTime:0.000000s ]
SQL: SHOW COLUMNS FROM `goods` [ RunTime:0.0290s ]
SQL: SHOW COLUMNS FROM `cat` [ RunTime:0.0030s ]
SQL: SELECT * FROM `cat`  [ RunTime:0.0000s ]
SQL: SELECT * FROM `cat`  [ RunTime:0.0010s ]
SQL: SELECT * FROM `cat`  [ RunTime:0.0000s ]
SQL: SELECT * FROM `cat`  [ RunTime:0.0000s ]
SQL: SELECT * FROM `cat`  [ RunTime:0.0000s ]
SQL: SELECT * FROM `cat`  [ RunTime:0.0000s ]
SQL: SELECT * FROM `cat`  [ RunTime:0.0000s ]
SQL: SELECT * FROM `cat`  [ RunTime:0.0010s ]
SQL: SELECT * FROM `cat`  [ RunTime:0.0000s ]
SQL: SELECT * FROM `cat`  [ RunTime:0.0000s ]
SQL: SELECT * FROM `cat`  [ RunTime:0.0010s ]
SQL: SELECT * FROM `cat`  [ RunTime:0.0000s ]
SQL: SELECT * FROM `cat`  [ RunTime:0.0000s ]
SQL: SELECT * FROM `cat`  [ RunTime:0.0000s ]
SQL: SELECT * FROM `cat`  [ RunTime:0.0000s ]
INFO: [ view_parse ] --START--
INFO: [ template_filter ] --START--
INFO: Run Behavior\ContentReplaceBehavior [ RunTime:0.000000s ]
INFO: [ template_filter ] --END-- [ RunTime:0.000000s ]
INFO: Run Behavior\ParseTemplateBehavior [ RunTime:0.034002s ]
INFO: [ view_parse ] --END-- [ RunTime:0.034002s ]
INFO: [ view_filter ] --START--
INFO: Run Behavior\WriteHtmlCacheBehavior [ RunTime:0.000000s ]
INFO: [ view_filter ] --END-- [ RunTime:0.000000s ]
INFO: [ app_end ] --START--
INFO: Run Behavior\ShowPageTraceBehavior [ RunTime:0.001000s ]
INFO: [ app_end ] --END-- [ RunTime:0.001000s ]

[ 2016-12-30T16:27:28+08:00 ] 127.0.0.1 /bool/shop/index.php/admin/cat/catelist.html
INFO: [ app_init ] --START--
INFO: Run Behavior\BuildLiteBehavior [ RunTime:0.000000s ]
INFO: [ app_init ] --END-- [ RunTime:0.000000s ]
INFO: [ app_begin ] --START--
INFO: Run Behavior\ReadHtmlCacheBehavior [ RunTime:0.000000s ]
INFO: [ app_begin ] --END-- [ RunTime:0.000000s ]
SQL: SHOW COLUMNS FROM `cat` [ RunTime:0.0030s ]
SQL: SELECT * FROM `cat`  [ RunTime:0.0000s ]
SQL: SELECT * FROM `cat`  [ RunTime:0.0000s ]
SQL: SELECT * FROM `cat`  [ RunTime:0.0000s ]
SQL: SELECT * FROM `cat`  [ RunTime:0.0010s ]
SQL: SELECT * FROM `cat`  [ RunTime:0.0000s ]
SQL: SELECT * FROM `cat`  [ RunTime:0.0000s ]
SQL: SELECT * FROM `cat`  [ RunTime:0.0000s ]
SQL: SELECT * FROM `cat`  [ RunTime:0.0000s ]
SQL: SELECT * FROM `cat`  [ RunTime:0.0000s ]
SQL: SELECT * FROM `cat`  [ RunTime:0.0000s ]
SQL: SELECT * FROM `cat`  [ RunTime:0.0000s ]
SQL: SELECT * FROM `cat`  [ RunTime:0.0000s ]
SQL: SELECT * FROM `cat`  [ RunTime:0.0000s ]
SQL: SELECT * FROM `cat`  [ RunTime:0.0010s ]
SQL: SELECT * FROM `cat`  [ RunTime:0.0000s ]
INFO: [ view_parse ] --START--
INFO: [ template_filter ] --START--
INFO: Run Behavior\ContentReplaceBehavior [ RunTime:0.000000s ]
INFO: [ template_filter ] --END-- [ RunTime:0.000000s ]
INFO: Run Behavior\ParseTemplateBehavior [ RunTime:0.029002s ]
INFO: [ view_parse ] --END-- [ RunTime:0.029002s ]
INFO: [ view_filter ] --START--
INFO: Run Behavior\WriteHtmlCacheBehavior [ RunTime:0.001000s ]
INFO: [ view_filter ] --END-- [ RunTime:0.001000s ]
INFO: [ app_end ] --START--
INFO: Run Behavior\ShowPageTraceBehavior [ RunTime:0.001000s ]
INFO: [ app_end ] --END-- [ RunTime:0.001000s ]

[ 2016-12-30T16:27:29+08:00 ] 127.0.0.1 /bool/shop/index.php/admin/cat/cateadd.html
INFO: [ app_init ] --START--
INFO: Run Behavior\BuildLiteBehavior [ RunTime:0.000000s ]
INFO: [ app_init ] --END-- [ RunTime:0.000000s ]
INFO: [ app_begin ] --START--
INFO: Run Behavior\ReadHtmlCacheBehavior [ RunTime:0.001000s ]
INFO: [ app_begin ] --END-- [ RunTime:0.001000s ]
INFO: [ view_parse ] --START--
INFO: [ template_filter ] --START--
INFO: Run Behavior\ContentReplaceBehavior [ RunTime:0.000000s ]
INFO: [ template_filter ] --END-- [ RunTime:0.000000s ]
INFO: Run Behavior\ParseTemplateBehavior [ RunTime:0.103006s ]
INFO: [ view_parse ] --END-- [ RunTime:0.103006s ]
INFO: [ view_filter ] --START--
INFO: Run Behavior\WriteHtmlCacheBehavior [ RunTime:0.000000s ]
INFO: [ view_filter ] --END-- [ RunTime:0.000000s ]
INFO: [ app_end ] --START--
INFO: Run Behavior\ShowPageTraceBehavior [ RunTime:0.000000s ]
INFO: [ app_end ] --END-- [ RunTime:0.000000s ]

