[ 2016-12-21T22:27:22+08:00 ] 127.0.0.1 /bool/shop/index.php/admin
INFO: [ app_init ] --START--
INFO: Run Behavior\BuildLiteBehavior [ RunTime:0.000000s ]
INFO: [ app_init ] --END-- [ RunTime:0.000000s ]
INFO: [ app_begin ] --START--
INFO: Run Behavior\ReadHtmlCacheBehavior [ RunTime:0.001000s ]
INFO: [ app_begin ] --END-- [ RunTime:0.001000s ]
INFO: [ view_parse ] --START--
INFO: [ template_filter ] --START--
INFO: Run Behavior\ContentReplaceBehavior [ RunTime:0.000000s ]
INFO: [ template_filter ] --END-- [ RunTime:0.000000s ]
INFO: Run Behavior\ParseTemplateBehavior [ RunTime:0.205012s ]
INFO: [ view_parse ] --END-- [ RunTime:0.205012s ]
INFO: [ view_filter ] --START--
INFO: Run Behavior\WriteHtmlCacheBehavior [ RunTime:0.001000s ]
INFO: [ view_filter ] --END-- [ RunTime:0.001000s ]
INFO: [ app_end ] --START--
INFO: Run Behavior\ShowPageTraceBehavior [ RunTime:0.002000s ]
INFO: [ app_end ] --END-- [ RunTime:0.002000s ]

[ 2016-12-21T22:27:22+08:00 ] 127.0.0.1 /bool/shop/index.php/Admin/Index/top.html
INFO: [ app_init ] --START--
INFO: Run Behavior\BuildLiteBehavior [ RunTime:0.000000s ]
INFO: [ app_init ] --END-- [ RunTime:0.000000s ]
INFO: [ app_begin ] --START--
INFO: Run Behavior\ReadHtmlCacheBehavior [ RunTime:0.000000s ]
INFO: [ app_begin ] --END-- [ RunTime:0.000000s ]
INFO: [ view_parse ] --START--
INFO: [ template_filter ] --START--
INFO: Run Behavior\ContentReplaceBehavior [ RunTime:0.000000s ]
INFO: [ template_filter ] --END-- [ RunTime:0.000000s ]
INFO: Run Behavior\ParseTemplateBehavior [ RunTime:0.033002s ]
INFO: [ view_parse ] --END-- [ RunTime:0.033002s ]
INFO: [ view_filter ] --START--
INFO: Run Behavior\WriteHtmlCacheBehavior [ RunTime:0.001000s ]
INFO: [ view_filter ] --END-- [ RunTime:0.001000s ]
INFO: [ app_end ] --START--
INFO: Run Behavior\ShowPageTraceBehavior [ RunTime:0.000000s ]
INFO: [ app_end ] --END-- [ RunTime:0.001000s ]

[ 2016-12-21T22:27:22+08:00 ] 127.0.0.1 /bool/shop/index.php/Admin/Index/left.html
INFO: [ app_init ] --START--
INFO: Run Behavior\BuildLiteBehavior [ RunTime:0.000000s ]
INFO: [ app_init ] --END-- [ RunTime:0.001000s ]
INFO: [ app_begin ] --START--
INFO: Run Behavior\ReadHtmlCacheBehavior [ RunTime:0.001000s ]
INFO: [ app_begin ] --END-- [ RunTime:0.001000s ]
INFO: [ view_parse ] --START--
INFO: [ template_filter ] --START--
INFO: Run Behavior\ContentReplaceBehavior [ RunTime:0.000000s ]
INFO: [ template_filter ] --END-- [ RunTime:0.000000s ]
INFO: Run Behavior\ParseTemplateBehavior [ RunTime:0.069004s ]
INFO: [ view_parse ] --END-- [ RunTime:0.069004s ]
INFO: [ view_filter ] --START--
INFO: Run Behavior\WriteHtmlCacheBehavior [ RunTime:0.000000s ]
INFO: [ view_filter ] --END-- [ RunTime:0.000000s ]
INFO: [ app_end ] --START--
INFO: Run Behavior\ShowPageTraceBehavior [ RunTime:0.001000s ]
INFO: [ app_end ] --END-- [ RunTime:0.001000s ]

[ 2016-12-21T22:27:22+08:00 ] 127.0.0.1 /bool/shop/index.php/Admin/Index/drag.html
INFO: [ app_init ] --START--
INFO: Run Behavior\BuildLiteBehavior [ RunTime:0.000000s ]
INFO: [ app_init ] --END-- [ RunTime:0.001000s ]
INFO: [ app_begin ] --START--
INFO: Run Behavior\ReadHtmlCacheBehavior [ RunTime:0.000000s ]
INFO: [ app_begin ] --END-- [ RunTime:0.001000s ]
INFO: [ view_parse ] --START--
INFO: [ template_filter ] --START--
INFO: Run Behavior\ContentReplaceBehavior [ RunTime:0.000000s ]
INFO: [ template_filter ] --END-- [ RunTime:0.000000s ]
INFO: Run Behavior\ParseTemplateBehavior [ RunTime:0.008001s ]
INFO: [ view_parse ] --END-- [ RunTime:0.008001s ]
INFO: [ view_filter ] --START--
INFO: Run Behavior\WriteHtmlCacheBehavior [ RunTime:0.001000s ]
INFO: [ view_filter ] --END-- [ RunTime:0.001000s ]
INFO: [ app_end ] --START--
INFO: Run Behavior\ShowPageTraceBehavior [ RunTime:0.000000s ]
INFO: [ app_end ] --END-- [ RunTime:0.001000s ]

[ 2016-12-21T22:27:22+08:00 ] 127.0.0.1 /bool/shop/index.php/Admin/Index/main.html
INFO: [ app_init ] --START--
INFO: Run Behavior\BuildLiteBehavior [ RunTime:0.000000s ]
INFO: [ app_init ] --END-- [ RunTime:0.000000s ]
INFO: [ app_begin ] --START--
INFO: Run Behavior\ReadHtmlCacheBehavior [ RunTime:0.000000s ]
INFO: [ app_begin ] --END-- [ RunTime:0.000000s ]
INFO: [ view_parse ] --START--
INFO: [ template_filter ] --START--
INFO: Run Behavior\ContentReplaceBehavior [ RunTime:0.000000s ]
INFO: [ template_filter ] --END-- [ RunTime:0.000000s ]
INFO: Run Behavior\ParseTemplateBehavior [ RunTime:0.037002s ]
INFO: [ view_parse ] --END-- [ RunTime:0.038002s ]
INFO: [ view_filter ] --START--
INFO: Run Behavior\WriteHtmlCacheBehavior [ RunTime:0.000000s ]
INFO: [ view_filter ] --END-- [ RunTime:0.000000s ]
INFO: [ app_end ] --START--
INFO: Run Behavior\ShowPageTraceBehavior [ RunTime:0.001000s ]
INFO: [ app_end ] --END-- [ RunTime:0.001000s ]

[ 2016-12-21T22:27:22+08:00 ] 127.0.0.1 /bool/shop/index.php/Admin/Index/images/top_loader.gif
INFO: [ app_init ] --START--
INFO: Run Behavior\BuildLiteBehavior [ RunTime:0.000000s ]
INFO: [ app_init ] --END-- [ RunTime:0.000000s ]

[ 2016-12-21T22:27:22+08:00 ] 127.0.0.1 /bool/shop/index.php/Admin/Index/images/menu_minus.gif
INFO: [ app_init ] --START--
INFO: Run Behavior\BuildLiteBehavior [ RunTime:0.000000s ]
INFO: [ app_init ] --END-- [ RunTime:0.000000s ]

[ 2016-12-21T22:27:22+08:00 ] 127.0.0.1 /bool/shop/index.php/Admin/Index/images/menu_arrow.gif
INFO: [ app_init ] --START--
INFO: Run Behavior\BuildLiteBehavior [ RunTime:0.000000s ]
INFO: [ app_init ] --END-- [ RunTime:0.000000s ]

[ 2016-12-21T22:27:25+08:00 ] 127.0.0.1 /bool/shop/index.php/admin/goods/goodslist.html
INFO: [ app_init ] --START--
INFO: Run Behavior\BuildLiteBehavior [ RunTime:0.000000s ]
INFO: [ app_init ] --END-- [ RunTime:0.001000s ]
INFO: [ app_begin ] --START--
INFO: Run Behavior\ReadHtmlCacheBehavior [ RunTime:0.001000s ]
INFO: [ app_begin ] --END-- [ RunTime:0.001000s ]
SQL: SHOW COLUMNS FROM `goods` [ RunTime:0.0040s ]
SQL: SELECT COUNT(*) AS tp_count FROM `goods` LIMIT 1   [ RunTime:0.0000s ]
SQL: SELECT * FROM `goods` ORDER BY goods_id LIMIT 0,10   [ RunTime:0.0010s ]
NOTIC: [8] Use of undefined constant is_on_sale - assumed 'is_on_sale' E:\php\amp\www\bool\shop\Common\Common\function.php 第 57 行.
NOTIC: [8] Use of undefined constant is_on_sale - assumed 'is_on_sale' E:\php\amp\www\bool\shop\Common\Common\function.php 第 57 行.
NOTIC: [8] Use of undefined constant is_best - assumed 'is_best' E:\php\amp\www\bool\shop\Common\Common\function.php 第 58 行.
NOTIC: [8] Use of undefined constant is_best - assumed 'is_best' E:\php\amp\www\bool\shop\Common\Common\function.php 第 58 行.
NOTIC: [8] Use of undefined constant is_new - assumed 'is_new' E:\php\amp\www\bool\shop\Common\Common\function.php 第 59 行.
NOTIC: [8] Use of undefined constant is_new - assumed 'is_new' E:\php\amp\www\bool\shop\Common\Common\function.php 第 59 行.
NOTIC: [8] Use of undefined constant is_hot - assumed 'is_hot' E:\php\amp\www\bool\shop\Common\Common\function.php 第 60 行.
NOTIC: [8] Use of undefined constant is_hot - assumed 'is_hot' E:\php\amp\www\bool\shop\Common\Common\function.php 第 60 行.
NOTIC: [8] Use of undefined constant is_on_sale - assumed 'is_on_sale' E:\php\amp\www\bool\shop\Common\Common\function.php 第 57 行.
NOTIC: [8] Use of undefined constant is_on_sale - assumed 'is_on_sale' E:\php\amp\www\bool\shop\Common\Common\function.php 第 57 行.
NOTIC: [8] Use of undefined constant is_best - assumed 'is_best' E:\php\amp\www\bool\shop\Common\Common\function.php 第 58 行.
NOTIC: [8] Use of undefined constant is_best - assumed 'is_best' E:\php\amp\www\bool\shop\Common\Common\function.php 第 58 行.
NOTIC: [8] Use of undefined constant is_new - assumed 'is_new' E:\php\amp\www\bool\shop\Common\Common\function.php 第 59 行.
NOTIC: [8] Use of undefined constant is_new - assumed 'is_new' E:\php\amp\www\bool\shop\Common\Common\function.php 第 59 行.
NOTIC: [8] Use of undefined constant is_hot - assumed 'is_hot' E:\php\amp\www\bool\shop\Common\Common\function.php 第 60 行.
NOTIC: [8] Use of undefined constant is_hot - assumed 'is_hot' E:\php\amp\www\bool\shop\Common\Common\function.php 第 60 行.
NOTIC: [8] Use of undefined constant is_on_sale - assumed 'is_on_sale' E:\php\amp\www\bool\shop\Common\Common\function.php 第 57 行.
NOTIC: [8] Use of undefined constant is_on_sale - assumed 'is_on_sale' E:\php\amp\www\bool\shop\Common\Common\function.php 第 57 行.
NOTIC: [8] Use of undefined constant is_best - assumed 'is_best' E:\php\amp\www\bool\shop\Common\Common\function.php 第 58 行.
NOTIC: [8] Use of undefined constant is_best - assumed 'is_best' E:\php\amp\www\bool\shop\Common\Common\function.php 第 58 行.
NOTIC: [8] Use of undefined constant is_new - assumed 'is_new' E:\php\amp\www\bool\shop\Common\Common\function.php 第 59 行.
NOTIC: [8] Use of undefined constant is_new - assumed 'is_new' E:\php\amp\www\bool\shop\Common\Common\function.php 第 59 行.
NOTIC: [8] Use of undefined constant is_hot - assumed 'is_hot' E:\php\amp\www\bool\shop\Common\Common\function.php 第 60 行.
NOTIC: [8] Use of undefined constant is_hot - assumed 'is_hot' E:\php\amp\www\bool\shop\Common\Common\function.php 第 60 行.
NOTIC: [8] Use of undefined constant is_on_sale - assumed 'is_on_sale' E:\php\amp\www\bool\shop\Common\Common\function.php 第 57 行.
NOTIC: [8] Use of undefined constant is_on_sale - assumed 'is_on_sale' E:\php\amp\www\bool\shop\Common\Common\function.php 第 57 行.
NOTIC: [8] Use of undefined constant is_best - assumed 'is_best' E:\php\amp\www\bool\shop\Common\Common\function.php 第 58 行.
NOTIC: [8] Use of undefined constant is_best - assumed 'is_best' E:\php\amp\www\bool\shop\Common\Common\function.php 第 58 行.
NOTIC: [8] Use of undefined constant is_new - assumed 'is_new' E:\php\amp\www\bool\shop\Common\Common\function.php 第 59 行.
NOTIC: [8] Use of undefined constant is_new - assumed 'is_new' E:\php\amp\www\bool\shop\Common\Common\function.php 第 59 行.
NOTIC: [8] Use of undefined constant is_hot - assumed 'is_hot' E:\php\amp\www\bool\shop\Common\Common\function.php 第 60 行.
NOTIC: [8] Use of undefined constant is_hot - assumed 'is_hot' E:\php\amp\www\bool\shop\Common\Common\function.php 第 60 行.
NOTIC: [8] Use of undefined constant is_on_sale - assumed 'is_on_sale' E:\php\amp\www\bool\shop\Common\Common\function.php 第 57 行.
NOTIC: [8] Use of undefined constant is_on_sale - assumed 'is_on_sale' E:\php\amp\www\bool\shop\Common\Common\function.php 第 57 行.
NOTIC: [8] Use of undefined constant is_best - assumed 'is_best' E:\php\amp\www\bool\shop\Common\Common\function.php 第 58 行.
NOTIC: [8] Use of undefined constant is_best - assumed 'is_best' E:\php\amp\www\bool\shop\Common\Common\function.php 第 58 行.
NOTIC: [8] Use of undefined constant is_new - assumed 'is_new' E:\php\amp\www\bool\shop\Common\Common\function.php 第 59 行.
NOTIC: [8] Use of undefined constant is_new - assumed 'is_new' E:\php\amp\www\bool\shop\Common\Common\function.php 第 59 行.
NOTIC: [8] Use of undefined constant is_hot - assumed 'is_hot' E:\php\amp\www\bool\shop\Common\Common\function.php 第 60 行.
NOTIC: [8] Use of undefined constant is_hot - assumed 'is_hot' E:\php\amp\www\bool\shop\Common\Common\function.php 第 60 行.
NOTIC: [8] Use of undefined constant is_on_sale - assumed 'is_on_sale' E:\php\amp\www\bool\shop\Common\Common\function.php 第 57 行.
NOTIC: [8] Use of undefined constant is_on_sale - assumed 'is_on_sale' E:\php\amp\www\bool\shop\Common\Common\function.php 第 57 行.
NOTIC: [8] Use of undefined constant is_best - assumed 'is_best' E:\php\amp\www\bool\shop\Common\Common\function.php 第 58 行.
NOTIC: [8] Use of undefined constant is_best - assumed 'is_best' E:\php\amp\www\bool\shop\Common\Common\function.php 第 58 行.
NOTIC: [8] Use of undefined constant is_new - assumed 'is_new' E:\php\amp\www\bool\shop\Common\Common\function.php 第 59 行.
NOTIC: [8] Use of undefined constant is_new - assumed 'is_new' E:\php\amp\www\bool\shop\Common\Common\function.php 第 59 行.
NOTIC: [8] Use of undefined constant is_hot - assumed 'is_hot' E:\php\amp\www\bool\shop\Common\Common\function.php 第 60 行.
NOTIC: [8] Use of undefined constant is_hot - assumed 'is_hot' E:\php\amp\www\bool\shop\Common\Common\function.php 第 60 行.
NOTIC: [8] Use of undefined constant is_on_sale - assumed 'is_on_sale' E:\php\amp\www\bool\shop\Common\Common\function.php 第 57 行.
NOTIC: [8] Use of undefined constant is_on_sale - assumed 'is_on_sale' E:\php\amp\www\bool\shop\Common\Common\function.php 第 57 行.
NOTIC: [8] Use of undefined constant is_best - assumed 'is_best' E:\php\amp\www\bool\shop\Common\Common\function.php 第 58 行.
NOTIC: [8] Use of undefined constant is_best - assumed 'is_best' E:\php\amp\www\bool\shop\Common\Common\function.php 第 58 行.
NOTIC: [8] Use of undefined constant is_new - assumed 'is_new' E:\php\amp\www\bool\shop\Common\Common\function.php 第 59 行.
NOTIC: [8] Use of undefined constant is_new - assumed 'is_new' E:\php\amp\www\bool\shop\Common\Common\function.php 第 59 行.
NOTIC: [8] Use of undefined constant is_hot - assumed 'is_hot' E:\php\amp\www\bool\shop\Common\Common\function.php 第 60 行.
NOTIC: [8] Use of undefined constant is_hot - assumed 'is_hot' E:\php\amp\www\bool\shop\Common\Common\function.php 第 60 行.
NOTIC: [8] Use of undefined constant is_on_sale - assumed 'is_on_sale' E:\php\amp\www\bool\shop\Common\Common\function.php 第 57 行.
NOTIC: [8] Use of undefined constant is_on_sale - assumed 'is_on_sale' E:\php\amp\www\bool\shop\Common\Common\function.php 第 57 行.
NOTIC: [8] Use of undefined constant is_best - assumed 'is_best' E:\php\amp\www\bool\shop\Common\Common\function.php 第 58 行.
NOTIC: [8] Use of undefined constant is_best - assumed 'is_best' E:\php\amp\www\bool\shop\Common\Common\function.php 第 58 行.
NOTIC: [8] Use of undefined constant is_new - assumed 'is_new' E:\php\amp\www\bool\shop\Common\Common\function.php 第 59 行.
NOTIC: [8] Use of undefined constant is_new - assumed 'is_new' E:\php\amp\www\bool\shop\Common\Common\function.php 第 59 行.
NOTIC: [8] Use of undefined constant is_hot - assumed 'is_hot' E:\php\amp\www\bool\shop\Common\Common\function.php 第 60 行.
NOTIC: [8] Use of undefined constant is_hot - assumed 'is_hot' E:\php\amp\www\bool\shop\Common\Common\function.php 第 60 行.
NOTIC: [8] Use of undefined constant is_on_sale - assumed 'is_on_sale' E:\php\amp\www\bool\shop\Common\Common\function.php 第 57 行.
NOTIC: [8] Use of undefined constant is_on_sale - assumed 'is_on_sale' E:\php\amp\www\bool\shop\Common\Common\function.php 第 57 行.
NOTIC: [8] Use of undefined constant is_best - assumed 'is_best' E:\php\amp\www\bool\shop\Common\Common\function.php 第 58 行.
NOTIC: [8] Use of undefined constant is_best - assumed 'is_best' E:\php\amp\www\bool\shop\Common\Common\function.php 第 58 行.
NOTIC: [8] Use of undefined constant is_new - assumed 'is_new' E:\php\amp\www\bool\shop\Common\Common\function.php 第 59 行.
NOTIC: [8] Use of undefined constant is_new - assumed 'is_new' E:\php\amp\www\bool\shop\Common\Common\function.php 第 59 行.
NOTIC: [8] Use of undefined constant is_hot - assumed 'is_hot' E:\php\amp\www\bool\shop\Common\Common\function.php 第 60 行.
NOTIC: [8] Use of undefined constant is_hot - assumed 'is_hot' E:\php\amp\www\bool\shop\Common\Common\function.php 第 60 行.
NOTIC: [8] Use of undefined constant is_on_sale - assumed 'is_on_sale' E:\php\amp\www\bool\shop\Common\Common\function.php 第 57 行.
NOTIC: [8] Use of undefined constant is_on_sale - assumed 'is_on_sale' E:\php\amp\www\bool\shop\Common\Common\function.php 第 57 行.
NOTIC: [8] Use of undefined constant is_best - assumed 'is_best' E:\php\amp\www\bool\shop\Common\Common\function.php 第 58 行.
NOTIC: [8] Use of undefined constant is_best - assumed 'is_best' E:\php\amp\www\bool\shop\Common\Common\function.php 第 58 行.
NOTIC: [8] Use of undefined constant is_new - assumed 'is_new' E:\php\amp\www\bool\shop\Common\Common\function.php 第 59 行.
NOTIC: [8] Use of undefined constant is_new - assumed 'is_new' E:\php\amp\www\bool\shop\Common\Common\function.php 第 59 行.
NOTIC: [8] Use of undefined constant is_hot - assumed 'is_hot' E:\php\amp\www\bool\shop\Common\Common\function.php 第 60 行.
NOTIC: [8] Use of undefined constant is_hot - assumed 'is_hot' E:\php\amp\www\bool\shop\Common\Common\function.php 第 60 行.
INFO: [ view_parse ] --START--
INFO: [ template_filter ] --START--
INFO: Run Behavior\ContentReplaceBehavior [ RunTime:0.000000s ]
INFO: [ template_filter ] --END-- [ RunTime:0.001000s ]
INFO: Run Behavior\ParseTemplateBehavior [ RunTime:0.384022s ]
INFO: [ view_parse ] --END-- [ RunTime:0.384022s ]
INFO: [ view_filter ] --START--
INFO: Run Behavior\WriteHtmlCacheBehavior [ RunTime:0.001000s ]
INFO: [ view_filter ] --END-- [ RunTime:0.001000s ]
INFO: [ app_end ] --START--
INFO: Run Behavior\ShowPageTraceBehavior [ RunTime:0.003000s ]
INFO: [ app_end ] --END-- [ RunTime:0.003000s ]

[ 2016-12-21T22:27:37+08:00 ] 127.0.0.1 /bool/shop/index.php/Admin/Goods/goodslist/p/2.html
INFO: [ app_init ] --START--
INFO: Run Behavior\BuildLiteBehavior [ RunTime:0.000000s ]
INFO: [ app_init ] --END-- [ RunTime:0.001000s ]
INFO: [ app_begin ] --START--
INFO: Run Behavior\ReadHtmlCacheBehavior [ RunTime:0.001000s ]
INFO: [ app_begin ] --END-- [ RunTime:0.002000s ]
SQL: SHOW COLUMNS FROM `goods` [ RunTime:0.0230s ]
SQL: SELECT COUNT(*) AS tp_count FROM `goods` LIMIT 1   [ RunTime:0.0000s ]
SQL: SELECT * FROM `goods` ORDER BY goods_id LIMIT 10,10   [ RunTime:0.0000s ]
NOTIC: [8] Use of undefined constant is_on_sale - assumed 'is_on_sale' E:\php\amp\www\bool\shop\Common\Common\function.php 第 57 行.
NOTIC: [8] Use of undefined constant is_on_sale - assumed 'is_on_sale' E:\php\amp\www\bool\shop\Common\Common\function.php 第 57 行.
NOTIC: [8] Use of undefined constant is_best - assumed 'is_best' E:\php\amp\www\bool\shop\Common\Common\function.php 第 58 行.
NOTIC: [8] Use of undefined constant is_best - assumed 'is_best' E:\php\amp\www\bool\shop\Common\Common\function.php 第 58 行.
NOTIC: [8] Use of undefined constant is_new - assumed 'is_new' E:\php\amp\www\bool\shop\Common\Common\function.php 第 59 行.
NOTIC: [8] Use of undefined constant is_new - assumed 'is_new' E:\php\amp\www\bool\shop\Common\Common\function.php 第 59 行.
NOTIC: [8] Use of undefined constant is_hot - assumed 'is_hot' E:\php\amp\www\bool\shop\Common\Common\function.php 第 60 行.
NOTIC: [8] Use of undefined constant is_hot - assumed 'is_hot' E:\php\amp\www\bool\shop\Common\Common\function.php 第 60 行.
NOTIC: [8] Use of undefined constant is_on_sale - assumed 'is_on_sale' E:\php\amp\www\bool\shop\Common\Common\function.php 第 57 行.
NOTIC: [8] Use of undefined constant is_on_sale - assumed 'is_on_sale' E:\php\amp\www\bool\shop\Common\Common\function.php 第 57 行.
NOTIC: [8] Use of undefined constant is_best - assumed 'is_best' E:\php\amp\www\bool\shop\Common\Common\function.php 第 58 行.
NOTIC: [8] Use of undefined constant is_best - assumed 'is_best' E:\php\amp\www\bool\shop\Common\Common\function.php 第 58 行.
NOTIC: [8] Use of undefined constant is_new - assumed 'is_new' E:\php\amp\www\bool\shop\Common\Common\function.php 第 59 行.
NOTIC: [8] Use of undefined constant is_new - assumed 'is_new' E:\php\amp\www\bool\shop\Common\Common\function.php 第 59 行.
NOTIC: [8] Use of undefined constant is_hot - assumed 'is_hot' E:\php\amp\www\bool\shop\Common\Common\function.php 第 60 行.
NOTIC: [8] Use of undefined constant is_hot - assumed 'is_hot' E:\php\amp\www\bool\shop\Common\Common\function.php 第 60 行.
NOTIC: [8] Use of undefined constant is_on_sale - assumed 'is_on_sale' E:\php\amp\www\bool\shop\Common\Common\function.php 第 57 行.
NOTIC: [8] Use of undefined constant is_on_sale - assumed 'is_on_sale' E:\php\amp\www\bool\shop\Common\Common\function.php 第 57 行.
NOTIC: [8] Use of undefined constant is_best - assumed 'is_best' E:\php\amp\www\bool\shop\Common\Common\function.php 第 58 行.
NOTIC: [8] Use of undefined constant is_best - assumed 'is_best' E:\php\amp\www\bool\shop\Common\Common\function.php 第 58 行.
NOTIC: [8] Use of undefined constant is_new - assumed 'is_new' E:\php\amp\www\bool\shop\Common\Common\function.php 第 59 行.
NOTIC: [8] Use of undefined constant is_new - assumed 'is_new' E:\php\amp\www\bool\shop\Common\Common\function.php 第 59 行.
NOTIC: [8] Use of undefined constant is_hot - assumed 'is_hot' E:\php\amp\www\bool\shop\Common\Common\function.php 第 60 行.
NOTIC: [8] Use of undefined constant is_hot - assumed 'is_hot' E:\php\amp\www\bool\shop\Common\Common\function.php 第 60 行.
NOTIC: [8] Use of undefined constant is_on_sale - assumed 'is_on_sale' E:\php\amp\www\bool\shop\Common\Common\function.php 第 57 行.
NOTIC: [8] Use of undefined constant is_on_sale - assumed 'is_on_sale' E:\php\amp\www\bool\shop\Common\Common\function.php 第 57 行.
NOTIC: [8] Use of undefined constant is_best - assumed 'is_best' E:\php\amp\www\bool\shop\Common\Common\function.php 第 58 行.
NOTIC: [8] Use of undefined constant is_best - assumed 'is_best' E:\php\amp\www\bool\shop\Common\Common\function.php 第 58 行.
NOTIC: [8] Use of undefined constant is_new - assumed 'is_new' E:\php\amp\www\bool\shop\Common\Common\function.php 第 59 行.
NOTIC: [8] Use of undefined constant is_new - assumed 'is_new' E:\php\amp\www\bool\shop\Common\Common\function.php 第 59 行.
NOTIC: [8] Use of undefined constant is_hot - assumed 'is_hot' E:\php\amp\www\bool\shop\Common\Common\function.php 第 60 行.
NOTIC: [8] Use of undefined constant is_hot - assumed 'is_hot' E:\php\amp\www\bool\shop\Common\Common\function.php 第 60 行.
NOTIC: [8] Use of undefined constant is_on_sale - assumed 'is_on_sale' E:\php\amp\www\bool\shop\Common\Common\function.php 第 57 行.
NOTIC: [8] Use of undefined constant is_on_sale - assumed 'is_on_sale' E:\php\amp\www\bool\shop\Common\Common\function.php 第 57 行.
NOTIC: [8] Use of undefined constant is_best - assumed 'is_best' E:\php\amp\www\bool\shop\Common\Common\function.php 第 58 行.
NOTIC: [8] Use of undefined constant is_best - assumed 'is_best' E:\php\amp\www\bool\shop\Common\Common\function.php 第 58 行.
NOTIC: [8] Use of undefined constant is_new - assumed 'is_new' E:\php\amp\www\bool\shop\Common\Common\function.php 第 59 行.
NOTIC: [8] Use of undefined constant is_new - assumed 'is_new' E:\php\amp\www\bool\shop\Common\Common\function.php 第 59 行.
NOTIC: [8] Use of undefined constant is_hot - assumed 'is_hot' E:\php\amp\www\bool\shop\Common\Common\function.php 第 60 行.
NOTIC: [8] Use of undefined constant is_hot - assumed 'is_hot' E:\php\amp\www\bool\shop\Common\Common\function.php 第 60 行.
NOTIC: [8] Use of undefined constant is_on_sale - assumed 'is_on_sale' E:\php\amp\www\bool\shop\Common\Common\function.php 第 57 行.
NOTIC: [8] Use of undefined constant is_on_sale - assumed 'is_on_sale' E:\php\amp\www\bool\shop\Common\Common\function.php 第 57 行.
NOTIC: [8] Use of undefined constant is_best - assumed 'is_best' E:\php\amp\www\bool\shop\Common\Common\function.php 第 58 行.
NOTIC: [8] Use of undefined constant is_best - assumed 'is_best' E:\php\amp\www\bool\shop\Common\Common\function.php 第 58 行.
NOTIC: [8] Use of undefined constant is_new - assumed 'is_new' E:\php\amp\www\bool\shop\Common\Common\function.php 第 59 行.
NOTIC: [8] Use of undefined constant is_new - assumed 'is_new' E:\php\amp\www\bool\shop\Common\Common\function.php 第 59 行.
NOTIC: [8] Use of undefined constant is_hot - assumed 'is_hot' E:\php\amp\www\bool\shop\Common\Common\function.php 第 60 行.
NOTIC: [8] Use of undefined constant is_hot - assumed 'is_hot' E:\php\amp\www\bool\shop\Common\Common\function.php 第 60 行.
NOTIC: [8] Use of undefined constant is_on_sale - assumed 'is_on_sale' E:\php\amp\www\bool\shop\Common\Common\function.php 第 57 行.
NOTIC: [8] Use of undefined constant is_on_sale - assumed 'is_on_sale' E:\php\amp\www\bool\shop\Common\Common\function.php 第 57 行.
NOTIC: [8] Use of undefined constant is_best - assumed 'is_best' E:\php\amp\www\bool\shop\Common\Common\function.php 第 58 行.
NOTIC: [8] Use of undefined constant is_best - assumed 'is_best' E:\php\amp\www\bool\shop\Common\Common\function.php 第 58 行.
NOTIC: [8] Use of undefined constant is_new - assumed 'is_new' E:\php\amp\www\bool\shop\Common\Common\function.php 第 59 行.
NOTIC: [8] Use of undefined constant is_new - assumed 'is_new' E:\php\amp\www\bool\shop\Common\Common\function.php 第 59 行.
NOTIC: [8] Use of undefined constant is_hot - assumed 'is_hot' E:\php\amp\www\bool\shop\Common\Common\function.php 第 60 行.
NOTIC: [8] Use of undefined constant is_hot - assumed 'is_hot' E:\php\amp\www\bool\shop\Common\Common\function.php 第 60 行.
NOTIC: [8] Use of undefined constant is_on_sale - assumed 'is_on_sale' E:\php\amp\www\bool\shop\Common\Common\function.php 第 57 行.
NOTIC: [8] Use of undefined constant is_on_sale - assumed 'is_on_sale' E:\php\amp\www\bool\shop\Common\Common\function.php 第 57 行.
NOTIC: [8] Use of undefined constant is_best - assumed 'is_best' E:\php\amp\www\bool\shop\Common\Common\function.php 第 58 行.
NOTIC: [8] Use of undefined constant is_best - assumed 'is_best' E:\php\amp\www\bool\shop\Common\Common\function.php 第 58 行.
NOTIC: [8] Use of undefined constant is_new - assumed 'is_new' E:\php\amp\www\bool\shop\Common\Common\function.php 第 59 行.
NOTIC: [8] Use of undefined constant is_new - assumed 'is_new' E:\php\amp\www\bool\shop\Common\Common\function.php 第 59 行.
NOTIC: [8] Use of undefined constant is_hot - assumed 'is_hot' E:\php\amp\www\bool\shop\Common\Common\function.php 第 60 行.
NOTIC: [8] Use of undefined constant is_hot - assumed 'is_hot' E:\php\amp\www\bool\shop\Common\Common\function.php 第 60 行.
INFO: [ view_parse ] --START--
INFO: [ template_filter ] --START--
INFO: Run Behavior\ContentReplaceBehavior [ RunTime:0.000000s ]
INFO: [ template_filter ] --END-- [ RunTime:0.000000s ]
INFO: Run Behavior\ParseTemplateBehavior [ RunTime:0.010001s ]
INFO: [ view_parse ] --END-- [ RunTime:0.011001s ]
INFO: [ view_filter ] --START--
INFO: Run Behavior\WriteHtmlCacheBehavior [ RunTime:0.000000s ]
INFO: [ view_filter ] --END-- [ RunTime:0.000000s ]
INFO: [ app_end ] --START--
INFO: Run Behavior\ShowPageTraceBehavior [ RunTime:0.001000s ]
INFO: [ app_end ] --END-- [ RunTime:0.001000s ]

[ 2016-12-21T22:31:52+08:00 ] 127.0.0.1 /bool/shop/index.php/admin
INFO: [ app_init ] --START--
INFO: Run Behavior\BuildLiteBehavior [ RunTime:0.000000s ]
INFO: [ app_init ] --END-- [ RunTime:0.001000s ]
INFO: [ app_begin ] --START--
INFO: Run Behavior\ReadHtmlCacheBehavior [ RunTime:0.000000s ]
INFO: [ app_begin ] --END-- [ RunTime:0.000000s ]
INFO: [ view_parse ] --START--
INFO: [ template_filter ] --START--
INFO: Run Behavior\ContentReplaceBehavior [ RunTime:0.000000s ]
INFO: [ template_filter ] --END-- [ RunTime:0.000000s ]
INFO: Run Behavior\ParseTemplateBehavior [ RunTime:0.006000s ]
INFO: [ view_parse ] --END-- [ RunTime:0.006000s ]
INFO: [ view_filter ] --START--
INFO: Run Behavior\WriteHtmlCacheBehavior [ RunTime:0.000000s ]
INFO: [ view_filter ] --END-- [ RunTime:0.000000s ]
INFO: [ app_end ] --START--
INFO: Run Behavior\ShowPageTraceBehavior [ RunTime:0.001000s ]
INFO: [ app_end ] --END-- [ RunTime:0.001000s ]

[ 2016-12-21T22:31:52+08:00 ] 127.0.0.1 /bool/shop/index.php/Admin/Index/left.html
INFO: [ app_init ] --START--
INFO: Run Behavior\BuildLiteBehavior [ RunTime:0.000000s ]
INFO: [ app_init ] --END-- [ RunTime:0.000000s ]
INFO: [ app_begin ] --START--
INFO: Run Behavior\ReadHtmlCacheBehavior [ RunTime:0.001000s ]
INFO: [ app_begin ] --END-- [ RunTime:0.001000s ]
INFO: [ view_parse ] --START--
INFO: [ template_filter ] --START--
INFO: Run Behavior\ContentReplaceBehavior [ RunTime:0.000000s ]
INFO: [ template_filter ] --END-- [ RunTime:0.000000s ]
INFO: Run Behavior\ParseTemplateBehavior [ RunTime:0.007000s ]
INFO: [ view_parse ] --END-- [ RunTime:0.007000s ]
INFO: [ view_filter ] --START--
INFO: Run Behavior\WriteHtmlCacheBehavior [ RunTime:0.001000s ]
INFO: [ view_filter ] --END-- [ RunTime:0.001000s ]
INFO: [ app_end ] --START--
INFO: Run Behavior\ShowPageTraceBehavior [ RunTime:0.001000s ]
INFO: [ app_end ] --END-- [ RunTime:0.001000s ]

[ 2016-12-21T22:31:52+08:00 ] 127.0.0.1 /bool/shop/index.php/Admin/Index/top.html
INFO: [ app_init ] --START--
INFO: Run Behavior\BuildLiteBehavior [ RunTime:0.000000s ]
INFO: [ app_init ] --END-- [ RunTime:0.000000s ]
INFO: [ app_begin ] --START--
INFO: Run Behavior\ReadHtmlCacheBehavior [ RunTime:0.003000s ]
INFO: [ app_begin ] --END-- [ RunTime:0.003000s ]
INFO: [ view_parse ] --START--
INFO: [ template_filter ] --START--
INFO: Run Behavior\ContentReplaceBehavior [ RunTime:0.000000s ]
INFO: [ template_filter ] --END-- [ RunTime:0.000000s ]
INFO: Run Behavior\ParseTemplateBehavior [ RunTime:0.008001s ]
INFO: [ view_parse ] --END-- [ RunTime:0.008001s ]
INFO: [ view_filter ] --START--
INFO: Run Behavior\WriteHtmlCacheBehavior [ RunTime:0.000000s ]
INFO: [ view_filter ] --END-- [ RunTime:0.000000s ]
INFO: [ app_end ] --START--
INFO: Run Behavior\ShowPageTraceBehavior [ RunTime:0.001000s ]
INFO: [ app_end ] --END-- [ RunTime:0.001000s ]

[ 2016-12-21T22:31:52+08:00 ] 127.0.0.1 /bool/shop/index.php/Admin/Index/main.html
INFO: [ app_init ] --START--
INFO: Run Behavior\BuildLiteBehavior [ RunTime:0.000000s ]
INFO: [ app_init ] --END-- [ RunTime:0.000000s ]
INFO: [ app_begin ] --START--
INFO: Run Behavior\ReadHtmlCacheBehavior [ RunTime:0.000000s ]
INFO: [ app_begin ] --END-- [ RunTime:0.001000s ]
INFO: [ view_parse ] --START--
INFO: [ template_filter ] --START--
INFO: Run Behavior\ContentReplaceBehavior [ RunTime:0.000000s ]
INFO: [ template_filter ] --END-- [ RunTime:0.000000s ]
INFO: Run Behavior\ParseTemplateBehavior [ RunTime:0.008001s ]
INFO: [ view_parse ] --END-- [ RunTime:0.008001s ]
INFO: [ view_filter ] --START--
INFO: Run Behavior\WriteHtmlCacheBehavior [ RunTime:0.000000s ]
INFO: [ view_filter ] --END-- [ RunTime:0.000000s ]
INFO: [ app_end ] --START--
INFO: Run Behavior\ShowPageTraceBehavior [ RunTime:0.001000s ]
INFO: [ app_end ] --END-- [ RunTime:0.001000s ]

[ 2016-12-21T22:31:52+08:00 ] 127.0.0.1 /bool/shop/index.php/Admin/Index/drag.html
INFO: [ app_init ] --START--
INFO: Run Behavior\BuildLiteBehavior [ RunTime:0.000000s ]
INFO: [ app_init ] --END-- [ RunTime:0.000000s ]
INFO: [ app_begin ] --START--
INFO: Run Behavior\ReadHtmlCacheBehavior [ RunTime:0.001000s ]
INFO: [ app_begin ] --END-- [ RunTime:0.001000s ]
INFO: [ view_parse ] --START--
INFO: [ template_filter ] --START--
INFO: Run Behavior\ContentReplaceBehavior [ RunTime:0.000000s ]
INFO: [ template_filter ] --END-- [ RunTime:0.000000s ]
INFO: Run Behavior\ParseTemplateBehavior [ RunTime:0.011001s ]
INFO: [ view_parse ] --END-- [ RunTime:0.011001s ]
INFO: [ view_filter ] --START--
INFO: Run Behavior\WriteHtmlCacheBehavior [ RunTime:0.001000s ]
INFO: [ view_filter ] --END-- [ RunTime:0.001000s ]
INFO: [ app_end ] --START--
INFO: Run Behavior\ShowPageTraceBehavior [ RunTime:0.001000s ]
INFO: [ app_end ] --END-- [ RunTime:0.001000s ]

[ 2016-12-21T22:31:52+08:00 ] 127.0.0.1 /bool/shop/index.php/Admin/Index/images/menu_minus.gif
INFO: [ app_init ] --START--
INFO: Run Behavior\BuildLiteBehavior [ RunTime:0.000000s ]
INFO: [ app_init ] --END-- [ RunTime:0.001000s ]

[ 2016-12-21T22:31:52+08:00 ] 127.0.0.1 /bool/shop/index.php/Admin/Index/images/menu_arrow.gif
INFO: [ app_init ] --START--
INFO: Run Behavior\BuildLiteBehavior [ RunTime:0.000000s ]
INFO: [ app_init ] --END-- [ RunTime:0.000000s ]

[ 2016-12-21T22:31:52+08:00 ] 127.0.0.1 /bool/shop/index.php/Admin/Index/images/top_loader.gif
INFO: [ app_init ] --START--
INFO: Run Behavior\BuildLiteBehavior [ RunTime:0.000000s ]
INFO: [ app_init ] --END-- [ RunTime:0.000000s ]

[ 2016-12-21T22:31:54+08:00 ] 127.0.0.1 /bool/shop/index.php/admin/goods/goodslist.html
INFO: [ app_init ] --START--
INFO: Run Behavior\BuildLiteBehavior [ RunTime:0.000000s ]
INFO: [ app_init ] --END-- [ RunTime:0.001000s ]
INFO: [ app_begin ] --START--
INFO: Run Behavior\ReadHtmlCacheBehavior [ RunTime:0.000000s ]
INFO: [ app_begin ] --END-- [ RunTime:0.000000s ]
SQL: SHOW COLUMNS FROM `goods` [ RunTime:0.0040s ]
SQL: SELECT COUNT(*) AS tp_count FROM `goods` LIMIT 1   [ RunTime:0.0000s ]
SQL: SELECT * FROM `goods` ORDER BY goods_id LIMIT 0,10   [ RunTime:0.0000s ]
NOTIC: [8] Use of undefined constant is_on_sale - assumed 'is_on_sale' E:\php\amp\www\bool\shop\Common\Common\function.php 第 57 行.
NOTIC: [8] Use of undefined constant is_on_sale - assumed 'is_on_sale' E:\php\amp\www\bool\shop\Common\Common\function.php 第 57 行.
NOTIC: [8] Use of undefined constant is_best - assumed 'is_best' E:\php\amp\www\bool\shop\Common\Common\function.php 第 58 行.
NOTIC: [8] Use of undefined constant is_best - assumed 'is_best' E:\php\amp\www\bool\shop\Common\Common\function.php 第 58 行.
NOTIC: [8] Use of undefined constant is_new - assumed 'is_new' E:\php\amp\www\bool\shop\Common\Common\function.php 第 59 行.
NOTIC: [8] Use of undefined constant is_new - assumed 'is_new' E:\php\amp\www\bool\shop\Common\Common\function.php 第 59 行.
NOTIC: [8] Use of undefined constant is_hot - assumed 'is_hot' E:\php\amp\www\bool\shop\Common\Common\function.php 第 60 行.
NOTIC: [8] Use of undefined constant is_hot - assumed 'is_hot' E:\php\amp\www\bool\shop\Common\Common\function.php 第 60 行.
NOTIC: [8] Use of undefined constant is_on_sale - assumed 'is_on_sale' E:\php\amp\www\bool\shop\Common\Common\function.php 第 57 行.
NOTIC: [8] Use of undefined constant is_on_sale - assumed 'is_on_sale' E:\php\amp\www\bool\shop\Common\Common\function.php 第 57 行.
NOTIC: [8] Use of undefined constant is_best - assumed 'is_best' E:\php\amp\www\bool\shop\Common\Common\function.php 第 58 行.
NOTIC: [8] Use of undefined constant is_best - assumed 'is_best' E:\php\amp\www\bool\shop\Common\Common\function.php 第 58 行.
NOTIC: [8] Use of undefined constant is_new - assumed 'is_new' E:\php\amp\www\bool\shop\Common\Common\function.php 第 59 行.
NOTIC: [8] Use of undefined constant is_new - assumed 'is_new' E:\php\amp\www\bool\shop\Common\Common\function.php 第 59 行.
NOTIC: [8] Use of undefined constant is_hot - assumed 'is_hot' E:\php\amp\www\bool\shop\Common\Common\function.php 第 60 行.
NOTIC: [8] Use of undefined constant is_hot - assumed 'is_hot' E:\php\amp\www\bool\shop\Common\Common\function.php 第 60 行.
NOTIC: [8] Use of undefined constant is_on_sale - assumed 'is_on_sale' E:\php\amp\www\bool\shop\Common\Common\function.php 第 57 行.
NOTIC: [8] Use of undefined constant is_on_sale - assumed 'is_on_sale' E:\php\amp\www\bool\shop\Common\Common\function.php 第 57 行.
NOTIC: [8] Use of undefined constant is_best - assumed 'is_best' E:\php\amp\www\bool\shop\Common\Common\function.php 第 58 行.
NOTIC: [8] Use of undefined constant is_best - assumed 'is_best' E:\php\amp\www\bool\shop\Common\Common\function.php 第 58 行.
NOTIC: [8] Use of undefined constant is_new - assumed 'is_new' E:\php\amp\www\bool\shop\Common\Common\function.php 第 59 行.
NOTIC: [8] Use of undefined constant is_new - assumed 'is_new' E:\php\amp\www\bool\shop\Common\Common\function.php 第 59 行.
NOTIC: [8] Use of undefined constant is_hot - assumed 'is_hot' E:\php\amp\www\bool\shop\Common\Common\function.php 第 60 行.
NOTIC: [8] Use of undefined constant is_hot - assumed 'is_hot' E:\php\amp\www\bool\shop\Common\Common\function.php 第 60 行.
NOTIC: [8] Use of undefined constant is_on_sale - assumed 'is_on_sale' E:\php\amp\www\bool\shop\Common\Common\function.php 第 57 行.
NOTIC: [8] Use of undefined constant is_on_sale - assumed 'is_on_sale' E:\php\amp\www\bool\shop\Common\Common\function.php 第 57 行.
NOTIC: [8] Use of undefined constant is_best - assumed 'is_best' E:\php\amp\www\bool\shop\Common\Common\function.php 第 58 行.
NOTIC: [8] Use of undefined constant is_best - assumed 'is_best' E:\php\amp\www\bool\shop\Common\Common\function.php 第 58 行.
NOTIC: [8] Use of undefined constant is_new - assumed 'is_new' E:\php\amp\www\bool\shop\Common\Common\function.php 第 59 行.
NOTIC: [8] Use of undefined constant is_new - assumed 'is_new' E:\php\amp\www\bool\shop\Common\Common\function.php 第 59 行.
NOTIC: [8] Use of undefined constant is_hot - assumed 'is_hot' E:\php\amp\www\bool\shop\Common\Common\function.php 第 60 行.
NOTIC: [8] Use of undefined constant is_hot - assumed 'is_hot' E:\php\amp\www\bool\shop\Common\Common\function.php 第 60 行.
NOTIC: [8] Use of undefined constant is_on_sale - assumed 'is_on_sale' E:\php\amp\www\bool\shop\Common\Common\function.php 第 57 行.
NOTIC: [8] Use of undefined constant is_on_sale - assumed 'is_on_sale' E:\php\amp\www\bool\shop\Common\Common\function.php 第 57 行.
NOTIC: [8] Use of undefined constant is_best - assumed 'is_best' E:\php\amp\www\bool\shop\Common\Common\function.php 第 58 行.
NOTIC: [8] Use of undefined constant is_best - assumed 'is_best' E:\php\amp\www\bool\shop\Common\Common\function.php 第 58 行.
NOTIC: [8] Use of undefined constant is_new - assumed 'is_new' E:\php\amp\www\bool\shop\Common\Common\function.php 第 59 行.
NOTIC: [8] Use of undefined constant is_new - assumed 'is_new' E:\php\amp\www\bool\shop\Common\Common\function.php 第 59 行.
NOTIC: [8] Use of undefined constant is_hot - assumed 'is_hot' E:\php\amp\www\bool\shop\Common\Common\function.php 第 60 行.
NOTIC: [8] Use of undefined constant is_hot - assumed 'is_hot' E:\php\amp\www\bool\shop\Common\Common\function.php 第 60 行.
NOTIC: [8] Use of undefined constant is_on_sale - assumed 'is_on_sale' E:\php\amp\www\bool\shop\Common\Common\function.php 第 57 行.
NOTIC: [8] Use of undefined constant is_on_sale - assumed 'is_on_sale' E:\php\amp\www\bool\shop\Common\Common\function.php 第 57 行.
NOTIC: [8] Use of undefined constant is_best - assumed 'is_best' E:\php\amp\www\bool\shop\Common\Common\function.php 第 58 行.
NOTIC: [8] Use of undefined constant is_best - assumed 'is_best' E:\php\amp\www\bool\shop\Common\Common\function.php 第 58 行.
NOTIC: [8] Use of undefined constant is_new - assumed 'is_new' E:\php\amp\www\bool\shop\Common\Common\function.php 第 59 行.
NOTIC: [8] Use of undefined constant is_new - assumed 'is_new' E:\php\amp\www\bool\shop\Common\Common\function.php 第 59 行.
NOTIC: [8] Use of undefined constant is_hot - assumed 'is_hot' E:\php\amp\www\bool\shop\Common\Common\function.php 第 60 行.
NOTIC: [8] Use of undefined constant is_hot - assumed 'is_hot' E:\php\amp\www\bool\shop\Common\Common\function.php 第 60 行.
NOTIC: [8] Use of undefined constant is_on_sale - assumed 'is_on_sale' E:\php\amp\www\bool\shop\Common\Common\function.php 第 57 行.
NOTIC: [8] Use of undefined constant is_on_sale - assumed 'is_on_sale' E:\php\amp\www\bool\shop\Common\Common\function.php 第 57 行.
NOTIC: [8] Use of undefined constant is_best - assumed 'is_best' E:\php\amp\www\bool\shop\Common\Common\function.php 第 58 行.
NOTIC: [8] Use of undefined constant is_best - assumed 'is_best' E:\php\amp\www\bool\shop\Common\Common\function.php 第 58 行.
NOTIC: [8] Use of undefined constant is_new - assumed 'is_new' E:\php\amp\www\bool\shop\Common\Common\function.php 第 59 行.
NOTIC: [8] Use of undefined constant is_new - assumed 'is_new' E:\php\amp\www\bool\shop\Common\Common\function.php 第 59 行.
NOTIC: [8] Use of undefined constant is_hot - assumed 'is_hot' E:\php\amp\www\bool\shop\Common\Common\function.php 第 60 行.
NOTIC: [8] Use of undefined constant is_hot - assumed 'is_hot' E:\php\amp\www\bool\shop\Common\Common\function.php 第 60 行.
NOTIC: [8] Use of undefined constant is_on_sale - assumed 'is_on_sale' E:\php\amp\www\bool\shop\Common\Common\function.php 第 57 行.
NOTIC: [8] Use of undefined constant is_on_sale - assumed 'is_on_sale' E:\php\amp\www\bool\shop\Common\Common\function.php 第 57 行.
NOTIC: [8] Use of undefined constant is_best - assumed 'is_best' E:\php\amp\www\bool\shop\Common\Common\function.php 第 58 行.
NOTIC: [8] Use of undefined constant is_best - assumed 'is_best' E:\php\amp\www\bool\shop\Common\Common\function.php 第 58 行.
NOTIC: [8] Use of undefined constant is_new - assumed 'is_new' E:\php\amp\www\bool\shop\Common\Common\function.php 第 59 行.
NOTIC: [8] Use of undefined constant is_new - assumed 'is_new' E:\php\amp\www\bool\shop\Common\Common\function.php 第 59 行.
NOTIC: [8] Use of undefined constant is_hot - assumed 'is_hot' E:\php\amp\www\bool\shop\Common\Common\function.php 第 60 行.
NOTIC: [8] Use of undefined constant is_hot - assumed 'is_hot' E:\php\amp\www\bool\shop\Common\Common\function.php 第 60 行.
NOTIC: [8] Use of undefined constant is_on_sale - assumed 'is_on_sale' E:\php\amp\www\bool\shop\Common\Common\function.php 第 57 行.
NOTIC: [8] Use of undefined constant is_on_sale - assumed 'is_on_sale' E:\php\amp\www\bool\shop\Common\Common\function.php 第 57 行.
NOTIC: [8] Use of undefined constant is_best - assumed 'is_best' E:\php\amp\www\bool\shop\Common\Common\function.php 第 58 行.
NOTIC: [8] Use of undefined constant is_best - assumed 'is_best' E:\php\amp\www\bool\shop\Common\Common\function.php 第 58 行.
NOTIC: [8] Use of undefined constant is_new - assumed 'is_new' E:\php\amp\www\bool\shop\Common\Common\function.php 第 59 行.
NOTIC: [8] Use of undefined constant is_new - assumed 'is_new' E:\php\amp\www\bool\shop\Common\Common\function.php 第 59 行.
NOTIC: [8] Use of undefined constant is_hot - assumed 'is_hot' E:\php\amp\www\bool\shop\Common\Common\function.php 第 60 行.
NOTIC: [8] Use of undefined constant is_hot - assumed 'is_hot' E:\php\amp\www\bool\shop\Common\Common\function.php 第 60 行.
NOTIC: [8] Use of undefined constant is_on_sale - assumed 'is_on_sale' E:\php\amp\www\bool\shop\Common\Common\function.php 第 57 行.
NOTIC: [8] Use of undefined constant is_on_sale - assumed 'is_on_sale' E:\php\amp\www\bool\shop\Common\Common\function.php 第 57 行.
NOTIC: [8] Use of undefined constant is_best - assumed 'is_best' E:\php\amp\www\bool\shop\Common\Common\function.php 第 58 行.
NOTIC: [8] Use of undefined constant is_best - assumed 'is_best' E:\php\amp\www\bool\shop\Common\Common\function.php 第 58 行.
NOTIC: [8] Use of undefined constant is_new - assumed 'is_new' E:\php\amp\www\bool\shop\Common\Common\function.php 第 59 行.
NOTIC: [8] Use of undefined constant is_new - assumed 'is_new' E:\php\amp\www\bool\shop\Common\Common\function.php 第 59 行.
NOTIC: [8] Use of undefined constant is_hot - assumed 'is_hot' E:\php\amp\www\bool\shop\Common\Common\function.php 第 60 行.
NOTIC: [8] Use of undefined constant is_hot - assumed 'is_hot' E:\php\amp\www\bool\shop\Common\Common\function.php 第 60 行.
INFO: [ view_parse ] --START--
INFO: [ template_filter ] --START--
INFO: Run Behavior\ContentReplaceBehavior [ RunTime:0.000000s ]
INFO: [ template_filter ] --END-- [ RunTime:0.000000s ]
INFO: Run Behavior\ParseTemplateBehavior [ RunTime:0.013001s ]
INFO: [ view_parse ] --END-- [ RunTime:0.013001s ]
INFO: [ view_filter ] --START--
INFO: Run Behavior\WriteHtmlCacheBehavior [ RunTime:0.000000s ]
INFO: [ view_filter ] --END-- [ RunTime:0.000000s ]
INFO: [ app_end ] --START--
INFO: Run Behavior\ShowPageTraceBehavior [ RunTime:0.001000s ]
INFO: [ app_end ] --END-- [ RunTime:0.001000s ]

