[ 2016-12-26T12:05:31+08:00 ] 127.0.0.1 /bool/shop/index.php/admin
INFO: [ app_init ] --START--
INFO: Run Behavior\BuildLiteBehavior [ RunTime:0.000000s ]
INFO: [ app_init ] --END-- [ RunTime:0.001000s ]
INFO: [ app_begin ] --START--
INFO: Run Behavior\ReadHtmlCacheBehavior [ RunTime:0.001000s ]
INFO: [ app_begin ] --END-- [ RunTime:0.001000s ]
INFO: [ view_parse ] --START--
INFO: [ template_filter ] --START--
INFO: Run Behavior\ContentReplaceBehavior [ RunTime:0.000000s ]
INFO: [ template_filter ] --END-- [ RunTime:0.000000s ]
INFO: Run Behavior\ParseTemplateBehavior [ RunTime:0.060004s ]
INFO: [ view_parse ] --END-- [ RunTime:0.061004s ]
INFO: [ view_filter ] --START--
INFO: Run Behavior\WriteHtmlCacheBehavior [ RunTime:0.000000s ]
INFO: [ view_filter ] --END-- [ RunTime:0.000000s ]
INFO: [ app_end ] --START--
INFO: Run Behavior\ShowPageTraceBehavior [ RunTime:0.001000s ]
INFO: [ app_end ] --END-- [ RunTime:0.002000s ]

[ 2016-12-26T12:05:32+08:00 ] 127.0.0.1 /bool/shop/index.php/Admin/Index/top.html
INFO: [ app_init ] --START--
INFO: Run Behavior\BuildLiteBehavior [ RunTime:0.000000s ]
INFO: [ app_init ] --END-- [ RunTime:0.000000s ]
INFO: [ app_begin ] --START--
INFO: Run Behavior\ReadHtmlCacheBehavior [ RunTime:0.000000s ]
INFO: [ app_begin ] --END-- [ RunTime:0.000000s ]
INFO: [ view_parse ] --START--
INFO: [ template_filter ] --START--
INFO: Run Behavior\ContentReplaceBehavior [ RunTime:0.000000s ]
INFO: [ template_filter ] --END-- [ RunTime:0.000000s ]
INFO: Run Behavior\ParseTemplateBehavior [ RunTime:0.067004s ]
INFO: [ view_parse ] --END-- [ RunTime:0.067004s ]
INFO: [ view_filter ] --START--
INFO: Run Behavior\WriteHtmlCacheBehavior [ RunTime:0.000000s ]
INFO: [ view_filter ] --END-- [ RunTime:0.000000s ]
INFO: [ app_end ] --START--
INFO: Run Behavior\ShowPageTraceBehavior [ RunTime:0.001000s ]
INFO: [ app_end ] --END-- [ RunTime:0.001000s ]

[ 2016-12-26T12:05:32+08:00 ] 127.0.0.1 /bool/shop/index.php/Admin/Index/images/top_loader.gif
INFO: [ app_init ] --START--
INFO: Run Behavior\BuildLiteBehavior [ RunTime:0.000000s ]
INFO: [ app_init ] --END-- [ RunTime:0.000000s ]

[ 2016-12-26T12:05:32+08:00 ] 127.0.0.1 /bool/shop/index.php/Admin/Index/left.html
INFO: [ app_init ] --START--
INFO: Run Behavior\BuildLiteBehavior [ RunTime:0.000000s ]
INFO: [ app_init ] --END-- [ RunTime:0.000000s ]
INFO: [ app_begin ] --START--
INFO: Run Behavior\ReadHtmlCacheBehavior [ RunTime:0.001000s ]
INFO: [ app_begin ] --END-- [ RunTime:0.001000s ]
INFO: [ view_parse ] --START--
INFO: [ template_filter ] --START--
INFO: Run Behavior\ContentReplaceBehavior [ RunTime:0.000000s ]
INFO: [ template_filter ] --END-- [ RunTime:0.000000s ]
INFO: Run Behavior\ParseTemplateBehavior [ RunTime:0.222012s ]
INFO: [ view_parse ] --END-- [ RunTime:0.222012s ]
INFO: [ view_filter ] --START--
INFO: Run Behavior\WriteHtmlCacheBehavior [ RunTime:0.001000s ]
INFO: [ view_filter ] --END-- [ RunTime:0.001000s ]
INFO: [ app_end ] --START--
INFO: Run Behavior\ShowPageTraceBehavior [ RunTime:0.001000s ]
INFO: [ app_end ] --END-- [ RunTime:0.002000s ]

[ 2016-12-26T12:05:32+08:00 ] 127.0.0.1 /bool/shop/index.php/Admin/Index/drag.html
INFO: [ app_init ] --START--
INFO: Run Behavior\BuildLiteBehavior [ RunTime:0.000000s ]
INFO: [ app_init ] --END-- [ RunTime:0.000000s ]
INFO: [ app_begin ] --START--
INFO: Run Behavior\ReadHtmlCacheBehavior [ RunTime:0.001000s ]
INFO: [ app_begin ] --END-- [ RunTime:0.001000s ]
INFO: [ view_parse ] --START--
INFO: [ template_filter ] --START--
INFO: Run Behavior\ContentReplaceBehavior [ RunTime:0.000000s ]
INFO: [ template_filter ] --END-- [ RunTime:0.000000s ]
INFO: Run Behavior\ParseTemplateBehavior [ RunTime:0.012000s ]
INFO: [ view_parse ] --END-- [ RunTime:0.012000s ]
INFO: [ view_filter ] --START--
INFO: Run Behavior\WriteHtmlCacheBehavior [ RunTime:0.001000s ]
INFO: [ view_filter ] --END-- [ RunTime:0.001000s ]
INFO: [ app_end ] --START--
INFO: Run Behavior\ShowPageTraceBehavior [ RunTime:0.001000s ]
INFO: [ app_end ] --END-- [ RunTime:0.001000s ]

[ 2016-12-26T12:05:32+08:00 ] 127.0.0.1 /bool/shop/index.php/Admin/Index/main.html
INFO: [ app_init ] --START--
INFO: Run Behavior\BuildLiteBehavior [ RunTime:0.000000s ]
INFO: [ app_init ] --END-- [ RunTime:0.001001s ]
INFO: [ app_begin ] --START--
INFO: Run Behavior\ReadHtmlCacheBehavior [ RunTime:0.001000s ]
INFO: [ app_begin ] --END-- [ RunTime:0.002000s ]
INFO: [ view_parse ] --START--
INFO: [ template_filter ] --START--
INFO: Run Behavior\ContentReplaceBehavior [ RunTime:0.000000s ]
INFO: [ template_filter ] --END-- [ RunTime:0.001000s ]
INFO: Run Behavior\ParseTemplateBehavior [ RunTime:0.046002s ]
INFO: [ view_parse ] --END-- [ RunTime:0.047002s ]
INFO: [ view_filter ] --START--
INFO: Run Behavior\WriteHtmlCacheBehavior [ RunTime:0.001000s ]
INFO: [ view_filter ] --END-- [ RunTime:0.001000s ]
INFO: [ app_end ] --START--
INFO: Run Behavior\ShowPageTraceBehavior [ RunTime:0.001000s ]
INFO: [ app_end ] --END-- [ RunTime:0.001000s ]

[ 2016-12-26T12:05:32+08:00 ] 127.0.0.1 /bool/shop/index.php/Admin/Index/images/menu_minus.gif
INFO: [ app_init ] --START--
INFO: Run Behavior\BuildLiteBehavior [ RunTime:0.000000s ]
INFO: [ app_init ] --END-- [ RunTime:0.000000s ]

[ 2016-12-26T12:05:32+08:00 ] 127.0.0.1 /bool/shop/index.php/Admin/Index/images/menu_arrow.gif
INFO: [ app_init ] --START--
INFO: Run Behavior\BuildLiteBehavior [ RunTime:0.000000s ]
INFO: [ app_init ] --END-- [ RunTime:0.000000s ]

[ 2016-12-26T12:05:50+08:00 ] 127.0.0.1 /bool/shop/index.php/admin/goods/goodslist.html
INFO: [ app_init ] --START--
INFO: Run Behavior\BuildLiteBehavior [ RunTime:0.000000s ]
INFO: [ app_init ] --END-- [ RunTime:0.000000s ]
INFO: [ app_begin ] --START--
INFO: Run Behavior\ReadHtmlCacheBehavior [ RunTime:0.001000s ]
INFO: [ app_begin ] --END-- [ RunTime:0.001000s ]
SQL: SHOW COLUMNS FROM `goods` [ RunTime:0.0030s ]
SQL: SELECT COUNT(*) AS tp_count FROM `goods` LIMIT 1   [ RunTime:0.1160s ]
SQL: SELECT * FROM `goods` ORDER BY goods_id LIMIT 0,10   [ RunTime:0.0020s ]
NOTIC: [8] Use of undefined constant is_on_sale - assumed 'is_on_sale' E:\php\amp\www\bool\shop\Common\Common\function.php 第 57 行.
NOTIC: [8] Use of undefined constant is_on_sale - assumed 'is_on_sale' E:\php\amp\www\bool\shop\Common\Common\function.php 第 57 行.
NOTIC: [8] Use of undefined constant is_best - assumed 'is_best' E:\php\amp\www\bool\shop\Common\Common\function.php 第 58 行.
NOTIC: [8] Use of undefined constant is_best - assumed 'is_best' E:\php\amp\www\bool\shop\Common\Common\function.php 第 58 行.
NOTIC: [8] Use of undefined constant is_new - assumed 'is_new' E:\php\amp\www\bool\shop\Common\Common\function.php 第 59 行.
NOTIC: [8] Use of undefined constant is_new - assumed 'is_new' E:\php\amp\www\bool\shop\Common\Common\function.php 第 59 行.
NOTIC: [8] Use of undefined constant is_hot - assumed 'is_hot' E:\php\amp\www\bool\shop\Common\Common\function.php 第 60 行.
NOTIC: [8] Use of undefined constant is_hot - assumed 'is_hot' E:\php\amp\www\bool\shop\Common\Common\function.php 第 60 行.
NOTIC: [8] Use of undefined constant is_on_sale - assumed 'is_on_sale' E:\php\amp\www\bool\shop\Common\Common\function.php 第 57 行.
NOTIC: [8] Use of undefined constant is_on_sale - assumed 'is_on_sale' E:\php\amp\www\bool\shop\Common\Common\function.php 第 57 行.
NOTIC: [8] Use of undefined constant is_best - assumed 'is_best' E:\php\amp\www\bool\shop\Common\Common\function.php 第 58 行.
NOTIC: [8] Use of undefined constant is_best - assumed 'is_best' E:\php\amp\www\bool\shop\Common\Common\function.php 第 58 行.
NOTIC: [8] Use of undefined constant is_new - assumed 'is_new' E:\php\amp\www\bool\shop\Common\Common\function.php 第 59 行.
NOTIC: [8] Use of undefined constant is_new - assumed 'is_new' E:\php\amp\www\bool\shop\Common\Common\function.php 第 59 行.
NOTIC: [8] Use of undefined constant is_hot - assumed 'is_hot' E:\php\amp\www\bool\shop\Common\Common\function.php 第 60 行.
NOTIC: [8] Use of undefined constant is_hot - assumed 'is_hot' E:\php\amp\www\bool\shop\Common\Common\function.php 第 60 行.
NOTIC: [8] Use of undefined constant is_on_sale - assumed 'is_on_sale' E:\php\amp\www\bool\shop\Common\Common\function.php 第 57 行.
NOTIC: [8] Use of undefined constant is_on_sale - assumed 'is_on_sale' E:\php\amp\www\bool\shop\Common\Common\function.php 第 57 行.
NOTIC: [8] Use of undefined constant is_best - assumed 'is_best' E:\php\amp\www\bool\shop\Common\Common\function.php 第 58 行.
NOTIC: [8] Use of undefined constant is_best - assumed 'is_best' E:\php\amp\www\bool\shop\Common\Common\function.php 第 58 行.
NOTIC: [8] Use of undefined constant is_new - assumed 'is_new' E:\php\amp\www\bool\shop\Common\Common\function.php 第 59 行.
NOTIC: [8] Use of undefined constant is_new - assumed 'is_new' E:\php\amp\www\bool\shop\Common\Common\function.php 第 59 行.
NOTIC: [8] Use of undefined constant is_hot - assumed 'is_hot' E:\php\amp\www\bool\shop\Common\Common\function.php 第 60 行.
NOTIC: [8] Use of undefined constant is_hot - assumed 'is_hot' E:\php\amp\www\bool\shop\Common\Common\function.php 第 60 行.
NOTIC: [8] Use of undefined constant is_on_sale - assumed 'is_on_sale' E:\php\amp\www\bool\shop\Common\Common\function.php 第 57 行.
NOTIC: [8] Use of undefined constant is_on_sale - assumed 'is_on_sale' E:\php\amp\www\bool\shop\Common\Common\function.php 第 57 行.
NOTIC: [8] Use of undefined constant is_best - assumed 'is_best' E:\php\amp\www\bool\shop\Common\Common\function.php 第 58 行.
NOTIC: [8] Use of undefined constant is_best - assumed 'is_best' E:\php\amp\www\bool\shop\Common\Common\function.php 第 58 行.
NOTIC: [8] Use of undefined constant is_new - assumed 'is_new' E:\php\amp\www\bool\shop\Common\Common\function.php 第 59 行.
NOTIC: [8] Use of undefined constant is_new - assumed 'is_new' E:\php\amp\www\bool\shop\Common\Common\function.php 第 59 行.
NOTIC: [8] Use of undefined constant is_hot - assumed 'is_hot' E:\php\amp\www\bool\shop\Common\Common\function.php 第 60 行.
NOTIC: [8] Use of undefined constant is_hot - assumed 'is_hot' E:\php\amp\www\bool\shop\Common\Common\function.php 第 60 行.
NOTIC: [8] Use of undefined constant is_on_sale - assumed 'is_on_sale' E:\php\amp\www\bool\shop\Common\Common\function.php 第 57 行.
NOTIC: [8] Use of undefined constant is_on_sale - assumed 'is_on_sale' E:\php\amp\www\bool\shop\Common\Common\function.php 第 57 行.
NOTIC: [8] Use of undefined constant is_best - assumed 'is_best' E:\php\amp\www\bool\shop\Common\Common\function.php 第 58 行.
NOTIC: [8] Use of undefined constant is_best - assumed 'is_best' E:\php\amp\www\bool\shop\Common\Common\function.php 第 58 行.
NOTIC: [8] Use of undefined constant is_new - assumed 'is_new' E:\php\amp\www\bool\shop\Common\Common\function.php 第 59 行.
NOTIC: [8] Use of undefined constant is_new - assumed 'is_new' E:\php\amp\www\bool\shop\Common\Common\function.php 第 59 行.
NOTIC: [8] Use of undefined constant is_hot - assumed 'is_hot' E:\php\amp\www\bool\shop\Common\Common\function.php 第 60 行.
NOTIC: [8] Use of undefined constant is_hot - assumed 'is_hot' E:\php\amp\www\bool\shop\Common\Common\function.php 第 60 行.
NOTIC: [8] Use of undefined constant is_on_sale - assumed 'is_on_sale' E:\php\amp\www\bool\shop\Common\Common\function.php 第 57 行.
NOTIC: [8] Use of undefined constant is_on_sale - assumed 'is_on_sale' E:\php\amp\www\bool\shop\Common\Common\function.php 第 57 行.
NOTIC: [8] Use of undefined constant is_best - assumed 'is_best' E:\php\amp\www\bool\shop\Common\Common\function.php 第 58 行.
NOTIC: [8] Use of undefined constant is_best - assumed 'is_best' E:\php\amp\www\bool\shop\Common\Common\function.php 第 58 行.
NOTIC: [8] Use of undefined constant is_new - assumed 'is_new' E:\php\amp\www\bool\shop\Common\Common\function.php 第 59 行.
NOTIC: [8] Use of undefined constant is_new - assumed 'is_new' E:\php\amp\www\bool\shop\Common\Common\function.php 第 59 行.
NOTIC: [8] Use of undefined constant is_hot - assumed 'is_hot' E:\php\amp\www\bool\shop\Common\Common\function.php 第 60 行.
NOTIC: [8] Use of undefined constant is_hot - assumed 'is_hot' E:\php\amp\www\bool\shop\Common\Common\function.php 第 60 行.
NOTIC: [8] Use of undefined constant is_on_sale - assumed 'is_on_sale' E:\php\amp\www\bool\shop\Common\Common\function.php 第 57 行.
NOTIC: [8] Use of undefined constant is_on_sale - assumed 'is_on_sale' E:\php\amp\www\bool\shop\Common\Common\function.php 第 57 行.
NOTIC: [8] Use of undefined constant is_best - assumed 'is_best' E:\php\amp\www\bool\shop\Common\Common\function.php 第 58 行.
NOTIC: [8] Use of undefined constant is_best - assumed 'is_best' E:\php\amp\www\bool\shop\Common\Common\function.php 第 58 行.
NOTIC: [8] Use of undefined constant is_new - assumed 'is_new' E:\php\amp\www\bool\shop\Common\Common\function.php 第 59 行.
NOTIC: [8] Use of undefined constant is_new - assumed 'is_new' E:\php\amp\www\bool\shop\Common\Common\function.php 第 59 行.
NOTIC: [8] Use of undefined constant is_hot - assumed 'is_hot' E:\php\amp\www\bool\shop\Common\Common\function.php 第 60 行.
NOTIC: [8] Use of undefined constant is_hot - assumed 'is_hot' E:\php\amp\www\bool\shop\Common\Common\function.php 第 60 行.
NOTIC: [8] Use of undefined constant is_on_sale - assumed 'is_on_sale' E:\php\amp\www\bool\shop\Common\Common\function.php 第 57 行.
NOTIC: [8] Use of undefined constant is_on_sale - assumed 'is_on_sale' E:\php\amp\www\bool\shop\Common\Common\function.php 第 57 行.
NOTIC: [8] Use of undefined constant is_best - assumed 'is_best' E:\php\amp\www\bool\shop\Common\Common\function.php 第 58 行.
NOTIC: [8] Use of undefined constant is_best - assumed 'is_best' E:\php\amp\www\bool\shop\Common\Common\function.php 第 58 行.
NOTIC: [8] Use of undefined constant is_new - assumed 'is_new' E:\php\amp\www\bool\shop\Common\Common\function.php 第 59 行.
NOTIC: [8] Use of undefined constant is_new - assumed 'is_new' E:\php\amp\www\bool\shop\Common\Common\function.php 第 59 行.
NOTIC: [8] Use of undefined constant is_hot - assumed 'is_hot' E:\php\amp\www\bool\shop\Common\Common\function.php 第 60 行.
NOTIC: [8] Use of undefined constant is_hot - assumed 'is_hot' E:\php\amp\www\bool\shop\Common\Common\function.php 第 60 行.
NOTIC: [8] Use of undefined constant is_on_sale - assumed 'is_on_sale' E:\php\amp\www\bool\shop\Common\Common\function.php 第 57 行.
NOTIC: [8] Use of undefined constant is_on_sale - assumed 'is_on_sale' E:\php\amp\www\bool\shop\Common\Common\function.php 第 57 行.
NOTIC: [8] Use of undefined constant is_best - assumed 'is_best' E:\php\amp\www\bool\shop\Common\Common\function.php 第 58 行.
NOTIC: [8] Use of undefined constant is_best - assumed 'is_best' E:\php\amp\www\bool\shop\Common\Common\function.php 第 58 行.
NOTIC: [8] Use of undefined constant is_new - assumed 'is_new' E:\php\amp\www\bool\shop\Common\Common\function.php 第 59 行.
NOTIC: [8] Use of undefined constant is_new - assumed 'is_new' E:\php\amp\www\bool\shop\Common\Common\function.php 第 59 行.
NOTIC: [8] Use of undefined constant is_hot - assumed 'is_hot' E:\php\amp\www\bool\shop\Common\Common\function.php 第 60 行.
NOTIC: [8] Use of undefined constant is_hot - assumed 'is_hot' E:\php\amp\www\bool\shop\Common\Common\function.php 第 60 行.
NOTIC: [8] Use of undefined constant is_on_sale - assumed 'is_on_sale' E:\php\amp\www\bool\shop\Common\Common\function.php 第 57 行.
NOTIC: [8] Use of undefined constant is_on_sale - assumed 'is_on_sale' E:\php\amp\www\bool\shop\Common\Common\function.php 第 57 行.
NOTIC: [8] Use of undefined constant is_best - assumed 'is_best' E:\php\amp\www\bool\shop\Common\Common\function.php 第 58 行.
NOTIC: [8] Use of undefined constant is_best - assumed 'is_best' E:\php\amp\www\bool\shop\Common\Common\function.php 第 58 行.
NOTIC: [8] Use of undefined constant is_new - assumed 'is_new' E:\php\amp\www\bool\shop\Common\Common\function.php 第 59 行.
NOTIC: [8] Use of undefined constant is_new - assumed 'is_new' E:\php\amp\www\bool\shop\Common\Common\function.php 第 59 行.
NOTIC: [8] Use of undefined constant is_hot - assumed 'is_hot' E:\php\amp\www\bool\shop\Common\Common\function.php 第 60 行.
NOTIC: [8] Use of undefined constant is_hot - assumed 'is_hot' E:\php\amp\www\bool\shop\Common\Common\function.php 第 60 行.
INFO: [ view_parse ] --START--
INFO: [ template_filter ] --START--
INFO: Run Behavior\ContentReplaceBehavior [ RunTime:0.000000s ]
INFO: [ template_filter ] --END-- [ RunTime:0.000000s ]
INFO: Run Behavior\ParseTemplateBehavior [ RunTime:0.162009s ]
INFO: [ view_parse ] --END-- [ RunTime:0.162009s ]
INFO: [ view_filter ] --START--
INFO: Run Behavior\WriteHtmlCacheBehavior [ RunTime:0.001000s ]
INFO: [ view_filter ] --END-- [ RunTime:0.001000s ]
INFO: [ app_end ] --START--
INFO: Run Behavior\ShowPageTraceBehavior [ RunTime:0.001001s ]
INFO: [ app_end ] --END-- [ RunTime:0.001001s ]

[ 2016-12-26T12:06:38+08:00 ] 127.0.0.1 /bool/shop/index.php/admin/goods/goodsadd.html
INFO: [ app_init ] --START--
INFO: Run Behavior\BuildLiteBehavior [ RunTime:0.000000s ]
INFO: [ app_init ] --END-- [ RunTime:0.001000s ]
INFO: [ app_begin ] --START--
INFO: Run Behavior\ReadHtmlCacheBehavior [ RunTime:0.001000s ]
INFO: [ app_begin ] --END-- [ RunTime:0.001000s ]
SQL: SHOW COLUMNS FROM `goods` [ RunTime:0.0230s ]
SQL: SHOW COLUMNS FROM `cat` [ RunTime:0.0040s ]
SQL: SELECT * FROM `cat`  [ RunTime:0.0000s ]
SQL: SELECT * FROM `cat`  [ RunTime:0.0010s ]
SQL: SELECT * FROM `cat`  [ RunTime:0.0000s ]
SQL: SELECT * FROM `cat`  [ RunTime:0.0010s ]
SQL: SELECT * FROM `cat`  [ RunTime:0.0000s ]
SQL: SELECT * FROM `cat`  [ RunTime:0.0010s ]
SQL: SELECT * FROM `cat`  [ RunTime:0.0000s ]
SQL: SELECT * FROM `cat`  [ RunTime:0.0010s ]
SQL: SELECT * FROM `cat`  [ RunTime:0.0000s ]
SQL: SELECT * FROM `cat`  [ RunTime:0.0000s ]
SQL: SELECT * FROM `cat`  [ RunTime:0.0000s ]
SQL: SELECT * FROM `cat`  [ RunTime:0.0010s ]
SQL: SELECT * FROM `cat`  [ RunTime:0.0000s ]
SQL: SELECT * FROM `cat`  [ RunTime:0.0000s ]
SQL: SELECT * FROM `cat`  [ RunTime:0.0000s ]
INFO: [ view_parse ] --START--
INFO: [ template_filter ] --START--
INFO: Run Behavior\ContentReplaceBehavior [ RunTime:0.000000s ]
INFO: [ template_filter ] --END-- [ RunTime:0.000000s ]
INFO: Run Behavior\ParseTemplateBehavior [ RunTime:0.122007s ]
INFO: [ view_parse ] --END-- [ RunTime:0.122007s ]
INFO: [ view_filter ] --START--
INFO: Run Behavior\WriteHtmlCacheBehavior [ RunTime:0.001000s ]
INFO: [ view_filter ] --END-- [ RunTime:0.001000s ]
INFO: [ app_end ] --START--
INFO: Run Behavior\ShowPageTraceBehavior [ RunTime:0.001000s ]
INFO: [ app_end ] --END-- [ RunTime:0.001000s ]

[ 2016-12-26T14:42:38+08:00 ] 127.0.0.1 /bool/shop/index.php/admin
INFO: [ app_init ] --START--
INFO: Run Behavior\BuildLiteBehavior [ RunTime:0.000000s ]
INFO: [ app_init ] --END-- [ RunTime:0.001000s ]
INFO: [ app_begin ] --START--
INFO: Run Behavior\ReadHtmlCacheBehavior [ RunTime:0.002000s ]
INFO: [ app_begin ] --END-- [ RunTime:0.002000s ]
INFO: [ view_parse ] --START--
INFO: [ template_filter ] --START--
INFO: Run Behavior\ContentReplaceBehavior [ RunTime:0.000000s ]
INFO: [ template_filter ] --END-- [ RunTime:0.001000s ]
INFO: Run Behavior\ParseTemplateBehavior [ RunTime:0.047003s ]
INFO: [ view_parse ] --END-- [ RunTime:0.047003s ]
INFO: [ view_filter ] --START--
INFO: Run Behavior\WriteHtmlCacheBehavior [ RunTime:0.000000s ]
INFO: [ view_filter ] --END-- [ RunTime:0.000000s ]
INFO: [ app_end ] --START--
INFO: Run Behavior\ShowPageTraceBehavior [ RunTime:0.002000s ]
INFO: [ app_end ] --END-- [ RunTime:0.002000s ]

[ 2016-12-26T14:42:39+08:00 ] 127.0.0.1 /bool/shop/index.php/Admin/Index/top.html
INFO: [ app_init ] --START--
INFO: Run Behavior\BuildLiteBehavior [ RunTime:0.000000s ]
INFO: [ app_init ] --END-- [ RunTime:0.000000s ]
INFO: [ app_begin ] --START--
INFO: Run Behavior\ReadHtmlCacheBehavior [ RunTime:0.001000s ]
INFO: [ app_begin ] --END-- [ RunTime:0.001000s ]
INFO: [ view_parse ] --START--
INFO: [ template_filter ] --START--
INFO: Run Behavior\ContentReplaceBehavior [ RunTime:0.000000s ]
INFO: [ template_filter ] --END-- [ RunTime:0.000000s ]
INFO: Run Behavior\ParseTemplateBehavior [ RunTime:0.044002s ]
INFO: [ view_parse ] --END-- [ RunTime:0.044002s ]
INFO: [ view_filter ] --START--
INFO: Run Behavior\WriteHtmlCacheBehavior [ RunTime:0.000000s ]
INFO: [ view_filter ] --END-- [ RunTime:0.000000s ]
INFO: [ app_end ] --START--
INFO: Run Behavior\ShowPageTraceBehavior [ RunTime:0.001001s ]
INFO: [ app_end ] --END-- [ RunTime:0.001001s ]

[ 2016-12-26T14:42:39+08:00 ] 127.0.0.1 /bool/shop/index.php/Admin/Index/images/top_loader.gif
INFO: [ app_init ] --START--
INFO: Run Behavior\BuildLiteBehavior [ RunTime:0.000000s ]
INFO: [ app_init ] --END-- [ RunTime:0.001000s ]

[ 2016-12-26T14:42:39+08:00 ] 127.0.0.1 /bool/shop/index.php/Admin/Index/left.html
INFO: [ app_init ] --START--
INFO: Run Behavior\BuildLiteBehavior [ RunTime:0.000000s ]
INFO: [ app_init ] --END-- [ RunTime:0.000000s ]
INFO: [ app_begin ] --START--
INFO: Run Behavior\ReadHtmlCacheBehavior [ RunTime:0.001001s ]
INFO: [ app_begin ] --END-- [ RunTime:0.001001s ]
INFO: [ view_parse ] --START--
INFO: [ template_filter ] --START--
INFO: Run Behavior\ContentReplaceBehavior [ RunTime:0.000000s ]
INFO: [ template_filter ] --END-- [ RunTime:0.001000s ]
INFO: Run Behavior\ParseTemplateBehavior [ RunTime:0.054003s ]
INFO: [ view_parse ] --END-- [ RunTime:0.054003s ]
INFO: [ view_filter ] --START--
INFO: Run Behavior\WriteHtmlCacheBehavior [ RunTime:0.000000s ]
INFO: [ view_filter ] --END-- [ RunTime:0.000000s ]
INFO: [ app_end ] --START--
INFO: Run Behavior\ShowPageTraceBehavior [ RunTime:0.001000s ]
INFO: [ app_end ] --END-- [ RunTime:0.001000s ]

[ 2016-12-26T14:42:39+08:00 ] 127.0.0.1 /bool/shop/index.php/Admin/Index/drag.html
INFO: [ app_init ] --START--
INFO: Run Behavior\BuildLiteBehavior [ RunTime:0.000000s ]
INFO: [ app_init ] --END-- [ RunTime:0.000000s ]
INFO: [ app_begin ] --START--
INFO: Run Behavior\ReadHtmlCacheBehavior [ RunTime:0.001000s ]
INFO: [ app_begin ] --END-- [ RunTime:0.001000s ]
INFO: [ view_parse ] --START--
INFO: [ template_filter ] --START--
INFO: Run Behavior\ContentReplaceBehavior [ RunTime:0.000000s ]
INFO: [ template_filter ] --END-- [ RunTime:0.000000s ]
INFO: Run Behavior\ParseTemplateBehavior [ RunTime:0.007000s ]
INFO: [ view_parse ] --END-- [ RunTime:0.007000s ]
INFO: [ view_filter ] --START--
INFO: Run Behavior\WriteHtmlCacheBehavior [ RunTime:0.000000s ]
INFO: [ view_filter ] --END-- [ RunTime:0.000000s ]
INFO: [ app_end ] --START--
INFO: Run Behavior\ShowPageTraceBehavior [ RunTime:0.001000s ]
INFO: [ app_end ] --END-- [ RunTime:0.001000s ]

[ 2016-12-26T14:42:39+08:00 ] 127.0.0.1 /bool/shop/index.php/Admin/Index/main.html
INFO: [ app_init ] --START--
INFO: Run Behavior\BuildLiteBehavior [ RunTime:0.000000s ]
INFO: [ app_init ] --END-- [ RunTime:0.000000s ]
INFO: [ app_begin ] --START--
INFO: Run Behavior\ReadHtmlCacheBehavior [ RunTime:0.001001s ]
INFO: [ app_begin ] --END-- [ RunTime:0.001001s ]
INFO: [ view_parse ] --START--
INFO: [ template_filter ] --START--
INFO: Run Behavior\ContentReplaceBehavior [ RunTime:0.000000s ]
INFO: [ template_filter ] --END-- [ RunTime:0.000000s ]
INFO: Run Behavior\ParseTemplateBehavior [ RunTime:0.042003s ]
INFO: [ view_parse ] --END-- [ RunTime:0.042003s ]
INFO: [ view_filter ] --START--
INFO: Run Behavior\WriteHtmlCacheBehavior [ RunTime:0.000000s ]
INFO: [ view_filter ] --END-- [ RunTime:0.000000s ]
INFO: [ app_end ] --START--
INFO: Run Behavior\ShowPageTraceBehavior [ RunTime:0.001000s ]
INFO: [ app_end ] --END-- [ RunTime:0.001000s ]

[ 2016-12-26T14:42:39+08:00 ] 127.0.0.1 /bool/shop/index.php/Admin/Index/images/menu_minus.gif
INFO: [ app_init ] --START--
INFO: Run Behavior\BuildLiteBehavior [ RunTime:0.000000s ]
INFO: [ app_init ] --END-- [ RunTime:0.001001s ]

[ 2016-12-26T14:42:39+08:00 ] 127.0.0.1 /bool/shop/index.php/Admin/Index/images/menu_arrow.gif
INFO: [ app_init ] --START--
INFO: Run Behavior\BuildLiteBehavior [ RunTime:0.000000s ]
INFO: [ app_init ] --END-- [ RunTime:0.001000s ]

[ 2016-12-26T14:42:50+08:00 ] 127.0.0.1 /bool/shop/index.php/admin/goods/goodsadd.html
INFO: [ app_init ] --START--
INFO: Run Behavior\BuildLiteBehavior [ RunTime:0.000000s ]
INFO: [ app_init ] --END-- [ RunTime:0.000000s ]
INFO: [ app_begin ] --START--
INFO: Run Behavior\ReadHtmlCacheBehavior [ RunTime:0.001000s ]
INFO: [ app_begin ] --END-- [ RunTime:0.001000s ]
SQL: SHOW COLUMNS FROM `goods` [ RunTime:0.0040s ]
SQL: SHOW COLUMNS FROM `cat` [ RunTime:0.0030s ]
SQL: SELECT * FROM `cat`  [ RunTime:0.0010s ]
SQL: SELECT * FROM `cat`  [ RunTime:0.0000s ]
SQL: SELECT * FROM `cat`  [ RunTime:0.0000s ]
SQL: SELECT * FROM `cat`  [ RunTime:0.0000s ]
SQL: SELECT * FROM `cat`  [ RunTime:0.0000s ]
SQL: SELECT * FROM `cat`  [ RunTime:0.0000s ]
SQL: SELECT * FROM `cat`  [ RunTime:0.0000s ]
SQL: SELECT * FROM `cat`  [ RunTime:0.0010s ]
SQL: SELECT * FROM `cat`  [ RunTime:0.0000s ]
SQL: SELECT * FROM `cat`  [ RunTime:0.0010s ]
SQL: SELECT * FROM `cat`  [ RunTime:0.0000s ]
SQL: SELECT * FROM `cat`  [ RunTime:0.0000s ]
SQL: SELECT * FROM `cat`  [ RunTime:0.0010s ]
SQL: SELECT * FROM `cat`  [ RunTime:0.0000s ]
SQL: SELECT * FROM `cat`  [ RunTime:0.0000s ]
INFO: [ view_parse ] --START--
INFO: [ template_filter ] --START--
INFO: Run Behavior\ContentReplaceBehavior [ RunTime:0.000000s ]
INFO: [ template_filter ] --END-- [ RunTime:0.000000s ]
INFO: Run Behavior\ParseTemplateBehavior [ RunTime:0.022001s ]
INFO: [ view_parse ] --END-- [ RunTime:0.022001s ]
INFO: [ view_filter ] --START--
INFO: Run Behavior\WriteHtmlCacheBehavior [ RunTime:0.000000s ]
INFO: [ view_filter ] --END-- [ RunTime:0.000000s ]
INFO: [ app_end ] --START--
INFO: Run Behavior\ShowPageTraceBehavior [ RunTime:0.001000s ]
INFO: [ app_end ] --END-- [ RunTime:0.001000s ]

[ 2016-12-26T14:42:53+08:00 ] 127.0.0.1 /bool/shop/index.php/admin/goods/goodsadd.html
INFO: [ app_init ] --START--
INFO: Run Behavior\BuildLiteBehavior [ RunTime:0.000000s ]
INFO: [ app_init ] --END-- [ RunTime:0.000000s ]
INFO: [ app_begin ] --START--
INFO: Run Behavior\ReadHtmlCacheBehavior [ RunTime:0.001001s ]
INFO: [ app_begin ] --END-- [ RunTime:0.001001s ]
SQL: SHOW COLUMNS FROM `goods` [ RunTime:0.0070s ]
NOTIC: [8] Undefined index: validate E:\php\amp\www\bool\ThinkPHP\Library\Think\Model.class.php 第 1185 行.

[ 2016-12-26T14:43:00+08:00 ] 127.0.0.1 /bool/shop/index.php/admin/goods/goodsadd.html
INFO: [ app_init ] --START--
INFO: Run Behavior\BuildLiteBehavior [ RunTime:0.000000s ]
INFO: [ app_init ] --END-- [ RunTime:0.001000s ]
INFO: [ app_begin ] --START--
INFO: Run Behavior\ReadHtmlCacheBehavior [ RunTime:0.001000s ]
INFO: [ app_begin ] --END-- [ RunTime:0.001000s ]
SQL: SHOW COLUMNS FROM `goods` [ RunTime:0.0070s ]
SQL: SHOW COLUMNS FROM `cat` [ RunTime:0.0050s ]
SQL: SELECT * FROM `cat`  [ RunTime:0.0000s ]
SQL: SELECT * FROM `cat`  [ RunTime:0.0010s ]
SQL: SELECT * FROM `cat`  [ RunTime:0.0000s ]
SQL: SELECT * FROM `cat`  [ RunTime:0.0000s ]
SQL: SELECT * FROM `cat`  [ RunTime:0.0010s ]
SQL: SELECT * FROM `cat`  [ RunTime:0.0010s ]
SQL: SELECT * FROM `cat`  [ RunTime:0.0000s ]
SQL: SELECT * FROM `cat`  [ RunTime:0.0000s ]
SQL: SELECT * FROM `cat`  [ RunTime:0.0010s ]
SQL: SELECT * FROM `cat`  [ RunTime:0.0010s ]
SQL: SELECT * FROM `cat`  [ RunTime:0.0000s ]
SQL: SELECT * FROM `cat`  [ RunTime:0.0000s ]
SQL: SELECT * FROM `cat`  [ RunTime:0.0010s ]
SQL: SELECT * FROM `cat`  [ RunTime:0.0010s ]
SQL: SELECT * FROM `cat`  [ RunTime:0.0000s ]
INFO: [ view_parse ] --START--
INFO: [ template_filter ] --START--
INFO: Run Behavior\ContentReplaceBehavior [ RunTime:0.000000s ]
INFO: [ template_filter ] --END-- [ RunTime:0.001000s ]
INFO: Run Behavior\ParseTemplateBehavior [ RunTime:0.013001s ]
INFO: [ view_parse ] --END-- [ RunTime:0.013001s ]
INFO: [ view_filter ] --START--
INFO: Run Behavior\WriteHtmlCacheBehavior [ RunTime:0.000000s ]
INFO: [ view_filter ] --END-- [ RunTime:0.001000s ]
INFO: [ app_end ] --START--
INFO: Run Behavior\ShowPageTraceBehavior [ RunTime:0.001000s ]
INFO: [ app_end ] --END-- [ RunTime:0.001000s ]

[ 2016-12-26T14:43:51+08:00 ] 127.0.0.1 /bool/shop/index.php/admin/goods/goodsadd.html
INFO: [ app_init ] --START--
INFO: Run Behavior\BuildLiteBehavior [ RunTime:0.000000s ]
INFO: [ app_init ] --END-- [ RunTime:0.000000s ]
INFO: [ app_begin ] --START--
INFO: Run Behavior\ReadHtmlCacheBehavior [ RunTime:0.001000s ]
INFO: [ app_begin ] --END-- [ RunTime:0.001000s ]
SQL: SHOW COLUMNS FROM `goods` [ RunTime:0.0040s ]
NOTIC: [8] Undefined index: validate E:\php\amp\www\bool\ThinkPHP\Library\Think\Model.class.php 第 1185 行.
SQL: SELECT * FROM `goods` WHERE `goods_sn` = 'ads' LIMIT 1   [ RunTime:0.0010s ]
NOTIC: [8] Undefined index: auto E:\php\amp\www\bool\ThinkPHP\Library\Think\Model.class.php 第 1128 行.
NOTIC: [2] call_user_func() expects parameter 1 to be a valid callback, no array or string given E:\php\amp\www\bool\ThinkPHP\Library\Think\Upload.class.php 第 170 行.
NOTIC: [8] Use of undefined constant ture - assumed 'ture' E:\php\amp\www\bool\shop\Common\Common\function.php 第 39 行.
SQL: INSERT INTO `goods` (`goods_name`,`goods_sn`,`cat_id`,`market_price`,`shop_price`,`goods_desc`,`goods_weight`,`goods_number`,`is_best`,`is_new`,`is_hot`,`is_on_sale`,`goods_brief`,`goods_id`,`add_time`,`goods_img`,`thumb_img`) VALUES ('123ea','ads','5','3434','213123','werwer','12.7','1232','1','1','1','1','sadasdas','0','1482734631','/Upload/2016-12-26/5860bc272eba3.jpg','/Upload/2016-12-26/Thumb/5860bc272eba3.jpg') [ RunTime:0.0010s ]
SQL: SHOW COLUMNS FROM `cat` [ RunTime:0.0030s ]
SQL: SELECT * FROM `cat`  [ RunTime:0.0000s ]
SQL: SELECT * FROM `cat`  [ RunTime:0.0000s ]
SQL: SELECT * FROM `cat`  [ RunTime:0.0000s ]
SQL: SELECT * FROM `cat`  [ RunTime:0.0000s ]
SQL: SELECT * FROM `cat`  [ RunTime:0.0010s ]
SQL: SELECT * FROM `cat`  [ RunTime:0.0000s ]
SQL: SELECT * FROM `cat`  [ RunTime:0.0000s ]
SQL: SELECT * FROM `cat`  [ RunTime:0.0000s ]
SQL: SELECT * FROM `cat`  [ RunTime:0.0010s ]
SQL: SELECT * FROM `cat`  [ RunTime:0.0000s ]
SQL: SELECT * FROM `cat`  [ RunTime:0.0000s ]
SQL: SELECT * FROM `cat`  [ RunTime:0.0000s ]
SQL: SELECT * FROM `cat`  [ RunTime:0.0000s ]
SQL: SELECT * FROM `cat`  [ RunTime:0.0010s ]
SQL: SELECT * FROM `cat`  [ RunTime:0.0000s ]
INFO: [ view_parse ] --START--
INFO: [ template_filter ] --START--
INFO: Run Behavior\ContentReplaceBehavior [ RunTime:0.000000s ]
INFO: [ template_filter ] --END-- [ RunTime:0.000000s ]
INFO: Run Behavior\ParseTemplateBehavior [ RunTime:0.010001s ]
INFO: [ view_parse ] --END-- [ RunTime:0.010001s ]
INFO: [ view_filter ] --START--
INFO: Run Behavior\WriteHtmlCacheBehavior [ RunTime:0.000000s ]
INFO: [ view_filter ] --END-- [ RunTime:0.000000s ]
INFO: [ app_end ] --START--
INFO: Run Behavior\ShowPageTraceBehavior [ RunTime:0.000000s ]
INFO: [ app_end ] --END-- [ RunTime:0.001000s ]

[ 2016-12-26T14:44:01+08:00 ] 127.0.0.1 /bool/shop/index.php/admin/goods/goodslist.html
INFO: [ app_init ] --START--
INFO: Run Behavior\BuildLiteBehavior [ RunTime:0.000000s ]
INFO: [ app_init ] --END-- [ RunTime:0.001000s ]
INFO: [ app_begin ] --START--
INFO: Run Behavior\ReadHtmlCacheBehavior [ RunTime:0.001000s ]
INFO: [ app_begin ] --END-- [ RunTime:0.001000s ]
SQL: SHOW COLUMNS FROM `goods` [ RunTime:0.0080s ]
SQL: SELECT COUNT(*) AS tp_count FROM `goods` LIMIT 1   [ RunTime:0.0010s ]
SQL: SELECT * FROM `goods` ORDER BY goods_id LIMIT 0,10   [ RunTime:0.0020s ]
NOTIC: [8] Use of undefined constant is_on_sale - assumed 'is_on_sale' E:\php\amp\www\bool\shop\Common\Common\function.php 第 57 行.
NOTIC: [8] Use of undefined constant is_on_sale - assumed 'is_on_sale' E:\php\amp\www\bool\shop\Common\Common\function.php 第 57 行.
NOTIC: [8] Use of undefined constant is_best - assumed 'is_best' E:\php\amp\www\bool\shop\Common\Common\function.php 第 58 行.
NOTIC: [8] Use of undefined constant is_best - assumed 'is_best' E:\php\amp\www\bool\shop\Common\Common\function.php 第 58 行.
NOTIC: [8] Use of undefined constant is_new - assumed 'is_new' E:\php\amp\www\bool\shop\Common\Common\function.php 第 59 行.
NOTIC: [8] Use of undefined constant is_new - assumed 'is_new' E:\php\amp\www\bool\shop\Common\Common\function.php 第 59 行.
NOTIC: [8] Use of undefined constant is_hot - assumed 'is_hot' E:\php\amp\www\bool\shop\Common\Common\function.php 第 60 行.
NOTIC: [8] Use of undefined constant is_hot - assumed 'is_hot' E:\php\amp\www\bool\shop\Common\Common\function.php 第 60 行.
NOTIC: [8] Use of undefined constant is_on_sale - assumed 'is_on_sale' E:\php\amp\www\bool\shop\Common\Common\function.php 第 57 行.
NOTIC: [8] Use of undefined constant is_on_sale - assumed 'is_on_sale' E:\php\amp\www\bool\shop\Common\Common\function.php 第 57 行.
NOTIC: [8] Use of undefined constant is_best - assumed 'is_best' E:\php\amp\www\bool\shop\Common\Common\function.php 第 58 行.
NOTIC: [8] Use of undefined constant is_best - assumed 'is_best' E:\php\amp\www\bool\shop\Common\Common\function.php 第 58 行.
NOTIC: [8] Use of undefined constant is_new - assumed 'is_new' E:\php\amp\www\bool\shop\Common\Common\function.php 第 59 行.
NOTIC: [8] Use of undefined constant is_new - assumed 'is_new' E:\php\amp\www\bool\shop\Common\Common\function.php 第 59 行.
NOTIC: [8] Use of undefined constant is_hot - assumed 'is_hot' E:\php\amp\www\bool\shop\Common\Common\function.php 第 60 行.
NOTIC: [8] Use of undefined constant is_hot - assumed 'is_hot' E:\php\amp\www\bool\shop\Common\Common\function.php 第 60 行.
NOTIC: [8] Use of undefined constant is_on_sale - assumed 'is_on_sale' E:\php\amp\www\bool\shop\Common\Common\function.php 第 57 行.
NOTIC: [8] Use of undefined constant is_on_sale - assumed 'is_on_sale' E:\php\amp\www\bool\shop\Common\Common\function.php 第 57 行.
NOTIC: [8] Use of undefined constant is_best - assumed 'is_best' E:\php\amp\www\bool\shop\Common\Common\function.php 第 58 行.
NOTIC: [8] Use of undefined constant is_best - assumed 'is_best' E:\php\amp\www\bool\shop\Common\Common\function.php 第 58 行.
NOTIC: [8] Use of undefined constant is_new - assumed 'is_new' E:\php\amp\www\bool\shop\Common\Common\function.php 第 59 行.
NOTIC: [8] Use of undefined constant is_new - assumed 'is_new' E:\php\amp\www\bool\shop\Common\Common\function.php 第 59 行.
NOTIC: [8] Use of undefined constant is_hot - assumed 'is_hot' E:\php\amp\www\bool\shop\Common\Common\function.php 第 60 行.
NOTIC: [8] Use of undefined constant is_hot - assumed 'is_hot' E:\php\amp\www\bool\shop\Common\Common\function.php 第 60 行.
NOTIC: [8] Use of undefined constant is_on_sale - assumed 'is_on_sale' E:\php\amp\www\bool\shop\Common\Common\function.php 第 57 行.
NOTIC: [8] Use of undefined constant is_on_sale - assumed 'is_on_sale' E:\php\amp\www\bool\shop\Common\Common\function.php 第 57 行.
NOTIC: [8] Use of undefined constant is_best - assumed 'is_best' E:\php\amp\www\bool\shop\Common\Common\function.php 第 58 行.
NOTIC: [8] Use of undefined constant is_best - assumed 'is_best' E:\php\amp\www\bool\shop\Common\Common\function.php 第 58 行.
NOTIC: [8] Use of undefined constant is_new - assumed 'is_new' E:\php\amp\www\bool\shop\Common\Common\function.php 第 59 行.
NOTIC: [8] Use of undefined constant is_new - assumed 'is_new' E:\php\amp\www\bool\shop\Common\Common\function.php 第 59 行.
NOTIC: [8] Use of undefined constant is_hot - assumed 'is_hot' E:\php\amp\www\bool\shop\Common\Common\function.php 第 60 行.
NOTIC: [8] Use of undefined constant is_hot - assumed 'is_hot' E:\php\amp\www\bool\shop\Common\Common\function.php 第 60 行.
NOTIC: [8] Use of undefined constant is_on_sale - assumed 'is_on_sale' E:\php\amp\www\bool\shop\Common\Common\function.php 第 57 行.
NOTIC: [8] Use of undefined constant is_on_sale - assumed 'is_on_sale' E:\php\amp\www\bool\shop\Common\Common\function.php 第 57 行.
NOTIC: [8] Use of undefined constant is_best - assumed 'is_best' E:\php\amp\www\bool\shop\Common\Common\function.php 第 58 行.
NOTIC: [8] Use of undefined constant is_best - assumed 'is_best' E:\php\amp\www\bool\shop\Common\Common\function.php 第 58 行.
NOTIC: [8] Use of undefined constant is_new - assumed 'is_new' E:\php\amp\www\bool\shop\Common\Common\function.php 第 59 行.
NOTIC: [8] Use of undefined constant is_new - assumed 'is_new' E:\php\amp\www\bool\shop\Common\Common\function.php 第 59 行.
NOTIC: [8] Use of undefined constant is_hot - assumed 'is_hot' E:\php\amp\www\bool\shop\Common\Common\function.php 第 60 行.
NOTIC: [8] Use of undefined constant is_hot - assumed 'is_hot' E:\php\amp\www\bool\shop\Common\Common\function.php 第 60 行.
NOTIC: [8] Use of undefined constant is_on_sale - assumed 'is_on_sale' E:\php\amp\www\bool\shop\Common\Common\function.php 第 57 行.
NOTIC: [8] Use of undefined constant is_on_sale - assumed 'is_on_sale' E:\php\amp\www\bool\shop\Common\Common\function.php 第 57 行.
NOTIC: [8] Use of undefined constant is_best - assumed 'is_best' E:\php\amp\www\bool\shop\Common\Common\function.php 第 58 行.
NOTIC: [8] Use of undefined constant is_best - assumed 'is_best' E:\php\amp\www\bool\shop\Common\Common\function.php 第 58 行.
NOTIC: [8] Use of undefined constant is_new - assumed 'is_new' E:\php\amp\www\bool\shop\Common\Common\function.php 第 59 行.
NOTIC: [8] Use of undefined constant is_new - assumed 'is_new' E:\php\amp\www\bool\shop\Common\Common\function.php 第 59 行.
NOTIC: [8] Use of undefined constant is_hot - assumed 'is_hot' E:\php\amp\www\bool\shop\Common\Common\function.php 第 60 行.
NOTIC: [8] Use of undefined constant is_hot - assumed 'is_hot' E:\php\amp\www\bool\shop\Common\Common\function.php 第 60 行.
NOTIC: [8] Use of undefined constant is_on_sale - assumed 'is_on_sale' E:\php\amp\www\bool\shop\Common\Common\function.php 第 57 行.
NOTIC: [8] Use of undefined constant is_on_sale - assumed 'is_on_sale' E:\php\amp\www\bool\shop\Common\Common\function.php 第 57 行.
NOTIC: [8] Use of undefined constant is_best - assumed 'is_best' E:\php\amp\www\bool\shop\Common\Common\function.php 第 58 行.
NOTIC: [8] Use of undefined constant is_best - assumed 'is_best' E:\php\amp\www\bool\shop\Common\Common\function.php 第 58 行.
NOTIC: [8] Use of undefined constant is_new - assumed 'is_new' E:\php\amp\www\bool\shop\Common\Common\function.php 第 59 行.
NOTIC: [8] Use of undefined constant is_new - assumed 'is_new' E:\php\amp\www\bool\shop\Common\Common\function.php 第 59 行.
NOTIC: [8] Use of undefined constant is_hot - assumed 'is_hot' E:\php\amp\www\bool\shop\Common\Common\function.php 第 60 行.
NOTIC: [8] Use of undefined constant is_hot - assumed 'is_hot' E:\php\amp\www\bool\shop\Common\Common\function.php 第 60 行.
NOTIC: [8] Use of undefined constant is_on_sale - assumed 'is_on_sale' E:\php\amp\www\bool\shop\Common\Common\function.php 第 57 行.
NOTIC: [8] Use of undefined constant is_on_sale - assumed 'is_on_sale' E:\php\amp\www\bool\shop\Common\Common\function.php 第 57 行.
NOTIC: [8] Use of undefined constant is_best - assumed 'is_best' E:\php\amp\www\bool\shop\Common\Common\function.php 第 58 行.
NOTIC: [8] Use of undefined constant is_best - assumed 'is_best' E:\php\amp\www\bool\shop\Common\Common\function.php 第 58 行.
NOTIC: [8] Use of undefined constant is_new - assumed 'is_new' E:\php\amp\www\bool\shop\Common\Common\function.php 第 59 行.
NOTIC: [8] Use of undefined constant is_new - assumed 'is_new' E:\php\amp\www\bool\shop\Common\Common\function.php 第 59 行.
NOTIC: [8] Use of undefined constant is_hot - assumed 'is_hot' E:\php\amp\www\bool\shop\Common\Common\function.php 第 60 行.
NOTIC: [8] Use of undefined constant is_hot - assumed 'is_hot' E:\php\amp\www\bool\shop\Common\Common\function.php 第 60 行.
NOTIC: [8] Use of undefined constant is_on_sale - assumed 'is_on_sale' E:\php\amp\www\bool\shop\Common\Common\function.php 第 57 行.
NOTIC: [8] Use of undefined constant is_on_sale - assumed 'is_on_sale' E:\php\amp\www\bool\shop\Common\Common\function.php 第 57 行.
NOTIC: [8] Use of undefined constant is_best - assumed 'is_best' E:\php\amp\www\bool\shop\Common\Common\function.php 第 58 行.
NOTIC: [8] Use of undefined constant is_best - assumed 'is_best' E:\php\amp\www\bool\shop\Common\Common\function.php 第 58 行.
NOTIC: [8] Use of undefined constant is_new - assumed 'is_new' E:\php\amp\www\bool\shop\Common\Common\function.php 第 59 行.
NOTIC: [8] Use of undefined constant is_new - assumed 'is_new' E:\php\amp\www\bool\shop\Common\Common\function.php 第 59 行.
NOTIC: [8] Use of undefined constant is_hot - assumed 'is_hot' E:\php\amp\www\bool\shop\Common\Common\function.php 第 60 行.
NOTIC: [8] Use of undefined constant is_hot - assumed 'is_hot' E:\php\amp\www\bool\shop\Common\Common\function.php 第 60 行.
NOTIC: [8] Use of undefined constant is_on_sale - assumed 'is_on_sale' E:\php\amp\www\bool\shop\Common\Common\function.php 第 57 行.
NOTIC: [8] Use of undefined constant is_on_sale - assumed 'is_on_sale' E:\php\amp\www\bool\shop\Common\Common\function.php 第 57 行.
NOTIC: [8] Use of undefined constant is_best - assumed 'is_best' E:\php\amp\www\bool\shop\Common\Common\function.php 第 58 行.
NOTIC: [8] Use of undefined constant is_best - assumed 'is_best' E:\php\amp\www\bool\shop\Common\Common\function.php 第 58 行.
NOTIC: [8] Use of undefined constant is_new - assumed 'is_new' E:\php\amp\www\bool\shop\Common\Common\function.php 第 59 行.
NOTIC: [8] Use of undefined constant is_new - assumed 'is_new' E:\php\amp\www\bool\shop\Common\Common\function.php 第 59 行.
NOTIC: [8] Use of undefined constant is_hot - assumed 'is_hot' E:\php\amp\www\bool\shop\Common\Common\function.php 第 60 行.
NOTIC: [8] Use of undefined constant is_hot - assumed 'is_hot' E:\php\amp\www\bool\shop\Common\Common\function.php 第 60 行.
INFO: [ view_parse ] --START--
INFO: [ template_filter ] --START--
INFO: Run Behavior\ContentReplaceBehavior [ RunTime:0.000000s ]
INFO: [ template_filter ] --END-- [ RunTime:0.000000s ]
INFO: Run Behavior\ParseTemplateBehavior [ RunTime:0.054003s ]
INFO: [ view_parse ] --END-- [ RunTime:0.054003s ]
INFO: [ view_filter ] --START--
INFO: Run Behavior\WriteHtmlCacheBehavior [ RunTime:0.001000s ]
INFO: [ view_filter ] --END-- [ RunTime:0.001000s ]
INFO: [ app_end ] --START--
INFO: Run Behavior\ShowPageTraceBehavior [ RunTime:0.002000s ]
INFO: [ app_end ] --END-- [ RunTime:0.002000s ]

[ 2016-12-26T14:44:05+08:00 ] 127.0.0.1 /bool/shop/index.php/Admin/Goods/goodslist/p/2.html
INFO: [ app_init ] --START--
INFO: Run Behavior\BuildLiteBehavior [ RunTime:0.000000s ]
INFO: [ app_init ] --END-- [ RunTime:0.001000s ]
INFO: [ app_begin ] --START--
INFO: Run Behavior\ReadHtmlCacheBehavior [ RunTime:0.001001s ]
INFO: [ app_begin ] --END-- [ RunTime:0.002001s ]
SQL: SHOW COLUMNS FROM `goods` [ RunTime:0.0080s ]
SQL: SELECT COUNT(*) AS tp_count FROM `goods` LIMIT 1   [ RunTime:0.0010s ]
SQL: SELECT * FROM `goods` ORDER BY goods_id LIMIT 10,10   [ RunTime:0.0020s ]
NOTIC: [8] Use of undefined constant is_on_sale - assumed 'is_on_sale' E:\php\amp\www\bool\shop\Common\Common\function.php 第 57 行.
NOTIC: [8] Use of undefined constant is_on_sale - assumed 'is_on_sale' E:\php\amp\www\bool\shop\Common\Common\function.php 第 57 行.
NOTIC: [8] Use of undefined constant is_best - assumed 'is_best' E:\php\amp\www\bool\shop\Common\Common\function.php 第 58 行.
NOTIC: [8] Use of undefined constant is_best - assumed 'is_best' E:\php\amp\www\bool\shop\Common\Common\function.php 第 58 行.
NOTIC: [8] Use of undefined constant is_new - assumed 'is_new' E:\php\amp\www\bool\shop\Common\Common\function.php 第 59 行.
NOTIC: [8] Use of undefined constant is_new - assumed 'is_new' E:\php\amp\www\bool\shop\Common\Common\function.php 第 59 行.
NOTIC: [8] Use of undefined constant is_hot - assumed 'is_hot' E:\php\amp\www\bool\shop\Common\Common\function.php 第 60 行.
NOTIC: [8] Use of undefined constant is_hot - assumed 'is_hot' E:\php\amp\www\bool\shop\Common\Common\function.php 第 60 行.
NOTIC: [8] Use of undefined constant is_on_sale - assumed 'is_on_sale' E:\php\amp\www\bool\shop\Common\Common\function.php 第 57 行.
NOTIC: [8] Use of undefined constant is_on_sale - assumed 'is_on_sale' E:\php\amp\www\bool\shop\Common\Common\function.php 第 57 行.
NOTIC: [8] Use of undefined constant is_best - assumed 'is_best' E:\php\amp\www\bool\shop\Common\Common\function.php 第 58 行.
NOTIC: [8] Use of undefined constant is_best - assumed 'is_best' E:\php\amp\www\bool\shop\Common\Common\function.php 第 58 行.
NOTIC: [8] Use of undefined constant is_new - assumed 'is_new' E:\php\amp\www\bool\shop\Common\Common\function.php 第 59 行.
NOTIC: [8] Use of undefined constant is_new - assumed 'is_new' E:\php\amp\www\bool\shop\Common\Common\function.php 第 59 行.
NOTIC: [8] Use of undefined constant is_hot - assumed 'is_hot' E:\php\amp\www\bool\shop\Common\Common\function.php 第 60 行.
NOTIC: [8] Use of undefined constant is_hot - assumed 'is_hot' E:\php\amp\www\bool\shop\Common\Common\function.php 第 60 行.
NOTIC: [8] Use of undefined constant is_on_sale - assumed 'is_on_sale' E:\php\amp\www\bool\shop\Common\Common\function.php 第 57 行.
NOTIC: [8] Use of undefined constant is_on_sale - assumed 'is_on_sale' E:\php\amp\www\bool\shop\Common\Common\function.php 第 57 行.
NOTIC: [8] Use of undefined constant is_best - assumed 'is_best' E:\php\amp\www\bool\shop\Common\Common\function.php 第 58 行.
NOTIC: [8] Use of undefined constant is_best - assumed 'is_best' E:\php\amp\www\bool\shop\Common\Common\function.php 第 58 行.
NOTIC: [8] Use of undefined constant is_new - assumed 'is_new' E:\php\amp\www\bool\shop\Common\Common\function.php 第 59 行.
NOTIC: [8] Use of undefined constant is_new - assumed 'is_new' E:\php\amp\www\bool\shop\Common\Common\function.php 第 59 行.
NOTIC: [8] Use of undefined constant is_hot - assumed 'is_hot' E:\php\amp\www\bool\shop\Common\Common\function.php 第 60 行.
NOTIC: [8] Use of undefined constant is_hot - assumed 'is_hot' E:\php\amp\www\bool\shop\Common\Common\function.php 第 60 行.
NOTIC: [8] Use of undefined constant is_on_sale - assumed 'is_on_sale' E:\php\amp\www\bool\shop\Common\Common\function.php 第 57 行.
NOTIC: [8] Use of undefined constant is_on_sale - assumed 'is_on_sale' E:\php\amp\www\bool\shop\Common\Common\function.php 第 57 行.
NOTIC: [8] Use of undefined constant is_best - assumed 'is_best' E:\php\amp\www\bool\shop\Common\Common\function.php 第 58 行.
NOTIC: [8] Use of undefined constant is_best - assumed 'is_best' E:\php\amp\www\bool\shop\Common\Common\function.php 第 58 行.
NOTIC: [8] Use of undefined constant is_new - assumed 'is_new' E:\php\amp\www\bool\shop\Common\Common\function.php 第 59 行.
NOTIC: [8] Use of undefined constant is_new - assumed 'is_new' E:\php\amp\www\bool\shop\Common\Common\function.php 第 59 行.
NOTIC: [8] Use of undefined constant is_hot - assumed 'is_hot' E:\php\amp\www\bool\shop\Common\Common\function.php 第 60 行.
NOTIC: [8] Use of undefined constant is_hot - assumed 'is_hot' E:\php\amp\www\bool\shop\Common\Common\function.php 第 60 行.
NOTIC: [8] Use of undefined constant is_on_sale - assumed 'is_on_sale' E:\php\amp\www\bool\shop\Common\Common\function.php 第 57 行.
NOTIC: [8] Use of undefined constant is_on_sale - assumed 'is_on_sale' E:\php\amp\www\bool\shop\Common\Common\function.php 第 57 行.
NOTIC: [8] Use of undefined constant is_best - assumed 'is_best' E:\php\amp\www\bool\shop\Common\Common\function.php 第 58 行.
NOTIC: [8] Use of undefined constant is_best - assumed 'is_best' E:\php\amp\www\bool\shop\Common\Common\function.php 第 58 行.
NOTIC: [8] Use of undefined constant is_new - assumed 'is_new' E:\php\amp\www\bool\shop\Common\Common\function.php 第 59 行.
NOTIC: [8] Use of undefined constant is_new - assumed 'is_new' E:\php\amp\www\bool\shop\Common\Common\function.php 第 59 行.
NOTIC: [8] Use of undefined constant is_hot - assumed 'is_hot' E:\php\amp\www\bool\shop\Common\Common\function.php 第 60 行.
NOTIC: [8] Use of undefined constant is_hot - assumed 'is_hot' E:\php\amp\www\bool\shop\Common\Common\function.php 第 60 行.
NOTIC: [8] Use of undefined constant is_on_sale - assumed 'is_on_sale' E:\php\amp\www\bool\shop\Common\Common\function.php 第 57 行.
NOTIC: [8] Use of undefined constant is_on_sale - assumed 'is_on_sale' E:\php\amp\www\bool\shop\Common\Common\function.php 第 57 行.
NOTIC: [8] Use of undefined constant is_best - assumed 'is_best' E:\php\amp\www\bool\shop\Common\Common\function.php 第 58 行.
NOTIC: [8] Use of undefined constant is_best - assumed 'is_best' E:\php\amp\www\bool\shop\Common\Common\function.php 第 58 行.
NOTIC: [8] Use of undefined constant is_new - assumed 'is_new' E:\php\amp\www\bool\shop\Common\Common\function.php 第 59 行.
NOTIC: [8] Use of undefined constant is_new - assumed 'is_new' E:\php\amp\www\bool\shop\Common\Common\function.php 第 59 行.
NOTIC: [8] Use of undefined constant is_hot - assumed 'is_hot' E:\php\amp\www\bool\shop\Common\Common\function.php 第 60 行.
NOTIC: [8] Use of undefined constant is_hot - assumed 'is_hot' E:\php\amp\www\bool\shop\Common\Common\function.php 第 60 行.
NOTIC: [8] Use of undefined constant is_on_sale - assumed 'is_on_sale' E:\php\amp\www\bool\shop\Common\Common\function.php 第 57 行.
NOTIC: [8] Use of undefined constant is_on_sale - assumed 'is_on_sale' E:\php\amp\www\bool\shop\Common\Common\function.php 第 57 行.
NOTIC: [8] Use of undefined constant is_best - assumed 'is_best' E:\php\amp\www\bool\shop\Common\Common\function.php 第 58 行.
NOTIC: [8] Use of undefined constant is_best - assumed 'is_best' E:\php\amp\www\bool\shop\Common\Common\function.php 第 58 行.
NOTIC: [8] Use of undefined constant is_new - assumed 'is_new' E:\php\amp\www\bool\shop\Common\Common\function.php 第 59 行.
NOTIC: [8] Use of undefined constant is_new - assumed 'is_new' E:\php\amp\www\bool\shop\Common\Common\function.php 第 59 行.
NOTIC: [8] Use of undefined constant is_hot - assumed 'is_hot' E:\php\amp\www\bool\shop\Common\Common\function.php 第 60 行.
NOTIC: [8] Use of undefined constant is_hot - assumed 'is_hot' E:\php\amp\www\bool\shop\Common\Common\function.php 第 60 行.
NOTIC: [8] Use of undefined constant is_on_sale - assumed 'is_on_sale' E:\php\amp\www\bool\shop\Common\Common\function.php 第 57 行.
NOTIC: [8] Use of undefined constant is_on_sale - assumed 'is_on_sale' E:\php\amp\www\bool\shop\Common\Common\function.php 第 57 行.
NOTIC: [8] Use of undefined constant is_best - assumed 'is_best' E:\php\amp\www\bool\shop\Common\Common\function.php 第 58 行.
NOTIC: [8] Use of undefined constant is_best - assumed 'is_best' E:\php\amp\www\bool\shop\Common\Common\function.php 第 58 行.
NOTIC: [8] Use of undefined constant is_new - assumed 'is_new' E:\php\amp\www\bool\shop\Common\Common\function.php 第 59 行.
NOTIC: [8] Use of undefined constant is_new - assumed 'is_new' E:\php\amp\www\bool\shop\Common\Common\function.php 第 59 行.
NOTIC: [8] Use of undefined constant is_hot - assumed 'is_hot' E:\php\amp\www\bool\shop\Common\Common\function.php 第 60 行.
NOTIC: [8] Use of undefined constant is_hot - assumed 'is_hot' E:\php\amp\www\bool\shop\Common\Common\function.php 第 60 行.
NOTIC: [8] Use of undefined constant is_on_sale - assumed 'is_on_sale' E:\php\amp\www\bool\shop\Common\Common\function.php 第 57 行.
NOTIC: [8] Use of undefined constant is_on_sale - assumed 'is_on_sale' E:\php\amp\www\bool\shop\Common\Common\function.php 第 57 行.
NOTIC: [8] Use of undefined constant is_best - assumed 'is_best' E:\php\amp\www\bool\shop\Common\Common\function.php 第 58 行.
NOTIC: [8] Use of undefined constant is_best - assumed 'is_best' E:\php\amp\www\bool\shop\Common\Common\function.php 第 58 行.
NOTIC: [8] Use of undefined constant is_new - assumed 'is_new' E:\php\amp\www\bool\shop\Common\Common\function.php 第 59 行.
NOTIC: [8] Use of undefined constant is_new - assumed 'is_new' E:\php\amp\www\bool\shop\Common\Common\function.php 第 59 行.
NOTIC: [8] Use of undefined constant is_hot - assumed 'is_hot' E:\php\amp\www\bool\shop\Common\Common\function.php 第 60 行.
NOTIC: [8] Use of undefined constant is_hot - assumed 'is_hot' E:\php\amp\www\bool\shop\Common\Common\function.php 第 60 行.
NOTIC: [8] Use of undefined constant is_on_sale - assumed 'is_on_sale' E:\php\amp\www\bool\shop\Common\Common\function.php 第 57 行.
NOTIC: [8] Use of undefined constant is_on_sale - assumed 'is_on_sale' E:\php\amp\www\bool\shop\Common\Common\function.php 第 57 行.
NOTIC: [8] Use of undefined constant is_best - assumed 'is_best' E:\php\amp\www\bool\shop\Common\Common\function.php 第 58 行.
NOTIC: [8] Use of undefined constant is_best - assumed 'is_best' E:\php\amp\www\bool\shop\Common\Common\function.php 第 58 行.
NOTIC: [8] Use of undefined constant is_new - assumed 'is_new' E:\php\amp\www\bool\shop\Common\Common\function.php 第 59 行.
NOTIC: [8] Use of undefined constant is_new - assumed 'is_new' E:\php\amp\www\bool\shop\Common\Common\function.php 第 59 行.
NOTIC: [8] Use of undefined constant is_hot - assumed 'is_hot' E:\php\amp\www\bool\shop\Common\Common\function.php 第 60 行.
NOTIC: [8] Use of undefined constant is_hot - assumed 'is_hot' E:\php\amp\www\bool\shop\Common\Common\function.php 第 60 行.
INFO: [ view_parse ] --START--
INFO: [ template_filter ] --START--
INFO: Run Behavior\ContentReplaceBehavior [ RunTime:0.000000s ]
INFO: [ template_filter ] --END-- [ RunTime:0.000000s ]
INFO: Run Behavior\ParseTemplateBehavior [ RunTime:0.020001s ]
INFO: [ view_parse ] --END-- [ RunTime:0.020001s ]
INFO: [ view_filter ] --START--
INFO: Run Behavior\WriteHtmlCacheBehavior [ RunTime:0.000000s ]
INFO: [ view_filter ] --END-- [ RunTime:0.001000s ]
INFO: [ app_end ] --START--
INFO: Run Behavior\ShowPageTraceBehavior [ RunTime:0.001000s ]
INFO: [ app_end ] --END-- [ RunTime:0.002000s ]

[ 2016-12-26T14:44:15+08:00 ] 127.0.0.1 /bool/shop/index.php/admin/cat/catelist.html
INFO: [ app_init ] --START--
INFO: Run Behavior\BuildLiteBehavior [ RunTime:0.000000s ]
INFO: [ app_init ] --END-- [ RunTime:0.001000s ]
INFO: [ app_begin ] --START--
INFO: Run Behavior\ReadHtmlCacheBehavior [ RunTime:0.000000s ]
INFO: [ app_begin ] --END-- [ RunTime:0.000000s ]
SQL: SHOW COLUMNS FROM `cat` [ RunTime:0.0060s ]
SQL: SELECT * FROM `cat`  [ RunTime:0.0010s ]
SQL: SELECT * FROM `cat`  [ RunTime:0.0000s ]
SQL: SELECT * FROM `cat`  [ RunTime:0.0000s ]
SQL: SELECT * FROM `cat`  [ RunTime:0.0010s ]
SQL: SELECT * FROM `cat`  [ RunTime:0.0010s ]
SQL: SELECT * FROM `cat`  [ RunTime:0.0000s ]
SQL: SELECT * FROM `cat`  [ RunTime:0.0000s ]
SQL: SELECT * FROM `cat`  [ RunTime:0.0000s ]
SQL: SELECT * FROM `cat`  [ RunTime:0.0010s ]
SQL: SELECT * FROM `cat`  [ RunTime:0.0010s ]
SQL: SELECT * FROM `cat`  [ RunTime:0.0010s ]
SQL: SELECT * FROM `cat`  [ RunTime:0.0010s ]
SQL: SELECT * FROM `cat`  [ RunTime:0.0000s ]
SQL: SELECT * FROM `cat`  [ RunTime:0.0000s ]
SQL: SELECT * FROM `cat`  [ RunTime:0.0010s ]
INFO: [ view_parse ] --START--
INFO: [ template_filter ] --START--
INFO: Run Behavior\ContentReplaceBehavior [ RunTime:0.000000s ]
INFO: [ template_filter ] --END-- [ RunTime:0.001000s ]
INFO: Run Behavior\ParseTemplateBehavior [ RunTime:0.199011s ]
INFO: [ view_parse ] --END-- [ RunTime:0.199011s ]
INFO: [ view_filter ] --START--
INFO: Run Behavior\WriteHtmlCacheBehavior [ RunTime:0.001000s ]
INFO: [ view_filter ] --END-- [ RunTime:0.001000s ]
INFO: [ app_end ] --START--
INFO: Run Behavior\ShowPageTraceBehavior [ RunTime:0.003000s ]
INFO: [ app_end ] --END-- [ RunTime:0.003000s ]

[ 2016-12-26T14:44:19+08:00 ] 127.0.0.1 /bool/shop/index.php/admin/cat/cateadd.html
INFO: [ app_init ] --START--
INFO: Run Behavior\BuildLiteBehavior [ RunTime:0.000000s ]
INFO: [ app_init ] --END-- [ RunTime:0.000000s ]
INFO: [ app_begin ] --START--
INFO: Run Behavior\ReadHtmlCacheBehavior [ RunTime:0.001000s ]
INFO: [ app_begin ] --END-- [ RunTime:0.001000s ]
INFO: [ view_parse ] --START--
INFO: [ template_filter ] --START--
INFO: Run Behavior\ContentReplaceBehavior [ RunTime:0.001000s ]
INFO: [ template_filter ] --END-- [ RunTime:0.001000s ]
INFO: Run Behavior\ParseTemplateBehavior [ RunTime:0.117007s ]
INFO: [ view_parse ] --END-- [ RunTime:0.118007s ]
INFO: [ view_filter ] --START--
INFO: Run Behavior\WriteHtmlCacheBehavior [ RunTime:0.000000s ]
INFO: [ view_filter ] --END-- [ RunTime:0.000000s ]
INFO: [ app_end ] --START--
INFO: Run Behavior\ShowPageTraceBehavior [ RunTime:0.002000s ]
INFO: [ app_end ] --END-- [ RunTime:0.002000s ]

[ 2016-12-26T14:44:22+08:00 ] 127.0.0.1 /bool/shop/index.php/admin/cat/catelist.html
INFO: [ app_init ] --START--
INFO: Run Behavior\BuildLiteBehavior [ RunTime:0.000000s ]
INFO: [ app_init ] --END-- [ RunTime:0.000000s ]
INFO: [ app_begin ] --START--
INFO: Run Behavior\ReadHtmlCacheBehavior [ RunTime:0.001000s ]
INFO: [ app_begin ] --END-- [ RunTime:0.001000s ]
SQL: SHOW COLUMNS FROM `cat` [ RunTime:0.0060s ]
SQL: SELECT * FROM `cat`  [ RunTime:0.0000s ]
SQL: SELECT * FROM `cat`  [ RunTime:0.0010s ]
SQL: SELECT * FROM `cat`  [ RunTime:0.0010s ]
SQL: SELECT * FROM `cat`  [ RunTime:0.0000s ]
SQL: SELECT * FROM `cat`  [ RunTime:0.0000s ]
SQL: SELECT * FROM `cat`  [ RunTime:0.0000s ]
SQL: SELECT * FROM `cat`  [ RunTime:0.0010s ]
SQL: SELECT * FROM `cat`  [ RunTime:0.0000s ]
SQL: SELECT * FROM `cat`  [ RunTime:0.0000s ]
SQL: SELECT * FROM `cat`  [ RunTime:0.0010s ]
SQL: SELECT * FROM `cat`  [ RunTime:0.0010s ]
SQL: SELECT * FROM `cat`  [ RunTime:0.0000s ]
SQL: SELECT * FROM `cat`  [ RunTime:0.0000s ]
SQL: SELECT * FROM `cat`  [ RunTime:0.0010s ]
SQL: SELECT * FROM `cat`  [ RunTime:0.0010s ]
INFO: [ view_parse ] --START--
INFO: [ template_filter ] --START--
INFO: Run Behavior\ContentReplaceBehavior [ RunTime:0.000000s ]
INFO: [ template_filter ] --END-- [ RunTime:0.000000s ]
INFO: Run Behavior\ParseTemplateBehavior [ RunTime:0.018001s ]
INFO: [ view_parse ] --END-- [ RunTime:0.018001s ]
INFO: [ view_filter ] --START--
INFO: Run Behavior\WriteHtmlCacheBehavior [ RunTime:0.000000s ]
INFO: [ view_filter ] --END-- [ RunTime:0.000000s ]
INFO: [ app_end ] --START--
INFO: Run Behavior\ShowPageTraceBehavior [ RunTime:0.002000s ]
INFO: [ app_end ] --END-- [ RunTime:0.002000s ]

[ 2016-12-26T14:44:29+08:00 ] 127.0.0.1 /bool/shop/index.php/admin
INFO: [ app_init ] --START--
INFO: Run Behavior\BuildLiteBehavior [ RunTime:0.000000s ]
INFO: [ app_init ] --END-- [ RunTime:0.000000s ]
INFO: [ app_begin ] --START--
INFO: Run Behavior\ReadHtmlCacheBehavior [ RunTime:0.001000s ]
INFO: [ app_begin ] --END-- [ RunTime:0.001000s ]
INFO: [ view_parse ] --START--
INFO: [ template_filter ] --START--
INFO: Run Behavior\ContentReplaceBehavior [ RunTime:0.000000s ]
INFO: [ template_filter ] --END-- [ RunTime:0.000000s ]
INFO: Run Behavior\ParseTemplateBehavior [ RunTime:0.006000s ]
INFO: [ view_parse ] --END-- [ RunTime:0.006000s ]
INFO: [ view_filter ] --START--
INFO: Run Behavior\WriteHtmlCacheBehavior [ RunTime:0.000000s ]
INFO: [ view_filter ] --END-- [ RunTime:0.000000s ]
INFO: [ app_end ] --START--
INFO: Run Behavior\ShowPageTraceBehavior [ RunTime:0.001000s ]
INFO: [ app_end ] --END-- [ RunTime:0.001000s ]

[ 2016-12-26T14:44:29+08:00 ] 127.0.0.1 /bool/shop/index.php/Admin/Index/left.html
INFO: [ app_init ] --START--
INFO: Run Behavior\BuildLiteBehavior [ RunTime:0.000000s ]
INFO: [ app_init ] --END-- [ RunTime:0.000000s ]
INFO: [ app_begin ] --START--
INFO: Run Behavior\ReadHtmlCacheBehavior [ RunTime:0.002000s ]
INFO: [ app_begin ] --END-- [ RunTime:0.002000s ]
INFO: [ view_parse ] --START--
INFO: [ template_filter ] --START--
INFO: Run Behavior\ContentReplaceBehavior [ RunTime:0.000000s ]
INFO: [ template_filter ] --END-- [ RunTime:0.001000s ]
INFO: Run Behavior\ParseTemplateBehavior [ RunTime:0.045003s ]
INFO: [ view_parse ] --END-- [ RunTime:0.046003s ]
INFO: [ view_filter ] --START--
INFO: Run Behavior\WriteHtmlCacheBehavior [ RunTime:0.000000s ]
INFO: [ view_filter ] --END-- [ RunTime:0.000000s ]
INFO: [ app_end ] --START--
INFO: Run Behavior\ShowPageTraceBehavior [ RunTime:0.001000s ]
INFO: [ app_end ] --END-- [ RunTime:0.001000s ]

[ 2016-12-26T14:44:29+08:00 ] 127.0.0.1 /bool/shop/index.php/Admin/Index/drag.html
INFO: [ app_init ] --START--
INFO: Run Behavior\BuildLiteBehavior [ RunTime:0.000000s ]
INFO: [ app_init ] --END-- [ RunTime:0.001000s ]
INFO: [ app_begin ] --START--
INFO: Run Behavior\ReadHtmlCacheBehavior [ RunTime:0.001000s ]
INFO: [ app_begin ] --END-- [ RunTime:0.001000s ]
INFO: [ view_parse ] --START--
INFO: [ template_filter ] --START--
INFO: Run Behavior\ContentReplaceBehavior [ RunTime:0.001000s ]
INFO: [ template_filter ] --END-- [ RunTime:0.001000s ]
INFO: Run Behavior\ParseTemplateBehavior [ RunTime:0.012001s ]
INFO: [ view_parse ] --END-- [ RunTime:0.012001s ]
INFO: [ view_filter ] --START--
INFO: Run Behavior\WriteHtmlCacheBehavior [ RunTime:0.000000s ]
INFO: [ view_filter ] --END-- [ RunTime:0.000000s ]
INFO: [ app_end ] --START--
INFO: Run Behavior\ShowPageTraceBehavior [ RunTime:0.001000s ]
INFO: [ app_end ] --END-- [ RunTime:0.001000s ]

[ 2016-12-26T14:44:29+08:00 ] 127.0.0.1 /bool/shop/index.php/Admin/Index/main.html
INFO: [ app_init ] --START--
INFO: Run Behavior\BuildLiteBehavior [ RunTime:0.000000s ]
INFO: [ app_init ] --END-- [ RunTime:0.000000s ]
INFO: [ app_begin ] --START--
INFO: Run Behavior\ReadHtmlCacheBehavior [ RunTime:0.001000s ]
INFO: [ app_begin ] --END-- [ RunTime:0.001000s ]
INFO: [ view_parse ] --START--
INFO: [ template_filter ] --START--
INFO: Run Behavior\ContentReplaceBehavior [ RunTime:0.000000s ]
INFO: [ template_filter ] --END-- [ RunTime:0.000000s ]
INFO: Run Behavior\ParseTemplateBehavior [ RunTime:0.019002s ]
INFO: [ view_parse ] --END-- [ RunTime:0.019002s ]
INFO: [ view_filter ] --START--
INFO: Run Behavior\WriteHtmlCacheBehavior [ RunTime:0.001000s ]
INFO: [ view_filter ] --END-- [ RunTime:0.001000s ]
INFO: [ app_end ] --START--
INFO: Run Behavior\ShowPageTraceBehavior [ RunTime:0.001000s ]
INFO: [ app_end ] --END-- [ RunTime:0.001000s ]

[ 2016-12-26T14:44:29+08:00 ] 127.0.0.1 /bool/shop/index.php/Admin/Index/images/menu_arrow.gif
INFO: [ app_init ] --START--
INFO: Run Behavior\BuildLiteBehavior [ RunTime:0.000000s ]
INFO: [ app_init ] --END-- [ RunTime:0.002000s ]

[ 2016-12-26T14:44:29+08:00 ] 127.0.0.1 /bool/shop/index.php/Admin/Index/top.html
INFO: [ app_init ] --START--
INFO: Run Behavior\BuildLiteBehavior [ RunTime:0.000000s ]
INFO: [ app_init ] --END-- [ RunTime:0.001000s ]
INFO: [ app_begin ] --START--
INFO: Run Behavior\ReadHtmlCacheBehavior [ RunTime:0.001000s ]
INFO: [ app_begin ] --END-- [ RunTime:0.001000s ]
INFO: [ view_parse ] --START--
INFO: [ template_filter ] --START--
INFO: Run Behavior\ContentReplaceBehavior [ RunTime:0.000000s ]
INFO: [ template_filter ] --END-- [ RunTime:0.000000s ]
INFO: Run Behavior\ParseTemplateBehavior [ RunTime:0.010001s ]
INFO: [ view_parse ] --END-- [ RunTime:0.010001s ]
INFO: [ view_filter ] --START--
INFO: Run Behavior\WriteHtmlCacheBehavior [ RunTime:0.000000s ]
INFO: [ view_filter ] --END-- [ RunTime:0.000000s ]
INFO: [ app_end ] --START--
INFO: Run Behavior\ShowPageTraceBehavior [ RunTime:0.000000s ]
INFO: [ app_end ] --END-- [ RunTime:0.000000s ]

[ 2016-12-26T14:44:29+08:00 ] 127.0.0.1 /bool/shop/index.php/Admin/Index/images/menu_minus.gif
INFO: [ app_init ] --START--
INFO: Run Behavior\BuildLiteBehavior [ RunTime:0.000000s ]
INFO: [ app_init ] --END-- [ RunTime:0.001000s ]

[ 2016-12-26T14:44:30+08:00 ] 127.0.0.1 /bool/shop/index.php/Admin/Index/images/top_loader.gif
INFO: [ app_init ] --START--
INFO: Run Behavior\BuildLiteBehavior [ RunTime:0.000000s ]
INFO: [ app_init ] --END-- [ RunTime:0.001001s ]

