[ 2017-03-30T09:59:41+08:00 ] 127.0.0.1 /index.php/Admin
INFO: [ app_init ] --START--
INFO: Run Behavior\BuildLiteBehavior [ RunTime:0.000000s ]
INFO: [ app_init ] --END-- [ RunTime:0.001000s ]
INFO: [ app_begin ] --START--
INFO: Run Behavior\ReadHtmlCacheBehavior [ RunTime:0.009000s ]
INFO: [ app_begin ] --END-- [ RunTime:0.009000s ]

[ 2017-03-30T09:59:41+08:00 ] 127.0.0.1 /index.php/Admin/admin/login.html
INFO: [ app_init ] --START--
INFO: Run Behavior\BuildLiteBehavior [ RunTime:0.000000s ]
INFO: [ app_init ] --END-- [ RunTime:0.000000s ]
INFO: [ app_begin ] --START--
INFO: Run Behavior\ReadHtmlCacheBehavior [ RunTime:0.001000s ]
INFO: [ app_begin ] --END-- [ RunTime:0.001000s ]
INFO: [ view_parse ] --START--
INFO: [ template_filter ] --START--
INFO: Run Behavior\ContentReplaceBehavior [ RunTime:0.000000s ]
INFO: [ template_filter ] --END-- [ RunTime:0.000000s ]
INFO: Run Behavior\ParseTemplateBehavior [ RunTime:0.032000s ]
INFO: [ view_parse ] --END-- [ RunTime:0.032000s ]
INFO: [ view_filter ] --START--
INFO: Run Behavior\WriteHtmlCacheBehavior [ RunTime:0.010000s ]
INFO: [ view_filter ] --END-- [ RunTime:0.011000s ]
INFO: [ app_end ] --START--
INFO: Run Behavior\ShowPageTraceBehavior [ RunTime:0.001000s ]
INFO: [ app_end ] --END-- [ RunTime:0.001000s ]

[ 2017-03-30T09:59:42+08:00 ] 127.0.0.1 /index.php/Admin/admin/yzm.html
INFO: [ app_init ] --START--
INFO: Run Behavior\BuildLiteBehavior [ RunTime:0.000000s ]
INFO: [ app_init ] --END-- [ RunTime:0.001000s ]
INFO: [ app_begin ] --START--
INFO: Run Behavior\ReadHtmlCacheBehavior [ RunTime:0.001000s ]
INFO: [ app_begin ] --END-- [ RunTime:0.001000s ]
INFO: [ app_end ] --START--
INFO: Run Behavior\ShowPageTraceBehavior [ RunTime:0.001000s ]
INFO: [ app_end ] --END-- [ RunTime:0.002000s ]

[ 2017-03-30T09:59:42+08:00 ] 127.0.0.1 /index.php/Admin/admin/animated_favicon.gif
INFO: [ app_init ] --START--
INFO: Run Behavior\BuildLiteBehavior [ RunTime:0.000000s ]
INFO: [ app_init ] --END-- [ RunTime:0.001000s ]

[ 2017-03-30T09:59:42+08:00 ] 127.0.0.1 /index.php/Admin/admin/favicon.ico
INFO: [ app_init ] --START--
INFO: Run Behavior\BuildLiteBehavior [ RunTime:0.000000s ]
INFO: [ app_init ] --END-- [ RunTime:0.000000s ]

[ 2017-03-30T09:59:52+08:00 ] 127.0.0.1 /index.php/Admin/admin/login.html
INFO: [ app_init ] --START--
INFO: Run Behavior\BuildLiteBehavior [ RunTime:0.000000s ]
INFO: [ app_init ] --END-- [ RunTime:0.000000s ]
INFO: [ app_begin ] --START--
INFO: Run Behavior\ReadHtmlCacheBehavior [ RunTime:0.000000s ]
INFO: [ app_begin ] --END-- [ RunTime:0.000000s ]
INFO: [ view_parse ] --START--
INFO: [ template_filter ] --START--
INFO: Run Behavior\ContentReplaceBehavior [ RunTime:0.000000s ]
INFO: [ template_filter ] --END-- [ RunTime:0.000000s ]
INFO: Run Behavior\ParseTemplateBehavior [ RunTime:0.005000s ]
INFO: [ view_parse ] --END-- [ RunTime:0.006000s ]
INFO: [ view_filter ] --START--
INFO: Run Behavior\WriteHtmlCacheBehavior [ RunTime:0.001000s ]
INFO: [ view_filter ] --END-- [ RunTime:0.001000s ]
INFO: [ app_end ] --START--
INFO: Run Behavior\ShowPageTraceBehavior [ RunTime:0.001000s ]
INFO: [ app_end ] --END-- [ RunTime:0.001000s ]

[ 2017-03-30T09:59:52+08:00 ] 127.0.0.1 /index.php/Admin/admin/yzm.html
INFO: [ app_init ] --START--
INFO: Run Behavior\BuildLiteBehavior [ RunTime:0.000000s ]
INFO: [ app_init ] --END-- [ RunTime:0.001000s ]
INFO: [ app_begin ] --START--
INFO: Run Behavior\ReadHtmlCacheBehavior [ RunTime:0.001000s ]
INFO: [ app_begin ] --END-- [ RunTime:0.001000s ]
INFO: [ app_end ] --START--
INFO: Run Behavior\ShowPageTraceBehavior [ RunTime:0.001000s ]
INFO: [ app_end ] --END-- [ RunTime:0.001000s ]

[ 2017-03-30T09:59:54+08:00 ] 127.0.0.1 /index.php/Admin/admin/login.html
INFO: [ app_init ] --START--
INFO: Run Behavior\BuildLiteBehavior [ RunTime:0.000000s ]
INFO: [ app_init ] --END-- [ RunTime:0.001000s ]
INFO: [ app_begin ] --START--
INFO: Run Behavior\ReadHtmlCacheBehavior [ RunTime:0.001000s ]
INFO: [ app_begin ] --END-- [ RunTime:0.001000s ]
INFO: [ view_parse ] --START--
INFO: [ template_filter ] --START--
INFO: Run Behavior\ContentReplaceBehavior [ RunTime:0.000000s ]
INFO: [ template_filter ] --END-- [ RunTime:0.000000s ]
INFO: Run Behavior\ParseTemplateBehavior [ RunTime:0.005000s ]
INFO: [ view_parse ] --END-- [ RunTime:0.005000s ]
INFO: [ view_filter ] --START--
INFO: Run Behavior\WriteHtmlCacheBehavior [ RunTime:0.000000s ]
INFO: [ view_filter ] --END-- [ RunTime:0.000000s ]
INFO: [ app_end ] --START--
INFO: Run Behavior\ShowPageTraceBehavior [ RunTime:0.001000s ]
INFO: [ app_end ] --END-- [ RunTime:0.001000s ]

[ 2017-03-30T09:59:54+08:00 ] 127.0.0.1 /index.php/Admin/admin/yzm.html
INFO: [ app_init ] --START--
INFO: Run Behavior\BuildLiteBehavior [ RunTime:0.000000s ]
INFO: [ app_init ] --END-- [ RunTime:0.001000s ]
INFO: [ app_begin ] --START--
INFO: Run Behavior\ReadHtmlCacheBehavior [ RunTime:0.001000s ]
INFO: [ app_begin ] --END-- [ RunTime:0.001000s ]
INFO: [ app_end ] --START--
INFO: Run Behavior\ShowPageTraceBehavior [ RunTime:0.001000s ]
INFO: [ app_end ] --END-- [ RunTime:0.001000s ]

[ 2017-03-30T09:59:56+08:00 ] 127.0.0.1 /index.php/Admin/admin/login.html
INFO: [ app_init ] --START--
INFO: Run Behavior\BuildLiteBehavior [ RunTime:0.000000s ]
INFO: [ app_init ] --END-- [ RunTime:0.000000s ]
INFO: [ app_begin ] --START--
INFO: Run Behavior\ReadHtmlCacheBehavior [ RunTime:0.001000s ]
INFO: [ app_begin ] --END-- [ RunTime:0.001000s ]
INFO: [ view_parse ] --START--
INFO: [ template_filter ] --START--
INFO: Run Behavior\ContentReplaceBehavior [ RunTime:0.000000s ]
INFO: [ template_filter ] --END-- [ RunTime:0.000000s ]
INFO: Run Behavior\ParseTemplateBehavior [ RunTime:0.006000s ]
INFO: [ view_parse ] --END-- [ RunTime:0.006000s ]
INFO: [ view_filter ] --START--
INFO: Run Behavior\WriteHtmlCacheBehavior [ RunTime:0.001000s ]
INFO: [ view_filter ] --END-- [ RunTime:0.001000s ]
INFO: [ app_end ] --START--
INFO: Run Behavior\ShowPageTraceBehavior [ RunTime:0.000000s ]
INFO: [ app_end ] --END-- [ RunTime:0.001000s ]

[ 2017-03-30T09:59:56+08:00 ] 127.0.0.1 /index.php/Admin/admin/yzm.html
INFO: [ app_init ] --START--
INFO: Run Behavior\BuildLiteBehavior [ RunTime:0.000000s ]
INFO: [ app_init ] --END-- [ RunTime:0.000000s ]
INFO: [ app_begin ] --START--
INFO: Run Behavior\ReadHtmlCacheBehavior [ RunTime:0.000000s ]
INFO: [ app_begin ] --END-- [ RunTime:0.001000s ]
INFO: [ app_end ] --START--
INFO: Run Behavior\ShowPageTraceBehavior [ RunTime:0.001000s ]
INFO: [ app_end ] --END-- [ RunTime:0.001000s ]

[ 2017-03-30T09:59:56+08:00 ] 127.0.0.1 /index.php/Admin/admin/login.html
INFO: [ app_init ] --START--
INFO: Run Behavior\BuildLiteBehavior [ RunTime:0.000000s ]
INFO: [ app_init ] --END-- [ RunTime:0.000000s ]
INFO: [ app_begin ] --START--
INFO: Run Behavior\ReadHtmlCacheBehavior [ RunTime:0.001000s ]
INFO: [ app_begin ] --END-- [ RunTime:0.001000s ]
INFO: [ view_parse ] --START--
INFO: [ template_filter ] --START--
INFO: Run Behavior\ContentReplaceBehavior [ RunTime:0.000000s ]
INFO: [ template_filter ] --END-- [ RunTime:0.000000s ]
INFO: Run Behavior\ParseTemplateBehavior [ RunTime:0.008000s ]
INFO: [ view_parse ] --END-- [ RunTime:0.008000s ]
INFO: [ view_filter ] --START--
INFO: Run Behavior\WriteHtmlCacheBehavior [ RunTime:0.000000s ]
INFO: [ view_filter ] --END-- [ RunTime:0.000000s ]
INFO: [ app_end ] --START--
INFO: Run Behavior\ShowPageTraceBehavior [ RunTime:0.001000s ]
INFO: [ app_end ] --END-- [ RunTime:0.001000s ]

[ 2017-03-30T09:59:56+08:00 ] 127.0.0.1 /index.php/Admin/admin/yzm.html
INFO: [ app_init ] --START--
INFO: Run Behavior\BuildLiteBehavior [ RunTime:0.000000s ]
INFO: [ app_init ] --END-- [ RunTime:0.000000s ]
INFO: [ app_begin ] --START--
INFO: Run Behavior\ReadHtmlCacheBehavior [ RunTime:0.000000s ]
INFO: [ app_begin ] --END-- [ RunTime:0.000000s ]
INFO: [ app_end ] --START--
INFO: Run Behavior\ShowPageTraceBehavior [ RunTime:0.000000s ]
INFO: [ app_end ] --END-- [ RunTime:0.000000s ]

[ 2017-03-30T09:59:57+08:00 ] 127.0.0.1 /index.php/Admin/admin/login.html
INFO: [ app_init ] --START--
INFO: Run Behavior\BuildLiteBehavior [ RunTime:0.000000s ]
INFO: [ app_init ] --END-- [ RunTime:0.000000s ]
INFO: [ app_begin ] --START--
INFO: Run Behavior\ReadHtmlCacheBehavior [ RunTime:0.001000s ]
INFO: [ app_begin ] --END-- [ RunTime:0.001000s ]
INFO: [ view_parse ] --START--
INFO: [ template_filter ] --START--
INFO: Run Behavior\ContentReplaceBehavior [ RunTime:0.000000s ]
INFO: [ template_filter ] --END-- [ RunTime:0.000000s ]
INFO: Run Behavior\ParseTemplateBehavior [ RunTime:0.008000s ]
INFO: [ view_parse ] --END-- [ RunTime:0.008000s ]
INFO: [ view_filter ] --START--
INFO: Run Behavior\WriteHtmlCacheBehavior [ RunTime:0.001000s ]
INFO: [ view_filter ] --END-- [ RunTime:0.001000s ]
INFO: [ app_end ] --START--
INFO: Run Behavior\ShowPageTraceBehavior [ RunTime:0.000000s ]
INFO: [ app_end ] --END-- [ RunTime:0.000000s ]

[ 2017-03-30T09:59:57+08:00 ] 127.0.0.1 /index.php/Admin/admin/yzm.html
INFO: [ app_init ] --START--
INFO: Run Behavior\BuildLiteBehavior [ RunTime:0.000000s ]
INFO: [ app_init ] --END-- [ RunTime:0.000000s ]
INFO: [ app_begin ] --START--
INFO: Run Behavior\ReadHtmlCacheBehavior [ RunTime:0.000000s ]
INFO: [ app_begin ] --END-- [ RunTime:0.000000s ]
INFO: [ app_end ] --START--
INFO: Run Behavior\ShowPageTraceBehavior [ RunTime:0.000000s ]
INFO: [ app_end ] --END-- [ RunTime:0.000000s ]

[ 2017-03-30T09:59:58+08:00 ] 127.0.0.1 /index.php/Admin/admin/login.html
INFO: [ app_init ] --START--
INFO: Run Behavior\BuildLiteBehavior [ RunTime:0.000000s ]
INFO: [ app_init ] --END-- [ RunTime:0.001000s ]
INFO: [ app_begin ] --START--
INFO: Run Behavior\ReadHtmlCacheBehavior [ RunTime:0.000000s ]
INFO: [ app_begin ] --END-- [ RunTime:0.000000s ]
INFO: [ view_parse ] --START--
INFO: [ template_filter ] --START--
INFO: Run Behavior\ContentReplaceBehavior [ RunTime:0.000000s ]
INFO: [ template_filter ] --END-- [ RunTime:0.000000s ]
INFO: Run Behavior\ParseTemplateBehavior [ RunTime:0.007000s ]
INFO: [ view_parse ] --END-- [ RunTime:0.007000s ]
INFO: [ view_filter ] --START--
INFO: Run Behavior\WriteHtmlCacheBehavior [ RunTime:0.000000s ]
INFO: [ view_filter ] --END-- [ RunTime:0.000000s ]
INFO: [ app_end ] --START--
INFO: Run Behavior\ShowPageTraceBehavior [ RunTime:0.001000s ]
INFO: [ app_end ] --END-- [ RunTime:0.001000s ]

[ 2017-03-30T09:59:58+08:00 ] 127.0.0.1 /index.php/Admin/admin/yzm.html
INFO: [ app_init ] --START--
INFO: Run Behavior\BuildLiteBehavior [ RunTime:0.000000s ]
INFO: [ app_init ] --END-- [ RunTime:0.001000s ]
INFO: [ app_begin ] --START--
INFO: Run Behavior\ReadHtmlCacheBehavior [ RunTime:0.001000s ]
INFO: [ app_begin ] --END-- [ RunTime:0.001000s ]
INFO: [ app_end ] --START--
INFO: Run Behavior\ShowPageTraceBehavior [ RunTime:0.001000s ]
INFO: [ app_end ] --END-- [ RunTime:0.001000s ]

[ 2017-03-30T10:00:29+08:00 ] 127.0.0.1 /index.php/Admin/admin/login.html
INFO: [ app_init ] --START--
INFO: Run Behavior\BuildLiteBehavior [ RunTime:0.000000s ]
INFO: [ app_init ] --END-- [ RunTime:0.001000s ]
INFO: [ app_begin ] --START--
INFO: Run Behavior\ReadHtmlCacheBehavior [ RunTime:0.000000s ]
INFO: [ app_begin ] --END-- [ RunTime:0.000000s ]
SQL: SHOW COLUMNS FROM `admin` [ RunTime:0.0710s ]
SQL: SELECT * FROM `admin` WHERE `username` = 'admin' LIMIT 1   [ RunTime:0.0100s ]
INFO: [ view_parse ] --START--
INFO: [ template_filter ] --START--
INFO: Run Behavior\ContentReplaceBehavior [ RunTime:0.000000s ]
INFO: [ template_filter ] --END-- [ RunTime:0.000000s ]
INFO: Run Behavior\ParseTemplateBehavior [ RunTime:0.030000s ]
INFO: [ view_parse ] --END-- [ RunTime:0.030000s ]
INFO: [ view_filter ] --START--
INFO: Run Behavior\WriteHtmlCacheBehavior [ RunTime:0.000000s ]
INFO: [ view_filter ] --END-- [ RunTime:0.000000s ]
INFO: [ app_end ] --START--
INFO: Run Behavior\ShowPageTraceBehavior [ RunTime:0.001000s ]
INFO: [ app_end ] --END-- [ RunTime:0.001000s ]

[ 2017-03-30T10:00:30+08:00 ] 127.0.0.1 /index.php/Admin.html
INFO: [ app_init ] --START--
INFO: Run Behavior\BuildLiteBehavior [ RunTime:0.000000s ]
INFO: [ app_init ] --END-- [ RunTime:0.000000s ]
INFO: [ app_begin ] --START--
INFO: Run Behavior\ReadHtmlCacheBehavior [ RunTime:0.001000s ]
INFO: [ app_begin ] --END-- [ RunTime:0.001000s ]
INFO: [ view_parse ] --START--
INFO: [ template_filter ] --START--
INFO: Run Behavior\ContentReplaceBehavior [ RunTime:0.000000s ]
INFO: [ template_filter ] --END-- [ RunTime:0.000000s ]
INFO: Run Behavior\ParseTemplateBehavior [ RunTime:0.042000s ]
INFO: [ view_parse ] --END-- [ RunTime:0.042000s ]
INFO: [ view_filter ] --START--
INFO: Run Behavior\WriteHtmlCacheBehavior [ RunTime:0.000000s ]
INFO: [ view_filter ] --END-- [ RunTime:0.000000s ]
INFO: [ app_end ] --START--
INFO: Run Behavior\ShowPageTraceBehavior [ RunTime:0.001000s ]
INFO: [ app_end ] --END-- [ RunTime:0.001000s ]

[ 2017-03-30T10:00:31+08:00 ] 127.0.0.1 /index.php/Admin/Index/top.html
INFO: [ app_init ] --START--
INFO: Run Behavior\BuildLiteBehavior [ RunTime:0.000000s ]
INFO: [ app_init ] --END-- [ RunTime:0.000000s ]
INFO: [ app_begin ] --START--
INFO: Run Behavior\ReadHtmlCacheBehavior [ RunTime:0.001000s ]
INFO: [ app_begin ] --END-- [ RunTime:0.001000s ]
INFO: [ view_parse ] --START--
INFO: [ template_filter ] --START--
INFO: Run Behavior\ContentReplaceBehavior [ RunTime:0.000000s ]
INFO: [ template_filter ] --END-- [ RunTime:0.000000s ]
INFO: Run Behavior\ParseTemplateBehavior [ RunTime:0.049000s ]
INFO: [ view_parse ] --END-- [ RunTime:0.049000s ]
INFO: [ view_filter ] --START--
INFO: Run Behavior\WriteHtmlCacheBehavior [ RunTime:0.001000s ]
INFO: [ view_filter ] --END-- [ RunTime:0.001000s ]
INFO: [ app_end ] --START--
INFO: Run Behavior\ShowPageTraceBehavior [ RunTime:0.000000s ]
INFO: [ app_end ] --END-- [ RunTime:0.000000s ]

[ 2017-03-30T10:00:31+08:00 ] 127.0.0.1 /index.php/Admin/Index/left.html
INFO: [ app_init ] --START--
INFO: Run Behavior\BuildLiteBehavior [ RunTime:0.000000s ]
INFO: [ app_init ] --END-- [ RunTime:0.000000s ]
INFO: [ app_begin ] --START--
INFO: Run Behavior\ReadHtmlCacheBehavior [ RunTime:0.001000s ]
INFO: [ app_begin ] --END-- [ RunTime:0.001000s ]
INFO: [ view_parse ] --START--
INFO: [ template_filter ] --START--
INFO: Run Behavior\ContentReplaceBehavior [ RunTime:0.000000s ]
INFO: [ template_filter ] --END-- [ RunTime:0.000000s ]
INFO: Run Behavior\ParseTemplateBehavior [ RunTime:0.030000s ]
INFO: [ view_parse ] --END-- [ RunTime:0.030000s ]
INFO: [ view_filter ] --START--
INFO: Run Behavior\WriteHtmlCacheBehavior [ RunTime:0.000000s ]
INFO: [ view_filter ] --END-- [ RunTime:0.000000s ]
INFO: [ app_end ] --START--
INFO: Run Behavior\ShowPageTraceBehavior [ RunTime:0.001000s ]
INFO: [ app_end ] --END-- [ RunTime:0.001000s ]

[ 2017-03-30T10:00:31+08:00 ] 127.0.0.1 /index.php/Admin/Index/drag.html
INFO: [ app_init ] --START--
INFO: Run Behavior\BuildLiteBehavior [ RunTime:0.000000s ]
INFO: [ app_init ] --END-- [ RunTime:0.001000s ]
INFO: [ app_begin ] --START--
INFO: Run Behavior\ReadHtmlCacheBehavior [ RunTime:0.000000s ]
INFO: [ app_begin ] --END-- [ RunTime:0.000000s ]
INFO: [ view_parse ] --START--
INFO: [ template_filter ] --START--
INFO: Run Behavior\ContentReplaceBehavior [ RunTime:0.000000s ]
INFO: [ template_filter ] --END-- [ RunTime:0.000000s ]
INFO: Run Behavior\ParseTemplateBehavior [ RunTime:0.006000s ]
INFO: [ view_parse ] --END-- [ RunTime:0.006000s ]
INFO: [ view_filter ] --START--
INFO: Run Behavior\WriteHtmlCacheBehavior [ RunTime:0.000000s ]
INFO: [ view_filter ] --END-- [ RunTime:0.000000s ]
INFO: [ app_end ] --START--
INFO: Run Behavior\ShowPageTraceBehavior [ RunTime:0.001000s ]
INFO: [ app_end ] --END-- [ RunTime:0.001000s ]

[ 2017-03-30T10:00:31+08:00 ] 127.0.0.1 /index.php/Admin/Index/images/top_loader.gif
INFO: [ app_init ] --START--
INFO: Run Behavior\BuildLiteBehavior [ RunTime:0.000000s ]
INFO: [ app_init ] --END-- [ RunTime:0.000000s ]

[ 2017-03-30T10:00:31+08:00 ] 127.0.0.1 /index.php/Admin/Index/main.html
INFO: [ app_init ] --START--
INFO: Run Behavior\BuildLiteBehavior [ RunTime:0.000000s ]
INFO: [ app_init ] --END-- [ RunTime:0.000000s ]
INFO: [ app_begin ] --START--
INFO: Run Behavior\ReadHtmlCacheBehavior [ RunTime:0.001000s ]
INFO: [ app_begin ] --END-- [ RunTime:0.001000s ]
INFO: [ view_parse ] --START--
INFO: [ template_filter ] --START--
INFO: Run Behavior\ContentReplaceBehavior [ RunTime:0.000000s ]
INFO: [ template_filter ] --END-- [ RunTime:0.000000s ]
INFO: Run Behavior\ParseTemplateBehavior [ RunTime:0.024000s ]
INFO: [ view_parse ] --END-- [ RunTime:0.024000s ]
INFO: [ view_filter ] --START--
INFO: Run Behavior\WriteHtmlCacheBehavior [ RunTime:0.000000s ]
INFO: [ view_filter ] --END-- [ RunTime:0.000000s ]
INFO: [ app_end ] --START--
INFO: Run Behavior\ShowPageTraceBehavior [ RunTime:0.001000s ]
INFO: [ app_end ] --END-- [ RunTime:0.001000s ]

[ 2017-03-30T10:00:31+08:00 ] 127.0.0.1 /index.php/Admin/Index/images/menu_arrow.gif
INFO: [ app_init ] --START--
INFO: Run Behavior\BuildLiteBehavior [ RunTime:0.000000s ]
INFO: [ app_init ] --END-- [ RunTime:0.000000s ]

[ 2017-03-30T10:00:31+08:00 ] 127.0.0.1 /index.php/Admin/Index/images/menu_minus.gif
INFO: [ app_init ] --START--
INFO: Run Behavior\BuildLiteBehavior [ RunTime:0.000000s ]
INFO: [ app_init ] --END-- [ RunTime:0.001000s ]

[ 2017-03-30T10:00:37+08:00 ] 127.0.0.1 /index.php/admin/goods/goodslist.html
INFO: [ app_init ] --START--
INFO: Run Behavior\BuildLiteBehavior [ RunTime:0.000000s ]
INFO: [ app_init ] --END-- [ RunTime:0.000000s ]
INFO: [ app_begin ] --START--
INFO: Run Behavior\ReadHtmlCacheBehavior [ RunTime:0.001000s ]
INFO: [ app_begin ] --END-- [ RunTime:0.001000s ]
SQL: SHOW COLUMNS FROM `goods` [ RunTime:0.0650s ]
SQL: SELECT COUNT(*) AS tp_count FROM `goods` LIMIT 1   [ RunTime:0.0170s ]
SQL: SELECT * FROM `goods` ORDER BY goods_id LIMIT 0,10   [ RunTime:0.0220s ]
NOTIC: [8] Use of undefined constant is_on_sale - assumed 'is_on_sale' F:\BBBB\shop\shop\Common\Common\function.php 第 63 行.
NOTIC: [8] Use of undefined constant is_on_sale - assumed 'is_on_sale' F:\BBBB\shop\shop\Common\Common\function.php 第 63 行.
NOTIC: [8] Use of undefined constant is_best - assumed 'is_best' F:\BBBB\shop\shop\Common\Common\function.php 第 64 行.
NOTIC: [8] Use of undefined constant is_best - assumed 'is_best' F:\BBBB\shop\shop\Common\Common\function.php 第 64 行.
NOTIC: [8] Use of undefined constant is_new - assumed 'is_new' F:\BBBB\shop\shop\Common\Common\function.php 第 65 行.
NOTIC: [8] Use of undefined constant is_new - assumed 'is_new' F:\BBBB\shop\shop\Common\Common\function.php 第 65 行.
NOTIC: [8] Use of undefined constant is_hot - assumed 'is_hot' F:\BBBB\shop\shop\Common\Common\function.php 第 66 行.
NOTIC: [8] Use of undefined constant is_hot - assumed 'is_hot' F:\BBBB\shop\shop\Common\Common\function.php 第 66 行.
NOTIC: [8] Use of undefined constant is_on_sale - assumed 'is_on_sale' F:\BBBB\shop\shop\Common\Common\function.php 第 63 行.
NOTIC: [8] Use of undefined constant is_on_sale - assumed 'is_on_sale' F:\BBBB\shop\shop\Common\Common\function.php 第 63 行.
NOTIC: [8] Use of undefined constant is_best - assumed 'is_best' F:\BBBB\shop\shop\Common\Common\function.php 第 64 行.
NOTIC: [8] Use of undefined constant is_best - assumed 'is_best' F:\BBBB\shop\shop\Common\Common\function.php 第 64 行.
NOTIC: [8] Use of undefined constant is_new - assumed 'is_new' F:\BBBB\shop\shop\Common\Common\function.php 第 65 行.
NOTIC: [8] Use of undefined constant is_new - assumed 'is_new' F:\BBBB\shop\shop\Common\Common\function.php 第 65 行.
NOTIC: [8] Use of undefined constant is_hot - assumed 'is_hot' F:\BBBB\shop\shop\Common\Common\function.php 第 66 行.
NOTIC: [8] Use of undefined constant is_hot - assumed 'is_hot' F:\BBBB\shop\shop\Common\Common\function.php 第 66 行.
NOTIC: [8] Use of undefined constant is_on_sale - assumed 'is_on_sale' F:\BBBB\shop\shop\Common\Common\function.php 第 63 行.
NOTIC: [8] Use of undefined constant is_on_sale - assumed 'is_on_sale' F:\BBBB\shop\shop\Common\Common\function.php 第 63 行.
NOTIC: [8] Use of undefined constant is_best - assumed 'is_best' F:\BBBB\shop\shop\Common\Common\function.php 第 64 行.
NOTIC: [8] Use of undefined constant is_best - assumed 'is_best' F:\BBBB\shop\shop\Common\Common\function.php 第 64 行.
NOTIC: [8] Use of undefined constant is_new - assumed 'is_new' F:\BBBB\shop\shop\Common\Common\function.php 第 65 行.
NOTIC: [8] Use of undefined constant is_new - assumed 'is_new' F:\BBBB\shop\shop\Common\Common\function.php 第 65 行.
NOTIC: [8] Use of undefined constant is_hot - assumed 'is_hot' F:\BBBB\shop\shop\Common\Common\function.php 第 66 行.
NOTIC: [8] Use of undefined constant is_hot - assumed 'is_hot' F:\BBBB\shop\shop\Common\Common\function.php 第 66 行.
NOTIC: [8] Use of undefined constant is_on_sale - assumed 'is_on_sale' F:\BBBB\shop\shop\Common\Common\function.php 第 63 行.
NOTIC: [8] Use of undefined constant is_on_sale - assumed 'is_on_sale' F:\BBBB\shop\shop\Common\Common\function.php 第 63 行.
NOTIC: [8] Use of undefined constant is_best - assumed 'is_best' F:\BBBB\shop\shop\Common\Common\function.php 第 64 行.
NOTIC: [8] Use of undefined constant is_best - assumed 'is_best' F:\BBBB\shop\shop\Common\Common\function.php 第 64 行.
NOTIC: [8] Use of undefined constant is_new - assumed 'is_new' F:\BBBB\shop\shop\Common\Common\function.php 第 65 行.
NOTIC: [8] Use of undefined constant is_new - assumed 'is_new' F:\BBBB\shop\shop\Common\Common\function.php 第 65 行.
NOTIC: [8] Use of undefined constant is_hot - assumed 'is_hot' F:\BBBB\shop\shop\Common\Common\function.php 第 66 行.
NOTIC: [8] Use of undefined constant is_hot - assumed 'is_hot' F:\BBBB\shop\shop\Common\Common\function.php 第 66 行.
NOTIC: [8] Use of undefined constant is_on_sale - assumed 'is_on_sale' F:\BBBB\shop\shop\Common\Common\function.php 第 63 行.
NOTIC: [8] Use of undefined constant is_on_sale - assumed 'is_on_sale' F:\BBBB\shop\shop\Common\Common\function.php 第 63 行.
NOTIC: [8] Use of undefined constant is_best - assumed 'is_best' F:\BBBB\shop\shop\Common\Common\function.php 第 64 行.
NOTIC: [8] Use of undefined constant is_best - assumed 'is_best' F:\BBBB\shop\shop\Common\Common\function.php 第 64 行.
NOTIC: [8] Use of undefined constant is_new - assumed 'is_new' F:\BBBB\shop\shop\Common\Common\function.php 第 65 行.
NOTIC: [8] Use of undefined constant is_new - assumed 'is_new' F:\BBBB\shop\shop\Common\Common\function.php 第 65 行.
NOTIC: [8] Use of undefined constant is_hot - assumed 'is_hot' F:\BBBB\shop\shop\Common\Common\function.php 第 66 行.
NOTIC: [8] Use of undefined constant is_hot - assumed 'is_hot' F:\BBBB\shop\shop\Common\Common\function.php 第 66 行.
NOTIC: [8] Use of undefined constant is_on_sale - assumed 'is_on_sale' F:\BBBB\shop\shop\Common\Common\function.php 第 63 行.
NOTIC: [8] Use of undefined constant is_on_sale - assumed 'is_on_sale' F:\BBBB\shop\shop\Common\Common\function.php 第 63 行.
NOTIC: [8] Use of undefined constant is_best - assumed 'is_best' F:\BBBB\shop\shop\Common\Common\function.php 第 64 行.
NOTIC: [8] Use of undefined constant is_best - assumed 'is_best' F:\BBBB\shop\shop\Common\Common\function.php 第 64 行.
NOTIC: [8] Use of undefined constant is_new - assumed 'is_new' F:\BBBB\shop\shop\Common\Common\function.php 第 65 行.
NOTIC: [8] Use of undefined constant is_new - assumed 'is_new' F:\BBBB\shop\shop\Common\Common\function.php 第 65 行.
NOTIC: [8] Use of undefined constant is_hot - assumed 'is_hot' F:\BBBB\shop\shop\Common\Common\function.php 第 66 行.
NOTIC: [8] Use of undefined constant is_hot - assumed 'is_hot' F:\BBBB\shop\shop\Common\Common\function.php 第 66 行.
NOTIC: [8] Use of undefined constant is_on_sale - assumed 'is_on_sale' F:\BBBB\shop\shop\Common\Common\function.php 第 63 行.
NOTIC: [8] Use of undefined constant is_on_sale - assumed 'is_on_sale' F:\BBBB\shop\shop\Common\Common\function.php 第 63 行.
NOTIC: [8] Use of undefined constant is_best - assumed 'is_best' F:\BBBB\shop\shop\Common\Common\function.php 第 64 行.
NOTIC: [8] Use of undefined constant is_best - assumed 'is_best' F:\BBBB\shop\shop\Common\Common\function.php 第 64 行.
NOTIC: [8] Use of undefined constant is_new - assumed 'is_new' F:\BBBB\shop\shop\Common\Common\function.php 第 65 行.
NOTIC: [8] Use of undefined constant is_new - assumed 'is_new' F:\BBBB\shop\shop\Common\Common\function.php 第 65 行.
NOTIC: [8] Use of undefined constant is_hot - assumed 'is_hot' F:\BBBB\shop\shop\Common\Common\function.php 第 66 行.
NOTIC: [8] Use of undefined constant is_hot - assumed 'is_hot' F:\BBBB\shop\shop\Common\Common\function.php 第 66 行.
NOTIC: [8] Use of undefined constant is_on_sale - assumed 'is_on_sale' F:\BBBB\shop\shop\Common\Common\function.php 第 63 行.
NOTIC: [8] Use of undefined constant is_on_sale - assumed 'is_on_sale' F:\BBBB\shop\shop\Common\Common\function.php 第 63 行.
NOTIC: [8] Use of undefined constant is_best - assumed 'is_best' F:\BBBB\shop\shop\Common\Common\function.php 第 64 行.
NOTIC: [8] Use of undefined constant is_best - assumed 'is_best' F:\BBBB\shop\shop\Common\Common\function.php 第 64 行.
NOTIC: [8] Use of undefined constant is_new - assumed 'is_new' F:\BBBB\shop\shop\Common\Common\function.php 第 65 行.
NOTIC: [8] Use of undefined constant is_new - assumed 'is_new' F:\BBBB\shop\shop\Common\Common\function.php 第 65 行.
NOTIC: [8] Use of undefined constant is_hot - assumed 'is_hot' F:\BBBB\shop\shop\Common\Common\function.php 第 66 行.
NOTIC: [8] Use of undefined constant is_hot - assumed 'is_hot' F:\BBBB\shop\shop\Common\Common\function.php 第 66 行.
NOTIC: [8] Use of undefined constant is_on_sale - assumed 'is_on_sale' F:\BBBB\shop\shop\Common\Common\function.php 第 63 行.
NOTIC: [8] Use of undefined constant is_on_sale - assumed 'is_on_sale' F:\BBBB\shop\shop\Common\Common\function.php 第 63 行.
NOTIC: [8] Use of undefined constant is_best - assumed 'is_best' F:\BBBB\shop\shop\Common\Common\function.php 第 64 行.
NOTIC: [8] Use of undefined constant is_best - assumed 'is_best' F:\BBBB\shop\shop\Common\Common\function.php 第 64 行.
NOTIC: [8] Use of undefined constant is_new - assumed 'is_new' F:\BBBB\shop\shop\Common\Common\function.php 第 65 行.
NOTIC: [8] Use of undefined constant is_new - assumed 'is_new' F:\BBBB\shop\shop\Common\Common\function.php 第 65 行.
NOTIC: [8] Use of undefined constant is_hot - assumed 'is_hot' F:\BBBB\shop\shop\Common\Common\function.php 第 66 行.
NOTIC: [8] Use of undefined constant is_hot - assumed 'is_hot' F:\BBBB\shop\shop\Common\Common\function.php 第 66 行.
NOTIC: [8] Use of undefined constant is_on_sale - assumed 'is_on_sale' F:\BBBB\shop\shop\Common\Common\function.php 第 63 行.
NOTIC: [8] Use of undefined constant is_on_sale - assumed 'is_on_sale' F:\BBBB\shop\shop\Common\Common\function.php 第 63 行.
NOTIC: [8] Use of undefined constant is_best - assumed 'is_best' F:\BBBB\shop\shop\Common\Common\function.php 第 64 行.
NOTIC: [8] Use of undefined constant is_best - assumed 'is_best' F:\BBBB\shop\shop\Common\Common\function.php 第 64 行.
NOTIC: [8] Use of undefined constant is_new - assumed 'is_new' F:\BBBB\shop\shop\Common\Common\function.php 第 65 行.
NOTIC: [8] Use of undefined constant is_new - assumed 'is_new' F:\BBBB\shop\shop\Common\Common\function.php 第 65 行.
NOTIC: [8] Use of undefined constant is_hot - assumed 'is_hot' F:\BBBB\shop\shop\Common\Common\function.php 第 66 行.
NOTIC: [8] Use of undefined constant is_hot - assumed 'is_hot' F:\BBBB\shop\shop\Common\Common\function.php 第 66 行.
INFO: [ view_parse ] --START--
INFO: [ template_filter ] --START--
INFO: Run Behavior\ContentReplaceBehavior [ RunTime:0.000000s ]
INFO: [ template_filter ] --END-- [ RunTime:0.000000s ]
INFO: Run Behavior\ParseTemplateBehavior [ RunTime:0.032000s ]
INFO: [ view_parse ] --END-- [ RunTime:0.032000s ]
INFO: [ view_filter ] --START--
INFO: Run Behavior\WriteHtmlCacheBehavior [ RunTime:0.001000s ]
INFO: [ view_filter ] --END-- [ RunTime:0.001000s ]
INFO: [ app_end ] --START--
INFO: Run Behavior\ShowPageTraceBehavior [ RunTime:0.001000s ]
INFO: [ app_end ] --END-- [ RunTime:0.001000s ]

[ 2017-03-30T10:00:41+08:00 ] 127.0.0.1 /index.php/Admin/Goods/goodslist/p/2.html
INFO: [ app_init ] --START--
INFO: Run Behavior\BuildLiteBehavior [ RunTime:0.000000s ]
INFO: [ app_init ] --END-- [ RunTime:0.000000s ]
INFO: [ app_begin ] --START--
INFO: Run Behavior\ReadHtmlCacheBehavior [ RunTime:0.000000s ]
INFO: [ app_begin ] --END-- [ RunTime:0.000000s ]
SQL: SHOW COLUMNS FROM `goods` [ RunTime:0.0010s ]
SQL: SELECT COUNT(*) AS tp_count FROM `goods` LIMIT 1   [ RunTime:0.0000s ]
SQL: SELECT * FROM `goods` ORDER BY goods_id LIMIT 10,10   [ RunTime:0.0000s ]
NOTIC: [8] Use of undefined constant is_on_sale - assumed 'is_on_sale' F:\BBBB\shop\shop\Common\Common\function.php 第 63 行.
NOTIC: [8] Use of undefined constant is_on_sale - assumed 'is_on_sale' F:\BBBB\shop\shop\Common\Common\function.php 第 63 行.
NOTIC: [8] Use of undefined constant is_best - assumed 'is_best' F:\BBBB\shop\shop\Common\Common\function.php 第 64 行.
NOTIC: [8] Use of undefined constant is_best - assumed 'is_best' F:\BBBB\shop\shop\Common\Common\function.php 第 64 行.
NOTIC: [8] Use of undefined constant is_new - assumed 'is_new' F:\BBBB\shop\shop\Common\Common\function.php 第 65 行.
NOTIC: [8] Use of undefined constant is_new - assumed 'is_new' F:\BBBB\shop\shop\Common\Common\function.php 第 65 行.
NOTIC: [8] Use of undefined constant is_hot - assumed 'is_hot' F:\BBBB\shop\shop\Common\Common\function.php 第 66 行.
NOTIC: [8] Use of undefined constant is_hot - assumed 'is_hot' F:\BBBB\shop\shop\Common\Common\function.php 第 66 行.
NOTIC: [8] Use of undefined constant is_on_sale - assumed 'is_on_sale' F:\BBBB\shop\shop\Common\Common\function.php 第 63 行.
NOTIC: [8] Use of undefined constant is_on_sale - assumed 'is_on_sale' F:\BBBB\shop\shop\Common\Common\function.php 第 63 行.
NOTIC: [8] Use of undefined constant is_best - assumed 'is_best' F:\BBBB\shop\shop\Common\Common\function.php 第 64 行.
NOTIC: [8] Use of undefined constant is_best - assumed 'is_best' F:\BBBB\shop\shop\Common\Common\function.php 第 64 行.
NOTIC: [8] Use of undefined constant is_new - assumed 'is_new' F:\BBBB\shop\shop\Common\Common\function.php 第 65 行.
NOTIC: [8] Use of undefined constant is_new - assumed 'is_new' F:\BBBB\shop\shop\Common\Common\function.php 第 65 行.
NOTIC: [8] Use of undefined constant is_hot - assumed 'is_hot' F:\BBBB\shop\shop\Common\Common\function.php 第 66 行.
NOTIC: [8] Use of undefined constant is_hot - assumed 'is_hot' F:\BBBB\shop\shop\Common\Common\function.php 第 66 行.
NOTIC: [8] Use of undefined constant is_on_sale - assumed 'is_on_sale' F:\BBBB\shop\shop\Common\Common\function.php 第 63 行.
NOTIC: [8] Use of undefined constant is_on_sale - assumed 'is_on_sale' F:\BBBB\shop\shop\Common\Common\function.php 第 63 行.
NOTIC: [8] Use of undefined constant is_best - assumed 'is_best' F:\BBBB\shop\shop\Common\Common\function.php 第 64 行.
NOTIC: [8] Use of undefined constant is_best - assumed 'is_best' F:\BBBB\shop\shop\Common\Common\function.php 第 64 行.
NOTIC: [8] Use of undefined constant is_new - assumed 'is_new' F:\BBBB\shop\shop\Common\Common\function.php 第 65 行.
NOTIC: [8] Use of undefined constant is_new - assumed 'is_new' F:\BBBB\shop\shop\Common\Common\function.php 第 65 行.
NOTIC: [8] Use of undefined constant is_hot - assumed 'is_hot' F:\BBBB\shop\shop\Common\Common\function.php 第 66 行.
NOTIC: [8] Use of undefined constant is_hot - assumed 'is_hot' F:\BBBB\shop\shop\Common\Common\function.php 第 66 行.
NOTIC: [8] Use of undefined constant is_on_sale - assumed 'is_on_sale' F:\BBBB\shop\shop\Common\Common\function.php 第 63 行.
NOTIC: [8] Use of undefined constant is_on_sale - assumed 'is_on_sale' F:\BBBB\shop\shop\Common\Common\function.php 第 63 行.
NOTIC: [8] Use of undefined constant is_best - assumed 'is_best' F:\BBBB\shop\shop\Common\Common\function.php 第 64 行.
NOTIC: [8] Use of undefined constant is_best - assumed 'is_best' F:\BBBB\shop\shop\Common\Common\function.php 第 64 行.
NOTIC: [8] Use of undefined constant is_new - assumed 'is_new' F:\BBBB\shop\shop\Common\Common\function.php 第 65 行.
NOTIC: [8] Use of undefined constant is_new - assumed 'is_new' F:\BBBB\shop\shop\Common\Common\function.php 第 65 行.
NOTIC: [8] Use of undefined constant is_hot - assumed 'is_hot' F:\BBBB\shop\shop\Common\Common\function.php 第 66 行.
NOTIC: [8] Use of undefined constant is_hot - assumed 'is_hot' F:\BBBB\shop\shop\Common\Common\function.php 第 66 行.
NOTIC: [8] Use of undefined constant is_on_sale - assumed 'is_on_sale' F:\BBBB\shop\shop\Common\Common\function.php 第 63 行.
NOTIC: [8] Use of undefined constant is_on_sale - assumed 'is_on_sale' F:\BBBB\shop\shop\Common\Common\function.php 第 63 行.
NOTIC: [8] Use of undefined constant is_best - assumed 'is_best' F:\BBBB\shop\shop\Common\Common\function.php 第 64 行.
NOTIC: [8] Use of undefined constant is_best - assumed 'is_best' F:\BBBB\shop\shop\Common\Common\function.php 第 64 行.
NOTIC: [8] Use of undefined constant is_new - assumed 'is_new' F:\BBBB\shop\shop\Common\Common\function.php 第 65 行.
NOTIC: [8] Use of undefined constant is_new - assumed 'is_new' F:\BBBB\shop\shop\Common\Common\function.php 第 65 行.
NOTIC: [8] Use of undefined constant is_hot - assumed 'is_hot' F:\BBBB\shop\shop\Common\Common\function.php 第 66 行.
NOTIC: [8] Use of undefined constant is_hot - assumed 'is_hot' F:\BBBB\shop\shop\Common\Common\function.php 第 66 行.
NOTIC: [8] Use of undefined constant is_on_sale - assumed 'is_on_sale' F:\BBBB\shop\shop\Common\Common\function.php 第 63 行.
NOTIC: [8] Use of undefined constant is_on_sale - assumed 'is_on_sale' F:\BBBB\shop\shop\Common\Common\function.php 第 63 行.
NOTIC: [8] Use of undefined constant is_best - assumed 'is_best' F:\BBBB\shop\shop\Common\Common\function.php 第 64 行.
NOTIC: [8] Use of undefined constant is_best - assumed 'is_best' F:\BBBB\shop\shop\Common\Common\function.php 第 64 行.
NOTIC: [8] Use of undefined constant is_new - assumed 'is_new' F:\BBBB\shop\shop\Common\Common\function.php 第 65 行.
NOTIC: [8] Use of undefined constant is_new - assumed 'is_new' F:\BBBB\shop\shop\Common\Common\function.php 第 65 行.
NOTIC: [8] Use of undefined constant is_hot - assumed 'is_hot' F:\BBBB\shop\shop\Common\Common\function.php 第 66 行.
NOTIC: [8] Use of undefined constant is_hot - assumed 'is_hot' F:\BBBB\shop\shop\Common\Common\function.php 第 66 行.
NOTIC: [8] Use of undefined constant is_on_sale - assumed 'is_on_sale' F:\BBBB\shop\shop\Common\Common\function.php 第 63 行.
NOTIC: [8] Use of undefined constant is_on_sale - assumed 'is_on_sale' F:\BBBB\shop\shop\Common\Common\function.php 第 63 行.
NOTIC: [8] Use of undefined constant is_best - assumed 'is_best' F:\BBBB\shop\shop\Common\Common\function.php 第 64 行.
NOTIC: [8] Use of undefined constant is_best - assumed 'is_best' F:\BBBB\shop\shop\Common\Common\function.php 第 64 行.
NOTIC: [8] Use of undefined constant is_new - assumed 'is_new' F:\BBBB\shop\shop\Common\Common\function.php 第 65 行.
NOTIC: [8] Use of undefined constant is_new - assumed 'is_new' F:\BBBB\shop\shop\Common\Common\function.php 第 65 行.
NOTIC: [8] Use of undefined constant is_hot - assumed 'is_hot' F:\BBBB\shop\shop\Common\Common\function.php 第 66 行.
NOTIC: [8] Use of undefined constant is_hot - assumed 'is_hot' F:\BBBB\shop\shop\Common\Common\function.php 第 66 行.
NOTIC: [8] Use of undefined constant is_on_sale - assumed 'is_on_sale' F:\BBBB\shop\shop\Common\Common\function.php 第 63 行.
NOTIC: [8] Use of undefined constant is_on_sale - assumed 'is_on_sale' F:\BBBB\shop\shop\Common\Common\function.php 第 63 行.
NOTIC: [8] Use of undefined constant is_best - assumed 'is_best' F:\BBBB\shop\shop\Common\Common\function.php 第 64 行.
NOTIC: [8] Use of undefined constant is_best - assumed 'is_best' F:\BBBB\shop\shop\Common\Common\function.php 第 64 行.
NOTIC: [8] Use of undefined constant is_new - assumed 'is_new' F:\BBBB\shop\shop\Common\Common\function.php 第 65 行.
NOTIC: [8] Use of undefined constant is_new - assumed 'is_new' F:\BBBB\shop\shop\Common\Common\function.php 第 65 行.
NOTIC: [8] Use of undefined constant is_hot - assumed 'is_hot' F:\BBBB\shop\shop\Common\Common\function.php 第 66 行.
NOTIC: [8] Use of undefined constant is_hot - assumed 'is_hot' F:\BBBB\shop\shop\Common\Common\function.php 第 66 行.
NOTIC: [8] Use of undefined constant is_on_sale - assumed 'is_on_sale' F:\BBBB\shop\shop\Common\Common\function.php 第 63 行.
NOTIC: [8] Use of undefined constant is_on_sale - assumed 'is_on_sale' F:\BBBB\shop\shop\Common\Common\function.php 第 63 行.
NOTIC: [8] Use of undefined constant is_best - assumed 'is_best' F:\BBBB\shop\shop\Common\Common\function.php 第 64 行.
NOTIC: [8] Use of undefined constant is_best - assumed 'is_best' F:\BBBB\shop\shop\Common\Common\function.php 第 64 行.
NOTIC: [8] Use of undefined constant is_new - assumed 'is_new' F:\BBBB\shop\shop\Common\Common\function.php 第 65 行.
NOTIC: [8] Use of undefined constant is_new - assumed 'is_new' F:\BBBB\shop\shop\Common\Common\function.php 第 65 行.
NOTIC: [8] Use of undefined constant is_hot - assumed 'is_hot' F:\BBBB\shop\shop\Common\Common\function.php 第 66 行.
NOTIC: [8] Use of undefined constant is_hot - assumed 'is_hot' F:\BBBB\shop\shop\Common\Common\function.php 第 66 行.
NOTIC: [8] Use of undefined constant is_on_sale - assumed 'is_on_sale' F:\BBBB\shop\shop\Common\Common\function.php 第 63 行.
NOTIC: [8] Use of undefined constant is_on_sale - assumed 'is_on_sale' F:\BBBB\shop\shop\Common\Common\function.php 第 63 行.
NOTIC: [8] Use of undefined constant is_best - assumed 'is_best' F:\BBBB\shop\shop\Common\Common\function.php 第 64 行.
NOTIC: [8] Use of undefined constant is_best - assumed 'is_best' F:\BBBB\shop\shop\Common\Common\function.php 第 64 行.
NOTIC: [8] Use of undefined constant is_new - assumed 'is_new' F:\BBBB\shop\shop\Common\Common\function.php 第 65 行.
NOTIC: [8] Use of undefined constant is_new - assumed 'is_new' F:\BBBB\shop\shop\Common\Common\function.php 第 65 行.
NOTIC: [8] Use of undefined constant is_hot - assumed 'is_hot' F:\BBBB\shop\shop\Common\Common\function.php 第 66 行.
NOTIC: [8] Use of undefined constant is_hot - assumed 'is_hot' F:\BBBB\shop\shop\Common\Common\function.php 第 66 行.
INFO: [ view_parse ] --START--
INFO: [ template_filter ] --START--
INFO: Run Behavior\ContentReplaceBehavior [ RunTime:0.000000s ]
INFO: [ template_filter ] --END-- [ RunTime:0.000000s ]
INFO: Run Behavior\ParseTemplateBehavior [ RunTime:0.007000s ]
INFO: [ view_parse ] --END-- [ RunTime:0.007000s ]
INFO: [ view_filter ] --START--
INFO: Run Behavior\WriteHtmlCacheBehavior [ RunTime:0.001000s ]
INFO: [ view_filter ] --END-- [ RunTime:0.001000s ]
INFO: [ app_end ] --START--
INFO: Run Behavior\ShowPageTraceBehavior [ RunTime:0.000000s ]
INFO: [ app_end ] --END-- [ RunTime:0.000000s ]

[ 2017-03-30T10:00:43+08:00 ] 127.0.0.1 /index.php/Admin/Goods/goodslist/p/1.html
INFO: [ app_init ] --START--
INFO: Run Behavior\BuildLiteBehavior [ RunTime:0.000000s ]
INFO: [ app_init ] --END-- [ RunTime:0.001000s ]
INFO: [ app_begin ] --START--
INFO: Run Behavior\ReadHtmlCacheBehavior [ RunTime:0.001000s ]
INFO: [ app_begin ] --END-- [ RunTime:0.001000s ]
SQL: SHOW COLUMNS FROM `goods` [ RunTime:0.0010s ]
SQL: SELECT COUNT(*) AS tp_count FROM `goods` LIMIT 1   [ RunTime:0.0000s ]
SQL: SELECT * FROM `goods` ORDER BY goods_id LIMIT 0,10   [ RunTime:0.0010s ]
NOTIC: [8] Use of undefined constant is_on_sale - assumed 'is_on_sale' F:\BBBB\shop\shop\Common\Common\function.php 第 63 行.
NOTIC: [8] Use of undefined constant is_on_sale - assumed 'is_on_sale' F:\BBBB\shop\shop\Common\Common\function.php 第 63 行.
NOTIC: [8] Use of undefined constant is_best - assumed 'is_best' F:\BBBB\shop\shop\Common\Common\function.php 第 64 行.
NOTIC: [8] Use of undefined constant is_best - assumed 'is_best' F:\BBBB\shop\shop\Common\Common\function.php 第 64 行.
NOTIC: [8] Use of undefined constant is_new - assumed 'is_new' F:\BBBB\shop\shop\Common\Common\function.php 第 65 行.
NOTIC: [8] Use of undefined constant is_new - assumed 'is_new' F:\BBBB\shop\shop\Common\Common\function.php 第 65 行.
NOTIC: [8] Use of undefined constant is_hot - assumed 'is_hot' F:\BBBB\shop\shop\Common\Common\function.php 第 66 行.
NOTIC: [8] Use of undefined constant is_hot - assumed 'is_hot' F:\BBBB\shop\shop\Common\Common\function.php 第 66 行.
NOTIC: [8] Use of undefined constant is_on_sale - assumed 'is_on_sale' F:\BBBB\shop\shop\Common\Common\function.php 第 63 行.
NOTIC: [8] Use of undefined constant is_on_sale - assumed 'is_on_sale' F:\BBBB\shop\shop\Common\Common\function.php 第 63 行.
NOTIC: [8] Use of undefined constant is_best - assumed 'is_best' F:\BBBB\shop\shop\Common\Common\function.php 第 64 行.
NOTIC: [8] Use of undefined constant is_best - assumed 'is_best' F:\BBBB\shop\shop\Common\Common\function.php 第 64 行.
NOTIC: [8] Use of undefined constant is_new - assumed 'is_new' F:\BBBB\shop\shop\Common\Common\function.php 第 65 行.
NOTIC: [8] Use of undefined constant is_new - assumed 'is_new' F:\BBBB\shop\shop\Common\Common\function.php 第 65 行.
NOTIC: [8] Use of undefined constant is_hot - assumed 'is_hot' F:\BBBB\shop\shop\Common\Common\function.php 第 66 行.
NOTIC: [8] Use of undefined constant is_hot - assumed 'is_hot' F:\BBBB\shop\shop\Common\Common\function.php 第 66 行.
NOTIC: [8] Use of undefined constant is_on_sale - assumed 'is_on_sale' F:\BBBB\shop\shop\Common\Common\function.php 第 63 行.
NOTIC: [8] Use of undefined constant is_on_sale - assumed 'is_on_sale' F:\BBBB\shop\shop\Common\Common\function.php 第 63 行.
NOTIC: [8] Use of undefined constant is_best - assumed 'is_best' F:\BBBB\shop\shop\Common\Common\function.php 第 64 行.
NOTIC: [8] Use of undefined constant is_best - assumed 'is_best' F:\BBBB\shop\shop\Common\Common\function.php 第 64 行.
NOTIC: [8] Use of undefined constant is_new - assumed 'is_new' F:\BBBB\shop\shop\Common\Common\function.php 第 65 行.
NOTIC: [8] Use of undefined constant is_new - assumed 'is_new' F:\BBBB\shop\shop\Common\Common\function.php 第 65 行.
NOTIC: [8] Use of undefined constant is_hot - assumed 'is_hot' F:\BBBB\shop\shop\Common\Common\function.php 第 66 行.
NOTIC: [8] Use of undefined constant is_hot - assumed 'is_hot' F:\BBBB\shop\shop\Common\Common\function.php 第 66 行.
NOTIC: [8] Use of undefined constant is_on_sale - assumed 'is_on_sale' F:\BBBB\shop\shop\Common\Common\function.php 第 63 行.
NOTIC: [8] Use of undefined constant is_on_sale - assumed 'is_on_sale' F:\BBBB\shop\shop\Common\Common\function.php 第 63 行.
NOTIC: [8] Use of undefined constant is_best - assumed 'is_best' F:\BBBB\shop\shop\Common\Common\function.php 第 64 行.
NOTIC: [8] Use of undefined constant is_best - assumed 'is_best' F:\BBBB\shop\shop\Common\Common\function.php 第 64 行.
NOTIC: [8] Use of undefined constant is_new - assumed 'is_new' F:\BBBB\shop\shop\Common\Common\function.php 第 65 行.
NOTIC: [8] Use of undefined constant is_new - assumed 'is_new' F:\BBBB\shop\shop\Common\Common\function.php 第 65 行.
NOTIC: [8] Use of undefined constant is_hot - assumed 'is_hot' F:\BBBB\shop\shop\Common\Common\function.php 第 66 行.
NOTIC: [8] Use of undefined constant is_hot - assumed 'is_hot' F:\BBBB\shop\shop\Common\Common\function.php 第 66 行.
NOTIC: [8] Use of undefined constant is_on_sale - assumed 'is_on_sale' F:\BBBB\shop\shop\Common\Common\function.php 第 63 行.
NOTIC: [8] Use of undefined constant is_on_sale - assumed 'is_on_sale' F:\BBBB\shop\shop\Common\Common\function.php 第 63 行.
NOTIC: [8] Use of undefined constant is_best - assumed 'is_best' F:\BBBB\shop\shop\Common\Common\function.php 第 64 行.
NOTIC: [8] Use of undefined constant is_best - assumed 'is_best' F:\BBBB\shop\shop\Common\Common\function.php 第 64 行.
NOTIC: [8] Use of undefined constant is_new - assumed 'is_new' F:\BBBB\shop\shop\Common\Common\function.php 第 65 行.
NOTIC: [8] Use of undefined constant is_new - assumed 'is_new' F:\BBBB\shop\shop\Common\Common\function.php 第 65 行.
NOTIC: [8] Use of undefined constant is_hot - assumed 'is_hot' F:\BBBB\shop\shop\Common\Common\function.php 第 66 行.
NOTIC: [8] Use of undefined constant is_hot - assumed 'is_hot' F:\BBBB\shop\shop\Common\Common\function.php 第 66 行.
NOTIC: [8] Use of undefined constant is_on_sale - assumed 'is_on_sale' F:\BBBB\shop\shop\Common\Common\function.php 第 63 行.
NOTIC: [8] Use of undefined constant is_on_sale - assumed 'is_on_sale' F:\BBBB\shop\shop\Common\Common\function.php 第 63 行.
NOTIC: [8] Use of undefined constant is_best - assumed 'is_best' F:\BBBB\shop\shop\Common\Common\function.php 第 64 行.
NOTIC: [8] Use of undefined constant is_best - assumed 'is_best' F:\BBBB\shop\shop\Common\Common\function.php 第 64 行.
NOTIC: [8] Use of undefined constant is_new - assumed 'is_new' F:\BBBB\shop\shop\Common\Common\function.php 第 65 行.
NOTIC: [8] Use of undefined constant is_new - assumed 'is_new' F:\BBBB\shop\shop\Common\Common\function.php 第 65 行.
NOTIC: [8] Use of undefined constant is_hot - assumed 'is_hot' F:\BBBB\shop\shop\Common\Common\function.php 第 66 行.
NOTIC: [8] Use of undefined constant is_hot - assumed 'is_hot' F:\BBBB\shop\shop\Common\Common\function.php 第 66 行.
NOTIC: [8] Use of undefined constant is_on_sale - assumed 'is_on_sale' F:\BBBB\shop\shop\Common\Common\function.php 第 63 行.
NOTIC: [8] Use of undefined constant is_on_sale - assumed 'is_on_sale' F:\BBBB\shop\shop\Common\Common\function.php 第 63 行.
NOTIC: [8] Use of undefined constant is_best - assumed 'is_best' F:\BBBB\shop\shop\Common\Common\function.php 第 64 行.
NOTIC: [8] Use of undefined constant is_best - assumed 'is_best' F:\BBBB\shop\shop\Common\Common\function.php 第 64 行.
NOTIC: [8] Use of undefined constant is_new - assumed 'is_new' F:\BBBB\shop\shop\Common\Common\function.php 第 65 行.
NOTIC: [8] Use of undefined constant is_new - assumed 'is_new' F:\BBBB\shop\shop\Common\Common\function.php 第 65 行.
NOTIC: [8] Use of undefined constant is_hot - assumed 'is_hot' F:\BBBB\shop\shop\Common\Common\function.php 第 66 行.
NOTIC: [8] Use of undefined constant is_hot - assumed 'is_hot' F:\BBBB\shop\shop\Common\Common\function.php 第 66 行.
NOTIC: [8] Use of undefined constant is_on_sale - assumed 'is_on_sale' F:\BBBB\shop\shop\Common\Common\function.php 第 63 行.
NOTIC: [8] Use of undefined constant is_on_sale - assumed 'is_on_sale' F:\BBBB\shop\shop\Common\Common\function.php 第 63 行.
NOTIC: [8] Use of undefined constant is_best - assumed 'is_best' F:\BBBB\shop\shop\Common\Common\function.php 第 64 行.
NOTIC: [8] Use of undefined constant is_best - assumed 'is_best' F:\BBBB\shop\shop\Common\Common\function.php 第 64 行.
NOTIC: [8] Use of undefined constant is_new - assumed 'is_new' F:\BBBB\shop\shop\Common\Common\function.php 第 65 行.
NOTIC: [8] Use of undefined constant is_new - assumed 'is_new' F:\BBBB\shop\shop\Common\Common\function.php 第 65 行.
NOTIC: [8] Use of undefined constant is_hot - assumed 'is_hot' F:\BBBB\shop\shop\Common\Common\function.php 第 66 行.
NOTIC: [8] Use of undefined constant is_hot - assumed 'is_hot' F:\BBBB\shop\shop\Common\Common\function.php 第 66 行.
NOTIC: [8] Use of undefined constant is_on_sale - assumed 'is_on_sale' F:\BBBB\shop\shop\Common\Common\function.php 第 63 行.
NOTIC: [8] Use of undefined constant is_on_sale - assumed 'is_on_sale' F:\BBBB\shop\shop\Common\Common\function.php 第 63 行.
NOTIC: [8] Use of undefined constant is_best - assumed 'is_best' F:\BBBB\shop\shop\Common\Common\function.php 第 64 行.
NOTIC: [8] Use of undefined constant is_best - assumed 'is_best' F:\BBBB\shop\shop\Common\Common\function.php 第 64 行.
NOTIC: [8] Use of undefined constant is_new - assumed 'is_new' F:\BBBB\shop\shop\Common\Common\function.php 第 65 行.
NOTIC: [8] Use of undefined constant is_new - assumed 'is_new' F:\BBBB\shop\shop\Common\Common\function.php 第 65 行.
NOTIC: [8] Use of undefined constant is_hot - assumed 'is_hot' F:\BBBB\shop\shop\Common\Common\function.php 第 66 行.
NOTIC: [8] Use of undefined constant is_hot - assumed 'is_hot' F:\BBBB\shop\shop\Common\Common\function.php 第 66 行.
NOTIC: [8] Use of undefined constant is_on_sale - assumed 'is_on_sale' F:\BBBB\shop\shop\Common\Common\function.php 第 63 行.
NOTIC: [8] Use of undefined constant is_on_sale - assumed 'is_on_sale' F:\BBBB\shop\shop\Common\Common\function.php 第 63 行.
NOTIC: [8] Use of undefined constant is_best - assumed 'is_best' F:\BBBB\shop\shop\Common\Common\function.php 第 64 行.
NOTIC: [8] Use of undefined constant is_best - assumed 'is_best' F:\BBBB\shop\shop\Common\Common\function.php 第 64 行.
NOTIC: [8] Use of undefined constant is_new - assumed 'is_new' F:\BBBB\shop\shop\Common\Common\function.php 第 65 行.
NOTIC: [8] Use of undefined constant is_new - assumed 'is_new' F:\BBBB\shop\shop\Common\Common\function.php 第 65 行.
NOTIC: [8] Use of undefined constant is_hot - assumed 'is_hot' F:\BBBB\shop\shop\Common\Common\function.php 第 66 行.
NOTIC: [8] Use of undefined constant is_hot - assumed 'is_hot' F:\BBBB\shop\shop\Common\Common\function.php 第 66 行.
INFO: [ view_parse ] --START--
INFO: [ template_filter ] --START--
INFO: Run Behavior\ContentReplaceBehavior [ RunTime:0.000000s ]
INFO: [ template_filter ] --END-- [ RunTime:0.000000s ]
INFO: Run Behavior\ParseTemplateBehavior [ RunTime:0.007000s ]
INFO: [ view_parse ] --END-- [ RunTime:0.007000s ]
INFO: [ view_filter ] --START--
INFO: Run Behavior\WriteHtmlCacheBehavior [ RunTime:0.000000s ]
INFO: [ view_filter ] --END-- [ RunTime:0.000000s ]
INFO: [ app_end ] --START--
INFO: Run Behavior\ShowPageTraceBehavior [ RunTime:0.000000s ]
INFO: [ app_end ] --END-- [ RunTime:0.001000s ]

[ 2017-03-30T10:00:44+08:00 ] 127.0.0.1 /index.php/Admin/Goods/goodslist/p/2.html
INFO: [ app_init ] --START--
INFO: Run Behavior\BuildLiteBehavior [ RunTime:0.000000s ]
INFO: [ app_init ] --END-- [ RunTime:0.000000s ]
INFO: [ app_begin ] --START--
INFO: Run Behavior\ReadHtmlCacheBehavior [ RunTime:0.000000s ]
INFO: [ app_begin ] --END-- [ RunTime:0.000000s ]
SQL: SHOW COLUMNS FROM `goods` [ RunTime:0.0010s ]
SQL: SELECT COUNT(*) AS tp_count FROM `goods` LIMIT 1   [ RunTime:0.0000s ]
SQL: SELECT * FROM `goods` ORDER BY goods_id LIMIT 10,10   [ RunTime:0.0010s ]
NOTIC: [8] Use of undefined constant is_on_sale - assumed 'is_on_sale' F:\BBBB\shop\shop\Common\Common\function.php 第 63 行.
NOTIC: [8] Use of undefined constant is_on_sale - assumed 'is_on_sale' F:\BBBB\shop\shop\Common\Common\function.php 第 63 行.
NOTIC: [8] Use of undefined constant is_best - assumed 'is_best' F:\BBBB\shop\shop\Common\Common\function.php 第 64 行.
NOTIC: [8] Use of undefined constant is_best - assumed 'is_best' F:\BBBB\shop\shop\Common\Common\function.php 第 64 行.
NOTIC: [8] Use of undefined constant is_new - assumed 'is_new' F:\BBBB\shop\shop\Common\Common\function.php 第 65 行.
NOTIC: [8] Use of undefined constant is_new - assumed 'is_new' F:\BBBB\shop\shop\Common\Common\function.php 第 65 行.
NOTIC: [8] Use of undefined constant is_hot - assumed 'is_hot' F:\BBBB\shop\shop\Common\Common\function.php 第 66 行.
NOTIC: [8] Use of undefined constant is_hot - assumed 'is_hot' F:\BBBB\shop\shop\Common\Common\function.php 第 66 行.
NOTIC: [8] Use of undefined constant is_on_sale - assumed 'is_on_sale' F:\BBBB\shop\shop\Common\Common\function.php 第 63 行.
NOTIC: [8] Use of undefined constant is_on_sale - assumed 'is_on_sale' F:\BBBB\shop\shop\Common\Common\function.php 第 63 行.
NOTIC: [8] Use of undefined constant is_best - assumed 'is_best' F:\BBBB\shop\shop\Common\Common\function.php 第 64 行.
NOTIC: [8] Use of undefined constant is_best - assumed 'is_best' F:\BBBB\shop\shop\Common\Common\function.php 第 64 行.
NOTIC: [8] Use of undefined constant is_new - assumed 'is_new' F:\BBBB\shop\shop\Common\Common\function.php 第 65 行.
NOTIC: [8] Use of undefined constant is_new - assumed 'is_new' F:\BBBB\shop\shop\Common\Common\function.php 第 65 行.
NOTIC: [8] Use of undefined constant is_hot - assumed 'is_hot' F:\BBBB\shop\shop\Common\Common\function.php 第 66 行.
NOTIC: [8] Use of undefined constant is_hot - assumed 'is_hot' F:\BBBB\shop\shop\Common\Common\function.php 第 66 行.
NOTIC: [8] Use of undefined constant is_on_sale - assumed 'is_on_sale' F:\BBBB\shop\shop\Common\Common\function.php 第 63 行.
NOTIC: [8] Use of undefined constant is_on_sale - assumed 'is_on_sale' F:\BBBB\shop\shop\Common\Common\function.php 第 63 行.
NOTIC: [8] Use of undefined constant is_best - assumed 'is_best' F:\BBBB\shop\shop\Common\Common\function.php 第 64 行.
NOTIC: [8] Use of undefined constant is_best - assumed 'is_best' F:\BBBB\shop\shop\Common\Common\function.php 第 64 行.
NOTIC: [8] Use of undefined constant is_new - assumed 'is_new' F:\BBBB\shop\shop\Common\Common\function.php 第 65 行.
NOTIC: [8] Use of undefined constant is_new - assumed 'is_new' F:\BBBB\shop\shop\Common\Common\function.php 第 65 行.
NOTIC: [8] Use of undefined constant is_hot - assumed 'is_hot' F:\BBBB\shop\shop\Common\Common\function.php 第 66 行.
NOTIC: [8] Use of undefined constant is_hot - assumed 'is_hot' F:\BBBB\shop\shop\Common\Common\function.php 第 66 行.
NOTIC: [8] Use of undefined constant is_on_sale - assumed 'is_on_sale' F:\BBBB\shop\shop\Common\Common\function.php 第 63 行.
NOTIC: [8] Use of undefined constant is_on_sale - assumed 'is_on_sale' F:\BBBB\shop\shop\Common\Common\function.php 第 63 行.
NOTIC: [8] Use of undefined constant is_best - assumed 'is_best' F:\BBBB\shop\shop\Common\Common\function.php 第 64 行.
NOTIC: [8] Use of undefined constant is_best - assumed 'is_best' F:\BBBB\shop\shop\Common\Common\function.php 第 64 行.
NOTIC: [8] Use of undefined constant is_new - assumed 'is_new' F:\BBBB\shop\shop\Common\Common\function.php 第 65 行.
NOTIC: [8] Use of undefined constant is_new - assumed 'is_new' F:\BBBB\shop\shop\Common\Common\function.php 第 65 行.
NOTIC: [8] Use of undefined constant is_hot - assumed 'is_hot' F:\BBBB\shop\shop\Common\Common\function.php 第 66 行.
NOTIC: [8] Use of undefined constant is_hot - assumed 'is_hot' F:\BBBB\shop\shop\Common\Common\function.php 第 66 行.
NOTIC: [8] Use of undefined constant is_on_sale - assumed 'is_on_sale' F:\BBBB\shop\shop\Common\Common\function.php 第 63 行.
NOTIC: [8] Use of undefined constant is_on_sale - assumed 'is_on_sale' F:\BBBB\shop\shop\Common\Common\function.php 第 63 行.
NOTIC: [8] Use of undefined constant is_best - assumed 'is_best' F:\BBBB\shop\shop\Common\Common\function.php 第 64 行.
NOTIC: [8] Use of undefined constant is_best - assumed 'is_best' F:\BBBB\shop\shop\Common\Common\function.php 第 64 行.
NOTIC: [8] Use of undefined constant is_new - assumed 'is_new' F:\BBBB\shop\shop\Common\Common\function.php 第 65 行.
NOTIC: [8] Use of undefined constant is_new - assumed 'is_new' F:\BBBB\shop\shop\Common\Common\function.php 第 65 行.
NOTIC: [8] Use of undefined constant is_hot - assumed 'is_hot' F:\BBBB\shop\shop\Common\Common\function.php 第 66 行.
NOTIC: [8] Use of undefined constant is_hot - assumed 'is_hot' F:\BBBB\shop\shop\Common\Common\function.php 第 66 行.
NOTIC: [8] Use of undefined constant is_on_sale - assumed 'is_on_sale' F:\BBBB\shop\shop\Common\Common\function.php 第 63 行.
NOTIC: [8] Use of undefined constant is_on_sale - assumed 'is_on_sale' F:\BBBB\shop\shop\Common\Common\function.php 第 63 行.
NOTIC: [8] Use of undefined constant is_best - assumed 'is_best' F:\BBBB\shop\shop\Common\Common\function.php 第 64 行.
NOTIC: [8] Use of undefined constant is_best - assumed 'is_best' F:\BBBB\shop\shop\Common\Common\function.php 第 64 行.
NOTIC: [8] Use of undefined constant is_new - assumed 'is_new' F:\BBBB\shop\shop\Common\Common\function.php 第 65 行.
NOTIC: [8] Use of undefined constant is_new - assumed 'is_new' F:\BBBB\shop\shop\Common\Common\function.php 第 65 行.
NOTIC: [8] Use of undefined constant is_hot - assumed 'is_hot' F:\BBBB\shop\shop\Common\Common\function.php 第 66 行.
NOTIC: [8] Use of undefined constant is_hot - assumed 'is_hot' F:\BBBB\shop\shop\Common\Common\function.php 第 66 行.
NOTIC: [8] Use of undefined constant is_on_sale - assumed 'is_on_sale' F:\BBBB\shop\shop\Common\Common\function.php 第 63 行.
NOTIC: [8] Use of undefined constant is_on_sale - assumed 'is_on_sale' F:\BBBB\shop\shop\Common\Common\function.php 第 63 行.
NOTIC: [8] Use of undefined constant is_best - assumed 'is_best' F:\BBBB\shop\shop\Common\Common\function.php 第 64 行.
NOTIC: [8] Use of undefined constant is_best - assumed 'is_best' F:\BBBB\shop\shop\Common\Common\function.php 第 64 行.
NOTIC: [8] Use of undefined constant is_new - assumed 'is_new' F:\BBBB\shop\shop\Common\Common\function.php 第 65 行.
NOTIC: [8] Use of undefined constant is_new - assumed 'is_new' F:\BBBB\shop\shop\Common\Common\function.php 第 65 行.
NOTIC: [8] Use of undefined constant is_hot - assumed 'is_hot' F:\BBBB\shop\shop\Common\Common\function.php 第 66 行.
NOTIC: [8] Use of undefined constant is_hot - assumed 'is_hot' F:\BBBB\shop\shop\Common\Common\function.php 第 66 行.
NOTIC: [8] Use of undefined constant is_on_sale - assumed 'is_on_sale' F:\BBBB\shop\shop\Common\Common\function.php 第 63 行.
NOTIC: [8] Use of undefined constant is_on_sale - assumed 'is_on_sale' F:\BBBB\shop\shop\Common\Common\function.php 第 63 行.
NOTIC: [8] Use of undefined constant is_best - assumed 'is_best' F:\BBBB\shop\shop\Common\Common\function.php 第 64 行.
NOTIC: [8] Use of undefined constant is_best - assumed 'is_best' F:\BBBB\shop\shop\Common\Common\function.php 第 64 行.
NOTIC: [8] Use of undefined constant is_new - assumed 'is_new' F:\BBBB\shop\shop\Common\Common\function.php 第 65 行.
NOTIC: [8] Use of undefined constant is_new - assumed 'is_new' F:\BBBB\shop\shop\Common\Common\function.php 第 65 行.
NOTIC: [8] Use of undefined constant is_hot - assumed 'is_hot' F:\BBBB\shop\shop\Common\Common\function.php 第 66 行.
NOTIC: [8] Use of undefined constant is_hot - assumed 'is_hot' F:\BBBB\shop\shop\Common\Common\function.php 第 66 行.
NOTIC: [8] Use of undefined constant is_on_sale - assumed 'is_on_sale' F:\BBBB\shop\shop\Common\Common\function.php 第 63 行.
NOTIC: [8] Use of undefined constant is_on_sale - assumed 'is_on_sale' F:\BBBB\shop\shop\Common\Common\function.php 第 63 行.
NOTIC: [8] Use of undefined constant is_best - assumed 'is_best' F:\BBBB\shop\shop\Common\Common\function.php 第 64 行.
NOTIC: [8] Use of undefined constant is_best - assumed 'is_best' F:\BBBB\shop\shop\Common\Common\function.php 第 64 行.
NOTIC: [8] Use of undefined constant is_new - assumed 'is_new' F:\BBBB\shop\shop\Common\Common\function.php 第 65 行.
NOTIC: [8] Use of undefined constant is_new - assumed 'is_new' F:\BBBB\shop\shop\Common\Common\function.php 第 65 行.
NOTIC: [8] Use of undefined constant is_hot - assumed 'is_hot' F:\BBBB\shop\shop\Common\Common\function.php 第 66 行.
NOTIC: [8] Use of undefined constant is_hot - assumed 'is_hot' F:\BBBB\shop\shop\Common\Common\function.php 第 66 行.
NOTIC: [8] Use of undefined constant is_on_sale - assumed 'is_on_sale' F:\BBBB\shop\shop\Common\Common\function.php 第 63 行.
NOTIC: [8] Use of undefined constant is_on_sale - assumed 'is_on_sale' F:\BBBB\shop\shop\Common\Common\function.php 第 63 行.
NOTIC: [8] Use of undefined constant is_best - assumed 'is_best' F:\BBBB\shop\shop\Common\Common\function.php 第 64 行.
NOTIC: [8] Use of undefined constant is_best - assumed 'is_best' F:\BBBB\shop\shop\Common\Common\function.php 第 64 行.
NOTIC: [8] Use of undefined constant is_new - assumed 'is_new' F:\BBBB\shop\shop\Common\Common\function.php 第 65 行.
NOTIC: [8] Use of undefined constant is_new - assumed 'is_new' F:\BBBB\shop\shop\Common\Common\function.php 第 65 行.
NOTIC: [8] Use of undefined constant is_hot - assumed 'is_hot' F:\BBBB\shop\shop\Common\Common\function.php 第 66 行.
NOTIC: [8] Use of undefined constant is_hot - assumed 'is_hot' F:\BBBB\shop\shop\Common\Common\function.php 第 66 行.
INFO: [ view_parse ] --START--
INFO: [ template_filter ] --START--
INFO: Run Behavior\ContentReplaceBehavior [ RunTime:0.000000s ]
INFO: [ template_filter ] --END-- [ RunTime:0.000000s ]
INFO: Run Behavior\ParseTemplateBehavior [ RunTime:0.006000s ]
INFO: [ view_parse ] --END-- [ RunTime:0.006000s ]
INFO: [ view_filter ] --START--
INFO: Run Behavior\WriteHtmlCacheBehavior [ RunTime:0.000000s ]
INFO: [ view_filter ] --END-- [ RunTime:0.000000s ]
INFO: [ app_end ] --START--
INFO: Run Behavior\ShowPageTraceBehavior [ RunTime:0.001000s ]
INFO: [ app_end ] --END-- [ RunTime:0.001000s ]

[ 2017-03-30T10:00:56+08:00 ] 127.0.0.1 /index.php/admin/goods/goodsadd.html
INFO: [ app_init ] --START--
INFO: Run Behavior\BuildLiteBehavior [ RunTime:0.000000s ]
INFO: [ app_init ] --END-- [ RunTime:0.000000s ]
INFO: [ app_begin ] --START--
INFO: Run Behavior\ReadHtmlCacheBehavior [ RunTime:0.001000s ]
INFO: [ app_begin ] --END-- [ RunTime:0.001000s ]
SQL: SHOW COLUMNS FROM `goods` [ RunTime:0.0020s ]
SQL: SHOW COLUMNS FROM `cat` [ RunTime:0.0370s ]
SQL: SELECT * FROM `cat`  [ RunTime:0.0000s ]
SQL: SELECT * FROM `cat`  [ RunTime:0.0010s ]
SQL: SELECT * FROM `cat`  [ RunTime:0.0000s ]
SQL: SELECT * FROM `cat`  [ RunTime:0.0000s ]
SQL: SELECT * FROM `cat`  [ RunTime:0.0010s ]
SQL: SELECT * FROM `cat`  [ RunTime:0.0000s ]
SQL: SELECT * FROM `cat`  [ RunTime:0.0010s ]
SQL: SELECT * FROM `cat`  [ RunTime:0.0000s ]
SQL: SELECT * FROM `cat`  [ RunTime:0.0010s ]
SQL: SELECT * FROM `cat`  [ RunTime:0.0000s ]
SQL: SELECT * FROM `cat`  [ RunTime:0.0010s ]
SQL: SELECT * FROM `cat`  [ RunTime:0.0000s ]
SQL: SELECT * FROM `cat`  [ RunTime:0.0010s ]
SQL: SELECT * FROM `cat`  [ RunTime:0.0000s ]
SQL: SELECT * FROM `cat`  [ RunTime:0.0010s ]
SQL: SELECT * FROM `cat`  [ RunTime:0.0000s ]
SQL: SELECT * FROM `cat`  [ RunTime:0.0000s ]
SQL: SELECT * FROM `cat`  [ RunTime:0.0010s ]
SQL: SELECT * FROM `cat`  [ RunTime:0.0000s ]
INFO: [ view_parse ] --START--
INFO: [ template_filter ] --START--
INFO: Run Behavior\ContentReplaceBehavior [ RunTime:0.001000s ]
INFO: [ template_filter ] --END-- [ RunTime:0.001000s ]
INFO: Run Behavior\ParseTemplateBehavior [ RunTime:0.029000s ]
INFO: [ view_parse ] --END-- [ RunTime:0.029000s ]
INFO: [ view_filter ] --START--
INFO: Run Behavior\WriteHtmlCacheBehavior [ RunTime:0.000000s ]
INFO: [ view_filter ] --END-- [ RunTime:0.000000s ]
INFO: [ app_end ] --START--
INFO: Run Behavior\ShowPageTraceBehavior [ RunTime:0.001000s ]
INFO: [ app_end ] --END-- [ RunTime:0.001000s ]

[ 2017-03-30T10:00:57+08:00 ] 127.0.0.1 /index.php/admin/cat/catelist.html
INFO: [ app_init ] --START--
INFO: Run Behavior\BuildLiteBehavior [ RunTime:0.000000s ]
INFO: [ app_init ] --END-- [ RunTime:0.001000s ]
INFO: [ app_begin ] --START--
INFO: Run Behavior\ReadHtmlCacheBehavior [ RunTime:0.001000s ]
INFO: [ app_begin ] --END-- [ RunTime:0.001000s ]
SQL: SHOW COLUMNS FROM `cat` [ RunTime:0.0010s ]
SQL: SELECT * FROM `cat`  [ RunTime:0.0000s ]
SQL: SELECT * FROM `cat`  [ RunTime:0.0010s ]
SQL: SELECT * FROM `cat`  [ RunTime:0.0000s ]
SQL: SELECT * FROM `cat`  [ RunTime:0.0000s ]
SQL: SELECT * FROM `cat`  [ RunTime:0.0010s ]
SQL: SELECT * FROM `cat`  [ RunTime:0.0000s ]
SQL: SELECT * FROM `cat`  [ RunTime:0.0000s ]
SQL: SELECT * FROM `cat`  [ RunTime:0.0000s ]
SQL: SELECT * FROM `cat`  [ RunTime:0.0000s ]
SQL: SELECT * FROM `cat`  [ RunTime:0.0010s ]
SQL: SELECT * FROM `cat`  [ RunTime:0.0000s ]
SQL: SELECT * FROM `cat`  [ RunTime:0.0000s ]
SQL: SELECT * FROM `cat`  [ RunTime:0.0000s ]
SQL: SELECT * FROM `cat`  [ RunTime:0.0000s ]
SQL: SELECT * FROM `cat`  [ RunTime:0.0000s ]
SQL: SELECT * FROM `cat`  [ RunTime:0.0000s ]
SQL: SELECT * FROM `cat`  [ RunTime:0.0000s ]
SQL: SELECT * FROM `cat`  [ RunTime:0.0000s ]
SQL: SELECT * FROM `cat`  [ RunTime:0.0000s ]
INFO: [ view_parse ] --START--
INFO: [ template_filter ] --START--
INFO: Run Behavior\ContentReplaceBehavior [ RunTime:0.000000s ]
INFO: [ template_filter ] --END-- [ RunTime:0.000000s ]
INFO: Run Behavior\ParseTemplateBehavior [ RunTime:0.006000s ]
INFO: [ view_parse ] --END-- [ RunTime:0.006000s ]
INFO: [ view_filter ] --START--
INFO: Run Behavior\WriteHtmlCacheBehavior [ RunTime:0.000000s ]
INFO: [ view_filter ] --END-- [ RunTime:0.000000s ]
INFO: [ app_end ] --START--
INFO: Run Behavior\ShowPageTraceBehavior [ RunTime:0.000000s ]
INFO: [ app_end ] --END-- [ RunTime:0.000000s ]

[ 2017-03-30T10:01:02+08:00 ] 127.0.0.1 /index.php/admin/cat/cateadd.html
INFO: [ app_init ] --START--
INFO: Run Behavior\BuildLiteBehavior [ RunTime:0.000000s ]
INFO: [ app_init ] --END-- [ RunTime:0.001000s ]
INFO: [ app_begin ] --START--
INFO: Run Behavior\ReadHtmlCacheBehavior [ RunTime:0.001000s ]
INFO: [ app_begin ] --END-- [ RunTime:0.001000s ]
INFO: [ view_parse ] --START--
INFO: [ template_filter ] --START--
INFO: Run Behavior\ContentReplaceBehavior [ RunTime:0.000000s ]
INFO: [ template_filter ] --END-- [ RunTime:0.000000s ]
INFO: Run Behavior\ParseTemplateBehavior [ RunTime:0.030000s ]
INFO: [ view_parse ] --END-- [ RunTime:0.030000s ]
INFO: [ view_filter ] --START--
INFO: Run Behavior\WriteHtmlCacheBehavior [ RunTime:0.000000s ]
INFO: [ view_filter ] --END-- [ RunTime:0.000000s ]
INFO: [ app_end ] --START--
INFO: Run Behavior\ShowPageTraceBehavior [ RunTime:0.000000s ]
INFO: [ app_end ] --END-- [ RunTime:0.001000s ]

[ 2017-03-30T10:01:04+08:00 ] 127.0.0.1 /index.php/admin/cat/catelist.html
INFO: [ app_init ] --START--
INFO: Run Behavior\BuildLiteBehavior [ RunTime:0.000000s ]
INFO: [ app_init ] --END-- [ RunTime:0.000000s ]
INFO: [ app_begin ] --START--
INFO: Run Behavior\ReadHtmlCacheBehavior [ RunTime:0.001000s ]
INFO: [ app_begin ] --END-- [ RunTime:0.001000s ]
SQL: SHOW COLUMNS FROM `cat` [ RunTime:0.0010s ]
SQL: SELECT * FROM `cat`  [ RunTime:0.0000s ]
SQL: SELECT * FROM `cat`  [ RunTime:0.0010s ]
SQL: SELECT * FROM `cat`  [ RunTime:0.0000s ]
SQL: SELECT * FROM `cat`  [ RunTime:0.0000s ]
SQL: SELECT * FROM `cat`  [ RunTime:0.0000s ]
SQL: SELECT * FROM `cat`  [ RunTime:0.0000s ]
SQL: SELECT * FROM `cat`  [ RunTime:0.0000s ]
SQL: SELECT * FROM `cat`  [ RunTime:0.0000s ]
SQL: SELECT * FROM `cat`  [ RunTime:0.0000s ]
SQL: SELECT * FROM `cat`  [ RunTime:0.0000s ]
SQL: SELECT * FROM `cat`  [ RunTime:0.0000s ]
SQL: SELECT * FROM `cat`  [ RunTime:0.0000s ]
SQL: SELECT * FROM `cat`  [ RunTime:0.0000s ]
SQL: SELECT * FROM `cat`  [ RunTime:0.0000s ]
SQL: SELECT * FROM `cat`  [ RunTime:0.0000s ]
SQL: SELECT * FROM `cat`  [ RunTime:0.0000s ]
SQL: SELECT * FROM `cat`  [ RunTime:0.0000s ]
SQL: SELECT * FROM `cat`  [ RunTime:0.0000s ]
SQL: SELECT * FROM `cat`  [ RunTime:0.0000s ]
INFO: [ view_parse ] --START--
INFO: [ template_filter ] --START--
INFO: Run Behavior\ContentReplaceBehavior [ RunTime:0.000000s ]
INFO: [ template_filter ] --END-- [ RunTime:0.000000s ]
INFO: Run Behavior\ParseTemplateBehavior [ RunTime:0.006000s ]
INFO: [ view_parse ] --END-- [ RunTime:0.006000s ]
INFO: [ view_filter ] --START--
INFO: Run Behavior\WriteHtmlCacheBehavior [ RunTime:0.001000s ]
INFO: [ view_filter ] --END-- [ RunTime:0.001000s ]
INFO: [ app_end ] --START--
INFO: Run Behavior\ShowPageTraceBehavior [ RunTime:0.000000s ]
INFO: [ app_end ] --END-- [ RunTime:0.000000s ]

[ 2017-03-30T10:01:07+08:00 ] 127.0.0.1 /index.php/admin/cat/cateadd.html
INFO: [ app_init ] --START--
INFO: Run Behavior\BuildLiteBehavior [ RunTime:0.000000s ]
INFO: [ app_init ] --END-- [ RunTime:0.001000s ]
INFO: [ app_begin ] --START--
INFO: Run Behavior\ReadHtmlCacheBehavior [ RunTime:0.000000s ]
INFO: [ app_begin ] --END-- [ RunTime:0.000000s ]
INFO: [ view_parse ] --START--
INFO: [ template_filter ] --START--
INFO: Run Behavior\ContentReplaceBehavior [ RunTime:0.000000s ]
INFO: [ template_filter ] --END-- [ RunTime:0.000000s ]
INFO: Run Behavior\ParseTemplateBehavior [ RunTime:0.005000s ]
INFO: [ view_parse ] --END-- [ RunTime:0.005000s ]
INFO: [ view_filter ] --START--
INFO: Run Behavior\WriteHtmlCacheBehavior [ RunTime:0.000000s ]
INFO: [ view_filter ] --END-- [ RunTime:0.000000s ]
INFO: [ app_end ] --START--
INFO: Run Behavior\ShowPageTraceBehavior [ RunTime:0.001000s ]
INFO: [ app_end ] --END-- [ RunTime:0.001000s ]

